This file contains any messages produced by compilers while
running configure, to aid debugging if configure makes a mistake.

It was created by expat configure 2.2.5, which was
generated by GNU Autoconf 2.69.  Invocation command line was

  $ ./configure --target=arm-buildroot-linux-gnueabihf --host=arm-buildroot-linux-gnueabihf --build=x86_64-pc-linux-gnu --prefix=/usr --exec-prefix=/usr --sysconfdir=/etc --localstatedir=/var --program-prefix= --disable-gtk-doc --disable-gtk-doc-html --disable-doc --disable-docs --disable-documentation --with-xmlto=no --with-fop=no --disable-dependency-tracking --enable-ipv6 --disable-nls --enable-static --enable-shared

## --------- ##
## Platform. ##
## --------- ##

hostname = zed-00
uname -m = x86_64
uname -r = 4.4.0-116-generic
uname -s = Linux
uname -v = #140-Ubuntu SMP Mon Feb 12 21:23:04 UTC 2018

/usr/bin/uname -p = unknown
/bin/uname -X     = unknown

/bin/arch              = unknown
/usr/bin/arch -k       = unknown
/usr/convex/getsysinfo = unknown
/usr/bin/hostinfo      = unknown
/bin/machine           = unknown
/usr/bin/oslevel       = unknown
/bin/universe          = unknown

PATH: /media/panpan/tools/buildroot-2018.02.8/output/host/bin
PATH: /media/panpan/tools/buildroot-2018.02.8/output/host/sbin
PATH: /usr/local/sbin
PATH: /usr/local/bin
PATH: /usr/sbin
PATH: /usr/bin
PATH: /sbin
PATH: /bin
PATH: /usr/games
PATH: /usr/local/games
PATH: /snap/bin
PATH: /home/panpan/player/webrtc/go_appengine


## ----------- ##
## Core tests. ##
## ----------- ##

configure:2486: checking for a BSD-compatible install
configure:2554: result: /usr/bin/install -c
configure:2565: checking whether build environment is sane
configure:2620: result: yes
configure:2679: checking for arm-buildroot-linux-gnueabihf-strip
configure:2706: result: /media/panpan/tools/buildroot-2018.02.8/output/host/bin/arm-linux-gnueabihf-strip
configure:2771: checking for a thread-safe mkdir -p
configure:2810: result: /bin/mkdir -p
configure:2817: checking for gawk
configure:2833: found /usr/bin/gawk
configure:2844: result: gawk
configure:2855: checking whether make sets $(MAKE)
configure:2877: result: yes
configure:2906: checking whether make supports nested variables
configure:2923: result: yes
configure:3068: checking build system type
configure:3082: result: x86_64-pc-linux-gnu
configure:3102: checking host system type
configure:3115: result: arm-buildroot-linux-gnueabihf
configure:3484: checking how to print strings
configure:3511: result: printf
configure:3544: checking for style of include used by make
configure:3572: result: GNU
configure:3603: checking for arm-buildroot-linux-gnueabihf-gcc
configure:3630: result: /media/panpan/tools/buildroot-2018.02.8/output/host/bin/arm-linux-gnueabihf-gcc
configure:3899: checking for C compiler version
configure:3908: /media/panpan/tools/buildroot-2018.02.8/output/host/bin/arm-linux-gnueabihf-gcc --version >&5
arm-linux-gnueabihf-gcc (Linaro GCC 7.2-2017.11-rc1) 7.2.1 20171011
Copyright (C) 2017 Free Software Foundation, Inc.
This is free software; see the source for copying conditions.  There is NO
warranty; not even for MERCHANTABILITY or FITNESS FOR A PARTICULAR PURPOSE.

configure:3919: $? = 0
configure:3908: /media/panpan/tools/buildroot-2018.02.8/output/host/bin/arm-linux-gnueabihf-gcc -v >&5
Using built-in specs.
COLLECT_GCC=/media/panpan/xilinx/SDK/2018.1/gnu/aarch32/lin/gcc-arm-linux-gnueabi//bin/arm-linux-gnueabihf-gcc
COLLECT_LTO_WRAPPER=/media/panpan/xilinx/SDK/2018.1/gnu/aarch32/lin/gcc-arm-linux-gnueabi/bin/../libexec/gcc/arm-linux-gnueabihf/7.2.1/lto-wrapper
Target: arm-linux-gnueabihf
Configured with: /proj/esdt_sdk/gnu_abe/ABE/builds/lin/arm/arm-linux/snapshots//gcc-linaro-7.2-2017.11-rc1/configure SHELL=/bin/sh --with-bugurl=https://bugs.linaro.org --with-mpc=/proj/esdt_sdk/gnu_abe/ABE/builds/lin/arm/arm-linux/builds/destdir/x86_64-unknown-linux-gnu --with-mpfr=/proj/esdt_sdk/gnu_abe/ABE/builds/lin/arm/arm-linux/builds/destdir/x86_64-unknown-linux-gnu --with-gmp=/proj/esdt_sdk/gnu_abe/ABE/builds/lin/arm/arm-linux/builds/destdir/x86_64-unknown-linux-gnu --with-gnu-as --with-gnu-ld --disable-libstdcxx-pch --disable-libmudflap --with-cloog=no --with-ppl=no --with-isl=no --disable-nls --enable-c99 --enable-gnu-indirect-function --disable-multilib --with-tune=cortex-a9 --with-arch=armv7-a --with-fpu=vfpv3-d16 --with-float=hard --with-mode=arm --disable-multilib --enable-multiarch CFLAGS=-O2 CXXFLAGS=-O2 --disable-silent-rules --enable-libquadmath --enable-libg2c --enable-symvers=gnu --enable-libstdcxx-pch --enable-libssp --disable-libmudflap --enable-checking=release --enable-cheaders=c_global --enable-poison-system-directories --enable-clocale=generic --enable-shared --enable-threads=posix --disable-multilib --enable-c99 --without-local-prefix --enable-lto --disable-bootstrap --with-linker-hash-style=gnu --with-ppl=no --with-cloog=no --without-isl --enable-nls --enable-__cxa_atexit --with-build-sysroot=/proj/esdt_sdk/gnu_abe/ABE/builds/lin/arm/arm-linux/builds/destdir/x86_64-unknown-linux-gnu/arm-linux-gnueabihf/libc --enable-plugins --enable-linker-build-id --enable-long-long --enable-shared --with-sysroot=/proj/esdt_sdk/gnu_abe/ABE/builds/lin/arm/arm-linux/builds/destdir/x86_64-unknown-linux-gnu/arm-linux-gnueabihf/libc --enable-languages=c,c++,lto --enable-checking=yes --disable-bootstrap --with-bugurl=https://bugs.linaro.org --build=x86_64-unknown-linux-gnu --host=x86_64-unknown-linux-gnu --target=arm-linux-gnueabihf --prefix=/proj/esdt_sdk/gnu_abe/ABE/builds/lin/arm/arm-linux/builds/destdir/x86_64-unknown-linux-gnu
Thread model: posix
gcc version 7.2.1 20171011 (Linaro GCC 7.2-2017.11-rc1) 
configure:3919: $? = 0
configure:3908: /media/panpan/tools/buildroot-2018.02.8/output/host/bin/arm-linux-gnueabihf-gcc -V >&5
arm-linux-gnueabihf-gcc: error: unrecognized command line option '-V'
arm-linux-gnueabihf-gcc: fatal error: no input files
compilation terminated.
configure:3919: $? = 1
configure:3908: /media/panpan/tools/buildroot-2018.02.8/output/host/bin/arm-linux-gnueabihf-gcc -qversion >&5
arm-linux-gnueabihf-gcc: error: unrecognized command line option '-qversion'; did you mean '--version'?
arm-linux-gnueabihf-gcc: fatal error: no input files
compilation terminated.
configure:3919: $? = 1
configure:3939: checking whether the C compiler works
configure:3961: /media/panpan/tools/buildroot-2018.02.8/output/host/bin/arm-linux-gnueabihf-gcc -D_LARGEFILE_SOURCE -D_LARGEFILE64_SOURCE -D_FILE_OFFSET_BITS=64  -Os  -D_LARGEFILE_SOURCE -D_LARGEFILE64_SOURCE -D_FILE_OFFSET_BITS=64 -DHAVE_EXPAT_CONFIG_H  conftest.c  >&5
configure:3965: $? = 0
configure:4013: result: yes
configure:4016: checking for C compiler default output file name
configure:4018: result: a.out
configure:4024: checking for suffix of executables
configure:4031: /media/panpan/tools/buildroot-2018.02.8/output/host/bin/arm-linux-gnueabihf-gcc -o conftest -D_LARGEFILE_SOURCE -D_LARGEFILE64_SOURCE -D_FILE_OFFSET_BITS=64  -Os  -D_LARGEFILE_SOURCE -D_LARGEFILE64_SOURCE -D_FILE_OFFSET_BITS=64 -DHAVE_EXPAT_CONFIG_H  conftest.c  >&5
configure:4035: $? = 0
configure:4057: result: 
configure:4079: checking whether we are cross compiling
configure:4117: result: yes
configure:4122: checking for suffix of object files
configure:4144: /media/panpan/tools/buildroot-2018.02.8/output/host/bin/arm-linux-gnueabihf-gcc -c -D_LARGEFILE_SOURCE -D_LARGEFILE64_SOURCE -D_FILE_OFFSET_BITS=64  -Os  -D_LARGEFILE_SOURCE -D_LARGEFILE64_SOURCE -D_FILE_OFFSET_BITS=64 -DHAVE_EXPAT_CONFIG_H conftest.c >&5
configure:4148: $? = 0
configure:4169: result: o
configure:4173: checking whether we are using the GNU C compiler
configure:4192: /media/panpan/tools/buildroot-2018.02.8/output/host/bin/arm-linux-gnueabihf-gcc -c -D_LARGEFILE_SOURCE -D_LARGEFILE64_SOURCE -D_FILE_OFFSET_BITS=64  -Os  -D_LARGEFILE_SOURCE -D_LARGEFILE64_SOURCE -D_FILE_OFFSET_BITS=64 -DHAVE_EXPAT_CONFIG_H conftest.c >&5
configure:4192: $? = 0
configure:4201: result: yes
configure:4210: checking whether /media/panpan/tools/buildroot-2018.02.8/output/host/bin/arm-linux-gnueabihf-gcc accepts -g
configure:4230: /media/panpan/tools/buildroot-2018.02.8/output/host/bin/arm-linux-gnueabihf-gcc -c -g -D_LARGEFILE_SOURCE -D_LARGEFILE64_SOURCE -D_FILE_OFFSET_BITS=64 -DHAVE_EXPAT_CONFIG_H conftest.c >&5
configure:4230: $? = 0
configure:4271: result: yes
configure:4288: checking for /media/panpan/tools/buildroot-2018.02.8/output/host/bin/arm-linux-gnueabihf-gcc option to accept ISO C89
configure:4351: /media/panpan/tools/buildroot-2018.02.8/output/host/bin/arm-linux-gnueabihf-gcc  -c -D_LARGEFILE_SOURCE -D_LARGEFILE64_SOURCE -D_FILE_OFFSET_BITS=64  -Os  -D_LARGEFILE_SOURCE -D_LARGEFILE64_SOURCE -D_FILE_OFFSET_BITS=64 -DHAVE_EXPAT_CONFIG_H conftest.c >&5
configure:4351: $? = 0
configure:4364: result: none needed
configure:4389: checking whether /media/panpan/tools/buildroot-2018.02.8/output/host/bin/arm-linux-gnueabihf-gcc understands -c and -o together
configure:4411: /media/panpan/tools/buildroot-2018.02.8/output/host/bin/arm-linux-gnueabihf-gcc -c conftest.c -o conftest2.o
configure:4414: $? = 0
configure:4411: /media/panpan/tools/buildroot-2018.02.8/output/host/bin/arm-linux-gnueabihf-gcc -c conftest.c -o conftest2.o
configure:4414: $? = 0
configure:4426: result: yes
configure:4445: checking dependency style of /media/panpan/tools/buildroot-2018.02.8/output/host/bin/arm-linux-gnueabihf-gcc
configure:4556: result: none
configure:4571: checking for a sed that does not truncate output
configure:4635: result: /bin/sed
configure:4653: checking for grep that handles long lines and -e
configure:4711: result: /bin/grep
configure:4716: checking for egrep
configure:4778: result: /bin/grep -E
configure:4783: checking for fgrep
configure:4845: result: /bin/grep -F
configure:4880: checking for ld used by /media/panpan/tools/buildroot-2018.02.8/output/host/bin/arm-linux-gnueabihf-gcc
configure:4947: result: /media/panpan/tools/buildroot-2018.02.8/output/host/bin/arm-linux-gnueabihf-ld
configure:4954: checking if the linker (/media/panpan/tools/buildroot-2018.02.8/output/host/bin/arm-linux-gnueabihf-ld) is GNU ld
configure:4969: result: yes
configure:4981: checking for BSD- or MS-compatible name lister (nm)
configure:5035: result: /media/panpan/tools/buildroot-2018.02.8/output/host/bin/arm-linux-gnueabihf-nm
configure:5165: checking the name lister (/media/panpan/tools/buildroot-2018.02.8/output/host/bin/arm-linux-gnueabihf-nm) interface
configure:5172: /media/panpan/tools/buildroot-2018.02.8/output/host/bin/arm-linux-gnueabihf-gcc -c -D_LARGEFILE_SOURCE -D_LARGEFILE64_SOURCE -D_FILE_OFFSET_BITS=64  -Os  -D_LARGEFILE_SOURCE -D_LARGEFILE64_SOURCE -D_FILE_OFFSET_BITS=64 -DHAVE_EXPAT_CONFIG_H conftest.c >&5
configure:5175: /media/panpan/tools/buildroot-2018.02.8/output/host/bin/arm-linux-gnueabihf-nm "conftest.o"
configure:5178: output
00000000 B some_variable
configure:5185: result: BSD nm
configure:5188: checking whether ln -s works
configure:5192: result: yes
configure:5200: checking the maximum length of command line arguments
configure:5336: result: 1572864
configure:5384: checking how to convert x86_64-pc-linux-gnu file names to arm-buildroot-linux-gnueabihf format
configure:5424: result: func_convert_file_noop
configure:5431: checking how to convert x86_64-pc-linux-gnu file names to toolchain format
configure:5451: result: func_convert_file_noop
configure:5458: checking for /media/panpan/tools/buildroot-2018.02.8/output/host/bin/arm-linux-gnueabihf-ld option to reload object files
configure:5465: result: -r
configure:5499: checking for arm-buildroot-linux-gnueabihf-objdump
configure:5526: result: /media/panpan/tools/buildroot-2018.02.8/output/host/bin/arm-linux-gnueabihf-objdump
configure:5595: checking how to recognize dependent libraries
configure:5795: result: pass_all
configure:5840: checking for arm-buildroot-linux-gnueabihf-dlltool
configure:5867: result: dlltool
configure:5937: checking how to associate runtime and link libraries
configure:5964: result: printf %s\n
configure:5981: checking for arm-buildroot-linux-gnueabihf-ar
configure:6008: result: /media/panpan/tools/buildroot-2018.02.8/output/host/bin/arm-linux-gnueabihf-ar
configure:6089: checking for archiver @FILE support
configure:6106: /media/panpan/tools/buildroot-2018.02.8/output/host/bin/arm-linux-gnueabihf-gcc -c -D_LARGEFILE_SOURCE -D_LARGEFILE64_SOURCE -D_FILE_OFFSET_BITS=64  -Os  -D_LARGEFILE_SOURCE -D_LARGEFILE64_SOURCE -D_FILE_OFFSET_BITS=64 -DHAVE_EXPAT_CONFIG_H conftest.c >&5
configure:6106: $? = 0
configure:6109: /media/panpan/tools/buildroot-2018.02.8/output/host/bin/arm-linux-gnueabihf-ar cru libconftest.a @conftest.lst >&5
configure:6112: $? = 0
configure:6117: /media/panpan/tools/buildroot-2018.02.8/output/host/bin/arm-linux-gnueabihf-ar cru libconftest.a @conftest.lst >&5
/media/panpan/tools/buildroot-2018.02.8/output/host/bin/arm-linux-gnueabihf-ar: conftest.o: No such file or directory
configure:6120: $? = 1
configure:6132: result: @
configure:6150: checking for arm-buildroot-linux-gnueabihf-strip
configure:6177: result: /media/panpan/tools/buildroot-2018.02.8/output/host/bin/arm-linux-gnueabihf-strip
configure:6249: checking for arm-buildroot-linux-gnueabihf-ranlib
configure:6276: result: /media/panpan/tools/buildroot-2018.02.8/output/host/bin/arm-linux-gnueabihf-ranlib
configure:6418: checking command to parse /media/panpan/tools/buildroot-2018.02.8/output/host/bin/arm-linux-gnueabihf-nm output from /media/panpan/tools/buildroot-2018.02.8/output/host/bin/arm-linux-gnueabihf-gcc object
configure:6571: /media/panpan/tools/buildroot-2018.02.8/output/host/bin/arm-linux-gnueabihf-gcc -c -D_LARGEFILE_SOURCE -D_LARGEFILE64_SOURCE -D_FILE_OFFSET_BITS=64  -Os  -D_LARGEFILE_SOURCE -D_LARGEFILE64_SOURCE -D_FILE_OFFSET_BITS=64 -DHAVE_EXPAT_CONFIG_H conftest.c >&5
configure:6574: $? = 0
configure:6578: /media/panpan/tools/buildroot-2018.02.8/output/host/bin/arm-linux-gnueabihf-nm conftest.o \| sed -n -e 's/^.*[ ]\([ABCDGIRSTW][ABCDGIRSTW]*\)[ ][ ]*\([_A-Za-z][_A-Za-z0-9]*\)$/\1 \2 \2/p' | sed '/ __gnu_lto/d' \> conftest.nm
configure:6581: $? = 0
configure:6647: /media/panpan/tools/buildroot-2018.02.8/output/host/bin/arm-linux-gnueabihf-gcc -o conftest -D_LARGEFILE_SOURCE -D_LARGEFILE64_SOURCE -D_FILE_OFFSET_BITS=64  -Os  -D_LARGEFILE_SOURCE -D_LARGEFILE64_SOURCE -D_FILE_OFFSET_BITS=64 -DHAVE_EXPAT_CONFIG_H  conftest.c conftstm.o >&5
configure:6650: $? = 0
configure:6688: result: ok
configure:6735: checking for sysroot
configure:6765: result: no
configure:6772: checking for a working dd
configure:6810: result: /bin/dd
configure:6814: checking how to truncate binary pipes
configure:6829: result: /bin/dd bs=4096 count=1
configure:7118: checking for arm-buildroot-linux-gnueabihf-mt
configure:7148: result: no
configure:7158: checking for mt
configure:7174: found /bin/mt
configure:7185: result: mt
configure:7197: WARNING: using cross tools not prefixed with host triplet
configure:7208: checking if mt is a manifest tool
configure:7214: mt '-?'
configure:7222: result: no
configure:7899: checking how to run the C preprocessor
configure:7969: result: /media/panpan/tools/buildroot-2018.02.8/output/host/bin/arm-linux-gnueabihf-cpp
configure:7989: /media/panpan/tools/buildroot-2018.02.8/output/host/bin/arm-linux-gnueabihf-cpp -D_LARGEFILE_SOURCE -D_LARGEFILE64_SOURCE -D_FILE_OFFSET_BITS=64 -DHAVE_EXPAT_CONFIG_H conftest.c
configure:7989: $? = 0
configure:8003: /media/panpan/tools/buildroot-2018.02.8/output/host/bin/arm-linux-gnueabihf-cpp -D_LARGEFILE_SOURCE -D_LARGEFILE64_SOURCE -D_FILE_OFFSET_BITS=64 -DHAVE_EXPAT_CONFIG_H conftest.c
conftest.c:11:10: fatal error: ac_nonexistent.h: No such file or directory
 #include <ac_nonexistent.h>
          ^~~~~~~~~~~~~~~~~~
compilation terminated.
configure:8003: $? = 1
configure: failed program was:
| /* confdefs.h */
| #define PACKAGE_NAME "expat"
| #define PACKAGE_TARNAME "expat"
| #define PACKAGE_VERSION "2.2.5"
| #define PACKAGE_STRING "expat 2.2.5"
| #define PACKAGE_BUGREPORT "expat-bugs@libexpat.org"
| #define PACKAGE_URL ""
| #define PACKAGE "expat"
| #define VERSION "2.2.5"
| /* end confdefs.h.  */
| #include <ac_nonexistent.h>
configure:8032: checking for ANSI C header files
configure:8052: /media/panpan/tools/buildroot-2018.02.8/output/host/bin/arm-linux-gnueabihf-gcc -c -D_LARGEFILE_SOURCE -D_LARGEFILE64_SOURCE -D_FILE_OFFSET_BITS=64  -Os  -D_LARGEFILE_SOURCE -D_LARGEFILE64_SOURCE -D_FILE_OFFSET_BITS=64 -DHAVE_EXPAT_CONFIG_H conftest.c >&5
configure:8052: $? = 0
configure:8136: result: yes
configure:8149: checking for sys/types.h
configure:8149: /media/panpan/tools/buildroot-2018.02.8/output/host/bin/arm-linux-gnueabihf-gcc -c -D_LARGEFILE_SOURCE -D_LARGEFILE64_SOURCE -D_FILE_OFFSET_BITS=64  -Os  -D_LARGEFILE_SOURCE -D_LARGEFILE64_SOURCE -D_FILE_OFFSET_BITS=64 -DHAVE_EXPAT_CONFIG_H conftest.c >&5
configure:8149: $? = 0
configure:8149: result: yes
configure:8149: checking for sys/stat.h
configure:8149: /media/panpan/tools/buildroot-2018.02.8/output/host/bin/arm-linux-gnueabihf-gcc -c -D_LARGEFILE_SOURCE -D_LARGEFILE64_SOURCE -D_FILE_OFFSET_BITS=64  -Os  -D_LARGEFILE_SOURCE -D_LARGEFILE64_SOURCE -D_FILE_OFFSET_BITS=64 -DHAVE_EXPAT_CONFIG_H conftest.c >&5
configure:8149: $? = 0
configure:8149: result: yes
configure:8149: checking for stdlib.h
configure:8149: /media/panpan/tools/buildroot-2018.02.8/output/host/bin/arm-linux-gnueabihf-gcc -c -D_LARGEFILE_SOURCE -D_LARGEFILE64_SOURCE -D_FILE_OFFSET_BITS=64  -Os  -D_LARGEFILE_SOURCE -D_LARGEFILE64_SOURCE -D_FILE_OFFSET_BITS=64 -DHAVE_EXPAT_CONFIG_H conftest.c >&5
configure:8149: $? = 0
configure:8149: result: yes
configure:8149: checking for string.h
configure:8149: /media/panpan/tools/buildroot-2018.02.8/output/host/bin/arm-linux-gnueabihf-gcc -c -D_LARGEFILE_SOURCE -D_LARGEFILE64_SOURCE -D_FILE_OFFSET_BITS=64  -Os  -D_LARGEFILE_SOURCE -D_LARGEFILE64_SOURCE -D_FILE_OFFSET_BITS=64 -DHAVE_EXPAT_CONFIG_H conftest.c >&5
configure:8149: $? = 0
configure:8149: result: yes
configure:8149: checking for memory.h
configure:8149: /media/panpan/tools/buildroot-2018.02.8/output/host/bin/arm-linux-gnueabihf-gcc -c -D_LARGEFILE_SOURCE -D_LARGEFILE64_SOURCE -D_FILE_OFFSET_BITS=64  -Os  -D_LARGEFILE_SOURCE -D_LARGEFILE64_SOURCE -D_FILE_OFFSET_BITS=64 -DHAVE_EXPAT_CONFIG_H conftest.c >&5
configure:8149: $? = 0
configure:8149: result: yes
configure:8149: checking for strings.h
configure:8149: /media/panpan/tools/buildroot-2018.02.8/output/host/bin/arm-linux-gnueabihf-gcc -c -D_LARGEFILE_SOURCE -D_LARGEFILE64_SOURCE -D_FILE_OFFSET_BITS=64  -Os  -D_LARGEFILE_SOURCE -D_LARGEFILE64_SOURCE -D_FILE_OFFSET_BITS=64 -DHAVE_EXPAT_CONFIG_H conftest.c >&5
configure:8149: $? = 0
configure:8149: result: yes
configure:8149: checking for inttypes.h
configure:8149: /media/panpan/tools/buildroot-2018.02.8/output/host/bin/arm-linux-gnueabihf-gcc -c -D_LARGEFILE_SOURCE -D_LARGEFILE64_SOURCE -D_FILE_OFFSET_BITS=64  -Os  -D_LARGEFILE_SOURCE -D_LARGEFILE64_SOURCE -D_FILE_OFFSET_BITS=64 -DHAVE_EXPAT_CONFIG_H conftest.c >&5
configure:8149: $? = 0
configure:8149: result: yes
configure:8149: checking for stdint.h
configure:8149: /media/panpan/tools/buildroot-2018.02.8/output/host/bin/arm-linux-gnueabihf-gcc -c -D_LARGEFILE_SOURCE -D_LARGEFILE64_SOURCE -D_FILE_OFFSET_BITS=64  -Os  -D_LARGEFILE_SOURCE -D_LARGEFILE64_SOURCE -D_FILE_OFFSET_BITS=64 -DHAVE_EXPAT_CONFIG_H conftest.c >&5
configure:8149: $? = 0
configure:8149: result: yes
configure:8149: checking for unistd.h
configure:8149: /media/panpan/tools/buildroot-2018.02.8/output/host/bin/arm-linux-gnueabihf-gcc -c -D_LARGEFILE_SOURCE -D_LARGEFILE64_SOURCE -D_FILE_OFFSET_BITS=64  -Os  -D_LARGEFILE_SOURCE -D_LARGEFILE64_SOURCE -D_FILE_OFFSET_BITS=64 -DHAVE_EXPAT_CONFIG_H conftest.c >&5
configure:8149: $? = 0
configure:8149: result: yes
configure:8163: checking for dlfcn.h
configure:8163: /media/panpan/tools/buildroot-2018.02.8/output/host/bin/arm-linux-gnueabihf-gcc -c -D_LARGEFILE_SOURCE -D_LARGEFILE64_SOURCE -D_FILE_OFFSET_BITS=64  -Os  -D_LARGEFILE_SOURCE -D_LARGEFILE64_SOURCE -D_FILE_OFFSET_BITS=64 -DHAVE_EXPAT_CONFIG_H conftest.c >&5
configure:8163: $? = 0
configure:8163: result: yes
configure:8417: checking for objdir
configure:8432: result: .libs
configure:8696: checking if /media/panpan/tools/buildroot-2018.02.8/output/host/bin/arm-linux-gnueabihf-gcc supports -fno-rtti -fno-exceptions
configure:8714: /media/panpan/tools/buildroot-2018.02.8/output/host/bin/arm-linux-gnueabihf-gcc -c -D_LARGEFILE_SOURCE -D_LARGEFILE64_SOURCE -D_FILE_OFFSET_BITS=64  -Os  -D_LARGEFILE_SOURCE -D_LARGEFILE64_SOURCE -D_FILE_OFFSET_BITS=64 -DHAVE_EXPAT_CONFIG_H -fno-rtti -fno-exceptions conftest.c >&5
cc1: warning: command line option '-fno-rtti' is valid for C++/ObjC++ but not for C
configure:8718: $? = 0
configure:8731: result: no
configure:9089: checking for /media/panpan/tools/buildroot-2018.02.8/output/host/bin/arm-linux-gnueabihf-gcc option to produce PIC
configure:9096: result: -fPIC -DPIC
configure:9104: checking if /media/panpan/tools/buildroot-2018.02.8/output/host/bin/arm-linux-gnueabihf-gcc PIC flag -fPIC -DPIC works
configure:9122: /media/panpan/tools/buildroot-2018.02.8/output/host/bin/arm-linux-gnueabihf-gcc -c -D_LARGEFILE_SOURCE -D_LARGEFILE64_SOURCE -D_FILE_OFFSET_BITS=64  -Os  -D_LARGEFILE_SOURCE -D_LARGEFILE64_SOURCE -D_FILE_OFFSET_BITS=64 -DHAVE_EXPAT_CONFIG_H -fPIC -DPIC -DPIC conftest.c >&5
configure:9126: $? = 0
configure:9139: result: yes
configure:9168: checking if /media/panpan/tools/buildroot-2018.02.8/output/host/bin/arm-linux-gnueabihf-gcc static flag -static works
configure:9196: result: yes
configure:9211: checking if /media/panpan/tools/buildroot-2018.02.8/output/host/bin/arm-linux-gnueabihf-gcc supports -c -o file.o
configure:9232: /media/panpan/tools/buildroot-2018.02.8/output/host/bin/arm-linux-gnueabihf-gcc -c -D_LARGEFILE_SOURCE -D_LARGEFILE64_SOURCE -D_FILE_OFFSET_BITS=64  -Os  -D_LARGEFILE_SOURCE -D_LARGEFILE64_SOURCE -D_FILE_OFFSET_BITS=64 -DHAVE_EXPAT_CONFIG_H -o out/conftest2.o conftest.c >&5
configure:9236: $? = 0
configure:9258: result: yes
configure:9266: checking if /media/panpan/tools/buildroot-2018.02.8/output/host/bin/arm-linux-gnueabihf-gcc supports -c -o file.o
configure:9313: result: yes
configure:9346: checking whether the /media/panpan/tools/buildroot-2018.02.8/output/host/bin/arm-linux-gnueabihf-gcc linker (/media/panpan/tools/buildroot-2018.02.8/output/host/bin/arm-linux-gnueabihf-ld) supports shared libraries
configure:10605: result: yes
configure:10642: checking whether -lc should be explicitly linked in
configure:10650: /media/panpan/tools/buildroot-2018.02.8/output/host/bin/arm-linux-gnueabihf-gcc -c -D_LARGEFILE_SOURCE -D_LARGEFILE64_SOURCE -D_FILE_OFFSET_BITS=64  -Os  -D_LARGEFILE_SOURCE -D_LARGEFILE64_SOURCE -D_FILE_OFFSET_BITS=64 -DHAVE_EXPAT_CONFIG_H conftest.c >&5
configure:10653: $? = 0
configure:10668: /media/panpan/tools/buildroot-2018.02.8/output/host/bin/arm-linux-gnueabihf-gcc -shared  -fPIC -DPIC conftest.o  -v -Wl,-soname -Wl,conftest -o conftest 2\>\&1 \| /bin/grep  -lc  \>/dev/null 2\>\&1
configure:10671: $? = 0
configure:10685: result: no
configure:10845: checking dynamic linker characteristics
configure:11439: /media/panpan/tools/buildroot-2018.02.8/output/host/bin/arm-linux-gnueabihf-gcc -o conftest -D_LARGEFILE_SOURCE -D_LARGEFILE64_SOURCE -D_FILE_OFFSET_BITS=64  -Os  -D_LARGEFILE_SOURCE -D_LARGEFILE64_SOURCE -D_FILE_OFFSET_BITS=64 -DHAVE_EXPAT_CONFIG_H  -Wl,-rpath -Wl,/foo conftest.c  >&5
configure:11439: $? = 0
configure:11676: result: GNU/Linux ld.so
configure:11798: checking how to hardcode library paths into programs
configure:11823: result: immediate
configure:12371: checking whether stripping libraries is possible
configure:12376: result: yes
configure:12411: checking if libtool supports shared libraries
configure:12413: result: yes
configure:12416: checking whether to build shared libraries
configure:12441: result: yes
configure:12444: checking whether to build static libraries
configure:12448: result: yes
configure:12490: checking for /media/panpan/tools/buildroot-2018.02.8/output/host/bin/arm-linux-gnueabihf-gcc option to accept ISO C99
configure:12639: /media/panpan/tools/buildroot-2018.02.8/output/host/bin/arm-linux-gnueabihf-gcc  -c -D_LARGEFILE_SOURCE -D_LARGEFILE64_SOURCE -D_FILE_OFFSET_BITS=64  -Os  -D_LARGEFILE_SOURCE -D_LARGEFILE64_SOURCE -D_FILE_OFFSET_BITS=64 -DHAVE_EXPAT_CONFIG_H conftest.c >&5
configure:12639: $? = 0
configure:12652: result: none needed
configure:12779: checking for C++ compiler version
configure:12788: /media/panpan/tools/buildroot-2018.02.8/output/host/bin/arm-linux-gnueabihf-g++ --version >&5
arm-linux-gnueabihf-g++ (Linaro GCC 7.2-2017.11-rc1) 7.2.1 20171011
Copyright (C) 2017 Free Software Foundation, Inc.
This is free software; see the source for copying conditions.  There is NO
warranty; not even for MERCHANTABILITY or FITNESS FOR A PARTICULAR PURPOSE.

configure:12799: $? = 0
configure:12788: /media/panpan/tools/buildroot-2018.02.8/output/host/bin/arm-linux-gnueabihf-g++ -v >&5
Using built-in specs.
COLLECT_GCC=/media/panpan/xilinx/SDK/2018.1/gnu/aarch32/lin/gcc-arm-linux-gnueabi//bin/arm-linux-gnueabihf-g++
COLLECT_LTO_WRAPPER=/media/panpan/xilinx/SDK/2018.1/gnu/aarch32/lin/gcc-arm-linux-gnueabi/bin/../libexec/gcc/arm-linux-gnueabihf/7.2.1/lto-wrapper
Target: arm-linux-gnueabihf
Configured with: /proj/esdt_sdk/gnu_abe/ABE/builds/lin/arm/arm-linux/snapshots//gcc-linaro-7.2-2017.11-rc1/configure SHELL=/bin/sh --with-bugurl=https://bugs.linaro.org --with-mpc=/proj/esdt_sdk/gnu_abe/ABE/builds/lin/arm/arm-linux/builds/destdir/x86_64-unknown-linux-gnu --with-mpfr=/proj/esdt_sdk/gnu_abe/ABE/builds/lin/arm/arm-linux/builds/destdir/x86_64-unknown-linux-gnu --with-gmp=/proj/esdt_sdk/gnu_abe/ABE/builds/lin/arm/arm-linux/builds/destdir/x86_64-unknown-linux-gnu --with-gnu-as --with-gnu-ld --disable-libstdcxx-pch --disable-libmudflap --with-cloog=no --with-ppl=no --with-isl=no --disable-nls --enable-c99 --enable-gnu-indirect-function --disable-multilib --with-tune=cortex-a9 --with-arch=armv7-a --with-fpu=vfpv3-d16 --with-float=hard --with-mode=arm --disable-multilib --enable-multiarch CFLAGS=-O2 CXXFLAGS=-O2 --disable-silent-rules --enable-libquadmath --enable-libg2c --enable-symvers=gnu --enable-libstdcxx-pch --enable-libssp --disable-libmudflap --enable-checking=release --enable-cheaders=c_global --enable-poison-system-directories --enable-clocale=generic --enable-shared --enable-threads=posix --disable-multilib --enable-c99 --without-local-prefix --enable-lto --disable-bootstrap --with-linker-hash-style=gnu --with-ppl=no --with-cloog=no --without-isl --enable-nls --enable-__cxa_atexit --with-build-sysroot=/proj/esdt_sdk/gnu_abe/ABE/builds/lin/arm/arm-linux/builds/destdir/x86_64-unknown-linux-gnu/arm-linux-gnueabihf/libc --enable-plugins --enable-linker-build-id --enable-long-long --enable-shared --with-sysroot=/proj/esdt_sdk/gnu_abe/ABE/builds/lin/arm/arm-linux/builds/destdir/x86_64-unknown-linux-gnu/arm-linux-gnueabihf/libc --enable-languages=c,c++,lto --enable-checking=yes --disable-bootstrap --with-bugurl=https://bugs.linaro.org --build=x86_64-unknown-linux-gnu --host=x86_64-unknown-linux-gnu --target=arm-linux-gnueabihf --prefix=/proj/esdt_sdk/gnu_abe/ABE/builds/lin/arm/arm-linux/builds/destdir/x86_64-unknown-linux-gnu
Thread model: posix
gcc version 7.2.1 20171011 (Linaro GCC 7.2-2017.11-rc1) 
configure:12799: $? = 0
configure:12788: /media/panpan/tools/buildroot-2018.02.8/output/host/bin/arm-linux-gnueabihf-g++ -V >&5
arm-linux-gnueabihf-g++: error: unrecognized command line option '-V'
arm-linux-gnueabihf-g++: fatal error: no input files
compilation terminated.
configure:12799: $? = 1
configure:12788: /media/panpan/tools/buildroot-2018.02.8/output/host/bin/arm-linux-gnueabihf-g++ -qversion >&5
arm-linux-gnueabihf-g++: error: unrecognized command line option '-qversion'; did you mean '--version'?
arm-linux-gnueabihf-g++: fatal error: no input files
compilation terminated.
configure:12799: $? = 1
configure:12803: checking whether we are using the GNU C++ compiler
configure:12822: /media/panpan/tools/buildroot-2018.02.8/output/host/bin/arm-linux-gnueabihf-g++ -c -D_LARGEFILE_SOURCE -D_LARGEFILE64_SOURCE -D_FILE_OFFSET_BITS=64  -Os  -D_LARGEFILE_SOURCE -D_LARGEFILE64_SOURCE -D_FILE_OFFSET_BITS=64 -DHAVE_EXPAT_CONFIG_H conftest.cpp >&5
configure:12822: $? = 0
configure:12831: result: yes
configure:12840: checking whether /media/panpan/tools/buildroot-2018.02.8/output/host/bin/arm-linux-gnueabihf-g++ accepts -g
configure:12860: /media/panpan/tools/buildroot-2018.02.8/output/host/bin/arm-linux-gnueabihf-g++ -c -g -D_LARGEFILE_SOURCE -D_LARGEFILE64_SOURCE -D_FILE_OFFSET_BITS=64 -DHAVE_EXPAT_CONFIG_H conftest.cpp >&5
configure:12860: $? = 0
configure:12901: result: yes
configure:12926: checking dependency style of /media/panpan/tools/buildroot-2018.02.8/output/host/bin/arm-linux-gnueabihf-g++
configure:13037: result: none
configure:13070: checking how to run the C++ preprocessor
configure:13097: /media/panpan/tools/buildroot-2018.02.8/output/host/bin/arm-linux-gnueabihf-g++ -E -D_LARGEFILE_SOURCE -D_LARGEFILE64_SOURCE -D_FILE_OFFSET_BITS=64 -DHAVE_EXPAT_CONFIG_H conftest.cpp
configure:13097: $? = 0
configure:13111: /media/panpan/tools/buildroot-2018.02.8/output/host/bin/arm-linux-gnueabihf-g++ -E -D_LARGEFILE_SOURCE -D_LARGEFILE64_SOURCE -D_FILE_OFFSET_BITS=64 -DHAVE_EXPAT_CONFIG_H conftest.cpp
conftest.cpp:23:10: fatal error: ac_nonexistent.h: No such file or directory
 #include <ac_nonexistent.h>
          ^~~~~~~~~~~~~~~~~~
compilation terminated.
configure:13111: $? = 1
configure: failed program was:
| /* confdefs.h */
| #define PACKAGE_NAME "expat"
| #define PACKAGE_TARNAME "expat"
| #define PACKAGE_VERSION "2.2.5"
| #define PACKAGE_STRING "expat 2.2.5"
| #define PACKAGE_BUGREPORT "expat-bugs@libexpat.org"
| #define PACKAGE_URL ""
| #define PACKAGE "expat"
| #define VERSION "2.2.5"
| #define STDC_HEADERS 1
| #define HAVE_SYS_TYPES_H 1
| #define HAVE_SYS_STAT_H 1
| #define HAVE_STDLIB_H 1
| #define HAVE_STRING_H 1
| #define HAVE_MEMORY_H 1
| #define HAVE_STRINGS_H 1
| #define HAVE_INTTYPES_H 1
| #define HAVE_STDINT_H 1
| #define HAVE_UNISTD_H 1
| #define HAVE_DLFCN_H 1
| #define LT_OBJDIR ".libs/"
| /* end confdefs.h.  */
| #include <ac_nonexistent.h>
configure:13136: result: /media/panpan/tools/buildroot-2018.02.8/output/host/bin/arm-linux-gnueabihf-g++ -E
configure:13156: /media/panpan/tools/buildroot-2018.02.8/output/host/bin/arm-linux-gnueabihf-g++ -E -D_LARGEFILE_SOURCE -D_LARGEFILE64_SOURCE -D_FILE_OFFSET_BITS=64 -DHAVE_EXPAT_CONFIG_H conftest.cpp
configure:13156: $? = 0
configure:13170: /media/panpan/tools/buildroot-2018.02.8/output/host/bin/arm-linux-gnueabihf-g++ -E -D_LARGEFILE_SOURCE -D_LARGEFILE64_SOURCE -D_FILE_OFFSET_BITS=64 -DHAVE_EXPAT_CONFIG_H conftest.cpp
conftest.cpp:23:10: fatal error: ac_nonexistent.h: No such file or directory
 #include <ac_nonexistent.h>
          ^~~~~~~~~~~~~~~~~~
compilation terminated.
configure:13170: $? = 1
configure: failed program was:
| /* confdefs.h */
| #define PACKAGE_NAME "expat"
| #define PACKAGE_TARNAME "expat"
| #define PACKAGE_VERSION "2.2.5"
| #define PACKAGE_STRING "expat 2.2.5"
| #define PACKAGE_BUGREPORT "expat-bugs@libexpat.org"
| #define PACKAGE_URL ""
| #define PACKAGE "expat"
| #define VERSION "2.2.5"
| #define STDC_HEADERS 1
| #define HAVE_SYS_TYPES_H 1
| #define HAVE_SYS_STAT_H 1
| #define HAVE_STDLIB_H 1
| #define HAVE_STRING_H 1
| #define HAVE_MEMORY_H 1
| #define HAVE_STRINGS_H 1
| #define HAVE_INTTYPES_H 1
| #define HAVE_STDINT_H 1
| #define HAVE_UNISTD_H 1
| #define HAVE_DLFCN_H 1
| #define LT_OBJDIR ".libs/"
| /* end confdefs.h.  */
| #include <ac_nonexistent.h>
configure:13332: checking for ld used by /media/panpan/tools/buildroot-2018.02.8/output/host/bin/arm-linux-gnueabihf-g++
configure:13399: result: /media/panpan/tools/buildroot-2018.02.8/output/host/bin/arm-linux-gnueabihf-ld
configure:13406: checking if the linker (/media/panpan/tools/buildroot-2018.02.8/output/host/bin/arm-linux-gnueabihf-ld) is GNU ld
configure:13421: result: yes
configure:13476: checking whether the /media/panpan/tools/buildroot-2018.02.8/output/host/bin/arm-linux-gnueabihf-g++ linker (/media/panpan/tools/buildroot-2018.02.8/output/host/bin/arm-linux-gnueabihf-ld) supports shared libraries
configure:14549: result: yes
configure:14585: /media/panpan/tools/buildroot-2018.02.8/output/host/bin/arm-linux-gnueabihf-g++ -c -D_LARGEFILE_SOURCE -D_LARGEFILE64_SOURCE -D_FILE_OFFSET_BITS=64  -Os  -D_LARGEFILE_SOURCE -D_LARGEFILE64_SOURCE -D_FILE_OFFSET_BITS=64 -DHAVE_EXPAT_CONFIG_H conftest.cpp >&5
configure:14588: $? = 0
configure:15069: checking for /media/panpan/tools/buildroot-2018.02.8/output/host/bin/arm-linux-gnueabihf-g++ option to produce PIC
configure:15076: result: -fPIC -DPIC
configure:15084: checking if /media/panpan/tools/buildroot-2018.02.8/output/host/bin/arm-linux-gnueabihf-g++ PIC flag -fPIC -DPIC works
configure:15102: /media/panpan/tools/buildroot-2018.02.8/output/host/bin/arm-linux-gnueabihf-g++ -c -D_LARGEFILE_SOURCE -D_LARGEFILE64_SOURCE -D_FILE_OFFSET_BITS=64  -Os  -D_LARGEFILE_SOURCE -D_LARGEFILE64_SOURCE -D_FILE_OFFSET_BITS=64 -DHAVE_EXPAT_CONFIG_H -fPIC -DPIC -DPIC conftest.cpp >&5
configure:15106: $? = 0
configure:15119: result: yes
configure:15142: checking if /media/panpan/tools/buildroot-2018.02.8/output/host/bin/arm-linux-gnueabihf-g++ static flag -static works
configure:15170: result: yes
configure:15182: checking if /media/panpan/tools/buildroot-2018.02.8/output/host/bin/arm-linux-gnueabihf-g++ supports -c -o file.o
configure:15203: /media/panpan/tools/buildroot-2018.02.8/output/host/bin/arm-linux-gnueabihf-g++ -c -D_LARGEFILE_SOURCE -D_LARGEFILE64_SOURCE -D_FILE_OFFSET_BITS=64  -Os  -D_LARGEFILE_SOURCE -D_LARGEFILE64_SOURCE -D_FILE_OFFSET_BITS=64 -DHAVE_EXPAT_CONFIG_H -o out/conftest2.o conftest.cpp >&5
configure:15207: $? = 0
configure:15229: result: yes
configure:15234: checking if /media/panpan/tools/buildroot-2018.02.8/output/host/bin/arm-linux-gnueabihf-g++ supports -c -o file.o
configure:15281: result: yes
configure:15311: checking whether the /media/panpan/tools/buildroot-2018.02.8/output/host/bin/arm-linux-gnueabihf-g++ linker (/media/panpan/tools/buildroot-2018.02.8/output/host/bin/arm-linux-gnueabihf-ld) supports shared libraries
configure:15351: result: yes
configure:15492: checking dynamic linker characteristics
configure:16250: result: GNU/Linux ld.so
configure:16315: checking how to hardcode library paths into programs
configure:16340: result: immediate
configure:16385: checking whether /media/panpan/tools/buildroot-2018.02.8/output/host/bin/arm-linux-gnueabihf-gcc accepts -fexceptions
configure:16398: /media/panpan/tools/buildroot-2018.02.8/output/host/bin/arm-linux-gnueabihf-gcc -o conftest -D_LARGEFILE_SOURCE -D_LARGEFILE64_SOURCE -D_FILE_OFFSET_BITS=64  -Os  -Wall -Wmissing-prototypes -Wstrict-prototypes -fexceptions -D_LARGEFILE_SOURCE -D_LARGEFILE64_SOURCE -D_FILE_OFFSET_BITS=64 -DHAVE_EXPAT_CONFIG_H  conftest.c  >&5
conftest.c:25:1: warning: function declaration isn't a prototype [-Wstrict-prototypes]
 main ()
 ^~~~
configure:16398: $? = 0
configure:16399: result: yes
configure:16416: checking for ANSI C header files
configure:16520: result: yes
configure:16530: checking whether byte ordering is bigendian
configure:16605: result: no
configure:16658: checking for an ANSI C-conforming const
configure:16724: /media/panpan/tools/buildroot-2018.02.8/output/host/bin/arm-linux-gnueabihf-gcc -c -D_LARGEFILE_SOURCE -D_LARGEFILE64_SOURCE -D_FILE_OFFSET_BITS=64  -Os  -Wall -Wmissing-prototypes -Wstrict-prototypes -fexceptions -fno-strict-aliasing -D_LARGEFILE_SOURCE -D_LARGEFILE64_SOURCE -D_FILE_OFFSET_BITS=64 -DHAVE_EXPAT_CONFIG_H conftest.c >&5
conftest.c:27:1: warning: function declaration isn't a prototype [-Wstrict-prototypes]
 main ()
 ^~~~
configure:16724: $? = 0
configure:16731: result: yes
configure:16739: checking for size_t
configure:16739: /media/panpan/tools/buildroot-2018.02.8/output/host/bin/arm-linux-gnueabihf-gcc -c -D_LARGEFILE_SOURCE -D_LARGEFILE64_SOURCE -D_FILE_OFFSET_BITS=64  -Os  -Wall -Wmissing-prototypes -Wstrict-prototypes -fexceptions -fno-strict-aliasing -D_LARGEFILE_SOURCE -D_LARGEFILE64_SOURCE -D_FILE_OFFSET_BITS=64 -DHAVE_EXPAT_CONFIG_H conftest.c >&5
conftest.c:59:1: warning: function declaration isn't a prototype [-Wstrict-prototypes]
 main ()
 ^~~~
configure:16739: $? = 0
configure:16739: /media/panpan/tools/buildroot-2018.02.8/output/host/bin/arm-linux-gnueabihf-gcc -c -D_LARGEFILE_SOURCE -D_LARGEFILE64_SOURCE -D_FILE_OFFSET_BITS=64  -Os  -Wall -Wmissing-prototypes -Wstrict-prototypes -fexceptions -fno-strict-aliasing -D_LARGEFILE_SOURCE -D_LARGEFILE64_SOURCE -D_FILE_OFFSET_BITS=64 -DHAVE_EXPAT_CONFIG_H conftest.c >&5
conftest.c:59:1: warning: function declaration isn't a prototype [-Wstrict-prototypes]
 main ()
 ^~~~
conftest.c: In function 'main':
conftest.c:61:21: error: expected expression before ')' token
 if (sizeof ((size_t)))
                     ^
configure:16739: $? = 1
configure: failed program was:
| /* confdefs.h */
| #define PACKAGE_NAME "expat"
| #define PACKAGE_TARNAME "expat"
| #define PACKAGE_VERSION "2.2.5"
| #define PACKAGE_STRING "expat 2.2.5"
| #define PACKAGE_BUGREPORT "expat-bugs@libexpat.org"
| #define PACKAGE_URL ""
| #define PACKAGE "expat"
| #define VERSION "2.2.5"
| #define STDC_HEADERS 1
| #define HAVE_SYS_TYPES_H 1
| #define HAVE_SYS_STAT_H 1
| #define HAVE_STDLIB_H 1
| #define HAVE_STRING_H 1
| #define HAVE_MEMORY_H 1
| #define HAVE_STRINGS_H 1
| #define HAVE_INTTYPES_H 1
| #define HAVE_STDINT_H 1
| #define HAVE_UNISTD_H 1
| #define HAVE_DLFCN_H 1
| #define LT_OBJDIR ".libs/"
| #define STDC_HEADERS 1
| #define BYTEORDER 1234
| /* end confdefs.h.  */
| #include <stdio.h>
| #ifdef HAVE_SYS_TYPES_H
| # include <sys/types.h>
| #endif
| #ifdef HAVE_SYS_STAT_H
| # include <sys/stat.h>
| #endif
| #ifdef STDC_HEADERS
| # include <stdlib.h>
| # include <stddef.h>
| #else
| # ifdef HAVE_STDLIB_H
| #  include <stdlib.h>
| # endif
| #endif
| #ifdef HAVE_STRING_H
| # if !defined STDC_HEADERS && defined HAVE_MEMORY_H
| #  include <memory.h>
| # endif
| # include <string.h>
| #endif
| #ifdef HAVE_STRINGS_H
| # include <strings.h>
| #endif
| #ifdef HAVE_INTTYPES_H
| # include <inttypes.h>
| #endif
| #ifdef HAVE_STDINT_H
| # include <stdint.h>
| #endif
| #ifdef HAVE_UNISTD_H
| # include <unistd.h>
| #endif
| int
| main ()
| {
| if (sizeof ((size_t)))
| 	    return 0;
|   ;
|   return 0;
| }
configure:16739: result: yes
configure:16753: checking for memmove
configure:16753: /media/panpan/tools/buildroot-2018.02.8/output/host/bin/arm-linux-gnueabihf-gcc -o conftest -D_LARGEFILE_SOURCE -D_LARGEFILE64_SOURCE -D_FILE_OFFSET_BITS=64  -Os  -Wall -Wmissing-prototypes -Wstrict-prototypes -fexceptions -fno-strict-aliasing -D_LARGEFILE_SOURCE -D_LARGEFILE64_SOURCE -D_FILE_OFFSET_BITS=64 -DHAVE_EXPAT_CONFIG_H  -fno-strict-aliasing conftest.c  >&5
conftest.c:48:1: warning: function declaration isn't a prototype [-Wstrict-prototypes]
 char memmove ();
 ^~~~
conftest.c:48:6: warning: conflicting types for built-in function 'memmove' [-Wbuiltin-declaration-mismatch]
 char memmove ();
      ^~~~~~~
conftest.c:57:1: warning: function declaration isn't a prototype [-Wstrict-prototypes]
 main ()
 ^~~~
configure:16753: $? = 0
configure:16753: result: yes
configure:16753: checking for bcopy
configure:16753: /media/panpan/tools/buildroot-2018.02.8/output/host/bin/arm-linux-gnueabihf-gcc -o conftest -D_LARGEFILE_SOURCE -D_LARGEFILE64_SOURCE -D_FILE_OFFSET_BITS=64  -Os  -Wall -Wmissing-prototypes -Wstrict-prototypes -fexceptions -fno-strict-aliasing -D_LARGEFILE_SOURCE -D_LARGEFILE64_SOURCE -D_FILE_OFFSET_BITS=64 -DHAVE_EXPAT_CONFIG_H  -fno-strict-aliasing conftest.c  >&5
conftest.c:49:1: warning: function declaration isn't a prototype [-Wstrict-prototypes]
 char bcopy ();
 ^~~~
conftest.c:49:6: warning: conflicting types for built-in function 'bcopy' [-Wbuiltin-declaration-mismatch]
 char bcopy ();
      ^~~~~
conftest.c:58:1: warning: function declaration isn't a prototype [-Wstrict-prototypes]
 main ()
 ^~~~
configure:16753: $? = 0
configure:16753: result: yes
configure:16864: checking for arc4random_buf (BSD or libbsd)
configure:16879: /media/panpan/tools/buildroot-2018.02.8/output/host/bin/arm-linux-gnueabihf-gcc -o conftest -D_LARGEFILE_SOURCE -D_LARGEFILE64_SOURCE -D_FILE_OFFSET_BITS=64  -Os  -Wall -Wmissing-prototypes -Wstrict-prototypes -fexceptions -fno-strict-aliasing -D_LARGEFILE_SOURCE -D_LARGEFILE64_SOURCE -D_FILE_OFFSET_BITS=64 -DHAVE_EXPAT_CONFIG_H  -fno-strict-aliasing conftest.c  >&5
conftest.c:32:7: warning: function declaration isn't a prototype [-Wstrict-prototypes]
   int main() {
       ^~~~
conftest.c: In function 'main':
conftest.c:33:5: warning: implicit declaration of function 'arc4random_buf'; did you mean 'srandom_r'? [-Wimplicit-function-declaration]
     arc4random_buf(NULL, 0U);
     ^~~~~~~~~~~~~~
     srandom_r
/tmp/ccFYV4Bs.o: In function `main':
conftest.c:(.text.startup+0xc): undefined reference to `arc4random_buf'
collect2: error: ld returned 1 exit status
configure:16879: $? = 1
configure: failed program was:
| /* confdefs.h */
| #define PACKAGE_NAME "expat"
| #define PACKAGE_TARNAME "expat"
| #define PACKAGE_VERSION "2.2.5"
| #define PACKAGE_STRING "expat 2.2.5"
| #define PACKAGE_BUGREPORT "expat-bugs@libexpat.org"
| #define PACKAGE_URL ""
| #define PACKAGE "expat"
| #define VERSION "2.2.5"
| #define STDC_HEADERS 1
| #define HAVE_SYS_TYPES_H 1
| #define HAVE_SYS_STAT_H 1
| #define HAVE_STDLIB_H 1
| #define HAVE_STRING_H 1
| #define HAVE_MEMORY_H 1
| #define HAVE_STRINGS_H 1
| #define HAVE_INTTYPES_H 1
| #define HAVE_STDINT_H 1
| #define HAVE_UNISTD_H 1
| #define HAVE_DLFCN_H 1
| #define LT_OBJDIR ".libs/"
| #define STDC_HEADERS 1
| #define BYTEORDER 1234
| #define HAVE_MEMMOVE 1
| #define HAVE_BCOPY 1
| /* end confdefs.h.  */
| 
|   #include <stdlib.h>  /* for arc4random_buf on BSD, for NULL */
|   #if defined(HAVE_LIBBSD)
|   # include <bsd/stdlib.h>
|   #endif
|   int main() {
|     arc4random_buf(NULL, 0U);
|     return 0;
|   }
| 
configure:16889: result: no
configure:16892: checking for arc4random (BSD, macOS or libbsd)
configure:16908: /media/panpan/tools/buildroot-2018.02.8/output/host/bin/arm-linux-gnueabihf-gcc -o conftest -D_LARGEFILE_SOURCE -D_LARGEFILE64_SOURCE -D_FILE_OFFSET_BITS=64  -Os  -Wall -Wmissing-prototypes -Wstrict-prototypes -fexceptions -fno-strict-aliasing -D_LARGEFILE_SOURCE -D_LARGEFILE64_SOURCE -D_FILE_OFFSET_BITS=64 -DHAVE_EXPAT_CONFIG_H  -fno-strict-aliasing conftest.c  >&5
conftest.c:33:11: warning: function declaration isn't a prototype [-Wstrict-prototypes]
       int main() {
           ^~~~
conftest.c: In function 'main':
conftest.c:34:11: warning: implicit declaration of function 'arc4random'; did you mean 'srandom'? [-Wimplicit-function-declaration]
           arc4random();
           ^~~~~~~~~~
           srandom
/tmp/ccdymqxz.o: In function `main':
conftest.c:(.text.startup+0x4): undefined reference to `arc4random'
collect2: error: ld returned 1 exit status
configure:16908: $? = 1
configure: failed program was:
| /* confdefs.h */
| #define PACKAGE_NAME "expat"
| #define PACKAGE_TARNAME "expat"
| #define PACKAGE_VERSION "2.2.5"
| #define PACKAGE_STRING "expat 2.2.5"
| #define PACKAGE_BUGREPORT "expat-bugs@libexpat.org"
| #define PACKAGE_URL ""
| #define PACKAGE "expat"
| #define VERSION "2.2.5"
| #define STDC_HEADERS 1
| #define HAVE_SYS_TYPES_H 1
| #define HAVE_SYS_STAT_H 1
| #define HAVE_STDLIB_H 1
| #define HAVE_STRING_H 1
| #define HAVE_MEMORY_H 1
| #define HAVE_STRINGS_H 1
| #define HAVE_INTTYPES_H 1
| #define HAVE_STDINT_H 1
| #define HAVE_UNISTD_H 1
| #define HAVE_DLFCN_H 1
| #define LT_OBJDIR ".libs/"
| #define STDC_HEADERS 1
| #define BYTEORDER 1234
| #define HAVE_MEMMOVE 1
| #define HAVE_BCOPY 1
| /* end confdefs.h.  */
| 
|       #if defined(HAVE_LIBBSD)
|       # include <bsd/stdlib.h>
|       #else
|       # include <stdlib.h>
|       #endif
|       int main() {
|           arc4random();
|           return 0;
|       }
| 
configure:16918: result: no
configure:16930: checking for getrandom (Linux 3.17+, glibc 2.25+)
configure:16942: /media/panpan/tools/buildroot-2018.02.8/output/host/bin/arm-linux-gnueabihf-gcc -o conftest -D_LARGEFILE_SOURCE -D_LARGEFILE64_SOURCE -D_FILE_OFFSET_BITS=64  -Os  -Wall -Wmissing-prototypes -Wstrict-prototypes -fexceptions -fno-strict-aliasing -D_LARGEFILE_SOURCE -D_LARGEFILE64_SOURCE -D_FILE_OFFSET_BITS=64 -DHAVE_EXPAT_CONFIG_H  -fno-strict-aliasing conftest.c  >&5
conftest.c:30:7: warning: function declaration isn't a prototype [-Wstrict-prototypes]
   int main() {
       ^~~~
configure:16942: $? = 0
configure:16947: result: yes
configure:16994: checking fcntl.h usability
configure:16994: /media/panpan/tools/buildroot-2018.02.8/output/host/bin/arm-linux-gnueabihf-gcc -c -D_LARGEFILE_SOURCE -D_LARGEFILE64_SOURCE -D_FILE_OFFSET_BITS=64  -Os  -Wall -Wmissing-prototypes -Wstrict-prototypes -fexceptions -fno-strict-aliasing -D_LARGEFILE_SOURCE -D_LARGEFILE64_SOURCE -D_FILE_OFFSET_BITS=64 -DHAVE_EXPAT_CONFIG_H conftest.c >&5
configure:16994: $? = 0
configure:16994: result: yes
configure:16994: checking fcntl.h presence
configure:16994: /media/panpan/tools/buildroot-2018.02.8/output/host/bin/arm-linux-gnueabihf-cpp -D_LARGEFILE_SOURCE -D_LARGEFILE64_SOURCE -D_FILE_OFFSET_BITS=64 -DHAVE_EXPAT_CONFIG_H conftest.c
configure:16994: $? = 0
configure:16994: result: yes
configure:16994: checking for fcntl.h
configure:16994: result: yes
configure:16994: checking for unistd.h
configure:16994: result: yes
configure:17004: checking for off_t
configure:17004: /media/panpan/tools/buildroot-2018.02.8/output/host/bin/arm-linux-gnueabihf-gcc -c -D_LARGEFILE_SOURCE -D_LARGEFILE64_SOURCE -D_FILE_OFFSET_BITS=64  -Os  -Wall -Wmissing-prototypes -Wstrict-prototypes -fexceptions -fno-strict-aliasing -D_LARGEFILE_SOURCE -D_LARGEFILE64_SOURCE -D_FILE_OFFSET_BITS=64 -DHAVE_EXPAT_CONFIG_H conftest.c >&5
conftest.c:64:1: warning: function declaration isn't a prototype [-Wstrict-prototypes]
 main ()
 ^~~~
configure:17004: $? = 0
configure:17004: /media/panpan/tools/buildroot-2018.02.8/output/host/bin/arm-linux-gnueabihf-gcc -c -D_LARGEFILE_SOURCE -D_LARGEFILE64_SOURCE -D_FILE_OFFSET_BITS=64  -Os  -Wall -Wmissing-prototypes -Wstrict-prototypes -fexceptions -fno-strict-aliasing -D_LARGEFILE_SOURCE -D_LARGEFILE64_SOURCE -D_FILE_OFFSET_BITS=64 -DHAVE_EXPAT_CONFIG_H conftest.c >&5
conftest.c:64:1: warning: function declaration isn't a prototype [-Wstrict-prototypes]
 main ()
 ^~~~
conftest.c: In function 'main':
conftest.c:66:20: error: expected expression before ')' token
 if (sizeof ((off_t)))
                    ^
configure:17004: $? = 1
configure: failed program was:
| /* confdefs.h */
| #define PACKAGE_NAME "expat"
| #define PACKAGE_TARNAME "expat"
| #define PACKAGE_VERSION "2.2.5"
| #define PACKAGE_STRING "expat 2.2.5"
| #define PACKAGE_BUGREPORT "expat-bugs@libexpat.org"
| #define PACKAGE_URL ""
| #define PACKAGE "expat"
| #define VERSION "2.2.5"
| #define STDC_HEADERS 1
| #define HAVE_SYS_TYPES_H 1
| #define HAVE_SYS_STAT_H 1
| #define HAVE_STDLIB_H 1
| #define HAVE_STRING_H 1
| #define HAVE_MEMORY_H 1
| #define HAVE_STRINGS_H 1
| #define HAVE_INTTYPES_H 1
| #define HAVE_STDINT_H 1
| #define HAVE_UNISTD_H 1
| #define HAVE_DLFCN_H 1
| #define LT_OBJDIR ".libs/"
| #define STDC_HEADERS 1
| #define BYTEORDER 1234
| #define HAVE_MEMMOVE 1
| #define HAVE_BCOPY 1
| #define HAVE_GETRANDOM 1
| #define HAVE_FCNTL_H 1
| #define HAVE_UNISTD_H 1
| /* end confdefs.h.  */
| #include <stdio.h>
| #ifdef HAVE_SYS_TYPES_H
| # include <sys/types.h>
| #endif
| #ifdef HAVE_SYS_STAT_H
| # include <sys/stat.h>
| #endif
| #ifdef STDC_HEADERS
| # include <stdlib.h>
| # include <stddef.h>
| #else
| # ifdef HAVE_STDLIB_H
| #  include <stdlib.h>
| # endif
| #endif
| #ifdef HAVE_STRING_H
| # if !defined STDC_HEADERS && defined HAVE_MEMORY_H
| #  include <memory.h>
| # endif
| # include <string.h>
| #endif
| #ifdef HAVE_STRINGS_H
| # include <strings.h>
| #endif
| #ifdef HAVE_INTTYPES_H
| # include <inttypes.h>
| #endif
| #ifdef HAVE_STDINT_H
| # include <stdint.h>
| #endif
| #ifdef HAVE_UNISTD_H
| # include <unistd.h>
| #endif
| int
| main ()
| {
| if (sizeof ((off_t)))
| 	    return 0;
|   ;
|   return 0;
| }
configure:17004: result: yes
configure:17021: checking for stdlib.h
configure:17021: result: yes
configure:17021: checking for unistd.h
configure:17021: result: yes
configure:17021: checking for sys/param.h
configure:17021: /media/panpan/tools/buildroot-2018.02.8/output/host/bin/arm-linux-gnueabihf-gcc -c -D_LARGEFILE_SOURCE -D_LARGEFILE64_SOURCE -D_FILE_OFFSET_BITS=64  -Os  -Wall -Wmissing-prototypes -Wstrict-prototypes -fexceptions -fno-strict-aliasing -D_LARGEFILE_SOURCE -D_LARGEFILE64_SOURCE -D_FILE_OFFSET_BITS=64 -DHAVE_EXPAT_CONFIG_H conftest.c >&5
configure:17021: $? = 0
configure:17021: result: yes
configure:17041: checking for getpagesize
configure:17041: /media/panpan/tools/buildroot-2018.02.8/output/host/bin/arm-linux-gnueabihf-gcc -o conftest -D_LARGEFILE_SOURCE -D_LARGEFILE64_SOURCE -D_FILE_OFFSET_BITS=64  -Os  -Wall -Wmissing-prototypes -Wstrict-prototypes -fexceptions -fno-strict-aliasing -D_LARGEFILE_SOURCE -D_LARGEFILE64_SOURCE -D_FILE_OFFSET_BITS=64 -DHAVE_EXPAT_CONFIG_H  -fno-strict-aliasing conftest.c  >&5
conftest.c:56:1: warning: function declaration isn't a prototype [-Wstrict-prototypes]
 char getpagesize ();
 ^~~~
conftest.c:65:1: warning: function declaration isn't a prototype [-Wstrict-prototypes]
 main ()
 ^~~~
configure:17041: $? = 0
configure:17041: result: yes
configure:17050: checking for working mmap
configure:17207: result: yes
configure:17271: checking for docbook2x-man
configure:17301: result: no
configure:17271: checking for docbook2man
configure:17287: found /usr/bin/docbook2man
configure:17298: result: docbook2man
configure:17437: checking that generated files are newer than configure
configure:17443: result: done
configure:17486: creating ./config.status

## ---------------------- ##
## Running config.status. ##
## ---------------------- ##

This file was extended by expat config.status 2.2.5, which was
generated by GNU Autoconf 2.69.  Invocation command line was

  CONFIG_FILES    = 
  CONFIG_HEADERS  = 
  CONFIG_LINKS    = 
  CONFIG_COMMANDS = 
  $ ./config.status 

on zed-00

config.status:1186: creating Makefile
config.status:1186: creating expat.pc
config.status:1186: creating doc/Makefile
config.status:1186: creating examples/Makefile
config.status:1186: creating lib/Makefile
config.status:1186: creating tests/Makefile
config.status:1186: creating tests/benchmark/Makefile
config.status:1186: creating xmlwf/Makefile
config.status:1186: creating run.sh
config.status:1186: creating expat_config.h
config.status:1367: expat_config.h is unchanged
config.status:1415: executing depfiles commands
config.status:1415: executing libtool commands
configure:19904: WARNING: unrecognized options: --disable-gtk-doc, --disable-gtk-doc-html, --disable-doc, --disable-docs, --disable-documentation, --with-xmlto, --with-fop, --enable-ipv6, --disable-nls

## ---------------- ##
## Cache variables. ##
## ---------------- ##

ac_cv_build=x86_64-pc-linux-gnu
ac_cv_c_bigendian=no
ac_cv_c_compiler_gnu=yes
ac_cv_c_const=yes
ac_cv_cxx_compiler_gnu=yes
ac_cv_env_CCC_set=
ac_cv_env_CCC_value=
ac_cv_env_CC_set=set
ac_cv_env_CC_value=/media/panpan/tools/buildroot-2018.02.8/output/host/bin/arm-linux-gnueabihf-gcc
ac_cv_env_CFLAGS_set=set
ac_cv_env_CFLAGS_value='-D_LARGEFILE_SOURCE -D_LARGEFILE64_SOURCE -D_FILE_OFFSET_BITS=64  -Os '
ac_cv_env_CPPFLAGS_set=set
ac_cv_env_CPPFLAGS_value='-D_LARGEFILE_SOURCE -D_LARGEFILE64_SOURCE -D_FILE_OFFSET_BITS=64'
ac_cv_env_CPP_set=set
ac_cv_env_CPP_value=/media/panpan/tools/buildroot-2018.02.8/output/host/bin/arm-linux-gnueabihf-cpp
ac_cv_env_CXXCPP_set=
ac_cv_env_CXXCPP_value=
ac_cv_env_CXXFLAGS_set=set
ac_cv_env_CXXFLAGS_value='-D_LARGEFILE_SOURCE -D_LARGEFILE64_SOURCE -D_FILE_OFFSET_BITS=64  -Os '
ac_cv_env_CXX_set=set
ac_cv_env_CXX_value=/media/panpan/tools/buildroot-2018.02.8/output/host/bin/arm-linux-gnueabihf-g++
ac_cv_env_DOCBOOK_TO_MAN_set=
ac_cv_env_DOCBOOK_TO_MAN_value=
ac_cv_env_LDFLAGS_set=set
ac_cv_env_LDFLAGS_value=
ac_cv_env_LIBS_set=
ac_cv_env_LIBS_value=
ac_cv_env_LT_SYS_LIBRARY_PATH_set=
ac_cv_env_LT_SYS_LIBRARY_PATH_value=
ac_cv_env_build_alias_set=set
ac_cv_env_build_alias_value=x86_64-pc-linux-gnu
ac_cv_env_host_alias_set=set
ac_cv_env_host_alias_value=arm-buildroot-linux-gnueabihf
ac_cv_env_target_alias_set=set
ac_cv_env_target_alias_value=arm-buildroot-linux-gnueabihf
ac_cv_func_bcopy=yes
ac_cv_func_calloc_0_nonnull=yes
ac_cv_func_getpagesize=yes
ac_cv_func_malloc_0_nonnull=yes
ac_cv_func_memcmp_working=yes
ac_cv_func_memmove=yes
ac_cv_func_mmap_fixed_mapped=yes
ac_cv_func_realloc_0_nonnull=yes
ac_cv_have_decl_malloc=yes
ac_cv_header_dlfcn_h=yes
ac_cv_header_fcntl_h=yes
ac_cv_header_inttypes_h=yes
ac_cv_header_memory_h=yes
ac_cv_header_stdc=yes
ac_cv_header_stdint_h=yes
ac_cv_header_stdlib_h=yes
ac_cv_header_string_h=yes
ac_cv_header_strings_h=yes
ac_cv_header_sys_param_h=yes
ac_cv_header_sys_stat_h=yes
ac_cv_header_sys_types_h=yes
ac_cv_header_unistd_h=yes
ac_cv_host=arm-buildroot-linux-gnueabihf
ac_cv_lbl_unaligned_fail=yes
ac_cv_objext=o
ac_cv_path_EGREP='/bin/grep -E'
ac_cv_path_FGREP='/bin/grep -F'
ac_cv_path_GREP=/bin/grep
ac_cv_path_SED=/bin/sed
ac_cv_path_install='/usr/bin/install -c'
ac_cv_path_lt_DD=/bin/dd
ac_cv_path_mkdir=/bin/mkdir
ac_cv_prog_AR=/media/panpan/tools/buildroot-2018.02.8/output/host/bin/arm-linux-gnueabihf-ar
ac_cv_prog_AWK=gawk
ac_cv_prog_CC=/media/panpan/tools/buildroot-2018.02.8/output/host/bin/arm-linux-gnueabihf-gcc
ac_cv_prog_CPP=/media/panpan/tools/buildroot-2018.02.8/output/host/bin/arm-linux-gnueabihf-cpp
ac_cv_prog_CXXCPP='/media/panpan/tools/buildroot-2018.02.8/output/host/bin/arm-linux-gnueabihf-g++ -E'
ac_cv_prog_DLLTOOL=dlltool
ac_cv_prog_DOCBOOK_TO_MAN=docbook2man
ac_cv_prog_OBJDUMP=/media/panpan/tools/buildroot-2018.02.8/output/host/bin/arm-linux-gnueabihf-objdump
ac_cv_prog_RANLIB=/media/panpan/tools/buildroot-2018.02.8/output/host/bin/arm-linux-gnueabihf-ranlib
ac_cv_prog_STRIP=/media/panpan/tools/buildroot-2018.02.8/output/host/bin/arm-linux-gnueabihf-strip
ac_cv_prog_ac_ct_MANIFEST_TOOL=mt
ac_cv_prog_cc_c89=
ac_cv_prog_cc_c99=
ac_cv_prog_cc_g=yes
ac_cv_prog_cxx_g=yes
ac_cv_prog_make_make_set=yes
ac_cv_type_off_t=yes
ac_cv_type_size_t=yes
am_cv_CC_dependencies_compiler_type=none
am_cv_CXX_dependencies_compiler_type=none
am_cv_make_support_nested_variables=yes
am_cv_prog_cc_c_o=yes
gl_cv_func_malloc_0_nonnull=yes
lt_cv_ar_at_file=@
lt_cv_archive_cmds_need_lc=no
lt_cv_deplibs_check_method=pass_all
lt_cv_file_magic_cmd='$MAGIC_CMD'
lt_cv_file_magic_test_file=
lt_cv_ld_reload_flag=-r
lt_cv_nm_interface='BSD nm'
lt_cv_objdir=.libs
lt_cv_path_LD=/media/panpan/tools/buildroot-2018.02.8/output/host/bin/arm-linux-gnueabihf-ld
lt_cv_path_LDCXX=/media/panpan/tools/buildroot-2018.02.8/output/host/bin/arm-linux-gnueabihf-ld
lt_cv_path_NM=/media/panpan/tools/buildroot-2018.02.8/output/host/bin/arm-linux-gnueabihf-nm
lt_cv_path_mainfest_tool=no
lt_cv_prog_compiler_c_o=yes
lt_cv_prog_compiler_c_o_CXX=yes
lt_cv_prog_compiler_pic='-fPIC -DPIC'
lt_cv_prog_compiler_pic_CXX='-fPIC -DPIC'
lt_cv_prog_compiler_pic_works=yes
lt_cv_prog_compiler_pic_works_CXX=yes
lt_cv_prog_compiler_rtti_exceptions=no
lt_cv_prog_compiler_static_works=yes
lt_cv_prog_compiler_static_works_CXX=yes
lt_cv_prog_gnu_ld=yes
lt_cv_prog_gnu_ldcxx=yes
lt_cv_sharedlib_from_linklib_cmd='printf %s\n'
lt_cv_shlibpath_overrides_runpath=no
lt_cv_sys_global_symbol_pipe='sed -n -e '\''s/^.*[	 ]\([ABCDGIRSTW][ABCDGIRSTW]*\)[	 ][	 ]*\([_A-Za-z][_A-Za-z0-9]*\)$/\1 \2 \2/p'\'' | sed '\''/ __gnu_lto/d'\'''
lt_cv_sys_global_symbol_to_c_name_address='sed -n -e '\''s/^: \(.*\) .*$/  {"\1", (void *) 0},/p'\'' -e '\''s/^[ABCDGIRSTW][ABCDGIRSTW]* .* \(.*\)$/  {"\1", (void *) \&\1},/p'\'''
lt_cv_sys_global_symbol_to_c_name_address_lib_prefix='sed -n -e '\''s/^: \(.*\) .*$/  {"\1", (void *) 0},/p'\'' -e '\''s/^[ABCDGIRSTW][ABCDGIRSTW]* .* \(lib.*\)$/  {"\1", (void *) \&\1},/p'\'' -e '\''s/^[ABCDGIRSTW][ABCDGIRSTW]* .* \(.*\)$/  {"lib\1", (void *) \&\1},/p'\'''
lt_cv_sys_global_symbol_to_cdecl='sed -n -e '\''s/^T .* \(.*\)$/extern int \1();/p'\'' -e '\''s/^[ABCDGIRSTW][ABCDGIRSTW]* .* \(.*\)$/extern char \1;/p'\'''
lt_cv_sys_global_symbol_to_import=
lt_cv_sys_lib_search_path_spec=
lt_cv_sys_max_cmd_len=1572864
lt_cv_to_host_file_cmd=func_convert_file_noop
lt_cv_to_tool_file_cmd=func_convert_file_noop
lt_cv_truncate_bin='/bin/dd bs=4096 count=1'

## ----------------- ##
## Output variables. ##
## ----------------- ##

ACLOCAL='${SHELL} /media/panpan/tools/buildroot-2018.02.8/output/build/expat-2.2.5/conftools/missing aclocal-1.15'
AMDEPBACKSLASH=''
AMDEP_FALSE=''
AMDEP_TRUE='#'
AMTAR='$${TAR-tar}'
AM_BACKSLASH='\'
AM_DEFAULT_V='$(AM_DEFAULT_VERBOSITY)'
AM_DEFAULT_VERBOSITY='1'
AM_V='$(V)'
AR='/media/panpan/tools/buildroot-2018.02.8/output/host/bin/arm-linux-gnueabihf-ar'
AS='/media/panpan/tools/buildroot-2018.02.8/output/host/bin/arm-linux-gnueabihf-as'
AUTOCONF='${SHELL} /media/panpan/tools/buildroot-2018.02.8/output/build/expat-2.2.5/conftools/missing autoconf'
AUTOHEADER='${SHELL} /media/panpan/tools/buildroot-2018.02.8/output/build/expat-2.2.5/conftools/missing autoheader'
AUTOMAKE='${SHELL} /media/panpan/tools/buildroot-2018.02.8/output/build/expat-2.2.5/conftools/missing automake-1.15'
AWK='gawk'
CC='/media/panpan/tools/buildroot-2018.02.8/output/host/bin/arm-linux-gnueabihf-gcc'
CCDEPMODE='depmode=none'
CFLAGS='-D_LARGEFILE_SOURCE -D_LARGEFILE64_SOURCE -D_FILE_OFFSET_BITS=64  -Os  -Wall -Wmissing-prototypes -Wstrict-prototypes -fexceptions -fno-strict-aliasing'
CPP='/media/panpan/tools/buildroot-2018.02.8/output/host/bin/arm-linux-gnueabihf-cpp'
CPPFLAGS='-D_LARGEFILE_SOURCE -D_LARGEFILE64_SOURCE -D_FILE_OFFSET_BITS=64 -DHAVE_EXPAT_CONFIG_H'
CXX='/media/panpan/tools/buildroot-2018.02.8/output/host/bin/arm-linux-gnueabihf-g++'
CXXCPP='/media/panpan/tools/buildroot-2018.02.8/output/host/bin/arm-linux-gnueabihf-g++ -E'
CXXDEPMODE='depmode=none'
CXXFLAGS='-D_LARGEFILE_SOURCE -D_LARGEFILE64_SOURCE -D_FILE_OFFSET_BITS=64  -Os  -fno-strict-aliasing'
CYGPATH_W='echo'
DEFS='-DHAVE_CONFIG_H'
DEPDIR='.deps'
DLLTOOL='dlltool'
DOCBOOK_TO_MAN='docbook2man'
DSYMUTIL=''
DUMPBIN=''
ECHO_C=''
ECHO_N='-n'
ECHO_T=''
EGREP='/bin/grep -E'
EXEEXT=''
FGREP='/bin/grep -F'
FILEMAP='unixfilemap'
GREP='/bin/grep'
INSTALL_DATA='${INSTALL} -m 644'
INSTALL_PROGRAM='${INSTALL}'
INSTALL_SCRIPT='${INSTALL}'
INSTALL_STRIP_PROGRAM='$(install_sh) -c -s'
LD='/media/panpan/tools/buildroot-2018.02.8/output/host/bin/arm-linux-gnueabihf-ld'
LDFLAGS=' -fno-strict-aliasing'
LIBAGE='6'
LIBCURRENT='7'
LIBOBJS=''
LIBREVISION='7'
LIBS=''
LIBTOOL='$(SHELL) $(top_builddir)/libtool'
LIPO=''
LN_S='ln -s'
LTLIBOBJS=''
LT_SYS_LIBRARY_PATH=''
MAKEINFO='${SHELL} /media/panpan/tools/buildroot-2018.02.8/output/build/expat-2.2.5/conftools/missing makeinfo'
MANIFEST_TOOL=':'
MINGW_FALSE=''
MINGW_TRUE='#'
MKDIR_P='/bin/mkdir -p'
NM='/media/panpan/tools/buildroot-2018.02.8/output/host/bin/arm-linux-gnueabihf-nm'
NMEDIT=''
OBJDUMP='/media/panpan/tools/buildroot-2018.02.8/output/host/bin/arm-linux-gnueabihf-objdump'
OBJEXT='o'
OTOOL64=''
OTOOL=''
PACKAGE='expat'
PACKAGE_BUGREPORT='expat-bugs@libexpat.org'
PACKAGE_NAME='expat'
PACKAGE_STRING='expat 2.2.5'
PACKAGE_TARNAME='expat'
PACKAGE_URL=''
PACKAGE_VERSION='2.2.5'
PATH_SEPARATOR=':'
RANLIB='/media/panpan/tools/buildroot-2018.02.8/output/host/bin/arm-linux-gnueabihf-ranlib'
SED='/bin/sed'
SET_MAKE=''
SHELL='/bin/sh'
STRIP='/media/panpan/tools/buildroot-2018.02.8/output/host/bin/arm-linux-gnueabihf-strip'
UNICODE_FALSE=''
UNICODE_TRUE='#'
VERSION='2.2.5'
WITH_DOCBOOK_FALSE='#'
WITH_DOCBOOK_TRUE=''
WITH_XMLWF_FALSE='#'
WITH_XMLWF_TRUE=''
ac_ct_AR=''
ac_ct_CC=''
ac_ct_CXX=''
ac_ct_DUMPBIN=''
am__EXEEXT_FALSE=''
am__EXEEXT_TRUE='#'
am__fastdepCC_FALSE=''
am__fastdepCC_TRUE='#'
am__fastdepCXX_FALSE=''
am__fastdepCXX_TRUE='#'
am__include='include'
am__isrc=''
am__leading_dot='.'
am__nodep=''
am__quote=''
am__tar='$${TAR-tar} chof - "$$tardir"'
am__untar='$${TAR-tar} xf -'
bindir='${exec_prefix}/bin'
build='x86_64-pc-linux-gnu'
build_alias='x86_64-pc-linux-gnu'
build_cpu='x86_64'
build_os='linux-gnu'
build_vendor='pc'
datadir='${datarootdir}'
datarootdir='${prefix}/share'
docdir='${datarootdir}/doc/${PACKAGE_TARNAME}'
dvidir='${docdir}'
exec_prefix='/usr'
host='arm-buildroot-linux-gnueabihf'
host_alias='arm-buildroot-linux-gnueabihf'
host_cpu='arm'
host_os='linux-gnueabihf'
host_vendor='buildroot'
htmldir='${docdir}'
includedir='${prefix}/include'
infodir='${datarootdir}/info'
install_sh='${SHELL} /media/panpan/tools/buildroot-2018.02.8/output/build/expat-2.2.5/conftools/install-sh'
libdir='${exec_prefix}/lib'
libexecdir='${exec_prefix}/libexec'
localedir='${datarootdir}/locale'
localstatedir='/var'
mandir='${datarootdir}/man'
mkdir_p='$(MKDIR_P)'
oldincludedir='/usr/include'
pdfdir='${docdir}'
prefix='/usr'
program_transform_name='s&^&&'
psdir='${docdir}'
sbindir='${exec_prefix}/sbin'
sharedstatedir='${prefix}/com'
sysconfdir='/etc'
target_alias='arm-buildroot-linux-gnueabihf'

## ----------- ##
## confdefs.h. ##
## ----------- ##

/* confdefs.h */
#define PACKAGE_NAME "expat"
#define PACKAGE_TARNAME "expat"
#define PACKAGE_VERSION "2.2.5"
#define PACKAGE_STRING "expat 2.2.5"
#define PACKAGE_BUGREPORT "expat-bugs@libexpat.org"
#define PACKAGE_URL ""
#define PACKAGE "expat"
#define VERSION "2.2.5"
#define STDC_HEADERS 1
#define HAVE_SYS_TYPES_H 1
#define HAVE_SYS_STAT_H 1
#define HAVE_STDLIB_H 1
#define HAVE_STRING_H 1
#define HAVE_MEMORY_H 1
#define HAVE_STRINGS_H 1
#define HAVE_INTTYPES_H 1
#define HAVE_STDINT_H 1
#define HAVE_UNISTD_H 1
#define HAVE_DLFCN_H 1
#define LT_OBJDIR ".libs/"
#define STDC_HEADERS 1
#define BYTEORDER 1234
#define HAVE_MEMMOVE 1
#define HAVE_BCOPY 1
#define HAVE_GETRANDOM 1
#define HAVE_FCNTL_H 1
#define HAVE_UNISTD_H 1
#define HAVE_STDLIB_H 1
#define HAVE_UNISTD_H 1
#define HAVE_SYS_PARAM_H 1
#define HAVE_GETPAGESIZE 1
#define HAVE_MMAP 1
#define XML_NS 1
#define XML_DTD 1
#define XML_DEV_URANDOM 1
#define XML_CONTEXT_BYTES 1024

configure: exit 0
