This file contains any messages produced by compilers while
running configure, to aid debugging if configure makes a mistake.

It was created by libffi configure 3.2.1, which was
generated by GNU Autoconf 2.69.  Invocation command line was

  $ .././configure --srcdir=.. --enable-builddir=arm-buildroot-linux-gnueabihf --target=arm-buildroot-linux-gnueabihf --host=arm-buildroot-linux-gnueabihf --build=x86_64-pc-linux-gnu --prefix=/usr --exec-prefix=/usr --sysconfdir=/etc --localstatedir=/var --program-prefix= --disable-gtk-doc --disable-gtk-doc-html --disable-doc --disable-docs --disable-documentation --with-xmlto=no --with-fop=no --disable-dependency-tracking --enable-ipv6 --disable-nls --enable-static --enable-shared build_alias=x86_64-pc-linux-gnu host_alias=arm-buildroot-linux-gnueabihf target_alias=arm-buildroot-linux-gnueabihf CPP=/media/panpan/tools/buildroot-2018.02.8/output/host/bin/arm-linux-gnueabihf-cpp CPPFLAGS=-D_LARGEFILE_SOURCE -D_LARGEFILE64_SOURCE -D_FILE_OFFSET_BITS=64

## --------- ##
## Platform. ##
## --------- ##

hostname = zed-00
uname -m = x86_64
uname -r = 4.4.0-116-generic
uname -s = Linux
uname -v = #140-Ubuntu SMP Mon Feb 12 21:23:04 UTC 2018

/usr/bin/uname -p = unknown
/bin/uname -X     = unknown

/bin/arch              = unknown
/usr/bin/arch -k       = unknown
/usr/convex/getsysinfo = unknown
/usr/bin/hostinfo      = unknown
/bin/machine           = unknown
/usr/bin/oslevel       = unknown
/bin/universe          = unknown

PATH: /media/panpan/tools/buildroot-2018.02.8/output/host/bin
PATH: /media/panpan/tools/buildroot-2018.02.8/output/host/sbin
PATH: /usr/local/sbin
PATH: /usr/local/bin
PATH: /usr/sbin
PATH: /usr/bin
PATH: /sbin
PATH: /bin
PATH: /usr/games
PATH: /usr/local/games
PATH: /snap/bin
PATH: /home/panpan/player/webrtc/go_appengine


## ----------- ##
## Core tests. ##
## ----------- ##

configure:2753: checking build system type
configure:2767: result: x86_64-pc-linux-gnu
configure:2787: checking host system type
configure:2800: result: arm-buildroot-linux-gnueabihf
configure:2820: checking target system type
configure:2833: result: arm-buildroot-linux-gnueabihf
configure:2930: checking for gsed
configure:2961: result: sed
configure:2989: checking for a BSD-compatible install
configure:3057: result: /usr/bin/install -c
configure:3068: checking whether build environment is sane
configure:3123: result: yes
configure:3179: checking for arm-buildroot-linux-gnueabihf-strip
configure:3206: result: /media/panpan/tools/buildroot-2018.02.8/output/host/bin/arm-linux-gnueabihf-strip
configure:3271: checking for a thread-safe mkdir -p
configure:3310: result: /bin/mkdir -p
configure:3317: checking for gawk
configure:3333: found /usr/bin/gawk
configure:3344: result: gawk
configure:3355: checking whether make sets $(MAKE)
configure:3377: result: yes
configure:3406: checking whether make supports nested variables
configure:3423: result: yes
configure:3568: checking for arm-buildroot-linux-gnueabihf-gcc
configure:3595: result: /media/panpan/tools/buildroot-2018.02.8/output/host/bin/arm-linux-gnueabihf-gcc
configure:3864: checking for C compiler version
configure:3873: /media/panpan/tools/buildroot-2018.02.8/output/host/bin/arm-linux-gnueabihf-gcc --version >&5
arm-linux-gnueabihf-gcc (Linaro GCC 7.2-2017.11-rc1) 7.2.1 20171011
Copyright (C) 2017 Free Software Foundation, Inc.
This is free software; see the source for copying conditions.  There is NO
warranty; not even for MERCHANTABILITY or FITNESS FOR A PARTICULAR PURPOSE.

configure:3884: $? = 0
configure:3873: /media/panpan/tools/buildroot-2018.02.8/output/host/bin/arm-linux-gnueabihf-gcc -v >&5
Using built-in specs.
COLLECT_GCC=/media/panpan/xilinx/SDK/2018.1/gnu/aarch32/lin/gcc-arm-linux-gnueabi//bin/arm-linux-gnueabihf-gcc
COLLECT_LTO_WRAPPER=/media/panpan/xilinx/SDK/2018.1/gnu/aarch32/lin/gcc-arm-linux-gnueabi/bin/../libexec/gcc/arm-linux-gnueabihf/7.2.1/lto-wrapper
Target: arm-linux-gnueabihf
Configured with: /proj/esdt_sdk/gnu_abe/ABE/builds/lin/arm/arm-linux/snapshots//gcc-linaro-7.2-2017.11-rc1/configure SHELL=/bin/sh --with-bugurl=https://bugs.linaro.org --with-mpc=/proj/esdt_sdk/gnu_abe/ABE/builds/lin/arm/arm-linux/builds/destdir/x86_64-unknown-linux-gnu --with-mpfr=/proj/esdt_sdk/gnu_abe/ABE/builds/lin/arm/arm-linux/builds/destdir/x86_64-unknown-linux-gnu --with-gmp=/proj/esdt_sdk/gnu_abe/ABE/builds/lin/arm/arm-linux/builds/destdir/x86_64-unknown-linux-gnu --with-gnu-as --with-gnu-ld --disable-libstdcxx-pch --disable-libmudflap --with-cloog=no --with-ppl=no --with-isl=no --disable-nls --enable-c99 --enable-gnu-indirect-function --disable-multilib --with-tune=cortex-a9 --with-arch=armv7-a --with-fpu=vfpv3-d16 --with-float=hard --with-mode=arm --disable-multilib --enable-multiarch CFLAGS=-O2 CXXFLAGS=-O2 --disable-silent-rules --enable-libquadmath --enable-libg2c --enable-symvers=gnu --enable-libstdcxx-pch --enable-libssp --disable-libmudflap --enable-checking=release --enable-cheaders=c_global --enable-poison-system-directories --enable-clocale=generic --enable-shared --enable-threads=posix --disable-multilib --enable-c99 --without-local-prefix --enable-lto --disable-bootstrap --with-linker-hash-style=gnu --with-ppl=no --with-cloog=no --without-isl --enable-nls --enable-__cxa_atexit --with-build-sysroot=/proj/esdt_sdk/gnu_abe/ABE/builds/lin/arm/arm-linux/builds/destdir/x86_64-unknown-linux-gnu/arm-linux-gnueabihf/libc --enable-plugins --enable-linker-build-id --enable-long-long --enable-shared --with-sysroot=/proj/esdt_sdk/gnu_abe/ABE/builds/lin/arm/arm-linux/builds/destdir/x86_64-unknown-linux-gnu/arm-linux-gnueabihf/libc --enable-languages=c,c++,lto --enable-checking=yes --disable-bootstrap --with-bugurl=https://bugs.linaro.org --build=x86_64-unknown-linux-gnu --host=x86_64-unknown-linux-gnu --target=arm-linux-gnueabihf --prefix=/proj/esdt_sdk/gnu_abe/ABE/builds/lin/arm/arm-linux/builds/destdir/x86_64-unknown-linux-gnu
Thread model: posix
gcc version 7.2.1 20171011 (Linaro GCC 7.2-2017.11-rc1) 
configure:3884: $? = 0
configure:3873: /media/panpan/tools/buildroot-2018.02.8/output/host/bin/arm-linux-gnueabihf-gcc -V >&5
arm-linux-gnueabihf-gcc: error: unrecognized command line option '-V'
arm-linux-gnueabihf-gcc: fatal error: no input files
compilation terminated.
configure:3884: $? = 1
configure:3873: /media/panpan/tools/buildroot-2018.02.8/output/host/bin/arm-linux-gnueabihf-gcc -qversion >&5
arm-linux-gnueabihf-gcc: error: unrecognized command line option '-qversion'; did you mean '--version'?
arm-linux-gnueabihf-gcc: fatal error: no input files
compilation terminated.
configure:3884: $? = 1
configure:3904: checking whether the C compiler works
configure:3926: /media/panpan/tools/buildroot-2018.02.8/output/host/bin/arm-linux-gnueabihf-gcc -D_LARGEFILE_SOURCE -D_LARGEFILE64_SOURCE -D_FILE_OFFSET_BITS=64  -Os  -D_LARGEFILE_SOURCE -D_LARGEFILE64_SOURCE -D_FILE_OFFSET_BITS=64  conftest.c  >&5
configure:3930: $? = 0
configure:3978: result: yes
configure:3981: checking for C compiler default output file name
configure:3983: result: a.out
configure:3989: checking for suffix of executables
configure:3996: /media/panpan/tools/buildroot-2018.02.8/output/host/bin/arm-linux-gnueabihf-gcc -o conftest -D_LARGEFILE_SOURCE -D_LARGEFILE64_SOURCE -D_FILE_OFFSET_BITS=64  -Os  -D_LARGEFILE_SOURCE -D_LARGEFILE64_SOURCE -D_FILE_OFFSET_BITS=64  conftest.c  >&5
configure:4000: $? = 0
configure:4022: result: 
configure:4044: checking whether we are cross compiling
configure:4082: result: yes
configure:4087: checking for suffix of object files
configure:4109: /media/panpan/tools/buildroot-2018.02.8/output/host/bin/arm-linux-gnueabihf-gcc -c -D_LARGEFILE_SOURCE -D_LARGEFILE64_SOURCE -D_FILE_OFFSET_BITS=64  -Os  -D_LARGEFILE_SOURCE -D_LARGEFILE64_SOURCE -D_FILE_OFFSET_BITS=64 conftest.c >&5
configure:4113: $? = 0
configure:4134: result: o
configure:4138: checking whether we are using the GNU C compiler
configure:4157: /media/panpan/tools/buildroot-2018.02.8/output/host/bin/arm-linux-gnueabihf-gcc -c -D_LARGEFILE_SOURCE -D_LARGEFILE64_SOURCE -D_FILE_OFFSET_BITS=64  -Os  -D_LARGEFILE_SOURCE -D_LARGEFILE64_SOURCE -D_FILE_OFFSET_BITS=64 conftest.c >&5
configure:4157: $? = 0
configure:4166: result: yes
configure:4175: checking whether /media/panpan/tools/buildroot-2018.02.8/output/host/bin/arm-linux-gnueabihf-gcc accepts -g
configure:4195: /media/panpan/tools/buildroot-2018.02.8/output/host/bin/arm-linux-gnueabihf-gcc -c -g -D_LARGEFILE_SOURCE -D_LARGEFILE64_SOURCE -D_FILE_OFFSET_BITS=64 conftest.c >&5
configure:4195: $? = 0
configure:4236: result: yes
configure:4253: checking for /media/panpan/tools/buildroot-2018.02.8/output/host/bin/arm-linux-gnueabihf-gcc option to accept ISO C89
configure:4316: /media/panpan/tools/buildroot-2018.02.8/output/host/bin/arm-linux-gnueabihf-gcc  -c -D_LARGEFILE_SOURCE -D_LARGEFILE64_SOURCE -D_FILE_OFFSET_BITS=64  -Os  -D_LARGEFILE_SOURCE -D_LARGEFILE64_SOURCE -D_FILE_OFFSET_BITS=64 conftest.c >&5
configure:4316: $? = 0
configure:4329: result: none needed
configure:4354: checking whether /media/panpan/tools/buildroot-2018.02.8/output/host/bin/arm-linux-gnueabihf-gcc understands -c and -o together
configure:4376: /media/panpan/tools/buildroot-2018.02.8/output/host/bin/arm-linux-gnueabihf-gcc -c conftest.c -o conftest2.o
configure:4379: $? = 0
configure:4376: /media/panpan/tools/buildroot-2018.02.8/output/host/bin/arm-linux-gnueabihf-gcc -c conftest.c -o conftest2.o
configure:4379: $? = 0
configure:4391: result: yes
configure:4419: checking for style of include used by make
configure:4447: result: GNU
configure:4473: checking dependency style of /media/panpan/tools/buildroot-2018.02.8/output/host/bin/arm-linux-gnueabihf-gcc
configure:4584: result: none
configure:4711: checking for C++ compiler version
configure:4720: /media/panpan/tools/buildroot-2018.02.8/output/host/bin/arm-linux-gnueabihf-g++ --version >&5
arm-linux-gnueabihf-g++ (Linaro GCC 7.2-2017.11-rc1) 7.2.1 20171011
Copyright (C) 2017 Free Software Foundation, Inc.
This is free software; see the source for copying conditions.  There is NO
warranty; not even for MERCHANTABILITY or FITNESS FOR A PARTICULAR PURPOSE.

configure:4731: $? = 0
configure:4720: /media/panpan/tools/buildroot-2018.02.8/output/host/bin/arm-linux-gnueabihf-g++ -v >&5
Using built-in specs.
COLLECT_GCC=/media/panpan/xilinx/SDK/2018.1/gnu/aarch32/lin/gcc-arm-linux-gnueabi//bin/arm-linux-gnueabihf-g++
COLLECT_LTO_WRAPPER=/media/panpan/xilinx/SDK/2018.1/gnu/aarch32/lin/gcc-arm-linux-gnueabi/bin/../libexec/gcc/arm-linux-gnueabihf/7.2.1/lto-wrapper
Target: arm-linux-gnueabihf
Configured with: /proj/esdt_sdk/gnu_abe/ABE/builds/lin/arm/arm-linux/snapshots//gcc-linaro-7.2-2017.11-rc1/configure SHELL=/bin/sh --with-bugurl=https://bugs.linaro.org --with-mpc=/proj/esdt_sdk/gnu_abe/ABE/builds/lin/arm/arm-linux/builds/destdir/x86_64-unknown-linux-gnu --with-mpfr=/proj/esdt_sdk/gnu_abe/ABE/builds/lin/arm/arm-linux/builds/destdir/x86_64-unknown-linux-gnu --with-gmp=/proj/esdt_sdk/gnu_abe/ABE/builds/lin/arm/arm-linux/builds/destdir/x86_64-unknown-linux-gnu --with-gnu-as --with-gnu-ld --disable-libstdcxx-pch --disable-libmudflap --with-cloog=no --with-ppl=no --with-isl=no --disable-nls --enable-c99 --enable-gnu-indirect-function --disable-multilib --with-tune=cortex-a9 --with-arch=armv7-a --with-fpu=vfpv3-d16 --with-float=hard --with-mode=arm --disable-multilib --enable-multiarch CFLAGS=-O2 CXXFLAGS=-O2 --disable-silent-rules --enable-libquadmath --enable-libg2c --enable-symvers=gnu --enable-libstdcxx-pch --enable-libssp --disable-libmudflap --enable-checking=release --enable-cheaders=c_global --enable-poison-system-directories --enable-clocale=generic --enable-shared --enable-threads=posix --disable-multilib --enable-c99 --without-local-prefix --enable-lto --disable-bootstrap --with-linker-hash-style=gnu --with-ppl=no --with-cloog=no --without-isl --enable-nls --enable-__cxa_atexit --with-build-sysroot=/proj/esdt_sdk/gnu_abe/ABE/builds/lin/arm/arm-linux/builds/destdir/x86_64-unknown-linux-gnu/arm-linux-gnueabihf/libc --enable-plugins --enable-linker-build-id --enable-long-long --enable-shared --with-sysroot=/proj/esdt_sdk/gnu_abe/ABE/builds/lin/arm/arm-linux/builds/destdir/x86_64-unknown-linux-gnu/arm-linux-gnueabihf/libc --enable-languages=c,c++,lto --enable-checking=yes --disable-bootstrap --with-bugurl=https://bugs.linaro.org --build=x86_64-unknown-linux-gnu --host=x86_64-unknown-linux-gnu --target=arm-linux-gnueabihf --prefix=/proj/esdt_sdk/gnu_abe/ABE/builds/lin/arm/arm-linux/builds/destdir/x86_64-unknown-linux-gnu
Thread model: posix
gcc version 7.2.1 20171011 (Linaro GCC 7.2-2017.11-rc1) 
configure:4731: $? = 0
configure:4720: /media/panpan/tools/buildroot-2018.02.8/output/host/bin/arm-linux-gnueabihf-g++ -V >&5
arm-linux-gnueabihf-g++: error: unrecognized command line option '-V'
arm-linux-gnueabihf-g++: fatal error: no input files
compilation terminated.
configure:4731: $? = 1
configure:4720: /media/panpan/tools/buildroot-2018.02.8/output/host/bin/arm-linux-gnueabihf-g++ -qversion >&5
arm-linux-gnueabihf-g++: error: unrecognized command line option '-qversion'; did you mean '--version'?
arm-linux-gnueabihf-g++: fatal error: no input files
compilation terminated.
configure:4731: $? = 1
configure:4735: checking whether we are using the GNU C++ compiler
configure:4754: /media/panpan/tools/buildroot-2018.02.8/output/host/bin/arm-linux-gnueabihf-g++ -c -D_LARGEFILE_SOURCE -D_LARGEFILE64_SOURCE -D_FILE_OFFSET_BITS=64  -Os  -D_LARGEFILE_SOURCE -D_LARGEFILE64_SOURCE -D_FILE_OFFSET_BITS=64 conftest.cpp >&5
configure:4754: $? = 0
configure:4763: result: yes
configure:4772: checking whether /media/panpan/tools/buildroot-2018.02.8/output/host/bin/arm-linux-gnueabihf-g++ accepts -g
configure:4792: /media/panpan/tools/buildroot-2018.02.8/output/host/bin/arm-linux-gnueabihf-g++ -c -g -D_LARGEFILE_SOURCE -D_LARGEFILE64_SOURCE -D_FILE_OFFSET_BITS=64 conftest.cpp >&5
configure:4792: $? = 0
configure:4833: result: yes
configure:4858: checking dependency style of /media/panpan/tools/buildroot-2018.02.8/output/host/bin/arm-linux-gnueabihf-g++
configure:4969: result: none
configure:4999: checking dependency style of /media/panpan/tools/buildroot-2018.02.8/output/host/bin/arm-linux-gnueabihf-gcc
configure:5108: result: none
configure:5170: checking how to print strings
configure:5197: result: printf
configure:5218: checking for a sed that does not truncate output
configure:5282: result: /bin/sed
configure:5300: checking for grep that handles long lines and -e
configure:5358: result: /bin/grep
configure:5363: checking for egrep
configure:5425: result: /bin/grep -E
configure:5430: checking for fgrep
configure:5492: result: /bin/grep -F
configure:5527: checking for ld used by /media/panpan/tools/buildroot-2018.02.8/output/host/bin/arm-linux-gnueabihf-gcc
configure:5594: result: /media/panpan/tools/buildroot-2018.02.8/output/host/bin/arm-linux-gnueabihf-ld
configure:5601: checking if the linker (/media/panpan/tools/buildroot-2018.02.8/output/host/bin/arm-linux-gnueabihf-ld) is GNU ld
configure:5616: result: yes
configure:5628: checking for BSD- or MS-compatible name lister (nm)
configure:5682: result: /media/panpan/tools/buildroot-2018.02.8/output/host/bin/arm-linux-gnueabihf-nm
configure:5812: checking the name lister (/media/panpan/tools/buildroot-2018.02.8/output/host/bin/arm-linux-gnueabihf-nm) interface
configure:5819: /media/panpan/tools/buildroot-2018.02.8/output/host/bin/arm-linux-gnueabihf-gcc -c -D_LARGEFILE_SOURCE -D_LARGEFILE64_SOURCE -D_FILE_OFFSET_BITS=64  -Os  -D_LARGEFILE_SOURCE -D_LARGEFILE64_SOURCE -D_FILE_OFFSET_BITS=64 conftest.c >&5
configure:5822: /media/panpan/tools/buildroot-2018.02.8/output/host/bin/arm-linux-gnueabihf-nm "conftest.o"
configure:5825: output
00000000 B some_variable
configure:5832: result: BSD nm
configure:5835: checking whether ln -s works
configure:5839: result: yes
configure:5847: checking the maximum length of command line arguments
configure:5978: result: 1572864
configure:6026: checking how to convert x86_64-pc-linux-gnu file names to arm-buildroot-linux-gnueabihf format
configure:6066: result: func_convert_file_noop
configure:6073: checking how to convert x86_64-pc-linux-gnu file names to toolchain format
configure:6093: result: func_convert_file_noop
configure:6100: checking for /media/panpan/tools/buildroot-2018.02.8/output/host/bin/arm-linux-gnueabihf-ld option to reload object files
configure:6107: result: -r
configure:6141: checking for arm-buildroot-linux-gnueabihf-objdump
configure:6168: result: /media/panpan/tools/buildroot-2018.02.8/output/host/bin/arm-linux-gnueabihf-objdump
configure:6240: checking how to recognize dependent libraries
configure:6440: result: pass_all
configure:6485: checking for arm-buildroot-linux-gnueabihf-dlltool
configure:6515: result: no
configure:6525: checking for dlltool
configure:6555: result: no
configure:6585: checking how to associate runtime and link libraries
configure:6612: result: printf %s\n
configure:6629: checking for arm-buildroot-linux-gnueabihf-ar
configure:6656: result: /media/panpan/tools/buildroot-2018.02.8/output/host/bin/arm-linux-gnueabihf-ar
configure:6737: checking for archiver @FILE support
configure:6754: /media/panpan/tools/buildroot-2018.02.8/output/host/bin/arm-linux-gnueabihf-gcc -c -D_LARGEFILE_SOURCE -D_LARGEFILE64_SOURCE -D_FILE_OFFSET_BITS=64  -Os  -D_LARGEFILE_SOURCE -D_LARGEFILE64_SOURCE -D_FILE_OFFSET_BITS=64 conftest.c >&5
configure:6754: $? = 0
configure:6757: /media/panpan/tools/buildroot-2018.02.8/output/host/bin/arm-linux-gnueabihf-ar cru libconftest.a @conftest.lst >&5
configure:6760: $? = 0
configure:6765: /media/panpan/tools/buildroot-2018.02.8/output/host/bin/arm-linux-gnueabihf-ar cru libconftest.a @conftest.lst >&5
/media/panpan/tools/buildroot-2018.02.8/output/host/bin/arm-linux-gnueabihf-ar: conftest.o: No such file or directory
configure:6768: $? = 1
configure:6780: result: @
configure:6798: checking for arm-buildroot-linux-gnueabihf-strip
configure:6825: result: /media/panpan/tools/buildroot-2018.02.8/output/host/bin/arm-linux-gnueabihf-strip
configure:6897: checking for arm-buildroot-linux-gnueabihf-ranlib
configure:6924: result: /media/panpan/tools/buildroot-2018.02.8/output/host/bin/arm-linux-gnueabihf-ranlib
configure:7066: checking command to parse /media/panpan/tools/buildroot-2018.02.8/output/host/bin/arm-linux-gnueabihf-nm output from /media/panpan/tools/buildroot-2018.02.8/output/host/bin/arm-linux-gnueabihf-gcc object
configure:7219: /media/panpan/tools/buildroot-2018.02.8/output/host/bin/arm-linux-gnueabihf-gcc -c -D_LARGEFILE_SOURCE -D_LARGEFILE64_SOURCE -D_FILE_OFFSET_BITS=64  -Os  -D_LARGEFILE_SOURCE -D_LARGEFILE64_SOURCE -D_FILE_OFFSET_BITS=64 conftest.c >&5
configure:7222: $? = 0
configure:7226: /media/panpan/tools/buildroot-2018.02.8/output/host/bin/arm-linux-gnueabihf-nm conftest.o \| sed -n -e 's/^.*[ ]\([ABCDGIRSTW][ABCDGIRSTW]*\)[ ][ ]*\([_A-Za-z][_A-Za-z0-9]*\)$/\1 \2 \2/p' | sed '/ __gnu_lto/d' \> conftest.nm
configure:7229: $? = 0
configure:7295: /media/panpan/tools/buildroot-2018.02.8/output/host/bin/arm-linux-gnueabihf-gcc -o conftest -D_LARGEFILE_SOURCE -D_LARGEFILE64_SOURCE -D_FILE_OFFSET_BITS=64  -Os  -D_LARGEFILE_SOURCE -D_LARGEFILE64_SOURCE -D_FILE_OFFSET_BITS=64  conftest.c conftstm.o >&5
configure:7298: $? = 0
configure:7336: result: ok
configure:7383: checking for sysroot
configure:7413: result: no
configure:7420: checking for a working dd
configure:7458: result: /bin/dd
configure:7462: checking how to truncate binary pipes
configure:7477: result: /bin/dd bs=4096 count=1
configure:7766: checking for arm-buildroot-linux-gnueabihf-mt
configure:7796: result: no
configure:7806: checking for mt
configure:7822: found /bin/mt
configure:7833: result: mt
configure:7845: WARNING: using cross tools not prefixed with host triplet
configure:7856: checking if mt is a manifest tool
configure:7862: mt '-?'
configure:7870: result: no
configure:8547: checking how to run the C preprocessor
configure:8617: result: /media/panpan/tools/buildroot-2018.02.8/output/host/bin/arm-linux-gnueabihf-cpp
configure:8637: /media/panpan/tools/buildroot-2018.02.8/output/host/bin/arm-linux-gnueabihf-cpp -D_LARGEFILE_SOURCE -D_LARGEFILE64_SOURCE -D_FILE_OFFSET_BITS=64 conftest.c
configure:8637: $? = 0
configure:8651: /media/panpan/tools/buildroot-2018.02.8/output/host/bin/arm-linux-gnueabihf-cpp -D_LARGEFILE_SOURCE -D_LARGEFILE64_SOURCE -D_FILE_OFFSET_BITS=64 conftest.c
conftest.c:11:10: fatal error: ac_nonexistent.h: No such file or directory
 #include <ac_nonexistent.h>
          ^~~~~~~~~~~~~~~~~~
compilation terminated.
configure:8651: $? = 1
configure: failed program was:
| /* confdefs.h */
| #define PACKAGE_NAME "libffi"
| #define PACKAGE_TARNAME "libffi"
| #define PACKAGE_VERSION "3.2.1"
| #define PACKAGE_STRING "libffi 3.2.1"
| #define PACKAGE_BUGREPORT "http://github.com/atgreen/libffi/issues"
| #define PACKAGE_URL ""
| #define PACKAGE "libffi"
| #define VERSION "3.2.1"
| /* end confdefs.h.  */
| #include <ac_nonexistent.h>
configure:8680: checking for ANSI C header files
configure:8700: /media/panpan/tools/buildroot-2018.02.8/output/host/bin/arm-linux-gnueabihf-gcc -c -D_LARGEFILE_SOURCE -D_LARGEFILE64_SOURCE -D_FILE_OFFSET_BITS=64  -Os  -D_LARGEFILE_SOURCE -D_LARGEFILE64_SOURCE -D_FILE_OFFSET_BITS=64 conftest.c >&5
configure:8700: $? = 0
configure:8784: result: yes
configure:8797: checking for sys/types.h
configure:8797: /media/panpan/tools/buildroot-2018.02.8/output/host/bin/arm-linux-gnueabihf-gcc -c -D_LARGEFILE_SOURCE -D_LARGEFILE64_SOURCE -D_FILE_OFFSET_BITS=64  -Os  -D_LARGEFILE_SOURCE -D_LARGEFILE64_SOURCE -D_FILE_OFFSET_BITS=64 conftest.c >&5
configure:8797: $? = 0
configure:8797: result: yes
configure:8797: checking for sys/stat.h
configure:8797: /media/panpan/tools/buildroot-2018.02.8/output/host/bin/arm-linux-gnueabihf-gcc -c -D_LARGEFILE_SOURCE -D_LARGEFILE64_SOURCE -D_FILE_OFFSET_BITS=64  -Os  -D_LARGEFILE_SOURCE -D_LARGEFILE64_SOURCE -D_FILE_OFFSET_BITS=64 conftest.c >&5
configure:8797: $? = 0
configure:8797: result: yes
configure:8797: checking for stdlib.h
configure:8797: /media/panpan/tools/buildroot-2018.02.8/output/host/bin/arm-linux-gnueabihf-gcc -c -D_LARGEFILE_SOURCE -D_LARGEFILE64_SOURCE -D_FILE_OFFSET_BITS=64  -Os  -D_LARGEFILE_SOURCE -D_LARGEFILE64_SOURCE -D_FILE_OFFSET_BITS=64 conftest.c >&5
configure:8797: $? = 0
configure:8797: result: yes
configure:8797: checking for string.h
configure:8797: /media/panpan/tools/buildroot-2018.02.8/output/host/bin/arm-linux-gnueabihf-gcc -c -D_LARGEFILE_SOURCE -D_LARGEFILE64_SOURCE -D_FILE_OFFSET_BITS=64  -Os  -D_LARGEFILE_SOURCE -D_LARGEFILE64_SOURCE -D_FILE_OFFSET_BITS=64 conftest.c >&5
configure:8797: $? = 0
configure:8797: result: yes
configure:8797: checking for memory.h
configure:8797: /media/panpan/tools/buildroot-2018.02.8/output/host/bin/arm-linux-gnueabihf-gcc -c -D_LARGEFILE_SOURCE -D_LARGEFILE64_SOURCE -D_FILE_OFFSET_BITS=64  -Os  -D_LARGEFILE_SOURCE -D_LARGEFILE64_SOURCE -D_FILE_OFFSET_BITS=64 conftest.c >&5
configure:8797: $? = 0
configure:8797: result: yes
configure:8797: checking for strings.h
configure:8797: /media/panpan/tools/buildroot-2018.02.8/output/host/bin/arm-linux-gnueabihf-gcc -c -D_LARGEFILE_SOURCE -D_LARGEFILE64_SOURCE -D_FILE_OFFSET_BITS=64  -Os  -D_LARGEFILE_SOURCE -D_LARGEFILE64_SOURCE -D_FILE_OFFSET_BITS=64 conftest.c >&5
configure:8797: $? = 0
configure:8797: result: yes
configure:8797: checking for inttypes.h
configure:8797: /media/panpan/tools/buildroot-2018.02.8/output/host/bin/arm-linux-gnueabihf-gcc -c -D_LARGEFILE_SOURCE -D_LARGEFILE64_SOURCE -D_FILE_OFFSET_BITS=64  -Os  -D_LARGEFILE_SOURCE -D_LARGEFILE64_SOURCE -D_FILE_OFFSET_BITS=64 conftest.c >&5
configure:8797: $? = 0
configure:8797: result: yes
configure:8797: checking for stdint.h
configure:8797: /media/panpan/tools/buildroot-2018.02.8/output/host/bin/arm-linux-gnueabihf-gcc -c -D_LARGEFILE_SOURCE -D_LARGEFILE64_SOURCE -D_FILE_OFFSET_BITS=64  -Os  -D_LARGEFILE_SOURCE -D_LARGEFILE64_SOURCE -D_FILE_OFFSET_BITS=64 conftest.c >&5
configure:8797: $? = 0
configure:8797: result: yes
configure:8797: checking for unistd.h
configure:8797: /media/panpan/tools/buildroot-2018.02.8/output/host/bin/arm-linux-gnueabihf-gcc -c -D_LARGEFILE_SOURCE -D_LARGEFILE64_SOURCE -D_FILE_OFFSET_BITS=64  -Os  -D_LARGEFILE_SOURCE -D_LARGEFILE64_SOURCE -D_FILE_OFFSET_BITS=64 conftest.c >&5
configure:8797: $? = 0
configure:8797: result: yes
configure:8811: checking for dlfcn.h
configure:8811: /media/panpan/tools/buildroot-2018.02.8/output/host/bin/arm-linux-gnueabihf-gcc -c -D_LARGEFILE_SOURCE -D_LARGEFILE64_SOURCE -D_FILE_OFFSET_BITS=64  -Os  -D_LARGEFILE_SOURCE -D_LARGEFILE64_SOURCE -D_FILE_OFFSET_BITS=64 conftest.c >&5
configure:8811: $? = 0
configure:8811: result: yes
configure:9078: checking for objdir
configure:9093: result: .libs
configure:9353: checking if /media/panpan/tools/buildroot-2018.02.8/output/host/bin/arm-linux-gnueabihf-gcc supports -fno-rtti -fno-exceptions
configure:9371: /media/panpan/tools/buildroot-2018.02.8/output/host/bin/arm-linux-gnueabihf-gcc -c -D_LARGEFILE_SOURCE -D_LARGEFILE64_SOURCE -D_FILE_OFFSET_BITS=64  -Os  -D_LARGEFILE_SOURCE -D_LARGEFILE64_SOURCE -D_FILE_OFFSET_BITS=64 -fno-rtti -fno-exceptions conftest.c >&5
cc1: warning: command line option '-fno-rtti' is valid for C++/ObjC++ but not for C
configure:9375: $? = 0
configure:9388: result: no
configure:9746: checking for /media/panpan/tools/buildroot-2018.02.8/output/host/bin/arm-linux-gnueabihf-gcc option to produce PIC
configure:9753: result: -fPIC -DPIC
configure:9761: checking if /media/panpan/tools/buildroot-2018.02.8/output/host/bin/arm-linux-gnueabihf-gcc PIC flag -fPIC -DPIC works
configure:9779: /media/panpan/tools/buildroot-2018.02.8/output/host/bin/arm-linux-gnueabihf-gcc -c -D_LARGEFILE_SOURCE -D_LARGEFILE64_SOURCE -D_FILE_OFFSET_BITS=64  -Os  -D_LARGEFILE_SOURCE -D_LARGEFILE64_SOURCE -D_FILE_OFFSET_BITS=64 -fPIC -DPIC -DPIC conftest.c >&5
configure:9783: $? = 0
configure:9796: result: yes
configure:9825: checking if /media/panpan/tools/buildroot-2018.02.8/output/host/bin/arm-linux-gnueabihf-gcc static flag -static works
configure:9853: result: yes
configure:9868: checking if /media/panpan/tools/buildroot-2018.02.8/output/host/bin/arm-linux-gnueabihf-gcc supports -c -o file.o
configure:9889: /media/panpan/tools/buildroot-2018.02.8/output/host/bin/arm-linux-gnueabihf-gcc -c -D_LARGEFILE_SOURCE -D_LARGEFILE64_SOURCE -D_FILE_OFFSET_BITS=64  -Os  -D_LARGEFILE_SOURCE -D_LARGEFILE64_SOURCE -D_FILE_OFFSET_BITS=64 -o out/conftest2.o conftest.c >&5
configure:9893: $? = 0
configure:9915: result: yes
configure:9923: checking if /media/panpan/tools/buildroot-2018.02.8/output/host/bin/arm-linux-gnueabihf-gcc supports -c -o file.o
configure:9970: result: yes
configure:10003: checking whether the /media/panpan/tools/buildroot-2018.02.8/output/host/bin/arm-linux-gnueabihf-gcc linker (/media/panpan/tools/buildroot-2018.02.8/output/host/bin/arm-linux-gnueabihf-ld) supports shared libraries
configure:11262: result: yes
configure:11299: checking whether -lc should be explicitly linked in
configure:11307: /media/panpan/tools/buildroot-2018.02.8/output/host/bin/arm-linux-gnueabihf-gcc -c -D_LARGEFILE_SOURCE -D_LARGEFILE64_SOURCE -D_FILE_OFFSET_BITS=64  -Os  -D_LARGEFILE_SOURCE -D_LARGEFILE64_SOURCE -D_FILE_OFFSET_BITS=64 conftest.c >&5
configure:11310: $? = 0
configure:11325: /media/panpan/tools/buildroot-2018.02.8/output/host/bin/arm-linux-gnueabihf-gcc -shared  -fPIC -DPIC conftest.o  -v -Wl,-soname -Wl,conftest -o conftest 2\>\&1 \| /bin/grep  -lc  \>/dev/null 2\>\&1
configure:11328: $? = 0
configure:11342: result: no
configure:11502: checking dynamic linker characteristics
configure:12083: /media/panpan/tools/buildroot-2018.02.8/output/host/bin/arm-linux-gnueabihf-gcc -o conftest -D_LARGEFILE_SOURCE -D_LARGEFILE64_SOURCE -D_FILE_OFFSET_BITS=64  -Os  -D_LARGEFILE_SOURCE -D_LARGEFILE64_SOURCE -D_FILE_OFFSET_BITS=64  -Wl,-rpath -Wl,/foo conftest.c  >&5
configure:12083: $? = 0
configure:12320: result: GNU/Linux ld.so
configure:12442: checking how to hardcode library paths into programs
configure:12467: result: immediate
configure:13015: checking whether stripping libraries is possible
configure:13020: result: yes
configure:13055: checking if libtool supports shared libraries
configure:13057: result: yes
configure:13060: checking whether to build shared libraries
configure:13085: result: yes
configure:13088: checking whether to build static libraries
configure:13092: result: yes
configure:13115: checking how to run the C++ preprocessor
configure:13142: /media/panpan/tools/buildroot-2018.02.8/output/host/bin/arm-linux-gnueabihf-g++ -E -D_LARGEFILE_SOURCE -D_LARGEFILE64_SOURCE -D_FILE_OFFSET_BITS=64 conftest.cpp
configure:13142: $? = 0
configure:13156: /media/panpan/tools/buildroot-2018.02.8/output/host/bin/arm-linux-gnueabihf-g++ -E -D_LARGEFILE_SOURCE -D_LARGEFILE64_SOURCE -D_FILE_OFFSET_BITS=64 conftest.cpp
conftest.cpp:23:10: fatal error: ac_nonexistent.h: No such file or directory
 #include <ac_nonexistent.h>
          ^~~~~~~~~~~~~~~~~~
compilation terminated.
configure:13156: $? = 1
configure: failed program was:
| /* confdefs.h */
| #define PACKAGE_NAME "libffi"
| #define PACKAGE_TARNAME "libffi"
| #define PACKAGE_VERSION "3.2.1"
| #define PACKAGE_STRING "libffi 3.2.1"
| #define PACKAGE_BUGREPORT "http://github.com/atgreen/libffi/issues"
| #define PACKAGE_URL ""
| #define PACKAGE "libffi"
| #define VERSION "3.2.1"
| #define STDC_HEADERS 1
| #define HAVE_SYS_TYPES_H 1
| #define HAVE_SYS_STAT_H 1
| #define HAVE_STDLIB_H 1
| #define HAVE_STRING_H 1
| #define HAVE_MEMORY_H 1
| #define HAVE_STRINGS_H 1
| #define HAVE_INTTYPES_H 1
| #define HAVE_STDINT_H 1
| #define HAVE_UNISTD_H 1
| #define HAVE_DLFCN_H 1
| #define LT_OBJDIR ".libs/"
| /* end confdefs.h.  */
| #include <ac_nonexistent.h>
configure:13181: result: /media/panpan/tools/buildroot-2018.02.8/output/host/bin/arm-linux-gnueabihf-g++ -E
configure:13201: /media/panpan/tools/buildroot-2018.02.8/output/host/bin/arm-linux-gnueabihf-g++ -E -D_LARGEFILE_SOURCE -D_LARGEFILE64_SOURCE -D_FILE_OFFSET_BITS=64 conftest.cpp
configure:13201: $? = 0
configure:13215: /media/panpan/tools/buildroot-2018.02.8/output/host/bin/arm-linux-gnueabihf-g++ -E -D_LARGEFILE_SOURCE -D_LARGEFILE64_SOURCE -D_FILE_OFFSET_BITS=64 conftest.cpp
conftest.cpp:23:10: fatal error: ac_nonexistent.h: No such file or directory
 #include <ac_nonexistent.h>
          ^~~~~~~~~~~~~~~~~~
compilation terminated.
configure:13215: $? = 1
configure: failed program was:
| /* confdefs.h */
| #define PACKAGE_NAME "libffi"
| #define PACKAGE_TARNAME "libffi"
| #define PACKAGE_VERSION "3.2.1"
| #define PACKAGE_STRING "libffi 3.2.1"
| #define PACKAGE_BUGREPORT "http://github.com/atgreen/libffi/issues"
| #define PACKAGE_URL ""
| #define PACKAGE "libffi"
| #define VERSION "3.2.1"
| #define STDC_HEADERS 1
| #define HAVE_SYS_TYPES_H 1
| #define HAVE_SYS_STAT_H 1
| #define HAVE_STDLIB_H 1
| #define HAVE_STRING_H 1
| #define HAVE_MEMORY_H 1
| #define HAVE_STRINGS_H 1
| #define HAVE_INTTYPES_H 1
| #define HAVE_STDINT_H 1
| #define HAVE_UNISTD_H 1
| #define HAVE_DLFCN_H 1
| #define LT_OBJDIR ".libs/"
| /* end confdefs.h.  */
| #include <ac_nonexistent.h>
configure:13377: checking for ld used by /media/panpan/tools/buildroot-2018.02.8/output/host/bin/arm-linux-gnueabihf-g++
configure:13444: result: /media/panpan/tools/buildroot-2018.02.8/output/host/bin/arm-linux-gnueabihf-ld
configure:13451: checking if the linker (/media/panpan/tools/buildroot-2018.02.8/output/host/bin/arm-linux-gnueabihf-ld) is GNU ld
configure:13466: result: yes
configure:13521: checking whether the /media/panpan/tools/buildroot-2018.02.8/output/host/bin/arm-linux-gnueabihf-g++ linker (/media/panpan/tools/buildroot-2018.02.8/output/host/bin/arm-linux-gnueabihf-ld) supports shared libraries
configure:14594: result: yes
configure:14630: /media/panpan/tools/buildroot-2018.02.8/output/host/bin/arm-linux-gnueabihf-g++ -c -D_LARGEFILE_SOURCE -D_LARGEFILE64_SOURCE -D_FILE_OFFSET_BITS=64  -Os  -D_LARGEFILE_SOURCE -D_LARGEFILE64_SOURCE -D_FILE_OFFSET_BITS=64 conftest.cpp >&5
configure:14633: $? = 0
configure:15114: checking for /media/panpan/tools/buildroot-2018.02.8/output/host/bin/arm-linux-gnueabihf-g++ option to produce PIC
configure:15121: result: -fPIC -DPIC
configure:15129: checking if /media/panpan/tools/buildroot-2018.02.8/output/host/bin/arm-linux-gnueabihf-g++ PIC flag -fPIC -DPIC works
configure:15147: /media/panpan/tools/buildroot-2018.02.8/output/host/bin/arm-linux-gnueabihf-g++ -c -D_LARGEFILE_SOURCE -D_LARGEFILE64_SOURCE -D_FILE_OFFSET_BITS=64  -Os  -D_LARGEFILE_SOURCE -D_LARGEFILE64_SOURCE -D_FILE_OFFSET_BITS=64 -fPIC -DPIC -DPIC conftest.cpp >&5
configure:15151: $? = 0
configure:15164: result: yes
configure:15187: checking if /media/panpan/tools/buildroot-2018.02.8/output/host/bin/arm-linux-gnueabihf-g++ static flag -static works
configure:15215: result: yes
configure:15227: checking if /media/panpan/tools/buildroot-2018.02.8/output/host/bin/arm-linux-gnueabihf-g++ supports -c -o file.o
configure:15248: /media/panpan/tools/buildroot-2018.02.8/output/host/bin/arm-linux-gnueabihf-g++ -c -D_LARGEFILE_SOURCE -D_LARGEFILE64_SOURCE -D_FILE_OFFSET_BITS=64  -Os  -D_LARGEFILE_SOURCE -D_LARGEFILE64_SOURCE -D_FILE_OFFSET_BITS=64 -o out/conftest2.o conftest.cpp >&5
configure:15252: $? = 0
configure:15274: result: yes
configure:15279: checking if /media/panpan/tools/buildroot-2018.02.8/output/host/bin/arm-linux-gnueabihf-g++ supports -c -o file.o
configure:15326: result: yes
configure:15356: checking whether the /media/panpan/tools/buildroot-2018.02.8/output/host/bin/arm-linux-gnueabihf-g++ linker (/media/panpan/tools/buildroot-2018.02.8/output/host/bin/arm-linux-gnueabihf-ld) supports shared libraries
configure:15396: result: yes
configure:15537: checking dynamic linker characteristics
configure:16282: result: GNU/Linux ld.so
configure:16347: checking how to hardcode library paths into programs
configure:16372: result: immediate
configure:16440: checking size of size_t
configure:16445: /media/panpan/tools/buildroot-2018.02.8/output/host/bin/arm-linux-gnueabihf-gcc -c -D_LARGEFILE_SOURCE -D_LARGEFILE64_SOURCE -D_FILE_OFFSET_BITS=64  -Os  -D_LARGEFILE_SOURCE -D_LARGEFILE64_SOURCE -D_FILE_OFFSET_BITS=64 conftest.c >&5
configure:16445: $? = 0
configure:16445: /media/panpan/tools/buildroot-2018.02.8/output/host/bin/arm-linux-gnueabihf-gcc -c -D_LARGEFILE_SOURCE -D_LARGEFILE64_SOURCE -D_FILE_OFFSET_BITS=64  -Os  -D_LARGEFILE_SOURCE -D_LARGEFILE64_SOURCE -D_FILE_OFFSET_BITS=64 conftest.c >&5
conftest.c: In function 'main':
conftest.c:59:12: error: size of array 'test_array' is negative
 static int test_array [1 - 2 * !(((long int) (sizeof (size_t))) <= 0)];
            ^~~~~~~~~~
configure:16445: $? = 1
configure: failed program was:
| /* confdefs.h */
| #define PACKAGE_NAME "libffi"
| #define PACKAGE_TARNAME "libffi"
| #define PACKAGE_VERSION "3.2.1"
| #define PACKAGE_STRING "libffi 3.2.1"
| #define PACKAGE_BUGREPORT "http://github.com/atgreen/libffi/issues"
| #define PACKAGE_URL ""
| #define PACKAGE "libffi"
| #define VERSION "3.2.1"
| #define STDC_HEADERS 1
| #define HAVE_SYS_TYPES_H 1
| #define HAVE_SYS_STAT_H 1
| #define HAVE_STDLIB_H 1
| #define HAVE_STRING_H 1
| #define HAVE_MEMORY_H 1
| #define HAVE_STRINGS_H 1
| #define HAVE_INTTYPES_H 1
| #define HAVE_STDINT_H 1
| #define HAVE_UNISTD_H 1
| #define HAVE_DLFCN_H 1
| #define LT_OBJDIR ".libs/"
| /* end confdefs.h.  */
| #include <stdio.h>
| #ifdef HAVE_SYS_TYPES_H
| # include <sys/types.h>
| #endif
| #ifdef HAVE_SYS_STAT_H
| # include <sys/stat.h>
| #endif
| #ifdef STDC_HEADERS
| # include <stdlib.h>
| # include <stddef.h>
| #else
| # ifdef HAVE_STDLIB_H
| #  include <stdlib.h>
| # endif
| #endif
| #ifdef HAVE_STRING_H
| # if !defined STDC_HEADERS && defined HAVE_MEMORY_H
| #  include <memory.h>
| # endif
| # include <string.h>
| #endif
| #ifdef HAVE_STRINGS_H
| # include <strings.h>
| #endif
| #ifdef HAVE_INTTYPES_H
| # include <inttypes.h>
| #endif
| #ifdef HAVE_STDINT_H
| # include <stdint.h>
| #endif
| #ifdef HAVE_UNISTD_H
| # include <unistd.h>
| #endif
| int
| main ()
| {
| static int test_array [1 - 2 * !(((long int) (sizeof (size_t))) <= 0)];
| test_array [0] = 0;
| return test_array [0];
| 
|   ;
|   return 0;
| }
configure:16445: /media/panpan/tools/buildroot-2018.02.8/output/host/bin/arm-linux-gnueabihf-gcc -c -D_LARGEFILE_SOURCE -D_LARGEFILE64_SOURCE -D_FILE_OFFSET_BITS=64  -Os  -D_LARGEFILE_SOURCE -D_LARGEFILE64_SOURCE -D_FILE_OFFSET_BITS=64 conftest.c >&5
conftest.c: In function 'main':
conftest.c:59:12: error: size of array 'test_array' is negative
 static int test_array [1 - 2 * !(((long int) (sizeof (size_t))) <= 1)];
            ^~~~~~~~~~
configure:16445: $? = 1
configure: failed program was:
| /* confdefs.h */
| #define PACKAGE_NAME "libffi"
| #define PACKAGE_TARNAME "libffi"
| #define PACKAGE_VERSION "3.2.1"
| #define PACKAGE_STRING "libffi 3.2.1"
| #define PACKAGE_BUGREPORT "http://github.com/atgreen/libffi/issues"
| #define PACKAGE_URL ""
| #define PACKAGE "libffi"
| #define VERSION "3.2.1"
| #define STDC_HEADERS 1
| #define HAVE_SYS_TYPES_H 1
| #define HAVE_SYS_STAT_H 1
| #define HAVE_STDLIB_H 1
| #define HAVE_STRING_H 1
| #define HAVE_MEMORY_H 1
| #define HAVE_STRINGS_H 1
| #define HAVE_INTTYPES_H 1
| #define HAVE_STDINT_H 1
| #define HAVE_UNISTD_H 1
| #define HAVE_DLFCN_H 1
| #define LT_OBJDIR ".libs/"
| /* end confdefs.h.  */
| #include <stdio.h>
| #ifdef HAVE_SYS_TYPES_H
| # include <sys/types.h>
| #endif
| #ifdef HAVE_SYS_STAT_H
| # include <sys/stat.h>
| #endif
| #ifdef STDC_HEADERS
| # include <stdlib.h>
| # include <stddef.h>
| #else
| # ifdef HAVE_STDLIB_H
| #  include <stdlib.h>
| # endif
| #endif
| #ifdef HAVE_STRING_H
| # if !defined STDC_HEADERS && defined HAVE_MEMORY_H
| #  include <memory.h>
| # endif
| # include <string.h>
| #endif
| #ifdef HAVE_STRINGS_H
| # include <strings.h>
| #endif
| #ifdef HAVE_INTTYPES_H
| # include <inttypes.h>
| #endif
| #ifdef HAVE_STDINT_H
| # include <stdint.h>
| #endif
| #ifdef HAVE_UNISTD_H
| # include <unistd.h>
| #endif
| int
| main ()
| {
| static int test_array [1 - 2 * !(((long int) (sizeof (size_t))) <= 1)];
| test_array [0] = 0;
| return test_array [0];
| 
|   ;
|   return 0;
| }
configure:16445: /media/panpan/tools/buildroot-2018.02.8/output/host/bin/arm-linux-gnueabihf-gcc -c -D_LARGEFILE_SOURCE -D_LARGEFILE64_SOURCE -D_FILE_OFFSET_BITS=64  -Os  -D_LARGEFILE_SOURCE -D_LARGEFILE64_SOURCE -D_FILE_OFFSET_BITS=64 conftest.c >&5
conftest.c: In function 'main':
conftest.c:59:12: error: size of array 'test_array' is negative
 static int test_array [1 - 2 * !(((long int) (sizeof (size_t))) <= 3)];
            ^~~~~~~~~~
configure:16445: $? = 1
configure: failed program was:
| /* confdefs.h */
| #define PACKAGE_NAME "libffi"
| #define PACKAGE_TARNAME "libffi"
| #define PACKAGE_VERSION "3.2.1"
| #define PACKAGE_STRING "libffi 3.2.1"
| #define PACKAGE_BUGREPORT "http://github.com/atgreen/libffi/issues"
| #define PACKAGE_URL ""
| #define PACKAGE "libffi"
| #define VERSION "3.2.1"
| #define STDC_HEADERS 1
| #define HAVE_SYS_TYPES_H 1
| #define HAVE_SYS_STAT_H 1
| #define HAVE_STDLIB_H 1
| #define HAVE_STRING_H 1
| #define HAVE_MEMORY_H 1
| #define HAVE_STRINGS_H 1
| #define HAVE_INTTYPES_H 1
| #define HAVE_STDINT_H 1
| #define HAVE_UNISTD_H 1
| #define HAVE_DLFCN_H 1
| #define LT_OBJDIR ".libs/"
| /* end confdefs.h.  */
| #include <stdio.h>
| #ifdef HAVE_SYS_TYPES_H
| # include <sys/types.h>
| #endif
| #ifdef HAVE_SYS_STAT_H
| # include <sys/stat.h>
| #endif
| #ifdef STDC_HEADERS
| # include <stdlib.h>
| # include <stddef.h>
| #else
| # ifdef HAVE_STDLIB_H
| #  include <stdlib.h>
| # endif
| #endif
| #ifdef HAVE_STRING_H
| # if !defined STDC_HEADERS && defined HAVE_MEMORY_H
| #  include <memory.h>
| # endif
| # include <string.h>
| #endif
| #ifdef HAVE_STRINGS_H
| # include <strings.h>
| #endif
| #ifdef HAVE_INTTYPES_H
| # include <inttypes.h>
| #endif
| #ifdef HAVE_STDINT_H
| # include <stdint.h>
| #endif
| #ifdef HAVE_UNISTD_H
| # include <unistd.h>
| #endif
| int
| main ()
| {
| static int test_array [1 - 2 * !(((long int) (sizeof (size_t))) <= 3)];
| test_array [0] = 0;
| return test_array [0];
| 
|   ;
|   return 0;
| }
configure:16445: /media/panpan/tools/buildroot-2018.02.8/output/host/bin/arm-linux-gnueabihf-gcc -c -D_LARGEFILE_SOURCE -D_LARGEFILE64_SOURCE -D_FILE_OFFSET_BITS=64  -Os  -D_LARGEFILE_SOURCE -D_LARGEFILE64_SOURCE -D_FILE_OFFSET_BITS=64 conftest.c >&5
configure:16445: $? = 0
configure:16445: /media/panpan/tools/buildroot-2018.02.8/output/host/bin/arm-linux-gnueabihf-gcc -c -D_LARGEFILE_SOURCE -D_LARGEFILE64_SOURCE -D_FILE_OFFSET_BITS=64  -Os  -D_LARGEFILE_SOURCE -D_LARGEFILE64_SOURCE -D_FILE_OFFSET_BITS=64 conftest.c >&5
configure:16445: $? = 0
configure:16445: /media/panpan/tools/buildroot-2018.02.8/output/host/bin/arm-linux-gnueabihf-gcc -c -D_LARGEFILE_SOURCE -D_LARGEFILE64_SOURCE -D_FILE_OFFSET_BITS=64  -Os  -D_LARGEFILE_SOURCE -D_LARGEFILE64_SOURCE -D_FILE_OFFSET_BITS=64 conftest.c >&5
configure:16445: $? = 0
configure:16459: result: 4
configure:16470: checking for C compiler vendor
configure:16515: /media/panpan/tools/buildroot-2018.02.8/output/host/bin/arm-linux-gnueabihf-gcc -c -D_LARGEFILE_SOURCE -D_LARGEFILE64_SOURCE -D_FILE_OFFSET_BITS=64  -Os  -D_LARGEFILE_SOURCE -D_LARGEFILE64_SOURCE -D_FILE_OFFSET_BITS=64 conftest.c >&5
conftest.c: In function 'main':
conftest.c:30:9: error: 'thisisanerror' undeclared (first use in this function)
         thisisanerror;
         ^~~~~~~~~~~~~
conftest.c:30:9: note: each undeclared identifier is reported only once for each function it appears in
configure:16515: $? = 1
configure: failed program was:
| /* confdefs.h */
| #define PACKAGE_NAME "libffi"
| #define PACKAGE_TARNAME "libffi"
| #define PACKAGE_VERSION "3.2.1"
| #define PACKAGE_STRING "libffi 3.2.1"
| #define PACKAGE_BUGREPORT "http://github.com/atgreen/libffi/issues"
| #define PACKAGE_URL ""
| #define PACKAGE "libffi"
| #define VERSION "3.2.1"
| #define STDC_HEADERS 1
| #define HAVE_SYS_TYPES_H 1
| #define HAVE_SYS_STAT_H 1
| #define HAVE_STDLIB_H 1
| #define HAVE_STRING_H 1
| #define HAVE_MEMORY_H 1
| #define HAVE_STRINGS_H 1
| #define HAVE_INTTYPES_H 1
| #define HAVE_STDINT_H 1
| #define HAVE_UNISTD_H 1
| #define HAVE_DLFCN_H 1
| #define LT_OBJDIR ".libs/"
| #define SIZEOF_SIZE_T 4
| /* end confdefs.h.  */
| 
| int
| main ()
| {
| 
|       #if !(defined(__ICC) || defined(__ECC) || defined(__INTEL_COMPILER))
|         thisisanerror;
|       #endif
| 
|   ;
|   return 0;
| }
configure:16515: /media/panpan/tools/buildroot-2018.02.8/output/host/bin/arm-linux-gnueabihf-gcc -c -D_LARGEFILE_SOURCE -D_LARGEFILE64_SOURCE -D_FILE_OFFSET_BITS=64  -Os  -D_LARGEFILE_SOURCE -D_LARGEFILE64_SOURCE -D_FILE_OFFSET_BITS=64 conftest.c >&5
conftest.c: In function 'main':
conftest.c:30:9: error: 'thisisanerror' undeclared (first use in this function)
         thisisanerror;
         ^~~~~~~~~~~~~
conftest.c:30:9: note: each undeclared identifier is reported only once for each function it appears in
configure:16515: $? = 1
configure: failed program was:
| /* confdefs.h */
| #define PACKAGE_NAME "libffi"
| #define PACKAGE_TARNAME "libffi"
| #define PACKAGE_VERSION "3.2.1"
| #define PACKAGE_STRING "libffi 3.2.1"
| #define PACKAGE_BUGREPORT "http://github.com/atgreen/libffi/issues"
| #define PACKAGE_URL ""
| #define PACKAGE "libffi"
| #define VERSION "3.2.1"
| #define STDC_HEADERS 1
| #define HAVE_SYS_TYPES_H 1
| #define HAVE_SYS_STAT_H 1
| #define HAVE_STDLIB_H 1
| #define HAVE_STRING_H 1
| #define HAVE_MEMORY_H 1
| #define HAVE_STRINGS_H 1
| #define HAVE_INTTYPES_H 1
| #define HAVE_STDINT_H 1
| #define HAVE_UNISTD_H 1
| #define HAVE_DLFCN_H 1
| #define LT_OBJDIR ".libs/"
| #define SIZEOF_SIZE_T 4
| /* end confdefs.h.  */
| 
| int
| main ()
| {
| 
|       #if !(defined(__xlc__) || defined(__xlC__) || defined(__IBMC__) || defined(__IBMCPP__))
|         thisisanerror;
|       #endif
| 
|   ;
|   return 0;
| }
configure:16515: /media/panpan/tools/buildroot-2018.02.8/output/host/bin/arm-linux-gnueabihf-gcc -c -D_LARGEFILE_SOURCE -D_LARGEFILE64_SOURCE -D_FILE_OFFSET_BITS=64  -Os  -D_LARGEFILE_SOURCE -D_LARGEFILE64_SOURCE -D_FILE_OFFSET_BITS=64 conftest.c >&5
conftest.c: In function 'main':
conftest.c:30:9: error: 'thisisanerror' undeclared (first use in this function)
         thisisanerror;
         ^~~~~~~~~~~~~
conftest.c:30:9: note: each undeclared identifier is reported only once for each function it appears in
configure:16515: $? = 1
configure: failed program was:
| /* confdefs.h */
| #define PACKAGE_NAME "libffi"
| #define PACKAGE_TARNAME "libffi"
| #define PACKAGE_VERSION "3.2.1"
| #define PACKAGE_STRING "libffi 3.2.1"
| #define PACKAGE_BUGREPORT "http://github.com/atgreen/libffi/issues"
| #define PACKAGE_URL ""
| #define PACKAGE "libffi"
| #define VERSION "3.2.1"
| #define STDC_HEADERS 1
| #define HAVE_SYS_TYPES_H 1
| #define HAVE_SYS_STAT_H 1
| #define HAVE_STDLIB_H 1
| #define HAVE_STRING_H 1
| #define HAVE_MEMORY_H 1
| #define HAVE_STRINGS_H 1
| #define HAVE_INTTYPES_H 1
| #define HAVE_STDINT_H 1
| #define HAVE_UNISTD_H 1
| #define HAVE_DLFCN_H 1
| #define LT_OBJDIR ".libs/"
| #define SIZEOF_SIZE_T 4
| /* end confdefs.h.  */
| 
| int
| main ()
| {
| 
|       #if !(defined(__PATHCC__) || defined(__PATHSCALE__))
|         thisisanerror;
|       #endif
| 
|   ;
|   return 0;
| }
configure:16515: /media/panpan/tools/buildroot-2018.02.8/output/host/bin/arm-linux-gnueabihf-gcc -c -D_LARGEFILE_SOURCE -D_LARGEFILE64_SOURCE -D_FILE_OFFSET_BITS=64  -Os  -D_LARGEFILE_SOURCE -D_LARGEFILE64_SOURCE -D_FILE_OFFSET_BITS=64 conftest.c >&5
conftest.c: In function 'main':
conftest.c:30:9: error: 'thisisanerror' undeclared (first use in this function)
         thisisanerror;
         ^~~~~~~~~~~~~
conftest.c:30:9: note: each undeclared identifier is reported only once for each function it appears in
configure:16515: $? = 1
configure: failed program was:
| /* confdefs.h */
| #define PACKAGE_NAME "libffi"
| #define PACKAGE_TARNAME "libffi"
| #define PACKAGE_VERSION "3.2.1"
| #define PACKAGE_STRING "libffi 3.2.1"
| #define PACKAGE_BUGREPORT "http://github.com/atgreen/libffi/issues"
| #define PACKAGE_URL ""
| #define PACKAGE "libffi"
| #define VERSION "3.2.1"
| #define STDC_HEADERS 1
| #define HAVE_SYS_TYPES_H 1
| #define HAVE_SYS_STAT_H 1
| #define HAVE_STDLIB_H 1
| #define HAVE_STRING_H 1
| #define HAVE_MEMORY_H 1
| #define HAVE_STRINGS_H 1
| #define HAVE_INTTYPES_H 1
| #define HAVE_STDINT_H 1
| #define HAVE_UNISTD_H 1
| #define HAVE_DLFCN_H 1
| #define LT_OBJDIR ".libs/"
| #define SIZEOF_SIZE_T 4
| /* end confdefs.h.  */
| 
| int
| main ()
| {
| 
|       #if !(defined(__clang__))
|         thisisanerror;
|       #endif
| 
|   ;
|   return 0;
| }
configure:16515: /media/panpan/tools/buildroot-2018.02.8/output/host/bin/arm-linux-gnueabihf-gcc -c -D_LARGEFILE_SOURCE -D_LARGEFILE64_SOURCE -D_FILE_OFFSET_BITS=64  -Os  -D_LARGEFILE_SOURCE -D_LARGEFILE64_SOURCE -D_FILE_OFFSET_BITS=64 conftest.c >&5
configure:16515: $? = 0
configure:16523: result: gnu
configure:17349: : CFLAGS already contains 
configure:17352: $? = 0
configure:17374: checking CFLAGS for maximum warnings
configure:17394: /media/panpan/tools/buildroot-2018.02.8/output/host/bin/arm-linux-gnueabihf-gcc -c -D_LARGEFILE_SOURCE -D_LARGEFILE64_SOURCE -D_FILE_OFFSET_BITS=64  -Os  -warn all  -warn all -D_LARGEFILE_SOURCE -D_LARGEFILE64_SOURCE -D_FILE_OFFSET_BITS=64 conftest.c >&5
arm-linux-gnueabihf-gcc: error: all: No such file or directory
arm-linux-gnueabihf-gcc: error: all: No such file or directory
arm-linux-gnueabihf-gcc: error: unrecognized command line option '-warn'; did you mean '--warn-'?
arm-linux-gnueabihf-gcc: error: unrecognized command line option '-warn'; did you mean '--warn-'?
configure:17394: $? = 1
configure: failed program was:
| /* confdefs.h */
| #define PACKAGE_NAME "libffi"
| #define PACKAGE_TARNAME "libffi"
| #define PACKAGE_VERSION "3.2.1"
| #define PACKAGE_STRING "libffi 3.2.1"
| #define PACKAGE_BUGREPORT "http://github.com/atgreen/libffi/issues"
| #define PACKAGE_URL ""
| #define PACKAGE "libffi"
| #define VERSION "3.2.1"
| #define STDC_HEADERS 1
| #define HAVE_SYS_TYPES_H 1
| #define HAVE_SYS_STAT_H 1
| #define HAVE_STDLIB_H 1
| #define HAVE_STRING_H 1
| #define HAVE_MEMORY_H 1
| #define HAVE_STRINGS_H 1
| #define HAVE_INTTYPES_H 1
| #define HAVE_STDINT_H 1
| #define HAVE_UNISTD_H 1
| #define HAVE_DLFCN_H 1
| #define LT_OBJDIR ".libs/"
| #define SIZEOF_SIZE_T 4
| /* end confdefs.h.  */
| 
| int
| main ()
| {
| 
|   ;
|   return 0;
| }
configure:17394: /media/panpan/tools/buildroot-2018.02.8/output/host/bin/arm-linux-gnueabihf-gcc -c -D_LARGEFILE_SOURCE -D_LARGEFILE64_SOURCE -D_FILE_OFFSET_BITS=64  -Os  -pedantic  -Wall -D_LARGEFILE_SOURCE -D_LARGEFILE64_SOURCE -D_FILE_OFFSET_BITS=64 conftest.c >&5
configure:17394: $? = 0
configure:17402: result: -Wall
configure:17418: : CFLAGS="$CFLAGS $ac_cv_cflags_warn_all"
configure:17421: $? = 0
configure:17451: checking whether to enable maintainer-specific portions of Makefiles
configure:17460: result: no
configure:17476: checking sys/mman.h usability
configure:17476: /media/panpan/tools/buildroot-2018.02.8/output/host/bin/arm-linux-gnueabihf-gcc -c -D_LARGEFILE_SOURCE -D_LARGEFILE64_SOURCE -D_FILE_OFFSET_BITS=64  -Os  -Wall -fexceptions -D_LARGEFILE_SOURCE -D_LARGEFILE64_SOURCE -D_FILE_OFFSET_BITS=64 conftest.c >&5
configure:17476: $? = 0
configure:17476: result: yes
configure:17476: checking sys/mman.h presence
configure:17476: /media/panpan/tools/buildroot-2018.02.8/output/host/bin/arm-linux-gnueabihf-cpp -D_LARGEFILE_SOURCE -D_LARGEFILE64_SOURCE -D_FILE_OFFSET_BITS=64 conftest.c
configure:17476: $? = 0
configure:17476: result: yes
configure:17476: checking for sys/mman.h
configure:17476: result: yes
configure:17489: checking for mmap
configure:17489: /media/panpan/tools/buildroot-2018.02.8/output/host/bin/arm-linux-gnueabihf-gcc -o conftest -D_LARGEFILE_SOURCE -D_LARGEFILE64_SOURCE -D_FILE_OFFSET_BITS=64  -Os  -Wall -fexceptions -D_LARGEFILE_SOURCE -D_LARGEFILE64_SOURCE -D_FILE_OFFSET_BITS=64  conftest.c  >&5
configure:17489: $? = 0
configure:17489: result: yes
configure:17489: checking for mkostemp
configure:17489: /media/panpan/tools/buildroot-2018.02.8/output/host/bin/arm-linux-gnueabihf-gcc -o conftest -D_LARGEFILE_SOURCE -D_LARGEFILE64_SOURCE -D_FILE_OFFSET_BITS=64  -Os  -Wall -fexceptions -D_LARGEFILE_SOURCE -D_LARGEFILE64_SOURCE -D_FILE_OFFSET_BITS=64  conftest.c  >&5
configure:17489: $? = 0
configure:17489: result: yes
configure:17499: checking for sys/mman.h
configure:17499: result: yes
configure:17507: checking for mmap
configure:17507: result: yes
configure:17520: checking whether read-only mmap of a plain file works
configure:17537: result: yes
configure:17539: checking whether mmap from /dev/zero works
configure:17561: result: yes
configure:17565: checking for MAP_ANON(YMOUS)
configure:17588: /media/panpan/tools/buildroot-2018.02.8/output/host/bin/arm-linux-gnueabihf-gcc -c -D_LARGEFILE_SOURCE -D_LARGEFILE64_SOURCE -D_FILE_OFFSET_BITS=64  -Os  -Wall -fexceptions -D_LARGEFILE_SOURCE -D_LARGEFILE64_SOURCE -D_FILE_OFFSET_BITS=64 conftest.c >&5
conftest.c: In function 'main':
conftest.c:38:5: warning: unused variable 'n' [-Wunused-variable]
 int n = MAP_ANONYMOUS;
     ^
configure:17588: $? = 0
configure:17595: result: yes
configure:17601: checking whether mmap with MAP_ANON(YMOUS) works
configure:17618: result: yes
configure:18197: checking for ANSI C header files
configure:18301: result: yes
configure:18311: checking for memcpy
configure:18311: /media/panpan/tools/buildroot-2018.02.8/output/host/bin/arm-linux-gnueabihf-gcc -o conftest -D_LARGEFILE_SOURCE -D_LARGEFILE64_SOURCE -D_FILE_OFFSET_BITS=64  -Os  -Wall -fexceptions -D_LARGEFILE_SOURCE -D_LARGEFILE64_SOURCE -D_FILE_OFFSET_BITS=64  conftest.c  >&5
conftest.c:54:6: warning: conflicting types for built-in function 'memcpy' [-Wbuiltin-declaration-mismatch]
 char memcpy ();
      ^~~~~~
configure:18311: $? = 0
configure:18311: result: yes
configure:18320: checking for size_t
configure:18320: /media/panpan/tools/buildroot-2018.02.8/output/host/bin/arm-linux-gnueabihf-gcc -c -D_LARGEFILE_SOURCE -D_LARGEFILE64_SOURCE -D_FILE_OFFSET_BITS=64  -Os  -Wall -fexceptions -D_LARGEFILE_SOURCE -D_LARGEFILE64_SOURCE -D_FILE_OFFSET_BITS=64 conftest.c >&5
configure:18320: $? = 0
configure:18320: /media/panpan/tools/buildroot-2018.02.8/output/host/bin/arm-linux-gnueabihf-gcc -c -D_LARGEFILE_SOURCE -D_LARGEFILE64_SOURCE -D_FILE_OFFSET_BITS=64  -Os  -Wall -fexceptions -D_LARGEFILE_SOURCE -D_LARGEFILE64_SOURCE -D_FILE_OFFSET_BITS=64 conftest.c >&5
conftest.c: In function 'main':
conftest.c:68:21: error: expected expression before ')' token
 if (sizeof ((size_t)))
                     ^
configure:18320: $? = 1
configure: failed program was:
| /* confdefs.h */
| #define PACKAGE_NAME "libffi"
| #define PACKAGE_TARNAME "libffi"
| #define PACKAGE_VERSION "3.2.1"
| #define PACKAGE_STRING "libffi 3.2.1"
| #define PACKAGE_BUGREPORT "http://github.com/atgreen/libffi/issues"
| #define PACKAGE_URL ""
| #define PACKAGE "libffi"
| #define VERSION "3.2.1"
| #define STDC_HEADERS 1
| #define HAVE_SYS_TYPES_H 1
| #define HAVE_SYS_STAT_H 1
| #define HAVE_STDLIB_H 1
| #define HAVE_STRING_H 1
| #define HAVE_MEMORY_H 1
| #define HAVE_STRINGS_H 1
| #define HAVE_INTTYPES_H 1
| #define HAVE_STDINT_H 1
| #define HAVE_UNISTD_H 1
| #define HAVE_DLFCN_H 1
| #define LT_OBJDIR ".libs/"
| #define SIZEOF_SIZE_T 4
| #define HAVE_SYS_MMAN_H 1
| #define HAVE_MMAP 1
| #define HAVE_MKOSTEMP 1
| #define HAVE_MMAP_FILE 1
| #define HAVE_MMAP_DEV_ZERO 1
| #define HAVE_MMAP_ANON 1
| #define STDC_HEADERS 1
| #define HAVE_MEMCPY 1
| /* end confdefs.h.  */
| #include <stdio.h>
| #ifdef HAVE_SYS_TYPES_H
| # include <sys/types.h>
| #endif
| #ifdef HAVE_SYS_STAT_H
| # include <sys/stat.h>
| #endif
| #ifdef STDC_HEADERS
| # include <stdlib.h>
| # include <stddef.h>
| #else
| # ifdef HAVE_STDLIB_H
| #  include <stdlib.h>
| # endif
| #endif
| #ifdef HAVE_STRING_H
| # if !defined STDC_HEADERS && defined HAVE_MEMORY_H
| #  include <memory.h>
| # endif
| # include <string.h>
| #endif
| #ifdef HAVE_STRINGS_H
| # include <strings.h>
| #endif
| #ifdef HAVE_INTTYPES_H
| # include <inttypes.h>
| #endif
| #ifdef HAVE_STDINT_H
| # include <stdint.h>
| #endif
| #ifdef HAVE_UNISTD_H
| # include <unistd.h>
| #endif
| int
| main ()
| {
| if (sizeof ((size_t)))
| 	    return 0;
|   ;
|   return 0;
| }
configure:18320: result: yes
configure:18333: checking for working alloca.h
configure:18350: /media/panpan/tools/buildroot-2018.02.8/output/host/bin/arm-linux-gnueabihf-gcc -o conftest -D_LARGEFILE_SOURCE -D_LARGEFILE64_SOURCE -D_FILE_OFFSET_BITS=64  -Os  -Wall -fexceptions -D_LARGEFILE_SOURCE -D_LARGEFILE64_SOURCE -D_FILE_OFFSET_BITS=64  conftest.c  >&5
configure:18350: $? = 0
configure:18358: result: yes
configure:18366: checking for alloca
configure:18403: /media/panpan/tools/buildroot-2018.02.8/output/host/bin/arm-linux-gnueabihf-gcc -o conftest -D_LARGEFILE_SOURCE -D_LARGEFILE64_SOURCE -D_FILE_OFFSET_BITS=64  -Os  -Wall -fexceptions -D_LARGEFILE_SOURCE -D_LARGEFILE64_SOURCE -D_FILE_OFFSET_BITS=64  conftest.c  >&5
configure:18403: $? = 0
configure:18411: result: yes
configure:18522: checking size of double
configure:18527: /media/panpan/tools/buildroot-2018.02.8/output/host/bin/arm-linux-gnueabihf-gcc -c -D_LARGEFILE_SOURCE -D_LARGEFILE64_SOURCE -D_FILE_OFFSET_BITS=64  -Os  -Wall -fexceptions -D_LARGEFILE_SOURCE -D_LARGEFILE64_SOURCE -D_FILE_OFFSET_BITS=64 conftest.c >&5
configure:18527: $? = 0
configure:18527: /media/panpan/tools/buildroot-2018.02.8/output/host/bin/arm-linux-gnueabihf-gcc -c -D_LARGEFILE_SOURCE -D_LARGEFILE64_SOURCE -D_FILE_OFFSET_BITS=64  -Os  -Wall -fexceptions -D_LARGEFILE_SOURCE -D_LARGEFILE64_SOURCE -D_FILE_OFFSET_BITS=64 conftest.c >&5
conftest.c: In function 'main':
conftest.c:70:12: error: size of array 'test_array' is negative
 static int test_array [1 - 2 * !(((long int) (sizeof (double))) <= 0)];
            ^~~~~~~~~~
configure:18527: $? = 1
configure: failed program was:
| /* confdefs.h */
| #define PACKAGE_NAME "libffi"
| #define PACKAGE_TARNAME "libffi"
| #define PACKAGE_VERSION "3.2.1"
| #define PACKAGE_STRING "libffi 3.2.1"
| #define PACKAGE_BUGREPORT "http://github.com/atgreen/libffi/issues"
| #define PACKAGE_URL ""
| #define PACKAGE "libffi"
| #define VERSION "3.2.1"
| #define STDC_HEADERS 1
| #define HAVE_SYS_TYPES_H 1
| #define HAVE_SYS_STAT_H 1
| #define HAVE_STDLIB_H 1
| #define HAVE_STRING_H 1
| #define HAVE_MEMORY_H 1
| #define HAVE_STRINGS_H 1
| #define HAVE_INTTYPES_H 1
| #define HAVE_STDINT_H 1
| #define HAVE_UNISTD_H 1
| #define HAVE_DLFCN_H 1
| #define LT_OBJDIR ".libs/"
| #define SIZEOF_SIZE_T 4
| #define HAVE_SYS_MMAN_H 1
| #define HAVE_MMAP 1
| #define HAVE_MKOSTEMP 1
| #define HAVE_MMAP_FILE 1
| #define HAVE_MMAP_DEV_ZERO 1
| #define HAVE_MMAP_ANON 1
| #define STDC_HEADERS 1
| #define HAVE_MEMCPY 1
| #define HAVE_ALLOCA_H 1
| #define HAVE_ALLOCA 1
| /* end confdefs.h.  */
| #include <stdio.h>
| #ifdef HAVE_SYS_TYPES_H
| # include <sys/types.h>
| #endif
| #ifdef HAVE_SYS_STAT_H
| # include <sys/stat.h>
| #endif
| #ifdef STDC_HEADERS
| # include <stdlib.h>
| # include <stddef.h>
| #else
| # ifdef HAVE_STDLIB_H
| #  include <stdlib.h>
| # endif
| #endif
| #ifdef HAVE_STRING_H
| # if !defined STDC_HEADERS && defined HAVE_MEMORY_H
| #  include <memory.h>
| # endif
| # include <string.h>
| #endif
| #ifdef HAVE_STRINGS_H
| # include <strings.h>
| #endif
| #ifdef HAVE_INTTYPES_H
| # include <inttypes.h>
| #endif
| #ifdef HAVE_STDINT_H
| # include <stdint.h>
| #endif
| #ifdef HAVE_UNISTD_H
| # include <unistd.h>
| #endif
| int
| main ()
| {
| static int test_array [1 - 2 * !(((long int) (sizeof (double))) <= 0)];
| test_array [0] = 0;
| return test_array [0];
| 
|   ;
|   return 0;
| }
configure:18527: /media/panpan/tools/buildroot-2018.02.8/output/host/bin/arm-linux-gnueabihf-gcc -c -D_LARGEFILE_SOURCE -D_LARGEFILE64_SOURCE -D_FILE_OFFSET_BITS=64  -Os  -Wall -fexceptions -D_LARGEFILE_SOURCE -D_LARGEFILE64_SOURCE -D_FILE_OFFSET_BITS=64 conftest.c >&5
conftest.c: In function 'main':
conftest.c:70:12: error: size of array 'test_array' is negative
 static int test_array [1 - 2 * !(((long int) (sizeof (double))) <= 1)];
            ^~~~~~~~~~
configure:18527: $? = 1
configure: failed program was:
| /* confdefs.h */
| #define PACKAGE_NAME "libffi"
| #define PACKAGE_TARNAME "libffi"
| #define PACKAGE_VERSION "3.2.1"
| #define PACKAGE_STRING "libffi 3.2.1"
| #define PACKAGE_BUGREPORT "http://github.com/atgreen/libffi/issues"
| #define PACKAGE_URL ""
| #define PACKAGE "libffi"
| #define VERSION "3.2.1"
| #define STDC_HEADERS 1
| #define HAVE_SYS_TYPES_H 1
| #define HAVE_SYS_STAT_H 1
| #define HAVE_STDLIB_H 1
| #define HAVE_STRING_H 1
| #define HAVE_MEMORY_H 1
| #define HAVE_STRINGS_H 1
| #define HAVE_INTTYPES_H 1
| #define HAVE_STDINT_H 1
| #define HAVE_UNISTD_H 1
| #define HAVE_DLFCN_H 1
| #define LT_OBJDIR ".libs/"
| #define SIZEOF_SIZE_T 4
| #define HAVE_SYS_MMAN_H 1
| #define HAVE_MMAP 1
| #define HAVE_MKOSTEMP 1
| #define HAVE_MMAP_FILE 1
| #define HAVE_MMAP_DEV_ZERO 1
| #define HAVE_MMAP_ANON 1
| #define STDC_HEADERS 1
| #define HAVE_MEMCPY 1
| #define HAVE_ALLOCA_H 1
| #define HAVE_ALLOCA 1
| /* end confdefs.h.  */
| #include <stdio.h>
| #ifdef HAVE_SYS_TYPES_H
| # include <sys/types.h>
| #endif
| #ifdef HAVE_SYS_STAT_H
| # include <sys/stat.h>
| #endif
| #ifdef STDC_HEADERS
| # include <stdlib.h>
| # include <stddef.h>
| #else
| # ifdef HAVE_STDLIB_H
| #  include <stdlib.h>
| # endif
| #endif
| #ifdef HAVE_STRING_H
| # if !defined STDC_HEADERS && defined HAVE_MEMORY_H
| #  include <memory.h>
| # endif
| # include <string.h>
| #endif
| #ifdef HAVE_STRINGS_H
| # include <strings.h>
| #endif
| #ifdef HAVE_INTTYPES_H
| # include <inttypes.h>
| #endif
| #ifdef HAVE_STDINT_H
| # include <stdint.h>
| #endif
| #ifdef HAVE_UNISTD_H
| # include <unistd.h>
| #endif
| int
| main ()
| {
| static int test_array [1 - 2 * !(((long int) (sizeof (double))) <= 1)];
| test_array [0] = 0;
| return test_array [0];
| 
|   ;
|   return 0;
| }
configure:18527: /media/panpan/tools/buildroot-2018.02.8/output/host/bin/arm-linux-gnueabihf-gcc -c -D_LARGEFILE_SOURCE -D_LARGEFILE64_SOURCE -D_FILE_OFFSET_BITS=64  -Os  -Wall -fexceptions -D_LARGEFILE_SOURCE -D_LARGEFILE64_SOURCE -D_FILE_OFFSET_BITS=64 conftest.c >&5
conftest.c: In function 'main':
conftest.c:70:12: error: size of array 'test_array' is negative
 static int test_array [1 - 2 * !(((long int) (sizeof (double))) <= 3)];
            ^~~~~~~~~~
configure:18527: $? = 1
configure: failed program was:
| /* confdefs.h */
| #define PACKAGE_NAME "libffi"
| #define PACKAGE_TARNAME "libffi"
| #define PACKAGE_VERSION "3.2.1"
| #define PACKAGE_STRING "libffi 3.2.1"
| #define PACKAGE_BUGREPORT "http://github.com/atgreen/libffi/issues"
| #define PACKAGE_URL ""
| #define PACKAGE "libffi"
| #define VERSION "3.2.1"
| #define STDC_HEADERS 1
| #define HAVE_SYS_TYPES_H 1
| #define HAVE_SYS_STAT_H 1
| #define HAVE_STDLIB_H 1
| #define HAVE_STRING_H 1
| #define HAVE_MEMORY_H 1
| #define HAVE_STRINGS_H 1
| #define HAVE_INTTYPES_H 1
| #define HAVE_STDINT_H 1
| #define HAVE_UNISTD_H 1
| #define HAVE_DLFCN_H 1
| #define LT_OBJDIR ".libs/"
| #define SIZEOF_SIZE_T 4
| #define HAVE_SYS_MMAN_H 1
| #define HAVE_MMAP 1
| #define HAVE_MKOSTEMP 1
| #define HAVE_MMAP_FILE 1
| #define HAVE_MMAP_DEV_ZERO 1
| #define HAVE_MMAP_ANON 1
| #define STDC_HEADERS 1
| #define HAVE_MEMCPY 1
| #define HAVE_ALLOCA_H 1
| #define HAVE_ALLOCA 1
| /* end confdefs.h.  */
| #include <stdio.h>
| #ifdef HAVE_SYS_TYPES_H
| # include <sys/types.h>
| #endif
| #ifdef HAVE_SYS_STAT_H
| # include <sys/stat.h>
| #endif
| #ifdef STDC_HEADERS
| # include <stdlib.h>
| # include <stddef.h>
| #else
| # ifdef HAVE_STDLIB_H
| #  include <stdlib.h>
| # endif
| #endif
| #ifdef HAVE_STRING_H
| # if !defined STDC_HEADERS && defined HAVE_MEMORY_H
| #  include <memory.h>
| # endif
| # include <string.h>
| #endif
| #ifdef HAVE_STRINGS_H
| # include <strings.h>
| #endif
| #ifdef HAVE_INTTYPES_H
| # include <inttypes.h>
| #endif
| #ifdef HAVE_STDINT_H
| # include <stdint.h>
| #endif
| #ifdef HAVE_UNISTD_H
| # include <unistd.h>
| #endif
| int
| main ()
| {
| static int test_array [1 - 2 * !(((long int) (sizeof (double))) <= 3)];
| test_array [0] = 0;
| return test_array [0];
| 
|   ;
|   return 0;
| }
configure:18527: /media/panpan/tools/buildroot-2018.02.8/output/host/bin/arm-linux-gnueabihf-gcc -c -D_LARGEFILE_SOURCE -D_LARGEFILE64_SOURCE -D_FILE_OFFSET_BITS=64  -Os  -Wall -fexceptions -D_LARGEFILE_SOURCE -D_LARGEFILE64_SOURCE -D_FILE_OFFSET_BITS=64 conftest.c >&5
conftest.c: In function 'main':
conftest.c:70:12: error: size of array 'test_array' is negative
 static int test_array [1 - 2 * !(((long int) (sizeof (double))) <= 7)];
            ^~~~~~~~~~
configure:18527: $? = 1
configure: failed program was:
| /* confdefs.h */
| #define PACKAGE_NAME "libffi"
| #define PACKAGE_TARNAME "libffi"
| #define PACKAGE_VERSION "3.2.1"
| #define PACKAGE_STRING "libffi 3.2.1"
| #define PACKAGE_BUGREPORT "http://github.com/atgreen/libffi/issues"
| #define PACKAGE_URL ""
| #define PACKAGE "libffi"
| #define VERSION "3.2.1"
| #define STDC_HEADERS 1
| #define HAVE_SYS_TYPES_H 1
| #define HAVE_SYS_STAT_H 1
| #define HAVE_STDLIB_H 1
| #define HAVE_STRING_H 1
| #define HAVE_MEMORY_H 1
| #define HAVE_STRINGS_H 1
| #define HAVE_INTTYPES_H 1
| #define HAVE_STDINT_H 1
| #define HAVE_UNISTD_H 1
| #define HAVE_DLFCN_H 1
| #define LT_OBJDIR ".libs/"
| #define SIZEOF_SIZE_T 4
| #define HAVE_SYS_MMAN_H 1
| #define HAVE_MMAP 1
| #define HAVE_MKOSTEMP 1
| #define HAVE_MMAP_FILE 1
| #define HAVE_MMAP_DEV_ZERO 1
| #define HAVE_MMAP_ANON 1
| #define STDC_HEADERS 1
| #define HAVE_MEMCPY 1
| #define HAVE_ALLOCA_H 1
| #define HAVE_ALLOCA 1
| /* end confdefs.h.  */
| #include <stdio.h>
| #ifdef HAVE_SYS_TYPES_H
| # include <sys/types.h>
| #endif
| #ifdef HAVE_SYS_STAT_H
| # include <sys/stat.h>
| #endif
| #ifdef STDC_HEADERS
| # include <stdlib.h>
| # include <stddef.h>
| #else
| # ifdef HAVE_STDLIB_H
| #  include <stdlib.h>
| # endif
| #endif
| #ifdef HAVE_STRING_H
| # if !defined STDC_HEADERS && defined HAVE_MEMORY_H
| #  include <memory.h>
| # endif
| # include <string.h>
| #endif
| #ifdef HAVE_STRINGS_H
| # include <strings.h>
| #endif
| #ifdef HAVE_INTTYPES_H
| # include <inttypes.h>
| #endif
| #ifdef HAVE_STDINT_H
| # include <stdint.h>
| #endif
| #ifdef HAVE_UNISTD_H
| # include <unistd.h>
| #endif
| int
| main ()
| {
| static int test_array [1 - 2 * !(((long int) (sizeof (double))) <= 7)];
| test_array [0] = 0;
| return test_array [0];
| 
|   ;
|   return 0;
| }
configure:18527: /media/panpan/tools/buildroot-2018.02.8/output/host/bin/arm-linux-gnueabihf-gcc -c -D_LARGEFILE_SOURCE -D_LARGEFILE64_SOURCE -D_FILE_OFFSET_BITS=64  -Os  -Wall -fexceptions -D_LARGEFILE_SOURCE -D_LARGEFILE64_SOURCE -D_FILE_OFFSET_BITS=64 conftest.c >&5
configure:18527: $? = 0
configure:18527: /media/panpan/tools/buildroot-2018.02.8/output/host/bin/arm-linux-gnueabihf-gcc -c -D_LARGEFILE_SOURCE -D_LARGEFILE64_SOURCE -D_FILE_OFFSET_BITS=64  -Os  -Wall -fexceptions -D_LARGEFILE_SOURCE -D_LARGEFILE64_SOURCE -D_FILE_OFFSET_BITS=64 conftest.c >&5
configure:18527: $? = 0
configure:18527: /media/panpan/tools/buildroot-2018.02.8/output/host/bin/arm-linux-gnueabihf-gcc -c -D_LARGEFILE_SOURCE -D_LARGEFILE64_SOURCE -D_FILE_OFFSET_BITS=64  -Os  -Wall -fexceptions -D_LARGEFILE_SOURCE -D_LARGEFILE64_SOURCE -D_FILE_OFFSET_BITS=64 conftest.c >&5
configure:18527: $? = 0
configure:18527: /media/panpan/tools/buildroot-2018.02.8/output/host/bin/arm-linux-gnueabihf-gcc -c -D_LARGEFILE_SOURCE -D_LARGEFILE64_SOURCE -D_FILE_OFFSET_BITS=64  -Os  -Wall -fexceptions -D_LARGEFILE_SOURCE -D_LARGEFILE64_SOURCE -D_FILE_OFFSET_BITS=64 conftest.c >&5
configure:18527: $? = 0
configure:18541: result: 8
configure:18555: checking size of long double
configure:18560: /media/panpan/tools/buildroot-2018.02.8/output/host/bin/arm-linux-gnueabihf-gcc -c -D_LARGEFILE_SOURCE -D_LARGEFILE64_SOURCE -D_FILE_OFFSET_BITS=64  -Os  -Wall -fexceptions -D_LARGEFILE_SOURCE -D_LARGEFILE64_SOURCE -D_FILE_OFFSET_BITS=64 conftest.c >&5
configure:18560: $? = 0
configure:18560: /media/panpan/tools/buildroot-2018.02.8/output/host/bin/arm-linux-gnueabihf-gcc -c -D_LARGEFILE_SOURCE -D_LARGEFILE64_SOURCE -D_FILE_OFFSET_BITS=64  -Os  -Wall -fexceptions -D_LARGEFILE_SOURCE -D_LARGEFILE64_SOURCE -D_FILE_OFFSET_BITS=64 conftest.c >&5
conftest.c: In function 'main':
conftest.c:71:12: error: size of array 'test_array' is negative
 static int test_array [1 - 2 * !(((long int) (sizeof (long double))) <= 0)];
            ^~~~~~~~~~
configure:18560: $? = 1
configure: failed program was:
| /* confdefs.h */
| #define PACKAGE_NAME "libffi"
| #define PACKAGE_TARNAME "libffi"
| #define PACKAGE_VERSION "3.2.1"
| #define PACKAGE_STRING "libffi 3.2.1"
| #define PACKAGE_BUGREPORT "http://github.com/atgreen/libffi/issues"
| #define PACKAGE_URL ""
| #define PACKAGE "libffi"
| #define VERSION "3.2.1"
| #define STDC_HEADERS 1
| #define HAVE_SYS_TYPES_H 1
| #define HAVE_SYS_STAT_H 1
| #define HAVE_STDLIB_H 1
| #define HAVE_STRING_H 1
| #define HAVE_MEMORY_H 1
| #define HAVE_STRINGS_H 1
| #define HAVE_INTTYPES_H 1
| #define HAVE_STDINT_H 1
| #define HAVE_UNISTD_H 1
| #define HAVE_DLFCN_H 1
| #define LT_OBJDIR ".libs/"
| #define SIZEOF_SIZE_T 4
| #define HAVE_SYS_MMAN_H 1
| #define HAVE_MMAP 1
| #define HAVE_MKOSTEMP 1
| #define HAVE_MMAP_FILE 1
| #define HAVE_MMAP_DEV_ZERO 1
| #define HAVE_MMAP_ANON 1
| #define STDC_HEADERS 1
| #define HAVE_MEMCPY 1
| #define HAVE_ALLOCA_H 1
| #define HAVE_ALLOCA 1
| #define SIZEOF_DOUBLE 8
| /* end confdefs.h.  */
| #include <stdio.h>
| #ifdef HAVE_SYS_TYPES_H
| # include <sys/types.h>
| #endif
| #ifdef HAVE_SYS_STAT_H
| # include <sys/stat.h>
| #endif
| #ifdef STDC_HEADERS
| # include <stdlib.h>
| # include <stddef.h>
| #else
| # ifdef HAVE_STDLIB_H
| #  include <stdlib.h>
| # endif
| #endif
| #ifdef HAVE_STRING_H
| # if !defined STDC_HEADERS && defined HAVE_MEMORY_H
| #  include <memory.h>
| # endif
| # include <string.h>
| #endif
| #ifdef HAVE_STRINGS_H
| # include <strings.h>
| #endif
| #ifdef HAVE_INTTYPES_H
| # include <inttypes.h>
| #endif
| #ifdef HAVE_STDINT_H
| # include <stdint.h>
| #endif
| #ifdef HAVE_UNISTD_H
| # include <unistd.h>
| #endif
| int
| main ()
| {
| static int test_array [1 - 2 * !(((long int) (sizeof (long double))) <= 0)];
| test_array [0] = 0;
| return test_array [0];
| 
|   ;
|   return 0;
| }
configure:18560: /media/panpan/tools/buildroot-2018.02.8/output/host/bin/arm-linux-gnueabihf-gcc -c -D_LARGEFILE_SOURCE -D_LARGEFILE64_SOURCE -D_FILE_OFFSET_BITS=64  -Os  -Wall -fexceptions -D_LARGEFILE_SOURCE -D_LARGEFILE64_SOURCE -D_FILE_OFFSET_BITS=64 conftest.c >&5
conftest.c: In function 'main':
conftest.c:71:12: error: size of array 'test_array' is negative
 static int test_array [1 - 2 * !(((long int) (sizeof (long double))) <= 1)];
            ^~~~~~~~~~
configure:18560: $? = 1
configure: failed program was:
| /* confdefs.h */
| #define PACKAGE_NAME "libffi"
| #define PACKAGE_TARNAME "libffi"
| #define PACKAGE_VERSION "3.2.1"
| #define PACKAGE_STRING "libffi 3.2.1"
| #define PACKAGE_BUGREPORT "http://github.com/atgreen/libffi/issues"
| #define PACKAGE_URL ""
| #define PACKAGE "libffi"
| #define VERSION "3.2.1"
| #define STDC_HEADERS 1
| #define HAVE_SYS_TYPES_H 1
| #define HAVE_SYS_STAT_H 1
| #define HAVE_STDLIB_H 1
| #define HAVE_STRING_H 1
| #define HAVE_MEMORY_H 1
| #define HAVE_STRINGS_H 1
| #define HAVE_INTTYPES_H 1
| #define HAVE_STDINT_H 1
| #define HAVE_UNISTD_H 1
| #define HAVE_DLFCN_H 1
| #define LT_OBJDIR ".libs/"
| #define SIZEOF_SIZE_T 4
| #define HAVE_SYS_MMAN_H 1
| #define HAVE_MMAP 1
| #define HAVE_MKOSTEMP 1
| #define HAVE_MMAP_FILE 1
| #define HAVE_MMAP_DEV_ZERO 1
| #define HAVE_MMAP_ANON 1
| #define STDC_HEADERS 1
| #define HAVE_MEMCPY 1
| #define HAVE_ALLOCA_H 1
| #define HAVE_ALLOCA 1
| #define SIZEOF_DOUBLE 8
| /* end confdefs.h.  */
| #include <stdio.h>
| #ifdef HAVE_SYS_TYPES_H
| # include <sys/types.h>
| #endif
| #ifdef HAVE_SYS_STAT_H
| # include <sys/stat.h>
| #endif
| #ifdef STDC_HEADERS
| # include <stdlib.h>
| # include <stddef.h>
| #else
| # ifdef HAVE_STDLIB_H
| #  include <stdlib.h>
| # endif
| #endif
| #ifdef HAVE_STRING_H
| # if !defined STDC_HEADERS && defined HAVE_MEMORY_H
| #  include <memory.h>
| # endif
| # include <string.h>
| #endif
| #ifdef HAVE_STRINGS_H
| # include <strings.h>
| #endif
| #ifdef HAVE_INTTYPES_H
| # include <inttypes.h>
| #endif
| #ifdef HAVE_STDINT_H
| # include <stdint.h>
| #endif
| #ifdef HAVE_UNISTD_H
| # include <unistd.h>
| #endif
| int
| main ()
| {
| static int test_array [1 - 2 * !(((long int) (sizeof (long double))) <= 1)];
| test_array [0] = 0;
| return test_array [0];
| 
|   ;
|   return 0;
| }
configure:18560: /media/panpan/tools/buildroot-2018.02.8/output/host/bin/arm-linux-gnueabihf-gcc -c -D_LARGEFILE_SOURCE -D_LARGEFILE64_SOURCE -D_FILE_OFFSET_BITS=64  -Os  -Wall -fexceptions -D_LARGEFILE_SOURCE -D_LARGEFILE64_SOURCE -D_FILE_OFFSET_BITS=64 conftest.c >&5
conftest.c: In function 'main':
conftest.c:71:12: error: size of array 'test_array' is negative
 static int test_array [1 - 2 * !(((long int) (sizeof (long double))) <= 3)];
            ^~~~~~~~~~
configure:18560: $? = 1
configure: failed program was:
| /* confdefs.h */
| #define PACKAGE_NAME "libffi"
| #define PACKAGE_TARNAME "libffi"
| #define PACKAGE_VERSION "3.2.1"
| #define PACKAGE_STRING "libffi 3.2.1"
| #define PACKAGE_BUGREPORT "http://github.com/atgreen/libffi/issues"
| #define PACKAGE_URL ""
| #define PACKAGE "libffi"
| #define VERSION "3.2.1"
| #define STDC_HEADERS 1
| #define HAVE_SYS_TYPES_H 1
| #define HAVE_SYS_STAT_H 1
| #define HAVE_STDLIB_H 1
| #define HAVE_STRING_H 1
| #define HAVE_MEMORY_H 1
| #define HAVE_STRINGS_H 1
| #define HAVE_INTTYPES_H 1
| #define HAVE_STDINT_H 1
| #define HAVE_UNISTD_H 1
| #define HAVE_DLFCN_H 1
| #define LT_OBJDIR ".libs/"
| #define SIZEOF_SIZE_T 4
| #define HAVE_SYS_MMAN_H 1
| #define HAVE_MMAP 1
| #define HAVE_MKOSTEMP 1
| #define HAVE_MMAP_FILE 1
| #define HAVE_MMAP_DEV_ZERO 1
| #define HAVE_MMAP_ANON 1
| #define STDC_HEADERS 1
| #define HAVE_MEMCPY 1
| #define HAVE_ALLOCA_H 1
| #define HAVE_ALLOCA 1
| #define SIZEOF_DOUBLE 8
| /* end confdefs.h.  */
| #include <stdio.h>
| #ifdef HAVE_SYS_TYPES_H
| # include <sys/types.h>
| #endif
| #ifdef HAVE_SYS_STAT_H
| # include <sys/stat.h>
| #endif
| #ifdef STDC_HEADERS
| # include <stdlib.h>
| # include <stddef.h>
| #else
| # ifdef HAVE_STDLIB_H
| #  include <stdlib.h>
| # endif
| #endif
| #ifdef HAVE_STRING_H
| # if !defined STDC_HEADERS && defined HAVE_MEMORY_H
| #  include <memory.h>
| # endif
| # include <string.h>
| #endif
| #ifdef HAVE_STRINGS_H
| # include <strings.h>
| #endif
| #ifdef HAVE_INTTYPES_H
| # include <inttypes.h>
| #endif
| #ifdef HAVE_STDINT_H
| # include <stdint.h>
| #endif
| #ifdef HAVE_UNISTD_H
| # include <unistd.h>
| #endif
| int
| main ()
| {
| static int test_array [1 - 2 * !(((long int) (sizeof (long double))) <= 3)];
| test_array [0] = 0;
| return test_array [0];
| 
|   ;
|   return 0;
| }
configure:18560: /media/panpan/tools/buildroot-2018.02.8/output/host/bin/arm-linux-gnueabihf-gcc -c -D_LARGEFILE_SOURCE -D_LARGEFILE64_SOURCE -D_FILE_OFFSET_BITS=64  -Os  -Wall -fexceptions -D_LARGEFILE_SOURCE -D_LARGEFILE64_SOURCE -D_FILE_OFFSET_BITS=64 conftest.c >&5
conftest.c: In function 'main':
conftest.c:71:12: error: size of array 'test_array' is negative
 static int test_array [1 - 2 * !(((long int) (sizeof (long double))) <= 7)];
            ^~~~~~~~~~
configure:18560: $? = 1
configure: failed program was:
| /* confdefs.h */
| #define PACKAGE_NAME "libffi"
| #define PACKAGE_TARNAME "libffi"
| #define PACKAGE_VERSION "3.2.1"
| #define PACKAGE_STRING "libffi 3.2.1"
| #define PACKAGE_BUGREPORT "http://github.com/atgreen/libffi/issues"
| #define PACKAGE_URL ""
| #define PACKAGE "libffi"
| #define VERSION "3.2.1"
| #define STDC_HEADERS 1
| #define HAVE_SYS_TYPES_H 1
| #define HAVE_SYS_STAT_H 1
| #define HAVE_STDLIB_H 1
| #define HAVE_STRING_H 1
| #define HAVE_MEMORY_H 1
| #define HAVE_STRINGS_H 1
| #define HAVE_INTTYPES_H 1
| #define HAVE_STDINT_H 1
| #define HAVE_UNISTD_H 1
| #define HAVE_DLFCN_H 1
| #define LT_OBJDIR ".libs/"
| #define SIZEOF_SIZE_T 4
| #define HAVE_SYS_MMAN_H 1
| #define HAVE_MMAP 1
| #define HAVE_MKOSTEMP 1
| #define HAVE_MMAP_FILE 1
| #define HAVE_MMAP_DEV_ZERO 1
| #define HAVE_MMAP_ANON 1
| #define STDC_HEADERS 1
| #define HAVE_MEMCPY 1
| #define HAVE_ALLOCA_H 1
| #define HAVE_ALLOCA 1
| #define SIZEOF_DOUBLE 8
| /* end confdefs.h.  */
| #include <stdio.h>
| #ifdef HAVE_SYS_TYPES_H
| # include <sys/types.h>
| #endif
| #ifdef HAVE_SYS_STAT_H
| # include <sys/stat.h>
| #endif
| #ifdef STDC_HEADERS
| # include <stdlib.h>
| # include <stddef.h>
| #else
| # ifdef HAVE_STDLIB_H
| #  include <stdlib.h>
| # endif
| #endif
| #ifdef HAVE_STRING_H
| # if !defined STDC_HEADERS && defined HAVE_MEMORY_H
| #  include <memory.h>
| # endif
| # include <string.h>
| #endif
| #ifdef HAVE_STRINGS_H
| # include <strings.h>
| #endif
| #ifdef HAVE_INTTYPES_H
| # include <inttypes.h>
| #endif
| #ifdef HAVE_STDINT_H
| # include <stdint.h>
| #endif
| #ifdef HAVE_UNISTD_H
| # include <unistd.h>
| #endif
| int
| main ()
| {
| static int test_array [1 - 2 * !(((long int) (sizeof (long double))) <= 7)];
| test_array [0] = 0;
| return test_array [0];
| 
|   ;
|   return 0;
| }
configure:18560: /media/panpan/tools/buildroot-2018.02.8/output/host/bin/arm-linux-gnueabihf-gcc -c -D_LARGEFILE_SOURCE -D_LARGEFILE64_SOURCE -D_FILE_OFFSET_BITS=64  -Os  -Wall -fexceptions -D_LARGEFILE_SOURCE -D_LARGEFILE64_SOURCE -D_FILE_OFFSET_BITS=64 conftest.c >&5
configure:18560: $? = 0
configure:18560: /media/panpan/tools/buildroot-2018.02.8/output/host/bin/arm-linux-gnueabihf-gcc -c -D_LARGEFILE_SOURCE -D_LARGEFILE64_SOURCE -D_FILE_OFFSET_BITS=64  -Os  -Wall -fexceptions -D_LARGEFILE_SOURCE -D_LARGEFILE64_SOURCE -D_FILE_OFFSET_BITS=64 conftest.c >&5
configure:18560: $? = 0
configure:18560: /media/panpan/tools/buildroot-2018.02.8/output/host/bin/arm-linux-gnueabihf-gcc -c -D_LARGEFILE_SOURCE -D_LARGEFILE64_SOURCE -D_FILE_OFFSET_BITS=64  -Os  -Wall -fexceptions -D_LARGEFILE_SOURCE -D_LARGEFILE64_SOURCE -D_FILE_OFFSET_BITS=64 conftest.c >&5
configure:18560: $? = 0
configure:18560: /media/panpan/tools/buildroot-2018.02.8/output/host/bin/arm-linux-gnueabihf-gcc -c -D_LARGEFILE_SOURCE -D_LARGEFILE64_SOURCE -D_FILE_OFFSET_BITS=64  -Os  -Wall -fexceptions -D_LARGEFILE_SOURCE -D_LARGEFILE64_SOURCE -D_FILE_OFFSET_BITS=64 conftest.c >&5
configure:18560: $? = 0
configure:18574: result: 8
configure:18607: checking whether byte ordering is bigendian
configure:18813: result: no
configure:18832: checking assembler .cfi pseudo-op support
configure:18850: /media/panpan/tools/buildroot-2018.02.8/output/host/bin/arm-linux-gnueabihf-gcc -c -D_LARGEFILE_SOURCE -D_LARGEFILE64_SOURCE -D_FILE_OFFSET_BITS=64  -Os  -Wall -fexceptions -D_LARGEFILE_SOURCE -D_LARGEFILE64_SOURCE -D_FILE_OFFSET_BITS=64 conftest.c >&5
configure:18850: $? = 0
configure:18858: result: yes
configure:19047: checking for _ prefix in compiled symbols
configure:19057: /media/panpan/tools/buildroot-2018.02.8/output/host/bin/arm-linux-gnueabihf-gcc -c -D_LARGEFILE_SOURCE -D_LARGEFILE64_SOURCE -D_FILE_OFFSET_BITS=64  -Os  -Wall -fexceptions -D_LARGEFILE_SOURCE -D_LARGEFILE64_SOURCE -D_FILE_OFFSET_BITS=64 conftest.c >&5
conftest.c: In function 'main':
conftest.c:2:12: warning: statement with no effect [-Wunused-value]
 int main(){nm_test_func;return 0;}
            ^~~~~~~~~~~~
configure:19060: $? = 0
configure:19064: /media/panpan/tools/buildroot-2018.02.8/output/host/bin/arm-linux-gnueabihf-nm conftest.o \| sed -n -e 's/^.*[	 ]\([ABCDGIRSTW][ABCDGIRSTW]*\)[	 ][	 ]*\([_A-Za-z][_A-Za-z0-9]*\)$/\1 \2 \2/p' | sed '/ __gnu_lto/d' \> conftest.nm
configure:19067: $? = 0
configure:19089: result: no
configure:19191: checking whether .eh_frame section should be read-only
configure:19211: result: no
configure:19226: checking for __attribute__((visibility("hidden")))
configure:19235: /media/panpan/tools/buildroot-2018.02.8/output/host/bin/arm-linux-gnueabihf-gcc -Werror -S conftest.c -o conftest.s 1>&5
configure:19238: $? = 0
configure:19247: result: yes
configure:19461: checking that generated files are newer than configure
configure:19467: result: done
configure:19679: creating ./config.status

## ---------------------- ##
## Running config.status. ##
## ---------------------- ##

This file was extended by libffi config.status 3.2.1, which was
generated by GNU Autoconf 2.69.  Invocation command line was

  CONFIG_FILES    = 
  CONFIG_HEADERS  = 
  CONFIG_LINKS    = 
  CONFIG_COMMANDS = 
  $ ./config.status 

on zed-00

config.status:1296: creating include/Makefile
config.status:1296: creating include/ffi.h
config.status:1296: creating Makefile
config.status:1296: creating testsuite/Makefile
config.status:1296: creating man/Makefile
config.status:1296: creating libffi.pc
config.status:1296: creating fficonfig.h
config.status:1522: linking ../src/arm/ffitarget.h to include/ffitarget.h
config.status:1541: executing buildir commands
config.status:1571: create top_srcdir/Makefile guessed from local Makefile
config.status:1686: build in arm-buildroot-linux-gnueabihf (HOST=)
config.status:1541: executing depfiles commands
config.status:1541: executing libtool commands
config.status:1541: executing include commands
config.status:1541: executing src commands
configure:22286: WARNING: unrecognized options: --disable-gtk-doc, --disable-gtk-doc-html, --disable-doc, --disable-docs, --disable-documentation, --with-xmlto, --with-fop, --enable-ipv6, --disable-nls

## ---------------- ##
## Cache variables. ##
## ---------------- ##

ac_cv_build=x86_64-pc-linux-gnu
ac_cv_c_bigendian=no
ac_cv_c_compiler_gnu=yes
ac_cv_cflags_warn_all=-Wall
ac_cv_cxx_compiler_gnu=yes
ac_cv_decl_map_anon=yes
ac_cv_env_CCASFLAGS_set=
ac_cv_env_CCASFLAGS_value=
ac_cv_env_CCAS_set=
ac_cv_env_CCAS_value=
ac_cv_env_CPPFLAGS_set=set
ac_cv_env_CPPFLAGS_value='-D_LARGEFILE_SOURCE -D_LARGEFILE64_SOURCE -D_FILE_OFFSET_BITS=64'
ac_cv_env_CPP_set=set
ac_cv_env_CPP_value=/media/panpan/tools/buildroot-2018.02.8/output/host/bin/arm-linux-gnueabihf-cpp
ac_cv_env_CXXCPP_set=
ac_cv_env_CXXCPP_value=
ac_cv_env_LT_SYS_LIBRARY_PATH_set=
ac_cv_env_LT_SYS_LIBRARY_PATH_value=
ac_cv_env_build_alias_set=set
ac_cv_env_build_alias_value=x86_64-pc-linux-gnu
ac_cv_env_host_alias_set=set
ac_cv_env_host_alias_value=arm-buildroot-linux-gnueabihf
ac_cv_env_target_alias_set=set
ac_cv_env_target_alias_value=arm-buildroot-linux-gnueabihf
ac_cv_func_alloca_works=yes
ac_cv_func_calloc_0_nonnull=yes
ac_cv_func_malloc_0_nonnull=yes
ac_cv_func_memcmp_working=yes
ac_cv_func_memcpy=yes
ac_cv_func_mkostemp=yes
ac_cv_func_mmap=yes
ac_cv_func_mmap_anon=yes
ac_cv_func_mmap_dev_zero=yes
ac_cv_func_mmap_file=yes
ac_cv_func_mmap_fixed_mapped=yes
ac_cv_func_realloc_0_nonnull=yes
ac_cv_have_decl_malloc=yes
ac_cv_header_dlfcn_h=yes
ac_cv_header_inttypes_h=yes
ac_cv_header_memory_h=yes
ac_cv_header_stdc=yes
ac_cv_header_stdint_h=yes
ac_cv_header_stdlib_h=yes
ac_cv_header_string_h=yes
ac_cv_header_strings_h=yes
ac_cv_header_sys_mman_h=yes
ac_cv_header_sys_stat_h=yes
ac_cv_header_sys_types_h=yes
ac_cv_header_unistd_h=yes
ac_cv_host=arm-buildroot-linux-gnueabihf
ac_cv_lbl_unaligned_fail=yes
ac_cv_objext=o
ac_cv_path_EGREP='/bin/grep -E'
ac_cv_path_FGREP='/bin/grep -F'
ac_cv_path_GREP=/bin/grep
ac_cv_path_SED=/bin/sed
ac_cv_path_ax_enable_builddir_sed=sed
ac_cv_path_install='/usr/bin/install -c'
ac_cv_path_lt_DD=/bin/dd
ac_cv_path_mkdir=/bin/mkdir
ac_cv_prog_AR=/media/panpan/tools/buildroot-2018.02.8/output/host/bin/arm-linux-gnueabihf-ar
ac_cv_prog_AWK=gawk
ac_cv_prog_CC=/media/panpan/tools/buildroot-2018.02.8/output/host/bin/arm-linux-gnueabihf-gcc
ac_cv_prog_CPP=/media/panpan/tools/buildroot-2018.02.8/output/host/bin/arm-linux-gnueabihf-cpp
ac_cv_prog_CXXCPP='/media/panpan/tools/buildroot-2018.02.8/output/host/bin/arm-linux-gnueabihf-g++ -E'
ac_cv_prog_OBJDUMP=/media/panpan/tools/buildroot-2018.02.8/output/host/bin/arm-linux-gnueabihf-objdump
ac_cv_prog_RANLIB=/media/panpan/tools/buildroot-2018.02.8/output/host/bin/arm-linux-gnueabihf-ranlib
ac_cv_prog_STRIP=/media/panpan/tools/buildroot-2018.02.8/output/host/bin/arm-linux-gnueabihf-strip
ac_cv_prog_ac_ct_MANIFEST_TOOL=mt
ac_cv_prog_cc_c89=
ac_cv_prog_cc_g=yes
ac_cv_prog_cxx_g=yes
ac_cv_prog_make_make_set=yes
ac_cv_sizeof_double=8
ac_cv_sizeof_long_double=8
ac_cv_sizeof_size_t=4
ac_cv_target=arm-buildroot-linux-gnueabihf
ac_cv_type_size_t=yes
ac_cv_working_alloca_h=yes
am_cv_CCAS_dependencies_compiler_type=none
am_cv_CC_dependencies_compiler_type=none
am_cv_CXX_dependencies_compiler_type=none
am_cv_make_support_nested_variables=yes
am_cv_prog_cc_c_o=yes
ax_cv_c_compiler_vendor=gnu
gcc_cv_as_cfi_pseudo_op=yes
gl_cv_func_malloc_0_nonnull=yes
libffi_cv_hidden_visibility_attribute=yes
libffi_cv_ro_eh_frame=no
lt_cv_ar_at_file=@
lt_cv_archive_cmds_need_lc=no
lt_cv_deplibs_check_method=pass_all
lt_cv_file_magic_cmd='$MAGIC_CMD'
lt_cv_file_magic_test_file=
lt_cv_ld_reload_flag=-r
lt_cv_nm_interface='BSD nm'
lt_cv_objdir=.libs
lt_cv_path_LD=/media/panpan/tools/buildroot-2018.02.8/output/host/bin/arm-linux-gnueabihf-ld
lt_cv_path_LDCXX=/media/panpan/tools/buildroot-2018.02.8/output/host/bin/arm-linux-gnueabihf-ld
lt_cv_path_NM=/media/panpan/tools/buildroot-2018.02.8/output/host/bin/arm-linux-gnueabihf-nm
lt_cv_path_mainfest_tool=no
lt_cv_prog_compiler_c_o=yes
lt_cv_prog_compiler_c_o_CXX=yes
lt_cv_prog_compiler_pic='-fPIC -DPIC'
lt_cv_prog_compiler_pic_CXX='-fPIC -DPIC'
lt_cv_prog_compiler_pic_works=yes
lt_cv_prog_compiler_pic_works_CXX=yes
lt_cv_prog_compiler_rtti_exceptions=no
lt_cv_prog_compiler_static_works=yes
lt_cv_prog_compiler_static_works_CXX=yes
lt_cv_prog_gnu_ld=yes
lt_cv_prog_gnu_ldcxx=yes
lt_cv_sharedlib_from_linklib_cmd='printf %s\n'
lt_cv_shlibpath_overrides_runpath=no
lt_cv_sys_global_symbol_pipe='sed -n -e '\''s/^.*[	 ]\([ABCDGIRSTW][ABCDGIRSTW]*\)[	 ][	 ]*\([_A-Za-z][_A-Za-z0-9]*\)$/\1 \2 \2/p'\'' | sed '\''/ __gnu_lto/d'\'''
lt_cv_sys_global_symbol_to_c_name_address='sed -n -e '\''s/^: \(.*\) .*$/  {"\1", (void *) 0},/p'\'' -e '\''s/^[ABCDGIRSTW][ABCDGIRSTW]* .* \(.*\)$/  {"\1", (void *) \&\1},/p'\'''
lt_cv_sys_global_symbol_to_c_name_address_lib_prefix='sed -n -e '\''s/^: \(.*\) .*$/  {"\1", (void *) 0},/p'\'' -e '\''s/^[ABCDGIRSTW][ABCDGIRSTW]* .* \(lib.*\)$/  {"\1", (void *) \&\1},/p'\'' -e '\''s/^[ABCDGIRSTW][ABCDGIRSTW]* .* \(.*\)$/  {"lib\1", (void *) \&\1},/p'\'''
lt_cv_sys_global_symbol_to_cdecl='sed -n -e '\''s/^T .* \(.*\)$/extern int \1();/p'\'' -e '\''s/^[ABCDGIRSTW][ABCDGIRSTW]* .* \(.*\)$/extern char \1;/p'\'''
lt_cv_sys_global_symbol_to_import=
lt_cv_sys_lib_search_path_spec=
lt_cv_sys_max_cmd_len=1572864
lt_cv_sys_symbol_underscore=no
lt_cv_to_host_file_cmd=func_convert_file_noop
lt_cv_to_tool_file_cmd=func_convert_file_noop
lt_cv_truncate_bin='/bin/dd bs=4096 count=1'

## ----------------- ##
## Output variables. ##
## ----------------- ##

AARCH64_FALSE=''
AARCH64_TRUE='#'
ACLOCAL='${SHELL} /media/panpan/tools/buildroot-2018.02.8/output/build/libffi-3.2.1/missing aclocal-1.15'
ALLOCA=''
ALPHA_FALSE=''
ALPHA_TRUE='#'
AMDEPBACKSLASH=''
AMDEP_FALSE=''
AMDEP_TRUE='#'
AMTAR='$${TAR-tar}'
AM_BACKSLASH='\'
AM_DEFAULT_V='$(AM_DEFAULT_VERBOSITY)'
AM_DEFAULT_VERBOSITY='1'
AM_LTLDFLAGS=''
AM_RUNTESTFLAGS=''
AM_V='$(V)'
AR='/media/panpan/tools/buildroot-2018.02.8/output/host/bin/arm-linux-gnueabihf-ar'
ARC_FALSE=''
ARC_TRUE='#'
ARM_FALSE='#'
ARM_TRUE=''
AUTOCONF='${SHELL} /media/panpan/tools/buildroot-2018.02.8/output/build/libffi-3.2.1/missing autoconf'
AUTOHEADER='${SHELL} /media/panpan/tools/buildroot-2018.02.8/output/build/libffi-3.2.1/missing autoheader'
AUTOMAKE='${SHELL} /media/panpan/tools/buildroot-2018.02.8/output/build/libffi-3.2.1/missing automake-1.15'
AVR32_FALSE=''
AVR32_TRUE='#'
AWK='gawk'
BFIN_FALSE=''
BFIN_TRUE='#'
CC='/media/panpan/tools/buildroot-2018.02.8/output/host/bin/arm-linux-gnueabihf-gcc'
CCAS='/media/panpan/tools/buildroot-2018.02.8/output/host/bin/arm-linux-gnueabihf-gcc'
CCASDEPMODE='depmode=none'
CCASFLAGS='-D_LARGEFILE_SOURCE -D_LARGEFILE64_SOURCE -D_FILE_OFFSET_BITS=64  -Os '
CCDEPMODE='depmode=none'
CFLAGS='-D_LARGEFILE_SOURCE -D_LARGEFILE64_SOURCE -D_FILE_OFFSET_BITS=64  -Os  -Wall -fexceptions'
CPP='/media/panpan/tools/buildroot-2018.02.8/output/host/bin/arm-linux-gnueabihf-cpp'
CPPFLAGS='-D_LARGEFILE_SOURCE -D_LARGEFILE64_SOURCE -D_FILE_OFFSET_BITS=64'
CXX='/media/panpan/tools/buildroot-2018.02.8/output/host/bin/arm-linux-gnueabihf-g++'
CXXCPP='/media/panpan/tools/buildroot-2018.02.8/output/host/bin/arm-linux-gnueabihf-g++ -E'
CXXDEPMODE='depmode=none'
CXXFLAGS='-D_LARGEFILE_SOURCE -D_LARGEFILE64_SOURCE -D_FILE_OFFSET_BITS=64  -Os '
CYGPATH_W='echo'
DEFS='-DHAVE_CONFIG_H'
DEPDIR='.deps'
DLLTOOL='false'
DSYMUTIL=''
DUMPBIN=''
ECHO_C=''
ECHO_N='-n'
ECHO_T=''
EGREP='/bin/grep -E'
EXEEXT=''
FFI_DEBUG_FALSE=''
FFI_DEBUG_TRUE='#'
FFI_EXEC_TRAMPOLINE_TABLE='0'
FFI_EXEC_TRAMPOLINE_TABLE_FALSE=''
FFI_EXEC_TRAMPOLINE_TABLE_TRUE='#'
FGREP='/bin/grep -F'
FRV_FALSE=''
FRV_TRUE='#'
GREP='/bin/grep'
HAVE_LONG_DOUBLE='0'
HAVE_LONG_DOUBLE_VARIANT='0'
IA64_FALSE=''
IA64_TRUE='#'
INSTALL_DATA='${INSTALL} -m 644'
INSTALL_PROGRAM='${INSTALL}'
INSTALL_SCRIPT='${INSTALL}'
INSTALL_STRIP_PROGRAM='$(install_sh) -c -s'
LD='/media/panpan/tools/buildroot-2018.02.8/output/host/bin/arm-linux-gnueabihf-ld'
LDFLAGS=''
LIBFFI_CRIS_FALSE=''
LIBFFI_CRIS_TRUE='#'
LIBOBJS=''
LIBS=''
LIBTOOL='$(SHELL) $(top_builddir)/libtool'
LIPO=''
LN_S='ln -s'
LTLIBOBJS=''
LT_SYS_LIBRARY_PATH=''
M32R_FALSE=''
M32R_TRUE='#'
M68K_FALSE=''
M68K_TRUE='#'
M88K_FALSE=''
M88K_TRUE='#'
MAINT='#'
MAINTAINER_MODE_FALSE=''
MAINTAINER_MODE_TRUE='#'
MAKEINFO='${SHELL} /media/panpan/tools/buildroot-2018.02.8/output/build/libffi-3.2.1/missing makeinfo'
MANIFEST_TOOL=':'
METAG_FALSE=''
METAG_TRUE='#'
MICROBLAZE_FALSE=''
MICROBLAZE_TRUE='#'
MIPS_FALSE=''
MIPS_TRUE='#'
MKDIR_P='/bin/mkdir -p'
MOXIE_FALSE=''
MOXIE_TRUE='#'
NIOS2_FALSE=''
NIOS2_TRUE='#'
NM='/media/panpan/tools/buildroot-2018.02.8/output/host/bin/arm-linux-gnueabihf-nm'
NMEDIT=''
OBJDUMP='/media/panpan/tools/buildroot-2018.02.8/output/host/bin/arm-linux-gnueabihf-objdump'
OBJEXT='o'
OR1K_FALSE=''
OR1K_TRUE='#'
OTOOL64=''
OTOOL=''
PA64_HPUX_FALSE=''
PA64_HPUX_TRUE='#'
PACKAGE='libffi'
PACKAGE_BUGREPORT='http://github.com/atgreen/libffi/issues'
PACKAGE_NAME='libffi'
PACKAGE_STRING='libffi 3.2.1'
PACKAGE_TARNAME='libffi'
PACKAGE_URL=''
PACKAGE_VERSION='3.2.1'
PATH_SEPARATOR=':'
PA_HPUX_FALSE=''
PA_HPUX_TRUE='#'
PA_LINUX_FALSE=''
PA_LINUX_TRUE='#'
POWERPC_AIX_FALSE=''
POWERPC_AIX_TRUE='#'
POWERPC_DARWIN_FALSE=''
POWERPC_DARWIN_TRUE='#'
POWERPC_FALSE=''
POWERPC_FREEBSD_FALSE=''
POWERPC_FREEBSD_TRUE='#'
POWERPC_TRUE='#'
PRTDIAG=''
RANLIB='/media/panpan/tools/buildroot-2018.02.8/output/host/bin/arm-linux-gnueabihf-ranlib'
S390_FALSE=''
S390_TRUE='#'
SED='/bin/sed'
SET_MAKE=''
SH64_FALSE=''
SH64_TRUE='#'
SHELL='/bin/sh'
SH_FALSE=''
SH_TRUE='#'
SPARC_FALSE=''
SPARC_TRUE='#'
STRIP='/media/panpan/tools/buildroot-2018.02.8/output/host/bin/arm-linux-gnueabihf-strip'
TARGET='ARM'
TARGETDIR='arm'
TESTSUBDIR_FALSE='#'
TESTSUBDIR_TRUE=''
TILE_FALSE=''
TILE_TRUE='#'
VAX_FALSE=''
VAX_TRUE='#'
VERSION='3.2.1'
X86_64_FALSE=''
X86_64_TRUE='#'
X86_DARWIN32_FALSE=''
X86_DARWIN32_TRUE='#'
X86_DARWIN64_FALSE=''
X86_DARWIN64_TRUE='#'
X86_DARWIN_FALSE=''
X86_DARWIN_TRUE='#'
X86_FALSE=''
X86_FREEBSD_FALSE=''
X86_FREEBSD_TRUE='#'
X86_TRUE='#'
X86_WIN32_FALSE=''
X86_WIN32_TRUE='#'
X86_WIN64_FALSE=''
X86_WIN64_TRUE='#'
XTENSA_FALSE=''
XTENSA_TRUE='#'
ac_ct_AR=''
ac_ct_CC=''
ac_ct_CXX=''
ac_ct_DUMPBIN=''
am__EXEEXT_FALSE=''
am__EXEEXT_TRUE='#'
am__fastdepCCAS_FALSE=''
am__fastdepCCAS_TRUE='#'
am__fastdepCC_FALSE=''
am__fastdepCC_TRUE='#'
am__fastdepCXX_FALSE=''
am__fastdepCXX_TRUE='#'
am__include='include'
am__isrc=' -I$(srcdir)'
am__leading_dot='.'
am__nodep=''
am__quote=''
am__tar='$${TAR-tar} chof - "$$tardir"'
am__untar='$${TAR-tar} xf -'
ax_enable_builddir_sed='sed'
bindir='${exec_prefix}/bin'
build='x86_64-pc-linux-gnu'
build_alias='x86_64-pc-linux-gnu'
build_cpu='x86_64'
build_os='linux-gnu'
build_vendor='pc'
datadir='${datarootdir}'
datarootdir='${prefix}/share'
docdir='${datarootdir}/doc/${PACKAGE_TARNAME}'
dvidir='${docdir}'
exec_prefix='/usr'
host='arm-buildroot-linux-gnueabihf'
host_alias='arm-buildroot-linux-gnueabihf'
host_cpu='arm'
host_os='linux-gnueabihf'
host_vendor='buildroot'
htmldir='${docdir}'
includedir='${prefix}/include'
infodir='${datarootdir}/info'
install_sh='${SHELL} /media/panpan/tools/buildroot-2018.02.8/output/build/libffi-3.2.1/install-sh'
libdir='${exec_prefix}/lib'
libexecdir='${exec_prefix}/libexec'
localedir='${datarootdir}/locale'
localstatedir='/var'
mandir='${datarootdir}/man'
mkdir_p='$(MKDIR_P)'
oldincludedir='/usr/include'
pdfdir='${docdir}'
prefix='/usr'
program_transform_name='s&^&&'
psdir='${docdir}'
sbindir='${exec_prefix}/sbin'
sharedstatedir='${prefix}/com'
sys_symbol_underscore='no'
sysconfdir='/etc'
target='arm-buildroot-linux-gnueabihf'
target_alias='arm-buildroot-linux-gnueabihf'
target_cpu='arm'
target_os='linux-gnueabihf'
target_vendor='buildroot'
toolexecdir='${exec_prefix}/lib/gcc-lib/$(target_alias)'
toolexeclibdir='${exec_prefix}/lib'

## ----------- ##
## confdefs.h. ##
## ----------- ##

/* confdefs.h */
#define PACKAGE_NAME "libffi"
#define PACKAGE_TARNAME "libffi"
#define PACKAGE_VERSION "3.2.1"
#define PACKAGE_STRING "libffi 3.2.1"
#define PACKAGE_BUGREPORT "http://github.com/atgreen/libffi/issues"
#define PACKAGE_URL ""
#define PACKAGE "libffi"
#define VERSION "3.2.1"
#define STDC_HEADERS 1
#define HAVE_SYS_TYPES_H 1
#define HAVE_SYS_STAT_H 1
#define HAVE_STDLIB_H 1
#define HAVE_STRING_H 1
#define HAVE_MEMORY_H 1
#define HAVE_STRINGS_H 1
#define HAVE_INTTYPES_H 1
#define HAVE_STDINT_H 1
#define HAVE_UNISTD_H 1
#define HAVE_DLFCN_H 1
#define LT_OBJDIR ".libs/"
#define SIZEOF_SIZE_T 4
#define HAVE_SYS_MMAN_H 1
#define HAVE_MMAP 1
#define HAVE_MKOSTEMP 1
#define HAVE_MMAP_FILE 1
#define HAVE_MMAP_DEV_ZERO 1
#define HAVE_MMAP_ANON 1
#define STDC_HEADERS 1
#define HAVE_MEMCPY 1
#define HAVE_ALLOCA_H 1
#define HAVE_ALLOCA 1
#define SIZEOF_DOUBLE 8
#define SIZEOF_LONG_DOUBLE 8
#define HAVE_AS_CFI_PSEUDO_OP 1
#define EH_FRAME_FLAGS "aw"
#define HAVE_HIDDEN_VISIBILITY_ATTRIBUTE 1

configure: exit 0

## ---------------- ##
## Cache variables. ##
## ---------------- ##

ac_cv_build=x86_64-pc-linux-gnu
ac_cv_c_bigendian=no
ac_cv_env_CCASFLAGS_set=
ac_cv_env_CCASFLAGS_value=
ac_cv_env_CCAS_set=
ac_cv_env_CCAS_value=
ac_cv_env_CPPFLAGS_set=set
ac_cv_env_CPPFLAGS_value='-D_LARGEFILE_SOURCE -D_LARGEFILE64_SOURCE -D_FILE_OFFSET_BITS=64'
ac_cv_env_CPP_set=set
ac_cv_env_CPP_value=/media/panpan/tools/buildroot-2018.02.8/output/host/bin/arm-linux-gnueabihf-cpp
ac_cv_env_CXXCPP_set=
ac_cv_env_CXXCPP_value=
ac_cv_env_LT_SYS_LIBRARY_PATH_set=
ac_cv_env_LT_SYS_LIBRARY_PATH_value=
ac_cv_env_build_alias_set=set
ac_cv_env_build_alias_value=x86_64-pc-linux-gnu
ac_cv_env_host_alias_set=set
ac_cv_env_host_alias_value=arm-buildroot-linux-gnueabihf
ac_cv_env_target_alias_set=set
ac_cv_env_target_alias_value=arm-buildroot-linux-gnueabihf
ac_cv_func_calloc_0_nonnull=yes
ac_cv_func_malloc_0_nonnull=yes
ac_cv_func_memcmp_working=yes
ac_cv_func_mmap_fixed_mapped=yes
ac_cv_func_realloc_0_nonnull=yes
ac_cv_have_decl_malloc=yes
ac_cv_host=arm-buildroot-linux-gnueabihf
ac_cv_lbl_unaligned_fail=yes
ac_cv_target=arm-buildroot-linux-gnueabihf
gl_cv_func_malloc_0_nonnull=yes
lt_cv_sys_lib_search_path_spec=

## ----------------- ##
## Output variables. ##
## ----------------- ##

AARCH64_FALSE=''
AARCH64_TRUE=''
ACLOCAL=''
ALLOCA=''
ALPHA_FALSE=''
ALPHA_TRUE=''
AMDEPBACKSLASH=''
AMDEP_FALSE=''
AMDEP_TRUE=''
AMTAR=''
AM_BACKSLASH=''
AM_DEFAULT_V=''
AM_DEFAULT_VERBOSITY=''
AM_LTLDFLAGS=''
AM_RUNTESTFLAGS=''
AM_V=''
AR='/media/panpan/tools/buildroot-2018.02.8/output/host/bin/arm-linux-gnueabihf-ar'
ARC_FALSE=''
ARC_TRUE=''
ARM_FALSE=''
ARM_TRUE=''
AUTOCONF=''
AUTOHEADER=''
AUTOMAKE=''
AVR32_FALSE=''
AVR32_TRUE=''
AWK=''
BFIN_FALSE=''
BFIN_TRUE=''
CC='/media/panpan/tools/buildroot-2018.02.8/output/host/bin/arm-linux-gnueabihf-gcc'
CCAS=''
CCASDEPMODE=''
CCASFLAGS=''
CCDEPMODE=''
CFLAGS='-D_LARGEFILE_SOURCE -D_LARGEFILE64_SOURCE -D_FILE_OFFSET_BITS=64  -Os '
CPP='/media/panpan/tools/buildroot-2018.02.8/output/host/bin/arm-linux-gnueabihf-cpp'
CPPFLAGS='-D_LARGEFILE_SOURCE -D_LARGEFILE64_SOURCE -D_FILE_OFFSET_BITS=64'
CXX='/media/panpan/tools/buildroot-2018.02.8/output/host/bin/arm-linux-gnueabihf-g++'
CXXCPP=''
CXXDEPMODE=''
CXXFLAGS='-D_LARGEFILE_SOURCE -D_LARGEFILE64_SOURCE -D_FILE_OFFSET_BITS=64  -Os '
CYGPATH_W=''
DEFS=''
DEPDIR=''
DLLTOOL=''
DSYMUTIL=''
DUMPBIN=''
ECHO_C=''
ECHO_N='-n'
ECHO_T=''
EGREP=''
EXEEXT=''
FFI_DEBUG_FALSE=''
FFI_DEBUG_TRUE=''
FFI_EXEC_TRAMPOLINE_TABLE=''
FFI_EXEC_TRAMPOLINE_TABLE_FALSE=''
FFI_EXEC_TRAMPOLINE_TABLE_TRUE=''
FGREP=''
FRV_FALSE=''
FRV_TRUE=''
GREP=''
HAVE_LONG_DOUBLE=''
HAVE_LONG_DOUBLE_VARIANT=''
IA64_FALSE=''
IA64_TRUE=''
INSTALL_DATA=''
INSTALL_PROGRAM=''
INSTALL_SCRIPT=''
INSTALL_STRIP_PROGRAM=''
LD='/media/panpan/tools/buildroot-2018.02.8/output/host/bin/arm-linux-gnueabihf-ld'
LDFLAGS=''
LIBFFI_CRIS_FALSE=''
LIBFFI_CRIS_TRUE=''
LIBOBJS=''
LIBS=''
LIBTOOL=''
LIPO=''
LN_S=''
LTLIBOBJS=''
LT_SYS_LIBRARY_PATH=''
M32R_FALSE=''
M32R_TRUE=''
M68K_FALSE=''
M68K_TRUE=''
M88K_FALSE=''
M88K_TRUE=''
MAINT=''
MAINTAINER_MODE_FALSE=''
MAINTAINER_MODE_TRUE=''
MAKEINFO=''
MANIFEST_TOOL=''
METAG_FALSE=''
METAG_TRUE=''
MICROBLAZE_FALSE=''
MICROBLAZE_TRUE=''
MIPS_FALSE=''
MIPS_TRUE=''
MKDIR_P=''
MOXIE_FALSE=''
MOXIE_TRUE=''
NIOS2_FALSE=''
NIOS2_TRUE=''
NM='/media/panpan/tools/buildroot-2018.02.8/output/host/bin/arm-linux-gnueabihf-nm'
NMEDIT=''
OBJDUMP='/media/panpan/tools/buildroot-2018.02.8/output/host/bin/arm-linux-gnueabihf-objdump'
OBJEXT=''
OR1K_FALSE=''
OR1K_TRUE=''
OTOOL64=''
OTOOL=''
PA64_HPUX_FALSE=''
PA64_HPUX_TRUE=''
PACKAGE=''
PACKAGE_BUGREPORT='http://github.com/atgreen/libffi/issues'
PACKAGE_NAME='libffi'
PACKAGE_STRING='libffi 3.2.1'
PACKAGE_TARNAME='libffi'
PACKAGE_URL=''
PACKAGE_VERSION='3.2.1'
PATH_SEPARATOR=':'
PA_HPUX_FALSE=''
PA_HPUX_TRUE=''
PA_LINUX_FALSE=''
PA_LINUX_TRUE=''
POWERPC_AIX_FALSE=''
POWERPC_AIX_TRUE=''
POWERPC_DARWIN_FALSE=''
POWERPC_DARWIN_TRUE=''
POWERPC_FALSE=''
POWERPC_FREEBSD_FALSE=''
POWERPC_FREEBSD_TRUE=''
POWERPC_TRUE=''
PRTDIAG=''
RANLIB='/media/panpan/tools/buildroot-2018.02.8/output/host/bin/arm-linux-gnueabihf-ranlib'
S390_FALSE=''
S390_TRUE=''
SED=''
SET_MAKE=''
SH64_FALSE=''
SH64_TRUE=''
SHELL='/bin/sh'
SH_FALSE=''
SH_TRUE=''
SPARC_FALSE=''
SPARC_TRUE=''
STRIP='/media/panpan/tools/buildroot-2018.02.8/output/host/bin/arm-linux-gnueabihf-strip'
TARGET='arm-buildroot-linux-gnueabihf'
TARGETDIR=''
TESTSUBDIR_FALSE=''
TESTSUBDIR_TRUE=''
TILE_FALSE=''
TILE_TRUE=''
VAX_FALSE=''
VAX_TRUE=''
VERSION=''
X86_64_FALSE=''
X86_64_TRUE=''
X86_DARWIN32_FALSE=''
X86_DARWIN32_TRUE=''
X86_DARWIN64_FALSE=''
X86_DARWIN64_TRUE=''
X86_DARWIN_FALSE=''
X86_DARWIN_TRUE=''
X86_FALSE=''
X86_FREEBSD_FALSE=''
X86_FREEBSD_TRUE=''
X86_TRUE=''
X86_WIN32_FALSE=''
X86_WIN32_TRUE=''
X86_WIN64_FALSE=''
X86_WIN64_TRUE=''
XTENSA_FALSE=''
XTENSA_TRUE=''
ac_ct_AR=''
ac_ct_CC=''
ac_ct_CXX=''
ac_ct_DUMPBIN=''
am__EXEEXT_FALSE=''
am__EXEEXT_TRUE=''
am__fastdepCCAS_FALSE=''
am__fastdepCCAS_TRUE=''
am__fastdepCC_FALSE=''
am__fastdepCC_TRUE=''
am__fastdepCXX_FALSE=''
am__fastdepCXX_TRUE=''
am__include=''
am__isrc=''
am__leading_dot=''
am__nodep=''
am__quote=''
am__tar=''
am__untar=''
ax_enable_builddir_sed=''
bindir='${exec_prefix}/bin'
build='x86_64-pc-linux-gnu'
build_alias='x86_64-pc-linux-gnu'
build_cpu='x86_64'
build_os='linux-gnu'
build_vendor='pc'
datadir='${datarootdir}'
datarootdir='${prefix}/share'
docdir='${datarootdir}/doc/${PACKAGE_TARNAME}'
dvidir='${docdir}'
exec_prefix='/usr'
host='arm-buildroot-linux-gnueabihf'
host_alias='arm-buildroot-linux-gnueabihf'
host_cpu='arm'
host_os='linux-gnueabihf'
host_vendor='buildroot'
htmldir='${docdir}'
includedir='${prefix}/include'
infodir='${datarootdir}/info'
install_sh=''
libdir='${exec_prefix}/lib'
libexecdir='${exec_prefix}/libexec'
localedir='${datarootdir}/locale'
localstatedir='/var'
mandir='${datarootdir}/man'
mkdir_p=''
oldincludedir='/usr/include'
pdfdir='${docdir}'
prefix='/usr'
program_transform_name='s,x,x,'
psdir='${docdir}'
sbindir='${exec_prefix}/sbin'
sharedstatedir='${prefix}/com'
sys_symbol_underscore=''
sysconfdir='/etc'
target='arm-buildroot-linux-gnueabihf'
target_alias='arm-buildroot-linux-gnueabihf'
target_cpu='arm'
target_os='linux-gnueabihf'
target_vendor='buildroot'
toolexecdir=''
toolexeclibdir=''

configure: exit 0
