This file contains any messages produced by compilers while
running configure, to aid debugging if configure makes a mistake.

It was created by FreeType configure 2.8.1, which was
generated by GNU Autoconf 2.69.  Invocation command line was

  $ ./configure --prefix=/media/panpan/tools/buildroot-2018.02.8/output/host --sysconfdir=/media/panpan/tools/buildroot-2018.02.8/output/host/etc --localstatedir=/media/panpan/tools/buildroot-2018.02.8/output/host/var --enable-shared --disable-static --disable-gtk-doc --disable-gtk-doc-html --disable-doc --disable-docs --disable-documentation --disable-debug --with-xmlto=no --with-fop=no --disable-dependency-tracking --without-zlib --without-bzip2 --without-png

## --------- ##
## Platform. ##
## --------- ##

hostname = zed-00
uname -m = x86_64
uname -r = 4.4.0-116-generic
uname -s = Linux
uname -v = #140-Ubuntu SMP Mon Feb 12 21:23:04 UTC 2018

/usr/bin/uname -p = unknown
/bin/uname -X     = unknown

/bin/arch              = unknown
/usr/bin/arch -k       = unknown
/usr/convex/getsysinfo = unknown
/usr/bin/hostinfo      = unknown
/bin/machine           = unknown
/usr/bin/oslevel       = unknown
/bin/universe          = unknown

PATH: /media/panpan/tools/buildroot-2018.02.8/output/host/bin
PATH: /media/panpan/tools/buildroot-2018.02.8/output/host/sbin
PATH: /usr/local/sbin
PATH: /usr/local/bin
PATH: /usr/sbin
PATH: /usr/bin
PATH: /sbin
PATH: /bin
PATH: /usr/games
PATH: /usr/local/games
PATH: /snap/bin
PATH: /home/panpan/player/webrtc/go_appengine


## ----------- ##
## Core tests. ##
## ----------- ##

configure:2539: checking build system type
configure:2553: result: x86_64-pc-linux-gnu
configure:2573: checking host system type
configure:2586: result: x86_64-pc-linux-gnu
configure:2658: checking for gcc
configure:2685: result: /usr/bin/gcc
configure:2914: checking for C compiler version
configure:2923: /usr/bin/gcc --version >&5
gcc (Ubuntu 5.4.0-6ubuntu1~16.04.10) 5.4.0 20160609
Copyright (C) 2015 Free Software Foundation, Inc.
This is free software; see the source for copying conditions.  There is NO
warranty; not even for MERCHANTABILITY or FITNESS FOR A PARTICULAR PURPOSE.

configure:2934: $? = 0
configure:2923: /usr/bin/gcc -v >&5
Using built-in specs.
COLLECT_GCC=/usr/bin/gcc
COLLECT_LTO_WRAPPER=/usr/lib/gcc/x86_64-linux-gnu/5/lto-wrapper
Target: x86_64-linux-gnu
Configured with: ../src/configure -v --with-pkgversion='Ubuntu 5.4.0-6ubuntu1~16.04.10' --with-bugurl=file:///usr/share/doc/gcc-5/README.Bugs --enable-languages=c,ada,c++,java,go,d,fortran,objc,obj-c++ --prefix=/usr --program-suffix=-5 --enable-shared --enable-linker-build-id --libexecdir=/usr/lib --without-included-gettext --enable-threads=posix --libdir=/usr/lib --enable-nls --with-sysroot=/ --enable-clocale=gnu --enable-libstdcxx-debug --enable-libstdcxx-time=yes --with-default-libstdcxx-abi=new --enable-gnu-unique-object --disable-vtable-verify --enable-libmpx --enable-plugin --with-system-zlib --disable-browser-plugin --enable-java-awt=gtk --enable-gtk-cairo --with-java-home=/usr/lib/jvm/java-1.5.0-gcj-5-amd64/jre --enable-java-home --with-jvm-root-dir=/usr/lib/jvm/java-1.5.0-gcj-5-amd64 --with-jvm-jar-dir=/usr/lib/jvm-exports/java-1.5.0-gcj-5-amd64 --with-arch-directory=amd64 --with-ecj-jar=/usr/share/java/eclipse-ecj.jar --enable-objc-gc --enable-multiarch --disable-werror --with-arch-32=i686 --with-abi=m64 --with-multilib-list=m32,m64,mx32 --enable-multilib --with-tune=generic --enable-checking=release --build=x86_64-linux-gnu --host=x86_64-linux-gnu --target=x86_64-linux-gnu
Thread model: posix
gcc version 5.4.0 20160609 (Ubuntu 5.4.0-6ubuntu1~16.04.10) 
configure:2934: $? = 0
configure:2923: /usr/bin/gcc -V >&5
gcc: error: unrecognized command line option '-V'
gcc: fatal error: no input files
compilation terminated.
configure:2934: $? = 1
configure:2923: /usr/bin/gcc -qversion >&5
gcc: error: unrecognized command line option '-qversion'
gcc: fatal error: no input files
compilation terminated.
configure:2934: $? = 1
configure:2954: checking whether the C compiler works
configure:2976: /usr/bin/gcc -O2 -I/media/panpan/tools/buildroot-2018.02.8/output/host/include -I/media/panpan/tools/buildroot-2018.02.8/output/host/include -L/media/panpan/tools/buildroot-2018.02.8/output/host/lib -Wl,-rpath,/media/panpan/tools/buildroot-2018.02.8/output/host/lib conftest.c  >&5
configure:2980: $? = 0
configure:3028: result: yes
configure:3031: checking for C compiler default output file name
configure:3033: result: a.out
configure:3039: checking for suffix of executables
configure:3046: /usr/bin/gcc -o conftest -O2 -I/media/panpan/tools/buildroot-2018.02.8/output/host/include -I/media/panpan/tools/buildroot-2018.02.8/output/host/include -L/media/panpan/tools/buildroot-2018.02.8/output/host/lib -Wl,-rpath,/media/panpan/tools/buildroot-2018.02.8/output/host/lib conftest.c  >&5
configure:3050: $? = 0
configure:3072: result: 
configure:3094: checking whether we are cross compiling
configure:3102: /usr/bin/gcc -o conftest -O2 -I/media/panpan/tools/buildroot-2018.02.8/output/host/include -I/media/panpan/tools/buildroot-2018.02.8/output/host/include -L/media/panpan/tools/buildroot-2018.02.8/output/host/lib -Wl,-rpath,/media/panpan/tools/buildroot-2018.02.8/output/host/lib conftest.c  >&5
configure:3106: $? = 0
configure:3113: ./conftest
configure:3117: $? = 0
configure:3132: result: no
configure:3137: checking for suffix of object files
configure:3159: /usr/bin/gcc -c -O2 -I/media/panpan/tools/buildroot-2018.02.8/output/host/include -I/media/panpan/tools/buildroot-2018.02.8/output/host/include conftest.c >&5
configure:3163: $? = 0
configure:3184: result: o
configure:3188: checking whether we are using the GNU C compiler
configure:3207: /usr/bin/gcc -c -O2 -I/media/panpan/tools/buildroot-2018.02.8/output/host/include -I/media/panpan/tools/buildroot-2018.02.8/output/host/include conftest.c >&5
configure:3207: $? = 0
configure:3216: result: yes
configure:3225: checking whether /usr/bin/gcc accepts -g
configure:3245: /usr/bin/gcc -c -g -I/media/panpan/tools/buildroot-2018.02.8/output/host/include conftest.c >&5
configure:3245: $? = 0
configure:3286: result: yes
configure:3303: checking for /usr/bin/gcc option to accept ISO C89
configure:3366: /usr/bin/gcc  -c -O2 -I/media/panpan/tools/buildroot-2018.02.8/output/host/include -I/media/panpan/tools/buildroot-2018.02.8/output/host/include conftest.c >&5
configure:3366: $? = 0
configure:3379: result: none needed
configure:3404: checking how to run the C preprocessor
configure:3474: result: /usr/bin/cpp
configure:3494: /usr/bin/cpp -I/media/panpan/tools/buildroot-2018.02.8/output/host/include conftest.c
configure:3494: $? = 0
configure:3508: /usr/bin/cpp -I/media/panpan/tools/buildroot-2018.02.8/output/host/include conftest.c
conftest.c:9:28: fatal error: ac_nonexistent.h: No such file or directory
compilation terminated.
configure:3508: $? = 1
configure: failed program was:
| /* confdefs.h */
| #define PACKAGE_NAME "FreeType"
| #define PACKAGE_TARNAME "freetype"
| #define PACKAGE_VERSION "2.8.1"
| #define PACKAGE_STRING "FreeType 2.8.1"
| #define PACKAGE_BUGREPORT "freetype@nongnu.org"
| #define PACKAGE_URL ""
| /* end confdefs.h.  */
| #include <ac_nonexistent.h>
configure:3647: checking pkg-config is at least version 0.24
configure:3650: result: yes
configure:3705: checking how to print strings
configure:3732: result: printf
configure:3753: checking for a sed that does not truncate output
configure:3817: result: /bin/sed
configure:3835: checking for grep that handles long lines and -e
configure:3893: result: /bin/grep
configure:3898: checking for egrep
configure:3960: result: /bin/grep -E
configure:3965: checking for fgrep
configure:4027: result: /bin/grep -F
configure:4062: checking for ld used by /usr/bin/gcc
configure:4129: result: /usr/bin/ld
configure:4136: checking if the linker (/usr/bin/ld) is GNU ld
configure:4151: result: yes
configure:4163: checking for BSD- or MS-compatible name lister (nm)
configure:4217: result: /usr/bin/nm
configure:4347: checking the name lister (/usr/bin/nm) interface
configure:4354: /usr/bin/gcc -c -O2 -I/media/panpan/tools/buildroot-2018.02.8/output/host/include -I/media/panpan/tools/buildroot-2018.02.8/output/host/include conftest.c >&5
configure:4357: /usr/bin/nm "conftest.o"
configure:4360: output
0000000000000000 B some_variable
configure:4367: result: BSD nm
configure:4370: checking whether ln -s works
configure:4374: result: yes
configure:4382: checking the maximum length of command line arguments
configure:4513: result: 1572864
configure:4561: checking how to convert x86_64-pc-linux-gnu file names to x86_64-pc-linux-gnu format
configure:4601: result: func_convert_file_noop
configure:4608: checking how to convert x86_64-pc-linux-gnu file names to toolchain format
configure:4628: result: func_convert_file_noop
configure:4635: checking for /usr/bin/ld option to reload object files
configure:4642: result: -r
configure:4716: checking for objdump
configure:4732: found /usr/bin/objdump
configure:4743: result: objdump
configure:4772: checking how to recognize dependent libraries
configure:4972: result: pass_all
configure:5057: checking for dlltool
configure:5087: result: no
configure:5114: checking how to associate runtime and link libraries
configure:5141: result: printf %s\n
configure:5266: checking for archiver @FILE support
configure:5283: /usr/bin/gcc -c -O2 -I/media/panpan/tools/buildroot-2018.02.8/output/host/include -I/media/panpan/tools/buildroot-2018.02.8/output/host/include conftest.c >&5
configure:5283: $? = 0
configure:5286: /usr/bin/ar cru libconftest.a @conftest.lst >&5
/usr/bin/ar: `u' modifier ignored since `D' is the default (see `U')
configure:5289: $? = 0
configure:5294: /usr/bin/ar cru libconftest.a @conftest.lst >&5
/usr/bin/ar: `u' modifier ignored since `D' is the default (see `U')
/usr/bin/ar: conftest.o: No such file or directory
configure:5297: $? = 1
configure:5309: result: @
configure:5367: checking for strip
configure:5383: found /usr/bin/strip
configure:5394: result: strip
configure:5466: checking for ranlib
configure:5493: result: /usr/bin/ranlib
configure:5570: checking for gawk
configure:5586: found /usr/bin/gawk
configure:5597: result: gawk
configure:5637: checking command to parse /usr/bin/nm output from /usr/bin/gcc object
configure:5790: /usr/bin/gcc -c -O2 -I/media/panpan/tools/buildroot-2018.02.8/output/host/include -I/media/panpan/tools/buildroot-2018.02.8/output/host/include conftest.c >&5
configure:5793: $? = 0
configure:5797: /usr/bin/nm conftest.o \| sed -n -e 's/^.*[ ]\([ABCDGIRSTW][ABCDGIRSTW]*\)[ ][ ]*\([_A-Za-z][_A-Za-z0-9]*\)$/\1 \2 \2/p' | sed '/ __gnu_lto/d' \> conftest.nm
configure:5800: $? = 0
configure:5866: /usr/bin/gcc -o conftest -O2 -I/media/panpan/tools/buildroot-2018.02.8/output/host/include -I/media/panpan/tools/buildroot-2018.02.8/output/host/include -L/media/panpan/tools/buildroot-2018.02.8/output/host/lib -Wl,-rpath,/media/panpan/tools/buildroot-2018.02.8/output/host/lib conftest.c conftstm.o >&5
configure:5869: $? = 0
configure:5907: result: ok
configure:5954: checking for sysroot
configure:5984: result: no
configure:5991: checking for a working dd
configure:6029: result: /bin/dd
configure:6033: checking how to truncate binary pipes
configure:6048: result: /bin/dd bs=4096 count=1
configure:6184: /usr/bin/gcc -c -O2 -I/media/panpan/tools/buildroot-2018.02.8/output/host/include -I/media/panpan/tools/buildroot-2018.02.8/output/host/include conftest.c >&5
configure:6187: $? = 0
configure:6377: checking for mt
configure:6393: found /bin/mt
configure:6404: result: mt
configure:6427: checking if mt is a manifest tool
configure:6433: mt '-?'
configure:6441: result: no
configure:7114: checking for ANSI C header files
configure:7134: /usr/bin/gcc -c -O2 -I/media/panpan/tools/buildroot-2018.02.8/output/host/include -I/media/panpan/tools/buildroot-2018.02.8/output/host/include conftest.c >&5
configure:7134: $? = 0
configure:7207: /usr/bin/gcc -o conftest -O2 -I/media/panpan/tools/buildroot-2018.02.8/output/host/include -I/media/panpan/tools/buildroot-2018.02.8/output/host/include -L/media/panpan/tools/buildroot-2018.02.8/output/host/lib -Wl,-rpath,/media/panpan/tools/buildroot-2018.02.8/output/host/lib conftest.c  >&5
configure:7207: $? = 0
configure:7207: ./conftest
configure:7207: $? = 0
configure:7218: result: yes
configure:7231: checking for sys/types.h
configure:7231: /usr/bin/gcc -c -O2 -I/media/panpan/tools/buildroot-2018.02.8/output/host/include -I/media/panpan/tools/buildroot-2018.02.8/output/host/include conftest.c >&5
configure:7231: $? = 0
configure:7231: result: yes
configure:7231: checking for sys/stat.h
configure:7231: /usr/bin/gcc -c -O2 -I/media/panpan/tools/buildroot-2018.02.8/output/host/include -I/media/panpan/tools/buildroot-2018.02.8/output/host/include conftest.c >&5
configure:7231: $? = 0
configure:7231: result: yes
configure:7231: checking for stdlib.h
configure:7231: /usr/bin/gcc -c -O2 -I/media/panpan/tools/buildroot-2018.02.8/output/host/include -I/media/panpan/tools/buildroot-2018.02.8/output/host/include conftest.c >&5
configure:7231: $? = 0
configure:7231: result: yes
configure:7231: checking for string.h
configure:7231: /usr/bin/gcc -c -O2 -I/media/panpan/tools/buildroot-2018.02.8/output/host/include -I/media/panpan/tools/buildroot-2018.02.8/output/host/include conftest.c >&5
configure:7231: $? = 0
configure:7231: result: yes
configure:7231: checking for memory.h
configure:7231: /usr/bin/gcc -c -O2 -I/media/panpan/tools/buildroot-2018.02.8/output/host/include -I/media/panpan/tools/buildroot-2018.02.8/output/host/include conftest.c >&5
configure:7231: $? = 0
configure:7231: result: yes
configure:7231: checking for strings.h
configure:7231: /usr/bin/gcc -c -O2 -I/media/panpan/tools/buildroot-2018.02.8/output/host/include -I/media/panpan/tools/buildroot-2018.02.8/output/host/include conftest.c >&5
configure:7231: $? = 0
configure:7231: result: yes
configure:7231: checking for inttypes.h
configure:7231: /usr/bin/gcc -c -O2 -I/media/panpan/tools/buildroot-2018.02.8/output/host/include -I/media/panpan/tools/buildroot-2018.02.8/output/host/include conftest.c >&5
configure:7231: $? = 0
configure:7231: result: yes
configure:7231: checking for stdint.h
configure:7231: /usr/bin/gcc -c -O2 -I/media/panpan/tools/buildroot-2018.02.8/output/host/include -I/media/panpan/tools/buildroot-2018.02.8/output/host/include conftest.c >&5
configure:7231: $? = 0
configure:7231: result: yes
configure:7231: checking for unistd.h
configure:7231: /usr/bin/gcc -c -O2 -I/media/panpan/tools/buildroot-2018.02.8/output/host/include -I/media/panpan/tools/buildroot-2018.02.8/output/host/include conftest.c >&5
configure:7231: $? = 0
configure:7231: result: yes
configure:7245: checking for dlfcn.h
configure:7245: /usr/bin/gcc -c -O2 -I/media/panpan/tools/buildroot-2018.02.8/output/host/include -I/media/panpan/tools/buildroot-2018.02.8/output/host/include conftest.c >&5
configure:7245: $? = 0
configure:7245: result: yes
configure:7799: checking for objdir
configure:7814: result: .libs
configure:8074: checking if /usr/bin/gcc supports -fno-rtti -fno-exceptions
configure:8092: /usr/bin/gcc -c -O2 -I/media/panpan/tools/buildroot-2018.02.8/output/host/include -I/media/panpan/tools/buildroot-2018.02.8/output/host/include -fno-rtti -fno-exceptions conftest.c >&5
cc1: warning: command line option '-fno-rtti' is valid for C++/ObjC++ but not for C
configure:8096: $? = 0
configure:8109: result: no
configure:8467: checking for /usr/bin/gcc option to produce PIC
configure:8474: result: -fPIC -DPIC
configure:8482: checking if /usr/bin/gcc PIC flag -fPIC -DPIC works
configure:8500: /usr/bin/gcc -c -O2 -I/media/panpan/tools/buildroot-2018.02.8/output/host/include -I/media/panpan/tools/buildroot-2018.02.8/output/host/include -fPIC -DPIC -DPIC conftest.c >&5
configure:8504: $? = 0
configure:8517: result: yes
configure:8546: checking if /usr/bin/gcc static flag -static works
configure:8574: result: yes
configure:8589: checking if /usr/bin/gcc supports -c -o file.o
configure:8610: /usr/bin/gcc -c -O2 -I/media/panpan/tools/buildroot-2018.02.8/output/host/include -I/media/panpan/tools/buildroot-2018.02.8/output/host/include -o out/conftest2.o conftest.c >&5
configure:8614: $? = 0
configure:8636: result: yes
configure:8644: checking if /usr/bin/gcc supports -c -o file.o
configure:8691: result: yes
configure:8724: checking whether the /usr/bin/gcc linker (/usr/bin/ld -m elf_x86_64) supports shared libraries
configure:9983: result: yes
configure:10020: checking whether -lc should be explicitly linked in
configure:10028: /usr/bin/gcc -c -O2 -I/media/panpan/tools/buildroot-2018.02.8/output/host/include -I/media/panpan/tools/buildroot-2018.02.8/output/host/include conftest.c >&5
configure:10031: $? = 0
configure:10046: /usr/bin/gcc -shared  -fPIC -DPIC conftest.o  -v -Wl,-soname -Wl,conftest -o conftest 2\>\&1 \| /bin/grep  -lc  \>/dev/null 2\>\&1
configure:10049: $? = 0
configure:10063: result: no
configure:10223: checking dynamic linker characteristics
configure:10804: /usr/bin/gcc -o conftest -O2 -I/media/panpan/tools/buildroot-2018.02.8/output/host/include -I/media/panpan/tools/buildroot-2018.02.8/output/host/include -L/media/panpan/tools/buildroot-2018.02.8/output/host/lib -Wl,-rpath,/media/panpan/tools/buildroot-2018.02.8/output/host/lib -Wl,-rpath -Wl,/foo conftest.c  >&5
configure:10804: $? = 0
configure:11041: result: GNU/Linux ld.so
configure:11163: checking how to hardcode library paths into programs
configure:11188: result: immediate
configure:11736: checking whether stripping libraries is possible
configure:11741: result: yes
configure:11776: checking if libtool supports shared libraries
configure:11778: result: yes
configure:11781: checking whether to build shared libraries
configure:11806: result: yes
configure:11809: checking whether to build static libraries
configure:11813: result: no
configure:12029: checking for a BSD-compatible install
configure:12097: result: /usr/bin/install -c
configure:12116: checking for a thread-safe mkdir -p
configure:12155: result: /bin/mkdir -p
configure:12169: checking for ANSI C header files
configure:12273: result: yes
configure:12284: checking fcntl.h usability
configure:12284: /usr/bin/gcc -c -O2 -I/media/panpan/tools/buildroot-2018.02.8/output/host/include -I/media/panpan/tools/buildroot-2018.02.8/output/host/include conftest.c >&5
configure:12284: $? = 0
configure:12284: result: yes
configure:12284: checking fcntl.h presence
configure:12284: /usr/bin/cpp -I/media/panpan/tools/buildroot-2018.02.8/output/host/include conftest.c
configure:12284: $? = 0
configure:12284: result: yes
configure:12284: checking for fcntl.h
configure:12284: result: yes
configure:12284: checking for unistd.h
configure:12284: result: yes
configure:12298: checking for an ANSI C-conforming const
configure:12364: /usr/bin/gcc -c -O2 -I/media/panpan/tools/buildroot-2018.02.8/output/host/include -I/media/panpan/tools/buildroot-2018.02.8/output/host/include conftest.c >&5
configure:12364: $? = 0
configure:12371: result: yes
configure:12383: checking size of int
configure:12388: /usr/bin/gcc -o conftest -O2 -I/media/panpan/tools/buildroot-2018.02.8/output/host/include -I/media/panpan/tools/buildroot-2018.02.8/output/host/include -L/media/panpan/tools/buildroot-2018.02.8/output/host/lib -Wl,-rpath,/media/panpan/tools/buildroot-2018.02.8/output/host/lib conftest.c  >&5
configure:12388: $? = 0
configure:12388: ./conftest
configure:12388: $? = 0
configure:12402: result: 4
configure:12416: checking size of long
configure:12421: /usr/bin/gcc -o conftest -O2 -I/media/panpan/tools/buildroot-2018.02.8/output/host/include -I/media/panpan/tools/buildroot-2018.02.8/output/host/include -L/media/panpan/tools/buildroot-2018.02.8/output/host/lib -Wl,-rpath,/media/panpan/tools/buildroot-2018.02.8/output/host/lib conftest.c  >&5
configure:12421: $? = 0
configure:12421: ./conftest
configure:12421: $? = 0
configure:12435: result: 8
configure:12446: checking for unsigned long long int
configure:12485: /usr/bin/gcc -o conftest -O2 -I/media/panpan/tools/buildroot-2018.02.8/output/host/include -I/media/panpan/tools/buildroot-2018.02.8/output/host/include -L/media/panpan/tools/buildroot-2018.02.8/output/host/lib -Wl,-rpath,/media/panpan/tools/buildroot-2018.02.8/output/host/lib conftest.c  >&5
configure:12485: $? = 0
configure:12494: result: yes
configure:12504: checking for long long int
configure:12542: /usr/bin/gcc -o conftest -O2 -I/media/panpan/tools/buildroot-2018.02.8/output/host/include -I/media/panpan/tools/buildroot-2018.02.8/output/host/include -L/media/panpan/tools/buildroot-2018.02.8/output/host/lib -Wl,-rpath,/media/panpan/tools/buildroot-2018.02.8/output/host/lib conftest.c  >&5
configure:12542: $? = 0
configure:12542: ./conftest
configure:12542: $? = 0
configure:12554: result: yes
configure:12566: checking whether cpp computation of bit length in ftconfig.in works
configure:12623: result: yes
configure:12652: checking for special C compiler options needed for large files
configure:12697: result: no
configure:12703: checking for _FILE_OFFSET_BITS value needed for large files
configure:12728: /usr/bin/gcc -c -O2 -I/media/panpan/tools/buildroot-2018.02.8/output/host/include -I/media/panpan/tools/buildroot-2018.02.8/output/host/include conftest.c >&5
configure:12728: $? = 0
configure:12760: result: no
configure:12862: checking for stdlib.h
configure:12862: result: yes
configure:12862: checking for unistd.h
configure:12862: result: yes
configure:12862: checking for sys/param.h
configure:12862: /usr/bin/gcc -c -O2 -I/media/panpan/tools/buildroot-2018.02.8/output/host/include -I/media/panpan/tools/buildroot-2018.02.8/output/host/include conftest.c >&5
configure:12862: $? = 0
configure:12862: result: yes
configure:12882: checking for getpagesize
configure:12882: /usr/bin/gcc -o conftest -O2 -I/media/panpan/tools/buildroot-2018.02.8/output/host/include -I/media/panpan/tools/buildroot-2018.02.8/output/host/include -L/media/panpan/tools/buildroot-2018.02.8/output/host/lib -Wl,-rpath,/media/panpan/tools/buildroot-2018.02.8/output/host/lib conftest.c  >&5
configure:12882: $? = 0
configure:12882: result: yes
configure:12891: checking for working mmap
configure:13038: /usr/bin/gcc -o conftest -O2 -I/media/panpan/tools/buildroot-2018.02.8/output/host/include -I/media/panpan/tools/buildroot-2018.02.8/output/host/include -L/media/panpan/tools/buildroot-2018.02.8/output/host/lib -Wl,-rpath,/media/panpan/tools/buildroot-2018.02.8/output/host/lib conftest.c  >&5
configure:13038: $? = 0
configure:13038: ./conftest
configure:13038: $? = 0
configure:13048: result: yes
configure:13064: checking whether munmap is declared
configure:13064: /usr/bin/gcc -c -O2 -I/media/panpan/tools/buildroot-2018.02.8/output/host/include -I/media/panpan/tools/buildroot-2018.02.8/output/host/include conftest.c >&5
configure:13064: $? = 0
configure:13064: result: yes
configure:13084: checking for munmap's first parameter type
configure:13098: /usr/bin/gcc -c -O2 -I/media/panpan/tools/buildroot-2018.02.8/output/host/include -I/media/panpan/tools/buildroot-2018.02.8/output/host/include conftest.c >&5
configure:13098: $? = 0
configure:13099: result: void *
configure:13116: checking for memcpy
configure:13116: /usr/bin/gcc -o conftest -O2 -I/media/panpan/tools/buildroot-2018.02.8/output/host/include -I/media/panpan/tools/buildroot-2018.02.8/output/host/include -L/media/panpan/tools/buildroot-2018.02.8/output/host/lib -Wl,-rpath,/media/panpan/tools/buildroot-2018.02.8/output/host/lib conftest.c  >&5
conftest.c:58:6: warning: conflicting types for built-in function 'memcpy'
 char memcpy ();
      ^
configure:13116: $? = 0
configure:13116: result: yes
configure:13116: checking for memmove
configure:13116: /usr/bin/gcc -o conftest -O2 -I/media/panpan/tools/buildroot-2018.02.8/output/host/include -I/media/panpan/tools/buildroot-2018.02.8/output/host/include -L/media/panpan/tools/buildroot-2018.02.8/output/host/lib -Wl,-rpath,/media/panpan/tools/buildroot-2018.02.8/output/host/lib conftest.c  >&5
conftest.c:59:6: warning: conflicting types for built-in function 'memmove'
 char memmove ();
      ^
configure:13116: $? = 0
configure:13116: result: yes
configure:13168: checking gcc compiler flag -pedantic to assure ANSI C works correctly
configure:13195: /usr/bin/gcc -c -O2 -I/media/panpan/tools/buildroot-2018.02.8/output/host/include  -pedantic -I/media/panpan/tools/buildroot-2018.02.8/output/host/include conftest.c >&5
configure:13195: $? = 0
configure:13196: result: ok, adding to XX_ANSIFLAGS
configure:13168: checking gcc compiler flag -ansi to assure ANSI C works correctly
configure:13195: /usr/bin/gcc -c -O2 -I/media/panpan/tools/buildroot-2018.02.8/output/host/include  -pedantic -ansi -I/media/panpan/tools/buildroot-2018.02.8/output/host/include conftest.c >&5
configure:13195: $? = 0
configure:13196: result: ok, adding to XX_ANSIFLAGS
configure:13736: $PKG_CONFIG --exists --print-errors "$harfbuzz_pkg"
Package harfbuzz was not found in the pkg-config search path.
Perhaps you should add the directory containing `harfbuzz.pc'
to the PKG_CONFIG_PATH environment variable
Package 'harfbuzz', required by 'world', not found
configure:13739: $? = 1
configure:13746: checking for HARFBUZZ
configure:13753: $PKG_CONFIG --exists --print-errors "$harfbuzz_pkg"
Package harfbuzz was not found in the pkg-config search path.
Perhaps you should add the directory containing `harfbuzz.pc'
to the PKG_CONFIG_PATH environment variable
Package 'harfbuzz', required by 'world', not found
configure:13756: $? = 1
configure:13770: $PKG_CONFIG --exists --print-errors "$harfbuzz_pkg"
Package harfbuzz was not found in the pkg-config search path.
Perhaps you should add the directory containing `harfbuzz.pc'
to the PKG_CONFIG_PATH environment variable
Package 'harfbuzz', required by 'world', not found
configure:13773: $? = 1
configure:13787: result: no
Package harfbuzz was not found in the pkg-config search path.
Perhaps you should add the directory containing `harfbuzz.pc'
to the PKG_CONFIG_PATH environment variable
Package 'harfbuzz', required by 'world', not found
configure:14628: creating ./config.status

## ---------------------- ##
## Running config.status. ##
## ---------------------- ##

This file was extended by FreeType config.status 2.8.1, which was
generated by GNU Autoconf 2.69.  Invocation command line was

  CONFIG_FILES    = 
  CONFIG_HEADERS  = 
  CONFIG_LINKS    = 
  CONFIG_COMMANDS = 
  $ ./config.status 

on zed-00

config.status:1090: creating unix-cc.mk
config.status:1090: creating unix-def.mk
config.status:1090: creating ftconfig.h
config.status:1285: executing libtool commands
configure:16647: WARNING: unrecognized options: --disable-gtk-doc, --disable-gtk-doc-html, --disable-doc, --disable-docs, --disable-documentation, --disable-debug, --with-xmlto, --with-fop, --disable-dependency-tracking
configure:16659:

Library configuration:
  external zlib: no
  bzip2:         no
  libpng:        no
  harfbuzz:      no


## ---------------- ##
## Cache variables. ##
## ---------------- ##

ac_cv_build=x86_64-pc-linux-gnu
ac_cv_c_compiler_gnu=yes
ac_cv_c_const=yes
ac_cv_env_BZIP2_CFLAGS_set=
ac_cv_env_BZIP2_CFLAGS_value=
ac_cv_env_BZIP2_LIBS_set=
ac_cv_env_BZIP2_LIBS_value=
ac_cv_env_CC_set=set
ac_cv_env_CC_value=/usr/bin/gcc
ac_cv_env_CFLAGS_set=set
ac_cv_env_CFLAGS_value='-O2 -I/media/panpan/tools/buildroot-2018.02.8/output/host/include'
ac_cv_env_CPPFLAGS_set=set
ac_cv_env_CPPFLAGS_value=-I/media/panpan/tools/buildroot-2018.02.8/output/host/include
ac_cv_env_CPP_set=set
ac_cv_env_CPP_value=/usr/bin/cpp
ac_cv_env_HARFBUZZ_CFLAGS_set=
ac_cv_env_HARFBUZZ_CFLAGS_value=
ac_cv_env_HARFBUZZ_LIBS_set=
ac_cv_env_HARFBUZZ_LIBS_value=
ac_cv_env_LDFLAGS_set=set
ac_cv_env_LDFLAGS_value='-L/media/panpan/tools/buildroot-2018.02.8/output/host/lib -Wl,-rpath,/media/panpan/tools/buildroot-2018.02.8/output/host/lib'
ac_cv_env_LIBPNG_CFLAGS_set=
ac_cv_env_LIBPNG_CFLAGS_value=
ac_cv_env_LIBPNG_LIBS_set=
ac_cv_env_LIBPNG_LIBS_value=
ac_cv_env_LIBS_set=
ac_cv_env_LIBS_value=
ac_cv_env_LT_SYS_LIBRARY_PATH_set=
ac_cv_env_LT_SYS_LIBRARY_PATH_value=
ac_cv_env_PKG_CONFIG_LIBDIR_set=set
ac_cv_env_PKG_CONFIG_LIBDIR_value=/media/panpan/tools/buildroot-2018.02.8/output/host/lib/pkgconfig:/media/panpan/tools/buildroot-2018.02.8/output/host/share/pkgconfig
ac_cv_env_PKG_CONFIG_PATH_set=
ac_cv_env_PKG_CONFIG_PATH_value=
ac_cv_env_PKG_CONFIG_set=set
ac_cv_env_PKG_CONFIG_value=/media/panpan/tools/buildroot-2018.02.8/output/host/bin/pkg-config
ac_cv_env_ZLIB_CFLAGS_set=
ac_cv_env_ZLIB_CFLAGS_value=
ac_cv_env_ZLIB_LIBS_set=
ac_cv_env_ZLIB_LIBS_value=
ac_cv_env_build_alias_set=
ac_cv_env_build_alias_value=
ac_cv_env_host_alias_set=
ac_cv_env_host_alias_value=
ac_cv_env_target_alias_set=
ac_cv_env_target_alias_value=
ac_cv_func_getpagesize=yes
ac_cv_func_memcpy=yes
ac_cv_func_memmove=yes
ac_cv_func_mmap_fixed_mapped=yes
ac_cv_have_decl_munmap=yes
ac_cv_header_dlfcn_h=yes
ac_cv_header_fcntl_h=yes
ac_cv_header_inttypes_h=yes
ac_cv_header_memory_h=yes
ac_cv_header_stdc=yes
ac_cv_header_stdint_h=yes
ac_cv_header_stdlib_h=yes
ac_cv_header_string_h=yes
ac_cv_header_strings_h=yes
ac_cv_header_sys_param_h=yes
ac_cv_header_sys_stat_h=yes
ac_cv_header_sys_types_h=yes
ac_cv_header_unistd_h=yes
ac_cv_host=x86_64-pc-linux-gnu
ac_cv_objext=o
ac_cv_path_EGREP='/bin/grep -E'
ac_cv_path_FGREP='/bin/grep -F'
ac_cv_path_GREP=/bin/grep
ac_cv_path_SED=/bin/sed
ac_cv_path_install='/usr/bin/install -c'
ac_cv_path_lt_DD=/bin/dd
ac_cv_path_mkdir=/bin/mkdir
ac_cv_prog_AWK=gawk
ac_cv_prog_CPP=/usr/bin/cpp
ac_cv_prog_ac_ct_CC=/usr/bin/gcc
ac_cv_prog_ac_ct_MANIFEST_TOOL=mt
ac_cv_prog_ac_ct_OBJDUMP=objdump
ac_cv_prog_ac_ct_RANLIB=/usr/bin/ranlib
ac_cv_prog_ac_ct_STRIP=strip
ac_cv_prog_cc_c89=
ac_cv_prog_cc_g=yes
ac_cv_sizeof_int=4
ac_cv_sizeof_long=8
ac_cv_sys_file_offset_bits=no
ac_cv_sys_largefile_CC=no
ac_cv_type_long_long_int=yes
ac_cv_type_unsigned_long_long_int=yes
lt_cv_ar_at_file=@
lt_cv_archive_cmds_need_lc=no
lt_cv_deplibs_check_method=pass_all
lt_cv_file_magic_cmd='$MAGIC_CMD'
lt_cv_file_magic_test_file=
lt_cv_ld_reload_flag=-r
lt_cv_nm_interface='BSD nm'
lt_cv_objdir=.libs
lt_cv_path_LD=/usr/bin/ld
lt_cv_path_NM=/usr/bin/nm
lt_cv_path_mainfest_tool=no
lt_cv_prog_compiler_c_o=yes
lt_cv_prog_compiler_pic='-fPIC -DPIC'
lt_cv_prog_compiler_pic_works=yes
lt_cv_prog_compiler_rtti_exceptions=no
lt_cv_prog_compiler_static_works=yes
lt_cv_prog_gnu_ld=yes
lt_cv_sharedlib_from_linklib_cmd='printf %s\n'
lt_cv_shlibpath_overrides_runpath=no
lt_cv_sys_global_symbol_pipe='sed -n -e '\''s/^.*[	 ]\([ABCDGIRSTW][ABCDGIRSTW]*\)[	 ][	 ]*\([_A-Za-z][_A-Za-z0-9]*\)$/\1 \2 \2/p'\'' | sed '\''/ __gnu_lto/d'\'''
lt_cv_sys_global_symbol_to_c_name_address='sed -n -e '\''s/^: \(.*\) .*$/  {"\1", (void *) 0},/p'\'' -e '\''s/^[ABCDGIRSTW][ABCDGIRSTW]* .* \(.*\)$/  {"\1", (void *) \&\1},/p'\'''
lt_cv_sys_global_symbol_to_c_name_address_lib_prefix='sed -n -e '\''s/^: \(.*\) .*$/  {"\1", (void *) 0},/p'\'' -e '\''s/^[ABCDGIRSTW][ABCDGIRSTW]* .* \(lib.*\)$/  {"\1", (void *) \&\1},/p'\'' -e '\''s/^[ABCDGIRSTW][ABCDGIRSTW]* .* \(.*\)$/  {"lib\1", (void *) \&\1},/p'\'''
lt_cv_sys_global_symbol_to_cdecl='sed -n -e '\''s/^T .* \(.*\)$/extern int \1();/p'\'' -e '\''s/^[ABCDGIRSTW][ABCDGIRSTW]* .* \(.*\)$/extern char \1;/p'\'''
lt_cv_sys_global_symbol_to_import=
lt_cv_sys_max_cmd_len=1572864
lt_cv_to_host_file_cmd=func_convert_file_noop
lt_cv_to_tool_file_cmd=func_convert_file_noop
lt_cv_truncate_bin='/bin/dd bs=4096 count=1'

## ----------------- ##
## Output variables. ##
## ----------------- ##

AR='/usr/bin/ar'
AS='/usr/bin/as'
AWK='gawk'
BZIP2_CFLAGS=''
BZIP2_LIBS=''
CC='/usr/bin/gcc'
CC_BUILD='/usr/bin/gcc'
CFLAGS='-O2 -I/media/panpan/tools/buildroot-2018.02.8/output/host/include'
CPP='/usr/bin/cpp'
CPPFLAGS='-I/media/panpan/tools/buildroot-2018.02.8/output/host/include'
DEFS='-DHAVE_CONFIG_H'
DLLTOOL='false'
DSYMUTIL=''
DUMPBIN=''
ECHO_C=''
ECHO_N='-n'
ECHO_T=''
EGREP='/bin/grep -E'
EXEEXT=''
EXEEXT_BUILD=''
FGREP='/bin/grep -F'
FTSYS_SRC='$(BUILD_DIR)/ftsystem.c'
GREP='/bin/grep'
HARFBUZZ_CFLAGS=''
HARFBUZZ_LIBS=''
INSTALL_DATA='${INSTALL} -m 644'
INSTALL_PROGRAM='${INSTALL}'
INSTALL_SCRIPT='${INSTALL}'
LD='/usr/bin/ld -m elf_x86_64'
LDFLAGS='-L/media/panpan/tools/buildroot-2018.02.8/output/host/lib -Wl,-rpath,/media/panpan/tools/buildroot-2018.02.8/output/host/lib'
LIBOBJS=''
LIBPNG_CFLAGS=''
LIBPNG_LIBS=''
LIBS=''
LIBSSTATIC_CONFIG='-lfreetype'
LIBS_PRIVATE=''
LIBTOOL='$(SHELL) $(top_builddir)/libtool'
LIPO=''
LN_S='ln -s'
LTLIBOBJS=''
LT_SYS_LIBRARY_PATH=''
MANIFEST_TOOL=':'
MKDIR_P='/bin/mkdir -p'
NM='/usr/bin/nm'
NMEDIT=''
OBJDUMP='objdump'
OBJEXT='o'
OTOOL64=''
OTOOL=''
PACKAGE_BUGREPORT='freetype@nongnu.org'
PACKAGE_NAME='FreeType'
PACKAGE_STRING='FreeType 2.8.1'
PACKAGE_TARNAME='freetype'
PACKAGE_URL=''
PACKAGE_VERSION='2.8.1'
PATH_SEPARATOR=':'
PKG_CONFIG='/media/panpan/tools/buildroot-2018.02.8/output/host/bin/pkg-config'
PKG_CONFIG_LIBDIR='/media/panpan/tools/buildroot-2018.02.8/output/host/lib/pkgconfig:/media/panpan/tools/buildroot-2018.02.8/output/host/share/pkgconfig'
PKG_CONFIG_PATH=''
RANLIB='/usr/bin/ranlib'
REQUIRES_PRIVATE=''
SED='/bin/sed'
SHELL='/bin/sh'
STRIP='strip'
XX_ANSIFLAGS=' -pedantic -ansi'
XX_CFLAGS='-Wall'
ZLIB_CFLAGS=''
ZLIB_LIBS=''
ac_ct_AR=''
ac_ct_CC='/usr/bin/gcc'
ac_ct_DUMPBIN=''
bindir='${exec_prefix}/bin'
build='x86_64-pc-linux-gnu'
build_alias=''
build_cpu='x86_64'
build_libtool_libs=''
build_os='linux-gnu'
build_vendor='pc'
datadir='${datarootdir}'
datarootdir='${prefix}/share'
docdir='${datarootdir}/doc/${PACKAGE_TARNAME}'
dvidir='${docdir}'
exec_prefix='${prefix}'
ft_version='21.0.15'
ftmac_c=''
hardcode_libdir_flag_spec='$wl-rpath $wl$libdir'
host='x86_64-pc-linux-gnu'
host_alias=''
host_cpu='x86_64'
host_os='linux-gnu'
host_vendor='pc'
htmldir='${docdir}'
includedir='${prefix}/include'
infodir='${datarootdir}/info'
libdir='${exec_prefix}/lib'
libexecdir='${exec_prefix}/libexec'
localedir='${datarootdir}/locale'
localstatedir='/media/panpan/tools/buildroot-2018.02.8/output/host/var'
mandir='${datarootdir}/man'
oldincludedir='/usr/include'
pdfdir='${docdir}'
prefix='/media/panpan/tools/buildroot-2018.02.8/output/host'
program_transform_name='s,x,x,'
psdir='${docdir}'
sbindir='${exec_prefix}/sbin'
sharedstatedir='${prefix}/com'
sysconfdir='/media/panpan/tools/buildroot-2018.02.8/output/host/etc'
target_alias=''
version_info='21:0:15'
wl='-Wl,'

## ----------- ##
## confdefs.h. ##
## ----------- ##

/* confdefs.h */
#define PACKAGE_NAME "FreeType"
#define PACKAGE_TARNAME "freetype"
#define PACKAGE_VERSION "2.8.1"
#define PACKAGE_STRING "FreeType 2.8.1"
#define PACKAGE_BUGREPORT "freetype@nongnu.org"
#define PACKAGE_URL ""
#define STDC_HEADERS 1
#define HAVE_SYS_TYPES_H 1
#define HAVE_SYS_STAT_H 1
#define HAVE_STDLIB_H 1
#define HAVE_STRING_H 1
#define HAVE_MEMORY_H 1
#define HAVE_STRINGS_H 1
#define HAVE_INTTYPES_H 1
#define HAVE_STDINT_H 1
#define HAVE_UNISTD_H 1
#define HAVE_DLFCN_H 1
#define LT_OBJDIR ".libs/"
#define STDC_HEADERS 1
#define HAVE_FCNTL_H 1
#define HAVE_UNISTD_H 1
#define SIZEOF_INT 4
#define SIZEOF_LONG 8
#define HAVE_UNSIGNED_LONG_LONG_INT 1
#define HAVE_LONG_LONG_INT 1
#define HAVE_STDLIB_H 1
#define HAVE_UNISTD_H 1
#define HAVE_SYS_PARAM_H 1
#define HAVE_GETPAGESIZE 1
#define HAVE_MMAP 1
#define HAVE_DECL_MUNMAP 1
#define MUNMAP_USES_VOIDP /**/
#define HAVE_MEMCPY 1
#define HAVE_MEMMOVE 1

configure: exit 0
