This file contains any messages produced by compilers while
running configure, to aid debugging if configure makes a mistake.

It was created by dbus-glib configure 0.108, which was
generated by GNU Autoconf 2.69.  Invocation command line was

  $ ./configure --prefix=/media/panpan/tools/buildroot-2018.02.8/output/host --sysconfdir=/media/panpan/tools/buildroot-2018.02.8/output/host/etc --localstatedir=/media/panpan/tools/buildroot-2018.02.8/output/host/var --enable-shared --disable-static --disable-gtk-doc --disable-gtk-doc-html --disable-doc --disable-docs --disable-documentation --disable-debug --with-xmlto=no --with-fop=no --disable-dependency-tracking --disable-tests --disable-xml-docs --disable-bash-completion --disable-doxygen-docs --enable-asserts=yes

## --------- ##
## Platform. ##
## --------- ##

hostname = zed-00
uname -m = x86_64
uname -r = 4.4.0-116-generic
uname -s = Linux
uname -v = #140-Ubuntu SMP Mon Feb 12 21:23:04 UTC 2018

/usr/bin/uname -p = unknown
/bin/uname -X     = unknown

/bin/arch              = unknown
/usr/bin/arch -k       = unknown
/usr/convex/getsysinfo = unknown
/usr/bin/hostinfo      = unknown
/bin/machine           = unknown
/usr/bin/oslevel       = unknown
/bin/universe          = unknown

PATH: /media/panpan/tools/buildroot-2018.02.8/output/host/bin
PATH: /media/panpan/tools/buildroot-2018.02.8/output/host/sbin
PATH: /usr/local/sbin
PATH: /usr/local/bin
PATH: /usr/sbin
PATH: /usr/bin
PATH: /sbin
PATH: /bin
PATH: /usr/games
PATH: /usr/local/games
PATH: /snap/bin
PATH: /home/panpan/player/webrtc/go_appengine


## ----------- ##
## Core tests. ##
## ----------- ##

configure:2361: checking build system type
configure:2375: result: x86_64-pc-linux-gnu
configure:2395: checking host system type
configure:2408: result: x86_64-pc-linux-gnu
configure:2445: checking for a BSD-compatible install
configure:2513: result: /usr/bin/install -c
configure:2524: checking whether build environment is sane
configure:2579: result: yes
configure:2730: checking for a thread-safe mkdir -p
configure:2769: result: /bin/mkdir -p
configure:2776: checking for gawk
configure:2792: found /usr/bin/gawk
configure:2803: result: gawk
configure:2814: checking whether make sets $(MAKE)
configure:2836: result: yes
configure:2865: checking whether make supports nested variables
configure:2882: result: yes
configure:3018: checking whether to enable maintainer-specific portions of Makefiles
configure:3027: result: no
configure:3052: checking whether make supports nested variables
configure:3069: result: yes
configure:3151: checking for gcc
configure:3178: result: /usr/bin/gcc
configure:3407: checking for C compiler version
configure:3416: /usr/bin/gcc --version >&5
gcc (Ubuntu 5.4.0-6ubuntu1~16.04.10) 5.4.0 20160609
Copyright (C) 2015 Free Software Foundation, Inc.
This is free software; see the source for copying conditions.  There is NO
warranty; not even for MERCHANTABILITY or FITNESS FOR A PARTICULAR PURPOSE.

configure:3427: $? = 0
configure:3416: /usr/bin/gcc -v >&5
Using built-in specs.
COLLECT_GCC=/usr/bin/gcc
COLLECT_LTO_WRAPPER=/usr/lib/gcc/x86_64-linux-gnu/5/lto-wrapper
Target: x86_64-linux-gnu
Configured with: ../src/configure -v --with-pkgversion='Ubuntu 5.4.0-6ubuntu1~16.04.10' --with-bugurl=file:///usr/share/doc/gcc-5/README.Bugs --enable-languages=c,ada,c++,java,go,d,fortran,objc,obj-c++ --prefix=/usr --program-suffix=-5 --enable-shared --enable-linker-build-id --libexecdir=/usr/lib --without-included-gettext --enable-threads=posix --libdir=/usr/lib --enable-nls --with-sysroot=/ --enable-clocale=gnu --enable-libstdcxx-debug --enable-libstdcxx-time=yes --with-default-libstdcxx-abi=new --enable-gnu-unique-object --disable-vtable-verify --enable-libmpx --enable-plugin --with-system-zlib --disable-browser-plugin --enable-java-awt=gtk --enable-gtk-cairo --with-java-home=/usr/lib/jvm/java-1.5.0-gcj-5-amd64/jre --enable-java-home --with-jvm-root-dir=/usr/lib/jvm/java-1.5.0-gcj-5-amd64 --with-jvm-jar-dir=/usr/lib/jvm-exports/java-1.5.0-gcj-5-amd64 --with-arch-directory=amd64 --with-ecj-jar=/usr/share/java/eclipse-ecj.jar --enable-objc-gc --enable-multiarch --disable-werror --with-arch-32=i686 --with-abi=m64 --with-multilib-list=m32,m64,mx32 --enable-multilib --with-tune=generic --enable-checking=release --build=x86_64-linux-gnu --host=x86_64-linux-gnu --target=x86_64-linux-gnu
Thread model: posix
gcc version 5.4.0 20160609 (Ubuntu 5.4.0-6ubuntu1~16.04.10) 
configure:3427: $? = 0
configure:3416: /usr/bin/gcc -V >&5
gcc: error: unrecognized command line option '-V'
gcc: fatal error: no input files
compilation terminated.
configure:3427: $? = 1
configure:3416: /usr/bin/gcc -qversion >&5
gcc: error: unrecognized command line option '-qversion'
gcc: fatal error: no input files
compilation terminated.
configure:3427: $? = 1
configure:3447: checking whether the C compiler works
configure:3469: /usr/bin/gcc -O2 -I/media/panpan/tools/buildroot-2018.02.8/output/host/include -I/media/panpan/tools/buildroot-2018.02.8/output/host/include -L/media/panpan/tools/buildroot-2018.02.8/output/host/lib -Wl,-rpath,/media/panpan/tools/buildroot-2018.02.8/output/host/lib conftest.c  >&5
configure:3473: $? = 0
configure:3521: result: yes
configure:3524: checking for C compiler default output file name
configure:3526: result: a.out
configure:3532: checking for suffix of executables
configure:3539: /usr/bin/gcc -o conftest -O2 -I/media/panpan/tools/buildroot-2018.02.8/output/host/include -I/media/panpan/tools/buildroot-2018.02.8/output/host/include -L/media/panpan/tools/buildroot-2018.02.8/output/host/lib -Wl,-rpath,/media/panpan/tools/buildroot-2018.02.8/output/host/lib conftest.c  >&5
configure:3543: $? = 0
configure:3565: result: 
configure:3587: checking whether we are cross compiling
configure:3595: /usr/bin/gcc -o conftest -O2 -I/media/panpan/tools/buildroot-2018.02.8/output/host/include -I/media/panpan/tools/buildroot-2018.02.8/output/host/include -L/media/panpan/tools/buildroot-2018.02.8/output/host/lib -Wl,-rpath,/media/panpan/tools/buildroot-2018.02.8/output/host/lib conftest.c  >&5
configure:3599: $? = 0
configure:3606: ./conftest
configure:3610: $? = 0
configure:3625: result: no
configure:3630: checking for suffix of object files
configure:3652: /usr/bin/gcc -c -O2 -I/media/panpan/tools/buildroot-2018.02.8/output/host/include -I/media/panpan/tools/buildroot-2018.02.8/output/host/include conftest.c >&5
configure:3656: $? = 0
configure:3677: result: o
configure:3681: checking whether we are using the GNU C compiler
configure:3700: /usr/bin/gcc -c -O2 -I/media/panpan/tools/buildroot-2018.02.8/output/host/include -I/media/panpan/tools/buildroot-2018.02.8/output/host/include conftest.c >&5
configure:3700: $? = 0
configure:3709: result: yes
configure:3718: checking whether /usr/bin/gcc accepts -g
configure:3738: /usr/bin/gcc -c -g -I/media/panpan/tools/buildroot-2018.02.8/output/host/include conftest.c >&5
configure:3738: $? = 0
configure:3779: result: yes
configure:3796: checking for /usr/bin/gcc option to accept ISO C89
configure:3859: /usr/bin/gcc  -c -O2 -I/media/panpan/tools/buildroot-2018.02.8/output/host/include -I/media/panpan/tools/buildroot-2018.02.8/output/host/include conftest.c >&5
configure:3859: $? = 0
configure:3872: result: none needed
configure:3897: checking whether /usr/bin/gcc understands -c and -o together
configure:3919: /usr/bin/gcc -c conftest.c -o conftest2.o
configure:3922: $? = 0
configure:3919: /usr/bin/gcc -c conftest.c -o conftest2.o
configure:3922: $? = 0
configure:3934: result: yes
configure:3962: checking for style of include used by make
configure:3990: result: GNU
configure:4016: checking dependency style of /usr/bin/gcc
configure:4127: result: none
configure:4143: checking for library containing strerror
configure:4174: /usr/bin/gcc -o conftest -O2 -I/media/panpan/tools/buildroot-2018.02.8/output/host/include -I/media/panpan/tools/buildroot-2018.02.8/output/host/include -L/media/panpan/tools/buildroot-2018.02.8/output/host/lib -Wl,-rpath,/media/panpan/tools/buildroot-2018.02.8/output/host/lib conftest.c  >&5
configure:4174: $? = 0
configure:4191: result: none required
configure:4204: checking how to run the C preprocessor
configure:4274: result: /usr/bin/cpp
configure:4294: /usr/bin/cpp -I/media/panpan/tools/buildroot-2018.02.8/output/host/include conftest.c
configure:4294: $? = 0
configure:4308: /usr/bin/cpp -I/media/panpan/tools/buildroot-2018.02.8/output/host/include conftest.c
conftest.c:11:28: fatal error: ac_nonexistent.h: No such file or directory
compilation terminated.
configure:4308: $? = 1
configure: failed program was:
| /* confdefs.h */
| #define PACKAGE_NAME "dbus-glib"
| #define PACKAGE_TARNAME "dbus-glib"
| #define PACKAGE_VERSION "0.108"
| #define PACKAGE_STRING "dbus-glib 0.108"
| #define PACKAGE_BUGREPORT "https://bugs.freedesktop.org/enter_bug.cgi?product=dbus&component=GLib"
| #define PACKAGE_URL ""
| #define PACKAGE "dbus-glib"
| #define VERSION "0.108"
| /* end confdefs.h.  */
| #include <ac_nonexistent.h>
configure:4337: checking for grep that handles long lines and -e
configure:4395: result: /bin/grep
configure:4400: checking for egrep
configure:4462: result: /bin/grep -E
configure:4467: checking for ANSI C header files
configure:4487: /usr/bin/gcc -c -O2 -I/media/panpan/tools/buildroot-2018.02.8/output/host/include -I/media/panpan/tools/buildroot-2018.02.8/output/host/include conftest.c >&5
configure:4487: $? = 0
configure:4560: /usr/bin/gcc -o conftest -O2 -I/media/panpan/tools/buildroot-2018.02.8/output/host/include -I/media/panpan/tools/buildroot-2018.02.8/output/host/include -L/media/panpan/tools/buildroot-2018.02.8/output/host/lib -Wl,-rpath,/media/panpan/tools/buildroot-2018.02.8/output/host/lib conftest.c  >&5
configure:4560: $? = 0
configure:4560: ./conftest
configure:4560: $? = 0
configure:4571: result: yes
configure:4695: checking whether gcc understands -Wfloat-equal
configure:4712: /usr/bin/gcc -c -O2 -I/media/panpan/tools/buildroot-2018.02.8/output/host/include -Wfloat-equal -I/media/panpan/tools/buildroot-2018.02.8/output/host/include conftest.c >&5
configure:4712: $? = 0
configure:4725: result: yes
configure:4870: checking how to print strings
configure:4897: result: printf
configure:4918: checking for a sed that does not truncate output
configure:4982: result: /bin/sed
configure:5000: checking for fgrep
configure:5062: result: /bin/grep -F
configure:5097: checking for ld used by /usr/bin/gcc
configure:5164: result: /usr/bin/ld
configure:5171: checking if the linker (/usr/bin/ld) is GNU ld
configure:5186: result: yes
configure:5198: checking for BSD- or MS-compatible name lister (nm)
configure:5252: result: /usr/bin/nm
configure:5382: checking the name lister (/usr/bin/nm) interface
configure:5389: /usr/bin/gcc -c -O2 -I/media/panpan/tools/buildroot-2018.02.8/output/host/include -Wall -Wchar-subscripts -Wmissing-declarations -Wmissing-prototypes -Wnested-externs -Wpointer-arith -Wcast-align -Wfloat-equal -Wsign-compare -fno-strict-aliasing -I/media/panpan/tools/buildroot-2018.02.8/output/host/include conftest.c >&5
configure:5392: /usr/bin/nm "conftest.o"
configure:5395: output
0000000000000000 B some_variable
configure:5402: result: BSD nm
configure:5405: checking whether ln -s works
configure:5409: result: yes
configure:5417: checking the maximum length of command line arguments
configure:5548: result: 1572864
configure:5596: checking how to convert x86_64-pc-linux-gnu file names to x86_64-pc-linux-gnu format
configure:5636: result: func_convert_file_noop
configure:5643: checking how to convert x86_64-pc-linux-gnu file names to toolchain format
configure:5663: result: func_convert_file_noop
configure:5670: checking for /usr/bin/ld option to reload object files
configure:5677: result: -r
configure:5751: checking for objdump
configure:5767: found /usr/bin/objdump
configure:5778: result: objdump
configure:5810: checking how to recognize dependent libraries
configure:6010: result: pass_all
configure:6095: checking for dlltool
configure:6125: result: no
configure:6155: checking how to associate runtime and link libraries
configure:6182: result: printf %s\n
configure:6306: checking for archiver @FILE support
configure:6323: /usr/bin/gcc -c -O2 -I/media/panpan/tools/buildroot-2018.02.8/output/host/include -Wall -Wchar-subscripts -Wmissing-declarations -Wmissing-prototypes -Wnested-externs -Wpointer-arith -Wcast-align -Wfloat-equal -Wsign-compare -fno-strict-aliasing -I/media/panpan/tools/buildroot-2018.02.8/output/host/include conftest.c >&5
configure:6323: $? = 0
configure:6326: /usr/bin/ar cru libconftest.a @conftest.lst >&5
/usr/bin/ar: `u' modifier ignored since `D' is the default (see `U')
configure:6329: $? = 0
configure:6334: /usr/bin/ar cru libconftest.a @conftest.lst >&5
/usr/bin/ar: `u' modifier ignored since `D' is the default (see `U')
/usr/bin/ar: conftest.o: No such file or directory
configure:6337: $? = 1
configure:6349: result: @
configure:6407: checking for strip
configure:6423: found /usr/bin/strip
configure:6434: result: strip
configure:6506: checking for ranlib
configure:6533: result: /usr/bin/ranlib
configure:6635: checking command to parse /usr/bin/nm output from /usr/bin/gcc object
configure:6788: /usr/bin/gcc -c -O2 -I/media/panpan/tools/buildroot-2018.02.8/output/host/include -Wall -Wchar-subscripts -Wmissing-declarations -Wmissing-prototypes -Wnested-externs -Wpointer-arith -Wcast-align -Wfloat-equal -Wsign-compare -fno-strict-aliasing -I/media/panpan/tools/buildroot-2018.02.8/output/host/include conftest.c >&5
configure:6791: $? = 0
configure:6795: /usr/bin/nm conftest.o \| sed -n -e 's/^.*[ ]\([ABCDGIRSTW][ABCDGIRSTW]*\)[ ][ ]*\([_A-Za-z][_A-Za-z0-9]*\)$/\1 \2 \2/p' | sed '/ __gnu_lto/d' \> conftest.nm
configure:6798: $? = 0
configure:6864: /usr/bin/gcc -o conftest -O2 -I/media/panpan/tools/buildroot-2018.02.8/output/host/include -Wall -Wchar-subscripts -Wmissing-declarations -Wmissing-prototypes -Wnested-externs -Wpointer-arith -Wcast-align -Wfloat-equal -Wsign-compare -fno-strict-aliasing -I/media/panpan/tools/buildroot-2018.02.8/output/host/include -L/media/panpan/tools/buildroot-2018.02.8/output/host/lib -Wl,-rpath,/media/panpan/tools/buildroot-2018.02.8/output/host/lib conftest.c conftstm.o >&5
configure:6867: $? = 0
configure:6905: result: ok
configure:6952: checking for sysroot
configure:6982: result: no
configure:6989: checking for a working dd
configure:7027: result: /bin/dd
configure:7031: checking how to truncate binary pipes
configure:7046: result: /bin/dd bs=4096 count=1
configure:7182: /usr/bin/gcc -c -O2 -I/media/panpan/tools/buildroot-2018.02.8/output/host/include -Wall -Wchar-subscripts -Wmissing-declarations -Wmissing-prototypes -Wnested-externs -Wpointer-arith -Wcast-align -Wfloat-equal -Wsign-compare -fno-strict-aliasing -I/media/panpan/tools/buildroot-2018.02.8/output/host/include conftest.c >&5
configure:7185: $? = 0
configure:7375: checking for mt
configure:7391: found /bin/mt
configure:7402: result: mt
configure:7425: checking if mt is a manifest tool
configure:7431: mt '-?'
configure:7439: result: no
configure:8116: checking for sys/types.h
configure:8116: /usr/bin/gcc -c -O2 -I/media/panpan/tools/buildroot-2018.02.8/output/host/include -Wall -Wchar-subscripts -Wmissing-declarations -Wmissing-prototypes -Wnested-externs -Wpointer-arith -Wcast-align -Wfloat-equal -Wsign-compare -fno-strict-aliasing -I/media/panpan/tools/buildroot-2018.02.8/output/host/include conftest.c >&5
configure:8116: $? = 0
configure:8116: result: yes
configure:8116: checking for sys/stat.h
configure:8116: /usr/bin/gcc -c -O2 -I/media/panpan/tools/buildroot-2018.02.8/output/host/include -Wall -Wchar-subscripts -Wmissing-declarations -Wmissing-prototypes -Wnested-externs -Wpointer-arith -Wcast-align -Wfloat-equal -Wsign-compare -fno-strict-aliasing -I/media/panpan/tools/buildroot-2018.02.8/output/host/include conftest.c >&5
configure:8116: $? = 0
configure:8116: result: yes
configure:8116: checking for stdlib.h
configure:8116: /usr/bin/gcc -c -O2 -I/media/panpan/tools/buildroot-2018.02.8/output/host/include -Wall -Wchar-subscripts -Wmissing-declarations -Wmissing-prototypes -Wnested-externs -Wpointer-arith -Wcast-align -Wfloat-equal -Wsign-compare -fno-strict-aliasing -I/media/panpan/tools/buildroot-2018.02.8/output/host/include conftest.c >&5
configure:8116: $? = 0
configure:8116: result: yes
configure:8116: checking for string.h
configure:8116: /usr/bin/gcc -c -O2 -I/media/panpan/tools/buildroot-2018.02.8/output/host/include -Wall -Wchar-subscripts -Wmissing-declarations -Wmissing-prototypes -Wnested-externs -Wpointer-arith -Wcast-align -Wfloat-equal -Wsign-compare -fno-strict-aliasing -I/media/panpan/tools/buildroot-2018.02.8/output/host/include conftest.c >&5
configure:8116: $? = 0
configure:8116: result: yes
configure:8116: checking for memory.h
configure:8116: /usr/bin/gcc -c -O2 -I/media/panpan/tools/buildroot-2018.02.8/output/host/include -Wall -Wchar-subscripts -Wmissing-declarations -Wmissing-prototypes -Wnested-externs -Wpointer-arith -Wcast-align -Wfloat-equal -Wsign-compare -fno-strict-aliasing -I/media/panpan/tools/buildroot-2018.02.8/output/host/include conftest.c >&5
configure:8116: $? = 0
configure:8116: result: yes
configure:8116: checking for strings.h
configure:8116: /usr/bin/gcc -c -O2 -I/media/panpan/tools/buildroot-2018.02.8/output/host/include -Wall -Wchar-subscripts -Wmissing-declarations -Wmissing-prototypes -Wnested-externs -Wpointer-arith -Wcast-align -Wfloat-equal -Wsign-compare -fno-strict-aliasing -I/media/panpan/tools/buildroot-2018.02.8/output/host/include conftest.c >&5
configure:8116: $? = 0
configure:8116: result: yes
configure:8116: checking for inttypes.h
configure:8116: /usr/bin/gcc -c -O2 -I/media/panpan/tools/buildroot-2018.02.8/output/host/include -Wall -Wchar-subscripts -Wmissing-declarations -Wmissing-prototypes -Wnested-externs -Wpointer-arith -Wcast-align -Wfloat-equal -Wsign-compare -fno-strict-aliasing -I/media/panpan/tools/buildroot-2018.02.8/output/host/include conftest.c >&5
configure:8116: $? = 0
configure:8116: result: yes
configure:8116: checking for stdint.h
configure:8116: /usr/bin/gcc -c -O2 -I/media/panpan/tools/buildroot-2018.02.8/output/host/include -Wall -Wchar-subscripts -Wmissing-declarations -Wmissing-prototypes -Wnested-externs -Wpointer-arith -Wcast-align -Wfloat-equal -Wsign-compare -fno-strict-aliasing -I/media/panpan/tools/buildroot-2018.02.8/output/host/include conftest.c >&5
configure:8116: $? = 0
configure:8116: result: yes
configure:8116: checking for unistd.h
configure:8116: /usr/bin/gcc -c -O2 -I/media/panpan/tools/buildroot-2018.02.8/output/host/include -Wall -Wchar-subscripts -Wmissing-declarations -Wmissing-prototypes -Wnested-externs -Wpointer-arith -Wcast-align -Wfloat-equal -Wsign-compare -fno-strict-aliasing -I/media/panpan/tools/buildroot-2018.02.8/output/host/include conftest.c >&5
configure:8116: $? = 0
configure:8116: result: yes
configure:8130: checking for dlfcn.h
configure:8130: /usr/bin/gcc -c -O2 -I/media/panpan/tools/buildroot-2018.02.8/output/host/include -Wall -Wchar-subscripts -Wmissing-declarations -Wmissing-prototypes -Wnested-externs -Wpointer-arith -Wcast-align -Wfloat-equal -Wsign-compare -fno-strict-aliasing -I/media/panpan/tools/buildroot-2018.02.8/output/host/include conftest.c >&5
configure:8130: $? = 0
configure:8130: result: yes
configure:8386: checking for objdir
configure:8401: result: .libs
configure:8665: checking if /usr/bin/gcc supports -fno-rtti -fno-exceptions
configure:8683: /usr/bin/gcc -c -O2 -I/media/panpan/tools/buildroot-2018.02.8/output/host/include -Wall -Wchar-subscripts -Wmissing-declarations -Wmissing-prototypes -Wnested-externs -Wpointer-arith -Wcast-align -Wfloat-equal -Wsign-compare -fno-strict-aliasing -I/media/panpan/tools/buildroot-2018.02.8/output/host/include -fno-rtti -fno-exceptions conftest.c >&5
cc1: warning: command line option '-fno-rtti' is valid for C++/ObjC++ but not for C
configure:8687: $? = 0
configure:8700: result: no
configure:9058: checking for /usr/bin/gcc option to produce PIC
configure:9065: result: -fPIC -DPIC
configure:9073: checking if /usr/bin/gcc PIC flag -fPIC -DPIC works
configure:9091: /usr/bin/gcc -c -O2 -I/media/panpan/tools/buildroot-2018.02.8/output/host/include -Wall -Wchar-subscripts -Wmissing-declarations -Wmissing-prototypes -Wnested-externs -Wpointer-arith -Wcast-align -Wfloat-equal -Wsign-compare -fno-strict-aliasing -I/media/panpan/tools/buildroot-2018.02.8/output/host/include -fPIC -DPIC -DPIC conftest.c >&5
configure:9095: $? = 0
configure:9108: result: yes
configure:9137: checking if /usr/bin/gcc static flag -static works
configure:9165: result: yes
configure:9180: checking if /usr/bin/gcc supports -c -o file.o
configure:9201: /usr/bin/gcc -c -O2 -I/media/panpan/tools/buildroot-2018.02.8/output/host/include -Wall -Wchar-subscripts -Wmissing-declarations -Wmissing-prototypes -Wnested-externs -Wpointer-arith -Wcast-align -Wfloat-equal -Wsign-compare -fno-strict-aliasing -I/media/panpan/tools/buildroot-2018.02.8/output/host/include -o out/conftest2.o conftest.c >&5
configure:9205: $? = 0
configure:9227: result: yes
configure:9235: checking if /usr/bin/gcc supports -c -o file.o
configure:9282: result: yes
configure:9315: checking whether the /usr/bin/gcc linker (/usr/bin/ld -m elf_x86_64) supports shared libraries
configure:10578: result: yes
configure:10615: checking whether -lc should be explicitly linked in
configure:10623: /usr/bin/gcc -c -O2 -I/media/panpan/tools/buildroot-2018.02.8/output/host/include -Wall -Wchar-subscripts -Wmissing-declarations -Wmissing-prototypes -Wnested-externs -Wpointer-arith -Wcast-align -Wfloat-equal -Wsign-compare -fno-strict-aliasing -I/media/panpan/tools/buildroot-2018.02.8/output/host/include conftest.c >&5
configure:10626: $? = 0
configure:10641: /usr/bin/gcc -shared  -fPIC -DPIC conftest.o  -v -Wl,-soname -Wl,conftest -o conftest 2\>\&1 \| /bin/grep  -lc  \>/dev/null 2\>\&1
configure:10644: $? = 0
configure:10658: result: no
configure:10818: checking dynamic linker characteristics
configure:11399: /usr/bin/gcc -o conftest -O2 -I/media/panpan/tools/buildroot-2018.02.8/output/host/include -Wall -Wchar-subscripts -Wmissing-declarations -Wmissing-prototypes -Wnested-externs -Wpointer-arith -Wcast-align -Wfloat-equal -Wsign-compare -fno-strict-aliasing -I/media/panpan/tools/buildroot-2018.02.8/output/host/include -L/media/panpan/tools/buildroot-2018.02.8/output/host/lib -Wl,-rpath,/media/panpan/tools/buildroot-2018.02.8/output/host/lib -Wl,-rpath -Wl,/foo conftest.c  >&5
configure:11399: $? = 0
configure:11648: result: GNU/Linux ld.so
configure:11770: checking how to hardcode library paths into programs
configure:11795: result: immediate
configure:12343: checking whether stripping libraries is possible
configure:12348: result: yes
configure:12383: checking if libtool supports shared libraries
configure:12385: result: yes
configure:12388: checking whether to build shared libraries
configure:12413: result: yes
configure:12416: checking whether to build static libraries
configure:12420: result: no
configure:12472: checking for library containing socket
configure:12503: /usr/bin/gcc -o conftest -O2 -I/media/panpan/tools/buildroot-2018.02.8/output/host/include -Wall -Wchar-subscripts -Wmissing-declarations -Wmissing-prototypes -Wnested-externs -Wpointer-arith -Wcast-align -Wfloat-equal -Wsign-compare -fno-strict-aliasing -I/media/panpan/tools/buildroot-2018.02.8/output/host/include -L/media/panpan/tools/buildroot-2018.02.8/output/host/lib -Wl,-rpath,/media/panpan/tools/buildroot-2018.02.8/output/host/lib conftest.c  >&5
configure:12503: $? = 0
configure:12520: result: none required
configure:12529: checking whether socklen_t is defined
configure:12549: /usr/bin/gcc -c -O2 -I/media/panpan/tools/buildroot-2018.02.8/output/host/include -Wall -Wchar-subscripts -Wmissing-declarations -Wmissing-prototypes -Wnested-externs -Wpointer-arith -Wcast-align -Wfloat-equal -Wsign-compare -fno-strict-aliasing -I/media/panpan/tools/buildroot-2018.02.8/output/host/include conftest.c >&5
conftest.c: In function 'main':
conftest.c:32:11: warning: variable 'foo' set but not used [-Wunused-but-set-variable]
 socklen_t foo;
           ^
configure:12549: $? = 0
configure:12555: result: yes
configure:12567: checking for XML_ParserCreate_MM in -lexpat
configure:12592: /usr/bin/gcc -o conftest -O2 -I/media/panpan/tools/buildroot-2018.02.8/output/host/include -Wall -Wchar-subscripts -Wmissing-declarations -Wmissing-prototypes -Wnested-externs -Wpointer-arith -Wcast-align -Wfloat-equal -Wsign-compare -fno-strict-aliasing -I/media/panpan/tools/buildroot-2018.02.8/output/host/include -L/media/panpan/tools/buildroot-2018.02.8/output/host/lib -Wl,-rpath,/media/panpan/tools/buildroot-2018.02.8/output/host/lib conftest.c -lexpat   >&5
configure:12592: $? = 0
configure:12601: result: yes
configure:12606: checking expat.h usability
configure:12606: /usr/bin/gcc -c -O2 -I/media/panpan/tools/buildroot-2018.02.8/output/host/include -Wall -Wchar-subscripts -Wmissing-declarations -Wmissing-prototypes -Wnested-externs -Wpointer-arith -Wcast-align -Wfloat-equal -Wsign-compare -fno-strict-aliasing -I/media/panpan/tools/buildroot-2018.02.8/output/host/include conftest.c >&5
configure:12606: $? = 0
configure:12606: result: yes
configure:12606: checking expat.h presence
configure:12606: /usr/bin/cpp -I/media/panpan/tools/buildroot-2018.02.8/output/host/include conftest.c
configure:12606: $? = 0
configure:12606: result: yes
configure:12606: checking for expat.h
configure:12606: result: yes
configure:12742: checking pkg-config is at least version 0.9.0
configure:12745: result: yes
configure:12755: checking for DBUS
configure:12762: $PKG_CONFIG --exists --print-errors "dbus-1 >= 1.8"
configure:12765: $? = 0
configure:12779: $PKG_CONFIG --exists --print-errors "dbus-1 >= 1.8"
configure:12782: $? = 0
configure:12840: result: yes
configure:12856: checking for DBUS_GLIB
configure:12863: $PKG_CONFIG --exists --print-errors "gobject-2.0 >= 2.32, gio-2.0 >= 2.32"
configure:12866: $? = 0
configure:12880: $PKG_CONFIG --exists --print-errors "gobject-2.0 >= 2.32, gio-2.0 >= 2.32"
configure:12883: $? = 0
configure:12941: result: yes
configure:12963: checking for gtk-doc
configure:12966: $PKG_CONFIG --exists --print-errors "$gtk_doc_requires"
Package gtk-doc was not found in the pkg-config search path.
Perhaps you should add the directory containing `gtk-doc.pc'
to the PKG_CONFIG_PATH environment variable
Package 'gtk-doc', required by 'world', not found
configure:12969: $? = 1
configure:12975: result: no
configure:12981: WARNING:
  You will not be able to create source packages with 'make dist'
  because gtk-doc >= 1.14 is not found.
configure:12989: checking for gtkdoc-check
configure:13019: result: no
configure:13026: checking for gtkdoc-check
configure:13059: result: no
configure:13068: checking for gtkdoc-rebase
configure:13101: result: no
configure:13112: checking for gtkdoc-mkpdf
configure:13145: result: no
configure:13170: checking whether to build gtk-doc documentation
configure:13172: result: no
configure:13185: checking for GTKDOC_DEPS
configure:13192: $PKG_CONFIG --exists --print-errors "glib-2.0 >= 2.10.0 gobject-2.0  >= 2.10.0"
configure:13195: $? = 0
configure:13209: $PKG_CONFIG --exists --print-errors "glib-2.0 >= 2.10.0 gobject-2.0  >= 2.10.0"
configure:13212: $? = 0
configure:13250: result: yes
configure:13441: checking that generated files are newer than configure
configure:13447: result: done
configure:13506: creating ./config.status

## ---------------------- ##
## Running config.status. ##
## ---------------------- ##

This file was extended by dbus-glib config.status 0.108, which was
generated by GNU Autoconf 2.69.  Invocation command line was

  CONFIG_FILES    = 
  CONFIG_HEADERS  = 
  CONFIG_LINKS    = 
  CONFIG_COMMANDS = 
  $ ./config.status 

on zed-00

config.status:1149: creating Makefile
config.status:1149: creating m4/Makefile
config.status:1149: creating doc/Makefile
config.status:1149: creating doc/reference/Makefile
config.status:1149: creating doc/reference/version.xml
config.status:1149: creating dbus/Makefile
config.status:1149: creating dbus/examples/Makefile
config.status:1149: creating dbus/examples/statemachine/Makefile
config.status:1149: creating test/Makefile
config.status:1149: creating test/core/Makefile
config.status:1149: creating test/interfaces/Makefile
config.status:1149: creating test/data/valid-service-files/debug-glib.service
config.status:1149: creating test/data/valid-service-files/debug-echo.service
config.status:1149: creating test/data/valid-service-files/interfaces-test.service
config.status:1149: creating test/lib/Makefile
config.status:1149: creating tools/Makefile
config.status:1149: creating dbus-glib-1.pc
config.status:1149: creating dbus-glib-1-uninstalled.pc
config.status:1149: creating config.h
config.status:1378: executing depfiles commands
config.status:1378: executing libtool commands
configure:15661: WARNING: unrecognized options: --disable-doc, --disable-docs, --disable-documentation, --disable-debug, --with-xmlto, --with-fop, --disable-xml-docs, --disable-doxygen-docs

## ---------------- ##
## Cache variables. ##
## ---------------- ##

ac_cv_build=x86_64-pc-linux-gnu
ac_cv_c_compiler_gnu=yes
ac_cv_env_CC_set=set
ac_cv_env_CC_value=/usr/bin/gcc
ac_cv_env_CFLAGS_set=set
ac_cv_env_CFLAGS_value='-O2 -I/media/panpan/tools/buildroot-2018.02.8/output/host/include'
ac_cv_env_CPPFLAGS_set=set
ac_cv_env_CPPFLAGS_value=-I/media/panpan/tools/buildroot-2018.02.8/output/host/include
ac_cv_env_CPP_set=set
ac_cv_env_CPP_value=/usr/bin/cpp
ac_cv_env_DBUS_CFLAGS_set=
ac_cv_env_DBUS_CFLAGS_value=
ac_cv_env_DBUS_GLIB_CFLAGS_set=
ac_cv_env_DBUS_GLIB_CFLAGS_value=
ac_cv_env_DBUS_GLIB_LIBS_set=
ac_cv_env_DBUS_GLIB_LIBS_value=
ac_cv_env_DBUS_LIBS_set=
ac_cv_env_DBUS_LIBS_value=
ac_cv_env_GTKDOC_DEPS_CFLAGS_set=
ac_cv_env_GTKDOC_DEPS_CFLAGS_value=
ac_cv_env_GTKDOC_DEPS_LIBS_set=
ac_cv_env_GTKDOC_DEPS_LIBS_value=
ac_cv_env_LDFLAGS_set=set
ac_cv_env_LDFLAGS_value='-L/media/panpan/tools/buildroot-2018.02.8/output/host/lib -Wl,-rpath,/media/panpan/tools/buildroot-2018.02.8/output/host/lib'
ac_cv_env_LIBS_set=
ac_cv_env_LIBS_value=
ac_cv_env_LT_SYS_LIBRARY_PATH_set=
ac_cv_env_LT_SYS_LIBRARY_PATH_value=
ac_cv_env_PKG_CONFIG_LIBDIR_set=set
ac_cv_env_PKG_CONFIG_LIBDIR_value=/media/panpan/tools/buildroot-2018.02.8/output/host/lib/pkgconfig:/media/panpan/tools/buildroot-2018.02.8/output/host/share/pkgconfig
ac_cv_env_PKG_CONFIG_PATH_set=
ac_cv_env_PKG_CONFIG_PATH_value=
ac_cv_env_PKG_CONFIG_set=set
ac_cv_env_PKG_CONFIG_value=/media/panpan/tools/buildroot-2018.02.8/output/host/bin/pkg-config
ac_cv_env_build_alias_set=
ac_cv_env_build_alias_value=
ac_cv_env_host_alias_set=
ac_cv_env_host_alias_value=
ac_cv_env_target_alias_set=
ac_cv_env_target_alias_value=
ac_cv_header_dlfcn_h=yes
ac_cv_header_expat_h=yes
ac_cv_header_inttypes_h=yes
ac_cv_header_memory_h=yes
ac_cv_header_stdc=yes
ac_cv_header_stdint_h=yes
ac_cv_header_stdlib_h=yes
ac_cv_header_string_h=yes
ac_cv_header_strings_h=yes
ac_cv_header_sys_stat_h=yes
ac_cv_header_sys_types_h=yes
ac_cv_header_unistd_h=yes
ac_cv_host=x86_64-pc-linux-gnu
ac_cv_lib_expat_XML_ParserCreate_MM=yes
ac_cv_objext=o
ac_cv_path_EGREP='/bin/grep -E'
ac_cv_path_FGREP='/bin/grep -F'
ac_cv_path_GREP=/bin/grep
ac_cv_path_SED=/bin/sed
ac_cv_path_install='/usr/bin/install -c'
ac_cv_path_lt_DD=/bin/dd
ac_cv_path_mkdir=/bin/mkdir
ac_cv_prog_AWK=gawk
ac_cv_prog_CPP=/usr/bin/cpp
ac_cv_prog_ac_ct_CC=/usr/bin/gcc
ac_cv_prog_ac_ct_MANIFEST_TOOL=mt
ac_cv_prog_ac_ct_OBJDUMP=objdump
ac_cv_prog_ac_ct_RANLIB=/usr/bin/ranlib
ac_cv_prog_ac_ct_STRIP=strip
ac_cv_prog_cc_c89=
ac_cv_prog_cc_g=yes
ac_cv_prog_make_make_set=yes
ac_cv_search_socket='none required'
ac_cv_search_strerror='none required'
am_cv_CC_dependencies_compiler_type=none
am_cv_make_support_nested_variables=yes
am_cv_prog_cc_c_o=yes
lt_cv_ar_at_file=@
lt_cv_archive_cmds_need_lc=no
lt_cv_deplibs_check_method=pass_all
lt_cv_file_magic_cmd='$MAGIC_CMD'
lt_cv_file_magic_test_file=
lt_cv_ld_reload_flag=-r
lt_cv_nm_interface='BSD nm'
lt_cv_objdir=.libs
lt_cv_path_LD=/usr/bin/ld
lt_cv_path_NM=/usr/bin/nm
lt_cv_path_mainfest_tool=no
lt_cv_prog_compiler_c_o=yes
lt_cv_prog_compiler_pic='-fPIC -DPIC'
lt_cv_prog_compiler_pic_works=yes
lt_cv_prog_compiler_rtti_exceptions=no
lt_cv_prog_compiler_static_works=yes
lt_cv_prog_gnu_ld=yes
lt_cv_sharedlib_from_linklib_cmd='printf %s\n'
lt_cv_shlibpath_overrides_runpath=no
lt_cv_sys_global_symbol_pipe='sed -n -e '\''s/^.*[	 ]\([ABCDGIRSTW][ABCDGIRSTW]*\)[	 ][	 ]*\([_A-Za-z][_A-Za-z0-9]*\)$/\1 \2 \2/p'\'' | sed '\''/ __gnu_lto/d'\'''
lt_cv_sys_global_symbol_to_c_name_address='sed -n -e '\''s/^: \(.*\) .*$/  {"\1", (void *) 0},/p'\'' -e '\''s/^[ABCDGIRSTW][ABCDGIRSTW]* .* \(.*\)$/  {"\1", (void *) \&\1},/p'\'''
lt_cv_sys_global_symbol_to_c_name_address_lib_prefix='sed -n -e '\''s/^: \(.*\) .*$/  {"\1", (void *) 0},/p'\'' -e '\''s/^[ABCDGIRSTW][ABCDGIRSTW]* .* \(lib.*\)$/  {"\1", (void *) \&\1},/p'\'' -e '\''s/^[ABCDGIRSTW][ABCDGIRSTW]* .* \(.*\)$/  {"lib\1", (void *) \&\1},/p'\'''
lt_cv_sys_global_symbol_to_cdecl='sed -n -e '\''s/^T .* \(.*\)$/extern int \1();/p'\'' -e '\''s/^[ABCDGIRSTW][ABCDGIRSTW]* .* \(.*\)$/extern char \1;/p'\'''
lt_cv_sys_global_symbol_to_import=
lt_cv_sys_max_cmd_len=1572864
lt_cv_to_host_file_cmd=func_convert_file_noop
lt_cv_to_tool_file_cmd=func_convert_file_noop
lt_cv_truncate_bin='/bin/dd bs=4096 count=1'
pkg_cv_DBUS_CFLAGS='-I/media/panpan/tools/buildroot-2018.02.8/output/host/include/dbus-1.0 -I/media/panpan/tools/buildroot-2018.02.8/output/host/lib/dbus-1.0/include  '
pkg_cv_DBUS_GLIB_CFLAGS='-I/media/panpan/tools/buildroot-2018.02.8/output/host/include/glib-2.0 -I/media/panpan/tools/buildroot-2018.02.8/output/host/lib/glib-2.0/include -I/media/panpan/tools/buildroot-2018.02.8/output/host/include -pthread  '
pkg_cv_DBUS_GLIB_LIBS='-L/media/panpan/tools/buildroot-2018.02.8/output/host/lib -lgio-2.0 -lgobject-2.0 -lglib-2.0  '
pkg_cv_DBUS_LIBS='-L/media/panpan/tools/buildroot-2018.02.8/output/host/lib -ldbus-1  '
pkg_cv_GTKDOC_DEPS_CFLAGS='-I/media/panpan/tools/buildroot-2018.02.8/output/host/include/glib-2.0 -I/media/panpan/tools/buildroot-2018.02.8/output/host/lib/glib-2.0/include -I/media/panpan/tools/buildroot-2018.02.8/output/host/include  '
pkg_cv_GTKDOC_DEPS_LIBS='-L/media/panpan/tools/buildroot-2018.02.8/output/host/lib -lgobject-2.0 -lglib-2.0  '

## ----------------- ##
## Output variables. ##
## ----------------- ##

ACLOCAL='${SHELL} /media/panpan/tools/buildroot-2018.02.8/output/build/host-dbus-glib-0.108/missing aclocal-1.15 '
AMDEPBACKSLASH=''
AMDEP_FALSE=''
AMDEP_TRUE='#'
AMTAR='$${TAR-tar}'
AM_BACKSLASH='\'
AM_DEFAULT_V='$(AM_DEFAULT_VERBOSITY)'
AM_DEFAULT_VERBOSITY='0'
AM_V='$(V)'
AR='/usr/bin/ar'
AUTOCONF='${SHELL} /media/panpan/tools/buildroot-2018.02.8/output/build/host-dbus-glib-0.108/missing autoconf'
AUTOHEADER='${SHELL} /media/panpan/tools/buildroot-2018.02.8/output/build/host-dbus-glib-0.108/missing autoheader'
AUTOMAKE='${SHELL} /media/panpan/tools/buildroot-2018.02.8/output/build/host-dbus-glib-0.108/missing automake-1.15'
AWK='gawk'
CC='/usr/bin/gcc'
CCDEPMODE='depmode=none'
CFLAGS='-O2 -I/media/panpan/tools/buildroot-2018.02.8/output/host/include -Wall -Wchar-subscripts -Wmissing-declarations -Wmissing-prototypes -Wnested-externs -Wpointer-arith -Wcast-align -Wfloat-equal -Wsign-compare -fno-strict-aliasing'
CPP='/usr/bin/cpp'
CPPFLAGS='-I/media/panpan/tools/buildroot-2018.02.8/output/host/include'
CYGPATH_W='echo'
DBUS_BASH_COMPLETION_FALSE=''
DBUS_BASH_COMPLETION_TRUE='#'
DBUS_BINDING_TOOL='$(top_builddir)/dbus/dbus-binding-tool'
DBUS_BUILD_TESTS_FALSE=''
DBUS_BUILD_TESTS_TRUE='#'
DBUS_CFLAGS='-I/media/panpan/tools/buildroot-2018.02.8/output/host/include/dbus-1.0 -I/media/panpan/tools/buildroot-2018.02.8/output/host/lib/dbus-1.0/include  '
DBUS_GLIB_CFLAGS='-I/media/panpan/tools/buildroot-2018.02.8/output/host/include/glib-2.0 -I/media/panpan/tools/buildroot-2018.02.8/output/host/lib/glib-2.0/include -I/media/panpan/tools/buildroot-2018.02.8/output/host/include -pthread  '
DBUS_GLIB_LIBS='-L/media/panpan/tools/buildroot-2018.02.8/output/host/lib -lgio-2.0 -lgobject-2.0 -lglib-2.0  '
DBUS_GLIB_THREADS_LIBS=''
DBUS_GLIB_TOOL_CFLAGS=''
DBUS_GLIB_TOOL_LIBS='-lexpat'
DBUS_LIBS='-L/media/panpan/tools/buildroot-2018.02.8/output/host/lib -ldbus-1  '
DEFS='-DHAVE_CONFIG_H'
DEPDIR='.deps'
DLLTOOL='false'
DSYMUTIL=''
DUMPBIN=''
ECHO_C=''
ECHO_N='-n'
ECHO_T=''
EGREP='/bin/grep -E'
ENABLE_GTK_DOC_FALSE=''
ENABLE_GTK_DOC_TRUE='#'
EXEEXT=''
FGREP='/bin/grep -F'
GLIB_GENMARSHAL='glib-genmarshal'
GREP='/bin/grep'
GTKDOC_CHECK=''
GTKDOC_CHECK_PATH=''
GTKDOC_DEPS_CFLAGS='-I/media/panpan/tools/buildroot-2018.02.8/output/host/include/glib-2.0 -I/media/panpan/tools/buildroot-2018.02.8/output/host/lib/glib-2.0/include -I/media/panpan/tools/buildroot-2018.02.8/output/host/include  '
GTKDOC_DEPS_LIBS='-L/media/panpan/tools/buildroot-2018.02.8/output/host/lib -lgobject-2.0 -lglib-2.0  '
GTKDOC_MKPDF=''
GTKDOC_REBASE='true'
GTK_DOC_BUILD_HTML_FALSE=''
GTK_DOC_BUILD_HTML_TRUE='#'
GTK_DOC_BUILD_PDF_FALSE=''
GTK_DOC_BUILD_PDF_TRUE='#'
GTK_DOC_USE_LIBTOOL_FALSE='#'
GTK_DOC_USE_LIBTOOL_TRUE=''
GTK_DOC_USE_REBASE_FALSE='#'
GTK_DOC_USE_REBASE_TRUE=''
HAVE_GTK_DOC_FALSE=''
HAVE_GTK_DOC_TRUE='#'
HTML_DIR='${datadir}/gtk-doc/html'
INSTALL_DATA='${INSTALL} -m 644'
INSTALL_PROGRAM='${INSTALL}'
INSTALL_SCRIPT='${INSTALL}'
INSTALL_STRIP_PROGRAM='$(install_sh) -c -s'
LD='/usr/bin/ld -m elf_x86_64'
LDFLAGS='-L/media/panpan/tools/buildroot-2018.02.8/output/host/lib -Wl,-rpath,/media/panpan/tools/buildroot-2018.02.8/output/host/lib'
LIBOBJS=''
LIBS=''
LIBTOOL='$(SHELL) $(top_builddir)/libtool'
LIPO=''
LN_S='ln -s'
LTLIBOBJS=''
LT_AGE='3'
LT_CURRENT='5'
LT_REVISION='3'
LT_SYS_LIBRARY_PATH=''
MAINT='#'
MAINTAINER_MODE_FALSE=''
MAINTAINER_MODE_TRUE='#'
MAKEINFO='${SHELL} /media/panpan/tools/buildroot-2018.02.8/output/build/host-dbus-glib-0.108/missing makeinfo'
MANIFEST_TOOL=':'
MKDIR_P='/bin/mkdir -p'
NM='/usr/bin/nm'
NMEDIT=''
OBJDUMP='objdump'
OBJEXT='o'
OTOOL64=''
OTOOL=''
PACKAGE='dbus-glib'
PACKAGE_BUGREPORT='https://bugs.freedesktop.org/enter_bug.cgi?product=dbus&component=GLib'
PACKAGE_NAME='dbus-glib'
PACKAGE_STRING='dbus-glib 0.108'
PACKAGE_TARNAME='dbus-glib'
PACKAGE_URL=''
PACKAGE_VERSION='0.108'
PATH_SEPARATOR=':'
PKG_CONFIG='/media/panpan/tools/buildroot-2018.02.8/output/host/bin/pkg-config'
PKG_CONFIG_LIBDIR='/media/panpan/tools/buildroot-2018.02.8/output/host/lib/pkgconfig:/media/panpan/tools/buildroot-2018.02.8/output/host/share/pkgconfig'
PKG_CONFIG_PATH=''
RANLIB='/usr/bin/ranlib'
SED='/bin/sed'
SET_MAKE=''
SHELL='/bin/sh'
STRIP='strip'
VERSION='0.108'
ac_ct_AR=''
ac_ct_CC='/usr/bin/gcc'
ac_ct_DUMPBIN=''
am__EXEEXT_FALSE=''
am__EXEEXT_TRUE='#'
am__fastdepCC_FALSE=''
am__fastdepCC_TRUE='#'
am__include='include'
am__isrc=''
am__leading_dot='.'
am__nodep=''
am__quote=''
am__tar='$${TAR-tar} chof - "$$tardir"'
am__untar='$${TAR-tar} xf -'
bindir='${exec_prefix}/bin'
build='x86_64-pc-linux-gnu'
build_alias=''
build_cpu='x86_64'
build_os='linux-gnu'
build_vendor='pc'
datadir='${datarootdir}'
datarootdir='${prefix}/share'
docdir='${datarootdir}/doc/${PACKAGE_TARNAME}'
dvidir='${docdir}'
exec_prefix='${prefix}'
host='x86_64-pc-linux-gnu'
host_alias=''
host_cpu='x86_64'
host_os='linux-gnu'
host_vendor='pc'
htmldir='${docdir}'
includedir='${prefix}/include'
infodir='${datarootdir}/info'
install_sh='${SHELL} /media/panpan/tools/buildroot-2018.02.8/output/build/host-dbus-glib-0.108/install-sh'
libdir='${exec_prefix}/lib'
libexecdir='${exec_prefix}/libexec'
localedir='${datarootdir}/locale'
localstatedir='/media/panpan/tools/buildroot-2018.02.8/output/host/var'
mandir='${datarootdir}/man'
mkdir_p='$(MKDIR_P)'
oldincludedir='/usr/include'
pdfdir='${docdir}'
prefix='/media/panpan/tools/buildroot-2018.02.8/output/host'
program_transform_name='s,x,x,'
psdir='${docdir}'
runstatedir='${localstatedir}/run'
sbindir='${exec_prefix}/sbin'
sharedstatedir='${prefix}/com'
sysconfdir='/media/panpan/tools/buildroot-2018.02.8/output/host/etc'
target_alias=''

## ----------- ##
## confdefs.h. ##
## ----------- ##

/* confdefs.h */
#define PACKAGE_NAME "dbus-glib"
#define PACKAGE_TARNAME "dbus-glib"
#define PACKAGE_VERSION "0.108"
#define PACKAGE_STRING "dbus-glib 0.108"
#define PACKAGE_BUGREPORT "https://bugs.freedesktop.org/enter_bug.cgi?product=dbus&component=GLib"
#define PACKAGE_URL ""
#define PACKAGE "dbus-glib"
#define VERSION "0.108"
#define STDC_HEADERS 1
#define HAVE_SYS_TYPES_H 1
#define HAVE_SYS_STAT_H 1
#define HAVE_STDLIB_H 1
#define HAVE_STRING_H 1
#define HAVE_MEMORY_H 1
#define HAVE_STRINGS_H 1
#define HAVE_INTTYPES_H 1
#define HAVE_STDINT_H 1
#define HAVE_UNISTD_H 1
#define HAVE_DLFCN_H 1
#define LT_OBJDIR ".libs/"
#define HAVE_SOCKLEN_T 1
#define HAVE_EXPAT_H 1
#define GLIB_VERSION_MAX_ALLOWED GLIB_VERSION_2_32
#define GLIB_VERSION_MIN_REQUIRED GLIB_VERSION_2_32

configure: exit 0
