Determining if files sys/endian.h exist failed with the following output:
Change Dir: /media/panpan/tools/buildroot-2018.02.8/output/build/libical-1.0.1/CMakeFiles/CMakeTmp

Run Build Command:"/usr/bin/make" "cmTC_7b669/fast"
make[2]: Entering directory '/media/panpan/tools/buildroot-2018.02.8/output/build/libical-1.0.1/CMakeFiles/CMakeTmp'
/usr/bin/make -f CMakeFiles/cmTC_7b669.dir/build.make CMakeFiles/cmTC_7b669.dir/build
make[3]: Entering directory '/media/panpan/tools/buildroot-2018.02.8/output/build/libical-1.0.1/CMakeFiles/CMakeTmp'
Building C object CMakeFiles/cmTC_7b669.dir/CheckIncludeFiles.c.o
/media/panpan/tools/buildroot-2018.02.8/output/host/bin/arm-linux-gnueabihf-gcc --sysroot=/media/panpan/tools/buildroot-2018.02.8/output/host/arm-buildroot-linux-gnueabihf/sysroot   -D_LARGEFILE_SOURCE -D_LARGEFILE64_SOURCE -D_FILE_OFFSET_BITS=64 -Os   -DNDEBUG   -o CMakeFiles/cmTC_7b669.dir/CheckIncludeFiles.c.o   -c /media/panpan/tools/buildroot-2018.02.8/output/build/libical-1.0.1/CMakeFiles/CMakeTmp/CheckIncludeFiles.c
/media/panpan/tools/buildroot-2018.02.8/output/build/libical-1.0.1/CMakeFiles/CMakeTmp/CheckIncludeFiles.c:2:10: fatal error: sys/endian.h: 没有那个文件或目录
 #include <sys/endian.h>
          ^~~~~~~~~~~~~~
compilation terminated.
CMakeFiles/cmTC_7b669.dir/build.make:65: recipe for target 'CMakeFiles/cmTC_7b669.dir/CheckIncludeFiles.c.o' failed
make[3]: *** [CMakeFiles/cmTC_7b669.dir/CheckIncludeFiles.c.o] Error 1
make[3]: Leaving directory '/media/panpan/tools/buildroot-2018.02.8/output/build/libical-1.0.1/CMakeFiles/CMakeTmp'
Makefile:126: recipe for target 'cmTC_7b669/fast' failed
make[2]: *** [cmTC_7b669/fast] Error 2
make[2]: Leaving directory '/media/panpan/tools/buildroot-2018.02.8/output/build/libical-1.0.1/CMakeFiles/CMakeTmp'

Source:
/* */
#include <sys/endian.h>


int main(void){return 0;}

Determining if the pthread_create exist failed with the following output:
Change Dir: /media/panpan/tools/buildroot-2018.02.8/output/build/libical-1.0.1/CMakeFiles/CMakeTmp

Run Build Command:"/usr/bin/make" "cmTC_6bb85/fast"
make[2]: Entering directory '/media/panpan/tools/buildroot-2018.02.8/output/build/libical-1.0.1/CMakeFiles/CMakeTmp'
/usr/bin/make -f CMakeFiles/cmTC_6bb85.dir/build.make CMakeFiles/cmTC_6bb85.dir/build
make[3]: Entering directory '/media/panpan/tools/buildroot-2018.02.8/output/build/libical-1.0.1/CMakeFiles/CMakeTmp'
Building C object CMakeFiles/cmTC_6bb85.dir/CheckSymbolExists.c.o
/media/panpan/tools/buildroot-2018.02.8/output/host/bin/arm-linux-gnueabihf-gcc --sysroot=/media/panpan/tools/buildroot-2018.02.8/output/host/arm-buildroot-linux-gnueabihf/sysroot   -D_LARGEFILE_SOURCE -D_LARGEFILE64_SOURCE -D_FILE_OFFSET_BITS=64 -Os   -DNDEBUG   -o CMakeFiles/cmTC_6bb85.dir/CheckSymbolExists.c.o   -c /media/panpan/tools/buildroot-2018.02.8/output/build/libical-1.0.1/CMakeFiles/CMakeTmp/CheckSymbolExists.c
Linking C executable cmTC_6bb85
/usr/local/bin/cmake -E cmake_link_script CMakeFiles/cmTC_6bb85.dir/link.txt --verbose=1
/media/panpan/tools/buildroot-2018.02.8/output/host/bin/arm-linux-gnueabihf-gcc --sysroot=/media/panpan/tools/buildroot-2018.02.8/output/host/arm-buildroot-linux-gnueabihf/sysroot -D_LARGEFILE_SOURCE -D_LARGEFILE64_SOURCE -D_FILE_OFFSET_BITS=64 -Os   -DNDEBUG    -rdynamic CMakeFiles/cmTC_6bb85.dir/CheckSymbolExists.c.o  -o cmTC_6bb85 
CMakeFiles/cmTC_6bb85.dir/CheckSymbolExists.c.o：在函数‘main’中：
CheckSymbolExists.c:(.text.startup+0xc)：对‘pthread_create’未定义的引用
collect2: error: ld returned 1 exit status
CMakeFiles/cmTC_6bb85.dir/build.make:97: recipe for target 'cmTC_6bb85' failed
make[3]: *** [cmTC_6bb85] Error 1
make[3]: Leaving directory '/media/panpan/tools/buildroot-2018.02.8/output/build/libical-1.0.1/CMakeFiles/CMakeTmp'
Makefile:126: recipe for target 'cmTC_6bb85/fast' failed
make[2]: *** [cmTC_6bb85/fast] Error 2
make[2]: Leaving directory '/media/panpan/tools/buildroot-2018.02.8/output/build/libical-1.0.1/CMakeFiles/CMakeTmp'

File /media/panpan/tools/buildroot-2018.02.8/output/build/libical-1.0.1/CMakeFiles/CMakeTmp/CheckSymbolExists.c:
/* */
#include <pthread.h>

int main(int argc, char** argv)
{
  (void)argv;
#ifndef pthread_create
  return ((int*)(&pthread_create))[argc];
#else
  (void)argc;
  return 0;
#endif
}

Determining if the function pthread_create exists in the pthreads failed with the following output:
Change Dir: /media/panpan/tools/buildroot-2018.02.8/output/build/libical-1.0.1/CMakeFiles/CMakeTmp

Run Build Command:"/usr/bin/make" "cmTC_37640/fast"
make[2]: Entering directory '/media/panpan/tools/buildroot-2018.02.8/output/build/libical-1.0.1/CMakeFiles/CMakeTmp'
/usr/bin/make -f CMakeFiles/cmTC_37640.dir/build.make CMakeFiles/cmTC_37640.dir/build
make[3]: Entering directory '/media/panpan/tools/buildroot-2018.02.8/output/build/libical-1.0.1/CMakeFiles/CMakeTmp'
Building C object CMakeFiles/cmTC_37640.dir/CheckFunctionExists.c.o
/media/panpan/tools/buildroot-2018.02.8/output/host/bin/arm-linux-gnueabihf-gcc --sysroot=/media/panpan/tools/buildroot-2018.02.8/output/host/arm-buildroot-linux-gnueabihf/sysroot   -D_LARGEFILE_SOURCE -D_LARGEFILE64_SOURCE -D_FILE_OFFSET_BITS=64 -Os -DCHECK_FUNCTION_EXISTS=pthread_create  -DNDEBUG   -o CMakeFiles/cmTC_37640.dir/CheckFunctionExists.c.o   -c /usr/local/share/cmake-3.10/Modules/CheckFunctionExists.c
Linking C executable cmTC_37640
/usr/local/bin/cmake -E cmake_link_script CMakeFiles/cmTC_37640.dir/link.txt --verbose=1
/media/panpan/tools/buildroot-2018.02.8/output/host/bin/arm-linux-gnueabihf-gcc --sysroot=/media/panpan/tools/buildroot-2018.02.8/output/host/arm-buildroot-linux-gnueabihf/sysroot -D_LARGEFILE_SOURCE -D_LARGEFILE64_SOURCE -D_FILE_OFFSET_BITS=64 -Os -DCHECK_FUNCTION_EXISTS=pthread_create  -DNDEBUG    -rdynamic CMakeFiles/cmTC_37640.dir/CheckFunctionExists.c.o  -o cmTC_37640 -lpthreads 
/media/panpan/xilinx/SDK/2018.1/gnu/aarch32/lin/gcc-arm-linux-gnueabi/bin/../lib/gcc/arm-linux-gnueabihf/7.2.1/../../../../arm-linux-gnueabihf/bin/ld: 找不到 -lpthreads
collect2: error: ld returned 1 exit status
CMakeFiles/cmTC_37640.dir/build.make:97: recipe for target 'cmTC_37640' failed
make[3]: *** [cmTC_37640] Error 1
make[3]: Leaving directory '/media/panpan/tools/buildroot-2018.02.8/output/build/libical-1.0.1/CMakeFiles/CMakeTmp'
Makefile:126: recipe for target 'cmTC_37640/fast' failed
make[2]: *** [cmTC_37640/fast] Error 2
make[2]: Leaving directory '/media/panpan/tools/buildroot-2018.02.8/output/build/libical-1.0.1/CMakeFiles/CMakeTmp'


Determining if the function pthread_attr_get_np exists in the pthread failed with the following output:
Change Dir: /media/panpan/tools/buildroot-2018.02.8/output/build/libical-1.0.1/CMakeFiles/CMakeTmp

Run Build Command:"/usr/bin/make" "cmTC_dfbcb/fast"
make[2]: Entering directory '/media/panpan/tools/buildroot-2018.02.8/output/build/libical-1.0.1/CMakeFiles/CMakeTmp'
/usr/bin/make -f CMakeFiles/cmTC_dfbcb.dir/build.make CMakeFiles/cmTC_dfbcb.dir/build
make[3]: Entering directory '/media/panpan/tools/buildroot-2018.02.8/output/build/libical-1.0.1/CMakeFiles/CMakeTmp'
Building C object CMakeFiles/cmTC_dfbcb.dir/CheckFunctionExists.c.o
/media/panpan/tools/buildroot-2018.02.8/output/host/bin/arm-linux-gnueabihf-gcc --sysroot=/media/panpan/tools/buildroot-2018.02.8/output/host/arm-buildroot-linux-gnueabihf/sysroot   -D_LARGEFILE_SOURCE -D_LARGEFILE64_SOURCE -D_FILE_OFFSET_BITS=64 -Os -DCHECK_FUNCTION_EXISTS=pthread_attr_get_np  -DNDEBUG   -o CMakeFiles/cmTC_dfbcb.dir/CheckFunctionExists.c.o   -c /usr/local/share/cmake-3.10/Modules/CheckFunctionExists.c
Linking C executable cmTC_dfbcb
/usr/local/bin/cmake -E cmake_link_script CMakeFiles/cmTC_dfbcb.dir/link.txt --verbose=1
/media/panpan/tools/buildroot-2018.02.8/output/host/bin/arm-linux-gnueabihf-gcc --sysroot=/media/panpan/tools/buildroot-2018.02.8/output/host/arm-buildroot-linux-gnueabihf/sysroot -D_LARGEFILE_SOURCE -D_LARGEFILE64_SOURCE -D_FILE_OFFSET_BITS=64 -Os -DCHECK_FUNCTION_EXISTS=pthread_attr_get_np  -DNDEBUG    -rdynamic CMakeFiles/cmTC_dfbcb.dir/CheckFunctionExists.c.o  -o cmTC_dfbcb -lpthread 
CMakeFiles/cmTC_dfbcb.dir/CheckFunctionExists.c.o：在函数‘main’中：
CheckFunctionExists.c:(.text.startup+0xc)：对‘pthread_attr_get_np’未定义的引用
collect2: error: ld returned 1 exit status
CMakeFiles/cmTC_dfbcb.dir/build.make:97: recipe for target 'cmTC_dfbcb' failed
make[3]: *** [cmTC_dfbcb] Error 1
make[3]: Leaving directory '/media/panpan/tools/buildroot-2018.02.8/output/build/libical-1.0.1/CMakeFiles/CMakeTmp'
Makefile:126: recipe for target 'cmTC_dfbcb/fast' failed
make[2]: *** [cmTC_dfbcb/fast] Error 2
make[2]: Leaving directory '/media/panpan/tools/buildroot-2018.02.8/output/build/libical-1.0.1/CMakeFiles/CMakeTmp'


Determining if files pthread.h;pthread_np.h exist failed with the following output:
Change Dir: /media/panpan/tools/buildroot-2018.02.8/output/build/libical-1.0.1/CMakeFiles/CMakeTmp

Run Build Command:"/usr/bin/make" "cmTC_59e9e/fast"
make[2]: Entering directory '/media/panpan/tools/buildroot-2018.02.8/output/build/libical-1.0.1/CMakeFiles/CMakeTmp'
/usr/bin/make -f CMakeFiles/cmTC_59e9e.dir/build.make CMakeFiles/cmTC_59e9e.dir/build
make[3]: Entering directory '/media/panpan/tools/buildroot-2018.02.8/output/build/libical-1.0.1/CMakeFiles/CMakeTmp'
Building C object CMakeFiles/cmTC_59e9e.dir/CheckIncludeFiles.c.o
/media/panpan/tools/buildroot-2018.02.8/output/host/bin/arm-linux-gnueabihf-gcc --sysroot=/media/panpan/tools/buildroot-2018.02.8/output/host/arm-buildroot-linux-gnueabihf/sysroot   -D_LARGEFILE_SOURCE -D_LARGEFILE64_SOURCE -D_FILE_OFFSET_BITS=64 -Os   -DNDEBUG   -o CMakeFiles/cmTC_59e9e.dir/CheckIncludeFiles.c.o   -c /media/panpan/tools/buildroot-2018.02.8/output/build/libical-1.0.1/CMakeFiles/CMakeTmp/CheckIncludeFiles.c
/media/panpan/tools/buildroot-2018.02.8/output/build/libical-1.0.1/CMakeFiles/CMakeTmp/CheckIncludeFiles.c:3:10: fatal error: pthread_np.h: 没有那个文件或目录
 #include <pthread_np.h>
          ^~~~~~~~~~~~~~
compilation terminated.
CMakeFiles/cmTC_59e9e.dir/build.make:65: recipe for target 'CMakeFiles/cmTC_59e9e.dir/CheckIncludeFiles.c.o' failed
make[3]: *** [CMakeFiles/cmTC_59e9e.dir/CheckIncludeFiles.c.o] Error 1
make[3]: Leaving directory '/media/panpan/tools/buildroot-2018.02.8/output/build/libical-1.0.1/CMakeFiles/CMakeTmp'
Makefile:126: recipe for target 'cmTC_59e9e/fast' failed
make[2]: *** [cmTC_59e9e/fast] Error 2
make[2]: Leaving directory '/media/panpan/tools/buildroot-2018.02.8/output/build/libical-1.0.1/CMakeFiles/CMakeTmp'

Source:
/* */
#include <pthread.h>
#include <pthread_np.h>


int main(void){return 0;}

