This file contains any messages produced by compilers while
running configure, to aid debugging if configure makes a mistake.

It was created by intltool configure 0.51.0, which was
generated by GNU Autoconf 2.69.  Invocation command line was

  $ ./configure --prefix=/media/panpan/tools/buildroot-2018.02.8/output/host --sysconfdir=/media/panpan/tools/buildroot-2018.02.8/output/host/etc --localstatedir=/media/panpan/tools/buildroot-2018.02.8/output/host/var --enable-shared --disable-static --disable-gtk-doc --disable-gtk-doc-html --disable-doc --disable-docs --disable-documentation --disable-debug --with-xmlto=no --with-fop=no --disable-dependency-tracking

## --------- ##
## Platform. ##
## --------- ##

hostname = zed-00
uname -m = x86_64
uname -r = 4.4.0-116-generic
uname -s = Linux
uname -v = #140-Ubuntu SMP Mon Feb 12 21:23:04 UTC 2018

/usr/bin/uname -p = unknown
/bin/uname -X     = unknown

/bin/arch              = unknown
/usr/bin/arch -k       = unknown
/usr/convex/getsysinfo = unknown
/usr/bin/hostinfo      = unknown
/bin/machine           = unknown
/usr/bin/oslevel       = unknown
/bin/universe          = unknown

PATH: /media/panpan/tools/buildroot-2018.02.8/output/host/bin
PATH: /media/panpan/tools/buildroot-2018.02.8/output/host/sbin
PATH: /usr/local/sbin
PATH: /usr/local/bin
PATH: /usr/sbin
PATH: /usr/bin
PATH: /sbin
PATH: /bin
PATH: /usr/games
PATH: /usr/local/games
PATH: /snap/bin
PATH: /home/panpan/player/webrtc/go_appengine


## ----------- ##
## Core tests. ##
## ----------- ##

configure:1756: checking for a BSD-compatible install
configure:1824: result: /usr/bin/install -c
configure:1835: checking whether build environment is sane
configure:1890: result: yes
configure:2041: checking for a thread-safe mkdir -p
configure:2080: result: /bin/mkdir -p
configure:2087: checking for gawk
configure:2103: found /usr/bin/gawk
configure:2114: result: gawk
configure:2125: checking whether make sets $(MAKE)
configure:2147: result: yes
configure:2176: checking whether make supports nested variables
configure:2193: result: yes
configure:2325: checking for perl
configure:2355: result: /usr/bin/perl
configure:2366: checking for perl >= 5.8.1
configure:2373: result: 5.22.1
configure:2376: checking for XML::Parser
configure:2379: result: ok
configure:2386: checking for bzr
configure:2404: found /usr/bin/bzr
configure:2416: result: /usr/bin/bzr
configure:2574: checking that generated files are newer than configure
configure:2580: result: done
configure:2588: creating ./config.status

## ---------------------- ##
## Running config.status. ##
## ---------------------- ##

This file was extended by intltool config.status 0.51.0, which was
generated by GNU Autoconf 2.69.  Invocation command line was

  CONFIG_FILES    = 
  CONFIG_HEADERS  = 
  CONFIG_LINKS    = 
  CONFIG_COMMANDS = 
  $ ./config.status 

on zed-00

config.status:752: creating Makefile
config.status:752: creating doc/Makefile
config.status:752: creating intltoolize
config.status:752: creating tests/Makefile
config.status:752: creating tests/cases/Makefile
config.status:752: creating tests/results/Makefile
config.status:752: creating tests/selftest.pl
configure:3609: WARNING: unrecognized options: --enable-shared, --disable-static, --disable-gtk-doc, --disable-gtk-doc-html, --disable-doc, --disable-docs, --disable-documentation, --disable-debug, --with-xmlto, --with-fop, --disable-dependency-tracking

## ---------------- ##
## Cache variables. ##
## ---------------- ##

ac_cv_env_build_alias_set=
ac_cv_env_build_alias_value=
ac_cv_env_host_alias_set=
ac_cv_env_host_alias_value=
ac_cv_env_target_alias_set=
ac_cv_env_target_alias_value=
ac_cv_path_BZR=/usr/bin/bzr
ac_cv_path_PERL=/usr/bin/perl
ac_cv_path_install='/usr/bin/install -c'
ac_cv_path_mkdir=/bin/mkdir
ac_cv_prog_AWK=gawk
ac_cv_prog_make_make_set=yes
am_cv_make_support_nested_variables=yes

## ----------------- ##
## Output variables. ##
## ----------------- ##

ACLOCAL='${SHELL} /media/panpan/tools/buildroot-2018.02.8/output/build/host-intltool-0.51.0/missing aclocal-1.14'
AMTAR='$${TAR-tar}'
AM_BACKSLASH='\'
AM_DEFAULT_V='$(AM_DEFAULT_VERBOSITY)'
AM_DEFAULT_VERBOSITY='1'
AM_V='$(V)'
AUTOCONF='${SHELL} /media/panpan/tools/buildroot-2018.02.8/output/build/host-intltool-0.51.0/missing autoconf'
AUTOHEADER='${SHELL} /media/panpan/tools/buildroot-2018.02.8/output/build/host-intltool-0.51.0/missing autoheader'
AUTOMAKE='${SHELL} /media/panpan/tools/buildroot-2018.02.8/output/build/host-intltool-0.51.0/missing automake-1.14'
AWK='gawk'
BZR='/usr/bin/bzr'
CYGPATH_W='echo'
DEFS='-DPACKAGE_NAME=\"intltool\" -DPACKAGE_TARNAME=\"intltool\" -DPACKAGE_VERSION=\"0.51.0\" -DPACKAGE_STRING=\"intltool\ 0.51.0\" -DPACKAGE_BUGREPORT=\"\" -DPACKAGE_URL=\"\" -DPACKAGE=\"intltool\" -DVERSION=\"0.51.0\"'
ECHO_C=''
ECHO_N='-n'
ECHO_T=''
INSTALL_DATA='${INSTALL} -m 644'
INSTALL_PROGRAM='${INSTALL}'
INSTALL_SCRIPT='${INSTALL}'
INSTALL_STRIP_PROGRAM='$(install_sh) -c -s'
LIBOBJS=''
LIBS=''
LTLIBOBJS=''
MAKEINFO='${SHELL} /media/panpan/tools/buildroot-2018.02.8/output/build/host-intltool-0.51.0/missing makeinfo'
MKDIR_P='/bin/mkdir -p'
PACKAGE='intltool'
PACKAGE_BUGREPORT=''
PACKAGE_NAME='intltool'
PACKAGE_STRING='intltool 0.51.0'
PACKAGE_TARNAME='intltool'
PACKAGE_URL=''
PACKAGE_VERSION='0.51.0'
PATH_SEPARATOR=':'
PERL='/usr/bin/perl'
SET_MAKE=''
SHELL='/bin/sh'
STRIP=''
VERSION='0.51.0'
aclocaldir='${datadir}/aclocal'
am__isrc=''
am__leading_dot='.'
am__tar='$${TAR-tar} chof - "$$tardir"'
am__untar='$${TAR-tar} xf -'
bindir='${exec_prefix}/bin'
build_alias=''
datadir='${datarootdir}'
datarootdir='${prefix}/share'
docdir='${datarootdir}/doc/${PACKAGE_TARNAME}'
dvidir='${docdir}'
exec_prefix='${prefix}'
host_alias=''
htmldir='${docdir}'
includedir='${prefix}/include'
infodir='${datarootdir}/info'
install_sh='${SHELL} /media/panpan/tools/buildroot-2018.02.8/output/build/host-intltool-0.51.0/install-sh'
libdir='${exec_prefix}/lib'
libexecdir='${exec_prefix}/libexec'
localedir='${datarootdir}/locale'
localstatedir='/media/panpan/tools/buildroot-2018.02.8/output/host/var'
mandir='${datarootdir}/man'
mkdir_p='$(MKDIR_P)'
oldincludedir='/usr/include'
pdfdir='${docdir}'
pkgdatadir='${datadir}/intltool'
prefix='/media/panpan/tools/buildroot-2018.02.8/output/host'
program_transform_name='s,x,x,'
psdir='${docdir}'
sbindir='${exec_prefix}/sbin'
sharedstatedir='${prefix}/com'
sysconfdir='/media/panpan/tools/buildroot-2018.02.8/output/host/etc'
target_alias=''

## ----------- ##
## confdefs.h. ##
## ----------- ##

/* confdefs.h */
#define PACKAGE_NAME "intltool"
#define PACKAGE_TARNAME "intltool"
#define PACKAGE_VERSION "0.51.0"
#define PACKAGE_STRING "intltool 0.51.0"
#define PACKAGE_BUGREPORT ""
#define PACKAGE_URL ""
#define PACKAGE "intltool"
#define VERSION "0.51.0"

configure: exit 0
