This file contains any messages produced by compilers while
running configure, to aid debugging if configure makes a mistake.

It was created by dbus-python configure 1.2.4, which was
generated by GNU Autoconf 2.69.  Invocation command line was

  $ ./configure --target=arm-buildroot-linux-gnueabihf --host=arm-buildroot-linux-gnueabihf --build=x86_64-pc-linux-gnu --prefix=/usr --exec-prefix=/usr --sysconfdir=/etc --localstatedir=/var --program-prefix= --disable-gtk-doc --disable-gtk-doc-html --disable-doc --disable-docs --disable-documentation --with-xmlto=no --with-fop=no --disable-dependency-tracking --enable-ipv6 --disable-nls --enable-static --enable-shared --disable-html-docs --disable-api-docs

## --------- ##
## Platform. ##
## --------- ##

hostname = zed-00
uname -m = x86_64
uname -r = 4.4.0-116-generic
uname -s = Linux
uname -v = #140-Ubuntu SMP Mon Feb 12 21:23:04 UTC 2018

/usr/bin/uname -p = unknown
/bin/uname -X     = unknown

/bin/arch              = unknown
/usr/bin/arch -k       = unknown
/usr/convex/getsysinfo = unknown
/usr/bin/hostinfo      = unknown
/bin/machine           = unknown
/usr/bin/oslevel       = unknown
/bin/universe          = unknown

PATH: /media/panpan/tools/buildroot-2018.02.8/output/host/bin
PATH: /media/panpan/tools/buildroot-2018.02.8/output/host/sbin
PATH: /usr/local/sbin
PATH: /usr/local/bin
PATH: /usr/sbin
PATH: /usr/bin
PATH: /sbin
PATH: /bin
PATH: /usr/games
PATH: /usr/local/games
PATH: /snap/bin
PATH: /home/panpan/player/webrtc/go_appengine


## ----------- ##
## Core tests. ##
## ----------- ##

configure:2249: checking whether make supports nested variables
configure:2266: result: yes
configure:2313: checking whether to enable maintainer-specific portions of Makefiles
configure:2322: result: yes
configure:2385: checking for a BSD-compatible install
configure:2453: result: /usr/bin/install -c
configure:2464: checking whether build environment is sane
configure:2519: result: yes
configure:2578: checking for arm-buildroot-linux-gnueabihf-strip
configure:2605: result: /media/panpan/tools/buildroot-2018.02.8/output/host/bin/arm-linux-gnueabihf-strip
configure:2670: checking for a thread-safe mkdir -p
configure:2709: result: /bin/mkdir -p
configure:2716: checking for gawk
configure:2732: found /usr/bin/gawk
configure:2743: result: gawk
configure:2754: checking whether make sets $(MAKE)
configure:2776: result: yes
configure:2872: checking whether UID '999' is supported by ustar format
configure:2875: result: yes
configure:2882: checking whether GID '999' is supported by ustar format
configure:2885: result: yes
configure:2893: checking how to create a ustar tar archive
configure:2904: tar --version
tar (GNU tar) 1.28
Copyright (C) 2014 Free Software Foundation, Inc.
License GPLv3+: GNU GPL version 3 or later <http://gnu.org/licenses/gpl.html>.
This is free software: you are free to change and redistribute it.
There is NO WARRANTY, to the extent permitted by law.

Written by John Gilmore and Jay Fenlason.
configure:2907: $? = 0
configure:2947: tardir=conftest.dir && eval tar --format=ustar -chf - "$tardir" >conftest.tar
configure:2950: $? = 0
configure:2954: tar -xf - <conftest.tar
configure:2957: $? = 0
configure:2959: cat conftest.dir/file
GrepMe
configure:2962: $? = 0
configure:2975: result: gnutar
configure:3030: checking build system type
configure:3044: result: x86_64-pc-linux-gnu
configure:3064: checking host system type
configure:3077: result: arm-buildroot-linux-gnueabihf
configure:3099: checking for native Windows host
configure:3109: result: no
configure:3200: checking how to print strings
configure:3227: result: printf
configure:3260: checking for style of include used by make
configure:3288: result: GNU
configure:3319: checking for arm-buildroot-linux-gnueabihf-gcc
configure:3346: result: /media/panpan/tools/buildroot-2018.02.8/output/host/bin/arm-linux-gnueabihf-gcc
configure:3615: checking for C compiler version
configure:3624: /media/panpan/tools/buildroot-2018.02.8/output/host/bin/arm-linux-gnueabihf-gcc --version >&5
arm-linux-gnueabihf-gcc (Linaro GCC 7.2-2017.11-rc1) 7.2.1 20171011
Copyright (C) 2017 Free Software Foundation, Inc.
This is free software; see the source for copying conditions.  There is NO
warranty; not even for MERCHANTABILITY or FITNESS FOR A PARTICULAR PURPOSE.

configure:3635: $? = 0
configure:3624: /media/panpan/tools/buildroot-2018.02.8/output/host/bin/arm-linux-gnueabihf-gcc -v >&5
Using built-in specs.
COLLECT_GCC=/media/panpan/xilinx/SDK/2018.1/gnu/aarch32/lin/gcc-arm-linux-gnueabi//bin/arm-linux-gnueabihf-gcc
COLLECT_LTO_WRAPPER=/media/panpan/xilinx/SDK/2018.1/gnu/aarch32/lin/gcc-arm-linux-gnueabi/bin/../libexec/gcc/arm-linux-gnueabihf/7.2.1/lto-wrapper
Target: arm-linux-gnueabihf
Configured with: /proj/esdt_sdk/gnu_abe/ABE/builds/lin/arm/arm-linux/snapshots//gcc-linaro-7.2-2017.11-rc1/configure SHELL=/bin/sh --with-bugurl=https://bugs.linaro.org --with-mpc=/proj/esdt_sdk/gnu_abe/ABE/builds/lin/arm/arm-linux/builds/destdir/x86_64-unknown-linux-gnu --with-mpfr=/proj/esdt_sdk/gnu_abe/ABE/builds/lin/arm/arm-linux/builds/destdir/x86_64-unknown-linux-gnu --with-gmp=/proj/esdt_sdk/gnu_abe/ABE/builds/lin/arm/arm-linux/builds/destdir/x86_64-unknown-linux-gnu --with-gnu-as --with-gnu-ld --disable-libstdcxx-pch --disable-libmudflap --with-cloog=no --with-ppl=no --with-isl=no --disable-nls --enable-c99 --enable-gnu-indirect-function --disable-multilib --with-tune=cortex-a9 --with-arch=armv7-a --with-fpu=vfpv3-d16 --with-float=hard --with-mode=arm --disable-multilib --enable-multiarch CFLAGS=-O2 CXXFLAGS=-O2 --disable-silent-rules --enable-libquadmath --enable-libg2c --enable-symvers=gnu --enable-libstdcxx-pch --enable-libssp --disable-libmudflap --enable-checking=release --enable-cheaders=c_global --enable-poison-system-directories --enable-clocale=generic --enable-shared --enable-threads=posix --disable-multilib --enable-c99 --without-local-prefix --enable-lto --disable-bootstrap --with-linker-hash-style=gnu --with-ppl=no --with-cloog=no --without-isl --enable-nls --enable-__cxa_atexit --with-build-sysroot=/proj/esdt_sdk/gnu_abe/ABE/builds/lin/arm/arm-linux/builds/destdir/x86_64-unknown-linux-gnu/arm-linux-gnueabihf/libc --enable-plugins --enable-linker-build-id --enable-long-long --enable-shared --with-sysroot=/proj/esdt_sdk/gnu_abe/ABE/builds/lin/arm/arm-linux/builds/destdir/x86_64-unknown-linux-gnu/arm-linux-gnueabihf/libc --enable-languages=c,c++,lto --enable-checking=yes --disable-bootstrap --with-bugurl=https://bugs.linaro.org --build=x86_64-unknown-linux-gnu --host=x86_64-unknown-linux-gnu --target=arm-linux-gnueabihf --prefix=/proj/esdt_sdk/gnu_abe/ABE/builds/lin/arm/arm-linux/builds/destdir/x86_64-unknown-linux-gnu
Thread model: posix
gcc version 7.2.1 20171011 (Linaro GCC 7.2-2017.11-rc1) 
configure:3635: $? = 0
configure:3624: /media/panpan/tools/buildroot-2018.02.8/output/host/bin/arm-linux-gnueabihf-gcc -V >&5
arm-linux-gnueabihf-gcc: error: unrecognized command line option '-V'
arm-linux-gnueabihf-gcc: fatal error: no input files
compilation terminated.
configure:3635: $? = 1
configure:3624: /media/panpan/tools/buildroot-2018.02.8/output/host/bin/arm-linux-gnueabihf-gcc -qversion >&5
arm-linux-gnueabihf-gcc: error: unrecognized command line option '-qversion'; did you mean '--version'?
arm-linux-gnueabihf-gcc: fatal error: no input files
compilation terminated.
configure:3635: $? = 1
configure:3655: checking whether the C compiler works
configure:3677: /media/panpan/tools/buildroot-2018.02.8/output/host/bin/arm-linux-gnueabihf-gcc -D_LARGEFILE_SOURCE -D_LARGEFILE64_SOURCE -D_FILE_OFFSET_BITS=64  -Os  -D_LARGEFILE_SOURCE -D_LARGEFILE64_SOURCE -D_FILE_OFFSET_BITS=64  conftest.c  >&5
configure:3681: $? = 0
configure:3729: result: yes
configure:3732: checking for C compiler default output file name
configure:3734: result: a.out
configure:3740: checking for suffix of executables
configure:3747: /media/panpan/tools/buildroot-2018.02.8/output/host/bin/arm-linux-gnueabihf-gcc -o conftest -D_LARGEFILE_SOURCE -D_LARGEFILE64_SOURCE -D_FILE_OFFSET_BITS=64  -Os  -D_LARGEFILE_SOURCE -D_LARGEFILE64_SOURCE -D_FILE_OFFSET_BITS=64  conftest.c  >&5
configure:3751: $? = 0
configure:3773: result: 
configure:3795: checking whether we are cross compiling
configure:3833: result: yes
configure:3838: checking for suffix of object files
configure:3860: /media/panpan/tools/buildroot-2018.02.8/output/host/bin/arm-linux-gnueabihf-gcc -c -D_LARGEFILE_SOURCE -D_LARGEFILE64_SOURCE -D_FILE_OFFSET_BITS=64  -Os  -D_LARGEFILE_SOURCE -D_LARGEFILE64_SOURCE -D_FILE_OFFSET_BITS=64 conftest.c >&5
configure:3864: $? = 0
configure:3885: result: o
configure:3889: checking whether we are using the GNU C compiler
configure:3908: /media/panpan/tools/buildroot-2018.02.8/output/host/bin/arm-linux-gnueabihf-gcc -c -D_LARGEFILE_SOURCE -D_LARGEFILE64_SOURCE -D_FILE_OFFSET_BITS=64  -Os  -D_LARGEFILE_SOURCE -D_LARGEFILE64_SOURCE -D_FILE_OFFSET_BITS=64 conftest.c >&5
configure:3908: $? = 0
configure:3917: result: yes
configure:3926: checking whether /media/panpan/tools/buildroot-2018.02.8/output/host/bin/arm-linux-gnueabihf-gcc accepts -g
configure:3946: /media/panpan/tools/buildroot-2018.02.8/output/host/bin/arm-linux-gnueabihf-gcc -c -g -D_LARGEFILE_SOURCE -D_LARGEFILE64_SOURCE -D_FILE_OFFSET_BITS=64 conftest.c >&5
configure:3946: $? = 0
configure:3987: result: yes
configure:4004: checking for /media/panpan/tools/buildroot-2018.02.8/output/host/bin/arm-linux-gnueabihf-gcc option to accept ISO C89
configure:4067: /media/panpan/tools/buildroot-2018.02.8/output/host/bin/arm-linux-gnueabihf-gcc  -c -D_LARGEFILE_SOURCE -D_LARGEFILE64_SOURCE -D_FILE_OFFSET_BITS=64  -Os  -D_LARGEFILE_SOURCE -D_LARGEFILE64_SOURCE -D_FILE_OFFSET_BITS=64 conftest.c >&5
configure:4067: $? = 0
configure:4080: result: none needed
configure:4105: checking whether /media/panpan/tools/buildroot-2018.02.8/output/host/bin/arm-linux-gnueabihf-gcc understands -c and -o together
configure:4127: /media/panpan/tools/buildroot-2018.02.8/output/host/bin/arm-linux-gnueabihf-gcc -c conftest.c -o conftest2.o
configure:4130: $? = 0
configure:4127: /media/panpan/tools/buildroot-2018.02.8/output/host/bin/arm-linux-gnueabihf-gcc -c conftest.c -o conftest2.o
configure:4130: $? = 0
configure:4142: result: yes
configure:4161: checking dependency style of /media/panpan/tools/buildroot-2018.02.8/output/host/bin/arm-linux-gnueabihf-gcc
configure:4272: result: none
configure:4287: checking for a sed that does not truncate output
configure:4351: result: /bin/sed
configure:4369: checking for grep that handles long lines and -e
configure:4427: result: /bin/grep
configure:4432: checking for egrep
configure:4494: result: /bin/grep -E
configure:4499: checking for fgrep
configure:4561: result: /bin/grep -F
configure:4596: checking for ld used by /media/panpan/tools/buildroot-2018.02.8/output/host/bin/arm-linux-gnueabihf-gcc
configure:4663: result: /media/panpan/tools/buildroot-2018.02.8/output/host/bin/arm-linux-gnueabihf-ld
configure:4670: checking if the linker (/media/panpan/tools/buildroot-2018.02.8/output/host/bin/arm-linux-gnueabihf-ld) is GNU ld
configure:4685: result: yes
configure:4697: checking for BSD- or MS-compatible name lister (nm)
configure:4751: result: /media/panpan/tools/buildroot-2018.02.8/output/host/bin/arm-linux-gnueabihf-nm
configure:4881: checking the name lister (/media/panpan/tools/buildroot-2018.02.8/output/host/bin/arm-linux-gnueabihf-nm) interface
configure:4888: /media/panpan/tools/buildroot-2018.02.8/output/host/bin/arm-linux-gnueabihf-gcc -c -D_LARGEFILE_SOURCE -D_LARGEFILE64_SOURCE -D_FILE_OFFSET_BITS=64  -Os  -D_LARGEFILE_SOURCE -D_LARGEFILE64_SOURCE -D_FILE_OFFSET_BITS=64 conftest.c >&5
configure:4891: /media/panpan/tools/buildroot-2018.02.8/output/host/bin/arm-linux-gnueabihf-nm "conftest.o"
configure:4894: output
00000000 B some_variable
configure:4901: result: BSD nm
configure:4904: checking whether ln -s works
configure:4908: result: yes
configure:4916: checking the maximum length of command line arguments
configure:5047: result: 1572864
configure:5095: checking how to convert x86_64-pc-linux-gnu file names to arm-buildroot-linux-gnueabihf format
configure:5135: result: func_convert_file_noop
configure:5142: checking how to convert x86_64-pc-linux-gnu file names to toolchain format
configure:5162: result: func_convert_file_noop
configure:5169: checking for /media/panpan/tools/buildroot-2018.02.8/output/host/bin/arm-linux-gnueabihf-ld option to reload object files
configure:5176: result: -r
configure:5210: checking for arm-buildroot-linux-gnueabihf-objdump
configure:5237: result: /media/panpan/tools/buildroot-2018.02.8/output/host/bin/arm-linux-gnueabihf-objdump
configure:5309: checking how to recognize dependent libraries
configure:5509: result: pass_all
configure:5554: checking for arm-buildroot-linux-gnueabihf-dlltool
configure:5584: result: no
configure:5594: checking for dlltool
configure:5624: result: no
configure:5654: checking how to associate runtime and link libraries
configure:5681: result: printf %s\n
configure:5698: checking for arm-buildroot-linux-gnueabihf-ar
configure:5725: result: /media/panpan/tools/buildroot-2018.02.8/output/host/bin/arm-linux-gnueabihf-ar
configure:5806: checking for archiver @FILE support
configure:5823: /media/panpan/tools/buildroot-2018.02.8/output/host/bin/arm-linux-gnueabihf-gcc -c -D_LARGEFILE_SOURCE -D_LARGEFILE64_SOURCE -D_FILE_OFFSET_BITS=64  -Os  -D_LARGEFILE_SOURCE -D_LARGEFILE64_SOURCE -D_FILE_OFFSET_BITS=64 conftest.c >&5
configure:5823: $? = 0
configure:5826: /media/panpan/tools/buildroot-2018.02.8/output/host/bin/arm-linux-gnueabihf-ar cru libconftest.a @conftest.lst >&5
configure:5829: $? = 0
configure:5834: /media/panpan/tools/buildroot-2018.02.8/output/host/bin/arm-linux-gnueabihf-ar cru libconftest.a @conftest.lst >&5
/media/panpan/tools/buildroot-2018.02.8/output/host/bin/arm-linux-gnueabihf-ar: conftest.o: No such file or directory
configure:5837: $? = 1
configure:5849: result: @
configure:5867: checking for arm-buildroot-linux-gnueabihf-strip
configure:5894: result: /media/panpan/tools/buildroot-2018.02.8/output/host/bin/arm-linux-gnueabihf-strip
configure:5966: checking for arm-buildroot-linux-gnueabihf-ranlib
configure:5993: result: /media/panpan/tools/buildroot-2018.02.8/output/host/bin/arm-linux-gnueabihf-ranlib
configure:6135: checking command to parse /media/panpan/tools/buildroot-2018.02.8/output/host/bin/arm-linux-gnueabihf-nm output from /media/panpan/tools/buildroot-2018.02.8/output/host/bin/arm-linux-gnueabihf-gcc object
configure:6288: /media/panpan/tools/buildroot-2018.02.8/output/host/bin/arm-linux-gnueabihf-gcc -c -D_LARGEFILE_SOURCE -D_LARGEFILE64_SOURCE -D_FILE_OFFSET_BITS=64  -Os  -D_LARGEFILE_SOURCE -D_LARGEFILE64_SOURCE -D_FILE_OFFSET_BITS=64 conftest.c >&5
configure:6291: $? = 0
configure:6295: /media/panpan/tools/buildroot-2018.02.8/output/host/bin/arm-linux-gnueabihf-nm conftest.o \| sed -n -e 's/^.*[ ]\([ABCDGIRSTW][ABCDGIRSTW]*\)[ ][ ]*\([_A-Za-z][_A-Za-z0-9]*\)$/\1 \2 \2/p' | sed '/ __gnu_lto/d' \> conftest.nm
configure:6298: $? = 0
configure:6364: /media/panpan/tools/buildroot-2018.02.8/output/host/bin/arm-linux-gnueabihf-gcc -o conftest -D_LARGEFILE_SOURCE -D_LARGEFILE64_SOURCE -D_FILE_OFFSET_BITS=64  -Os  -D_LARGEFILE_SOURCE -D_LARGEFILE64_SOURCE -D_FILE_OFFSET_BITS=64  conftest.c conftstm.o >&5
configure:6367: $? = 0
configure:6405: result: ok
configure:6452: checking for sysroot
configure:6482: result: no
configure:6489: checking for a working dd
configure:6527: result: /bin/dd
configure:6531: checking how to truncate binary pipes
configure:6546: result: /bin/dd bs=4096 count=1
configure:6835: checking for arm-buildroot-linux-gnueabihf-mt
configure:6865: result: no
configure:6875: checking for mt
configure:6891: found /bin/mt
configure:6902: result: mt
configure:6914: WARNING: using cross tools not prefixed with host triplet
configure:6925: checking if mt is a manifest tool
configure:6931: mt '-?'
configure:6939: result: no
configure:7616: checking how to run the C preprocessor
configure:7686: result: /media/panpan/tools/buildroot-2018.02.8/output/host/bin/arm-linux-gnueabihf-cpp
configure:7706: /media/panpan/tools/buildroot-2018.02.8/output/host/bin/arm-linux-gnueabihf-cpp -D_LARGEFILE_SOURCE -D_LARGEFILE64_SOURCE -D_FILE_OFFSET_BITS=64 conftest.c
configure:7706: $? = 0
configure:7720: /media/panpan/tools/buildroot-2018.02.8/output/host/bin/arm-linux-gnueabihf-cpp -D_LARGEFILE_SOURCE -D_LARGEFILE64_SOURCE -D_FILE_OFFSET_BITS=64 conftest.c
conftest.c:14:10: fatal error: ac_nonexistent.h: No such file or directory
 #include <ac_nonexistent.h>
          ^~~~~~~~~~~~~~~~~~
compilation terminated.
configure:7720: $? = 1
configure: failed program was:
| /* confdefs.h */
| #define PACKAGE_NAME "dbus-python"
| #define PACKAGE_TARNAME "dbus-python"
| #define PACKAGE_VERSION "1.2.4"
| #define PACKAGE_STRING "dbus-python 1.2.4"
| #define PACKAGE_BUGREPORT "http://bugs.freedesktop.org/enter_bug.cgi?product=dbus&component=python"
| #define PACKAGE_URL ""
| #define DBUS_PYTHON_MAJOR_VERSION 1
| #define DBUS_PYTHON_MINOR_VERSION 2
| #define DBUS_PYTHON_MICRO_VERSION 4
| #define PACKAGE "dbus-python"
| #define VERSION "1.2.4"
| /* end confdefs.h.  */
| #include <ac_nonexistent.h>
configure:7749: checking for ANSI C header files
configure:7769: /media/panpan/tools/buildroot-2018.02.8/output/host/bin/arm-linux-gnueabihf-gcc -c -D_LARGEFILE_SOURCE -D_LARGEFILE64_SOURCE -D_FILE_OFFSET_BITS=64  -Os  -D_LARGEFILE_SOURCE -D_LARGEFILE64_SOURCE -D_FILE_OFFSET_BITS=64 conftest.c >&5
configure:7769: $? = 0
configure:7853: result: yes
configure:7866: checking for sys/types.h
configure:7866: /media/panpan/tools/buildroot-2018.02.8/output/host/bin/arm-linux-gnueabihf-gcc -c -D_LARGEFILE_SOURCE -D_LARGEFILE64_SOURCE -D_FILE_OFFSET_BITS=64  -Os  -D_LARGEFILE_SOURCE -D_LARGEFILE64_SOURCE -D_FILE_OFFSET_BITS=64 conftest.c >&5
configure:7866: $? = 0
configure:7866: result: yes
configure:7866: checking for sys/stat.h
configure:7866: /media/panpan/tools/buildroot-2018.02.8/output/host/bin/arm-linux-gnueabihf-gcc -c -D_LARGEFILE_SOURCE -D_LARGEFILE64_SOURCE -D_FILE_OFFSET_BITS=64  -Os  -D_LARGEFILE_SOURCE -D_LARGEFILE64_SOURCE -D_FILE_OFFSET_BITS=64 conftest.c >&5
configure:7866: $? = 0
configure:7866: result: yes
configure:7866: checking for stdlib.h
configure:7866: /media/panpan/tools/buildroot-2018.02.8/output/host/bin/arm-linux-gnueabihf-gcc -c -D_LARGEFILE_SOURCE -D_LARGEFILE64_SOURCE -D_FILE_OFFSET_BITS=64  -Os  -D_LARGEFILE_SOURCE -D_LARGEFILE64_SOURCE -D_FILE_OFFSET_BITS=64 conftest.c >&5
configure:7866: $? = 0
configure:7866: result: yes
configure:7866: checking for string.h
configure:7866: /media/panpan/tools/buildroot-2018.02.8/output/host/bin/arm-linux-gnueabihf-gcc -c -D_LARGEFILE_SOURCE -D_LARGEFILE64_SOURCE -D_FILE_OFFSET_BITS=64  -Os  -D_LARGEFILE_SOURCE -D_LARGEFILE64_SOURCE -D_FILE_OFFSET_BITS=64 conftest.c >&5
configure:7866: $? = 0
configure:7866: result: yes
configure:7866: checking for memory.h
configure:7866: /media/panpan/tools/buildroot-2018.02.8/output/host/bin/arm-linux-gnueabihf-gcc -c -D_LARGEFILE_SOURCE -D_LARGEFILE64_SOURCE -D_FILE_OFFSET_BITS=64  -Os  -D_LARGEFILE_SOURCE -D_LARGEFILE64_SOURCE -D_FILE_OFFSET_BITS=64 conftest.c >&5
configure:7866: $? = 0
configure:7866: result: yes
configure:7866: checking for strings.h
configure:7866: /media/panpan/tools/buildroot-2018.02.8/output/host/bin/arm-linux-gnueabihf-gcc -c -D_LARGEFILE_SOURCE -D_LARGEFILE64_SOURCE -D_FILE_OFFSET_BITS=64  -Os  -D_LARGEFILE_SOURCE -D_LARGEFILE64_SOURCE -D_FILE_OFFSET_BITS=64 conftest.c >&5
configure:7866: $? = 0
configure:7866: result: yes
configure:7866: checking for inttypes.h
configure:7866: /media/panpan/tools/buildroot-2018.02.8/output/host/bin/arm-linux-gnueabihf-gcc -c -D_LARGEFILE_SOURCE -D_LARGEFILE64_SOURCE -D_FILE_OFFSET_BITS=64  -Os  -D_LARGEFILE_SOURCE -D_LARGEFILE64_SOURCE -D_FILE_OFFSET_BITS=64 conftest.c >&5
configure:7866: $? = 0
configure:7866: result: yes
configure:7866: checking for stdint.h
configure:7866: /media/panpan/tools/buildroot-2018.02.8/output/host/bin/arm-linux-gnueabihf-gcc -c -D_LARGEFILE_SOURCE -D_LARGEFILE64_SOURCE -D_FILE_OFFSET_BITS=64  -Os  -D_LARGEFILE_SOURCE -D_LARGEFILE64_SOURCE -D_FILE_OFFSET_BITS=64 conftest.c >&5
configure:7866: $? = 0
configure:7866: result: yes
configure:7866: checking for unistd.h
configure:7866: /media/panpan/tools/buildroot-2018.02.8/output/host/bin/arm-linux-gnueabihf-gcc -c -D_LARGEFILE_SOURCE -D_LARGEFILE64_SOURCE -D_FILE_OFFSET_BITS=64  -Os  -D_LARGEFILE_SOURCE -D_LARGEFILE64_SOURCE -D_FILE_OFFSET_BITS=64 conftest.c >&5
configure:7866: $? = 0
configure:7866: result: yes
configure:7880: checking for dlfcn.h
configure:7880: /media/panpan/tools/buildroot-2018.02.8/output/host/bin/arm-linux-gnueabihf-gcc -c -D_LARGEFILE_SOURCE -D_LARGEFILE64_SOURCE -D_FILE_OFFSET_BITS=64  -Os  -D_LARGEFILE_SOURCE -D_LARGEFILE64_SOURCE -D_FILE_OFFSET_BITS=64 conftest.c >&5
configure:7880: $? = 0
configure:7880: result: yes
configure:8106: checking for objdir
configure:8121: result: .libs
configure:8385: checking if /media/panpan/tools/buildroot-2018.02.8/output/host/bin/arm-linux-gnueabihf-gcc supports -fno-rtti -fno-exceptions
configure:8403: /media/panpan/tools/buildroot-2018.02.8/output/host/bin/arm-linux-gnueabihf-gcc -c -D_LARGEFILE_SOURCE -D_LARGEFILE64_SOURCE -D_FILE_OFFSET_BITS=64  -Os  -D_LARGEFILE_SOURCE -D_LARGEFILE64_SOURCE -D_FILE_OFFSET_BITS=64 -fno-rtti -fno-exceptions conftest.c >&5
cc1: warning: command line option '-fno-rtti' is valid for C++/ObjC++ but not for C
configure:8407: $? = 0
configure:8420: result: no
configure:8778: checking for /media/panpan/tools/buildroot-2018.02.8/output/host/bin/arm-linux-gnueabihf-gcc option to produce PIC
configure:8785: result: -fPIC -DPIC
configure:8793: checking if /media/panpan/tools/buildroot-2018.02.8/output/host/bin/arm-linux-gnueabihf-gcc PIC flag -fPIC -DPIC works
configure:8811: /media/panpan/tools/buildroot-2018.02.8/output/host/bin/arm-linux-gnueabihf-gcc -c -D_LARGEFILE_SOURCE -D_LARGEFILE64_SOURCE -D_FILE_OFFSET_BITS=64  -Os  -D_LARGEFILE_SOURCE -D_LARGEFILE64_SOURCE -D_FILE_OFFSET_BITS=64 -fPIC -DPIC -DPIC conftest.c >&5
configure:8815: $? = 0
configure:8828: result: yes
configure:8857: checking if /media/panpan/tools/buildroot-2018.02.8/output/host/bin/arm-linux-gnueabihf-gcc static flag -static works
configure:8885: result: yes
configure:8900: checking if /media/panpan/tools/buildroot-2018.02.8/output/host/bin/arm-linux-gnueabihf-gcc supports -c -o file.o
configure:8921: /media/panpan/tools/buildroot-2018.02.8/output/host/bin/arm-linux-gnueabihf-gcc -c -D_LARGEFILE_SOURCE -D_LARGEFILE64_SOURCE -D_FILE_OFFSET_BITS=64  -Os  -D_LARGEFILE_SOURCE -D_LARGEFILE64_SOURCE -D_FILE_OFFSET_BITS=64 -o out/conftest2.o conftest.c >&5
configure:8925: $? = 0
configure:8947: result: yes
configure:8955: checking if /media/panpan/tools/buildroot-2018.02.8/output/host/bin/arm-linux-gnueabihf-gcc supports -c -o file.o
configure:9002: result: yes
configure:9035: checking whether the /media/panpan/tools/buildroot-2018.02.8/output/host/bin/arm-linux-gnueabihf-gcc linker (/media/panpan/tools/buildroot-2018.02.8/output/host/bin/arm-linux-gnueabihf-ld) supports shared libraries
configure:10298: result: yes
configure:10335: checking whether -lc should be explicitly linked in
configure:10343: /media/panpan/tools/buildroot-2018.02.8/output/host/bin/arm-linux-gnueabihf-gcc -c -D_LARGEFILE_SOURCE -D_LARGEFILE64_SOURCE -D_FILE_OFFSET_BITS=64  -Os  -D_LARGEFILE_SOURCE -D_LARGEFILE64_SOURCE -D_FILE_OFFSET_BITS=64 conftest.c >&5
configure:10346: $? = 0
configure:10361: /media/panpan/tools/buildroot-2018.02.8/output/host/bin/arm-linux-gnueabihf-gcc -shared  -fPIC -DPIC conftest.o  -v -Wl,-soname -Wl,conftest -o conftest 2\>\&1 \| /bin/grep  -lc  \>/dev/null 2\>\&1
configure:10364: $? = 0
configure:10378: result: no
configure:10538: checking dynamic linker characteristics
configure:11119: /media/panpan/tools/buildroot-2018.02.8/output/host/bin/arm-linux-gnueabihf-gcc -o conftest -D_LARGEFILE_SOURCE -D_LARGEFILE64_SOURCE -D_FILE_OFFSET_BITS=64  -Os  -D_LARGEFILE_SOURCE -D_LARGEFILE64_SOURCE -D_FILE_OFFSET_BITS=64  -Wl,-rpath -Wl,/foo conftest.c  >&5
configure:11119: $? = 0
configure:11368: result: GNU/Linux ld.so
configure:11490: checking how to hardcode library paths into programs
configure:11515: result: immediate
configure:12063: checking whether stripping libraries is possible
configure:12068: result: yes
configure:12103: checking if libtool supports shared libraries
configure:12105: result: yes
configure:12108: checking whether to build shared libraries
configure:12133: result: yes
configure:12136: checking whether to build static libraries
configure:12140: result: yes
configure:12178: checking for inline
configure:12194: /media/panpan/tools/buildroot-2018.02.8/output/host/bin/arm-linux-gnueabihf-gcc -c -D_LARGEFILE_SOURCE -D_LARGEFILE64_SOURCE -D_FILE_OFFSET_BITS=64  -Os  -D_LARGEFILE_SOURCE -D_LARGEFILE64_SOURCE -D_FILE_OFFSET_BITS=64 conftest.c >&5
configure:12194: $? = 0
configure:12202: result: inline
configure:12230: checking whether /media/panpan/tools/buildroot-2018.02.8/output/host/bin/python3 version is >= 2.6
configure:12241: /media/panpan/tools/buildroot-2018.02.8/output/host/bin/python3 -c import sys # split strings by '.' and convert to numeric. Append some zeros # because we need at least 4 digits for the hex conversion. # map returns an iterator in Python 3.0 and a list in 2.x minver = list(map(int, '2.6'.split('.'))) + [0, 0, 0] minverhex = 0 # xrange is not present in Python 3.0 and range returns an iterator for i in list(range(0, 4)): minverhex = (minverhex << 8) + minver[i] sys.exit(sys.hexversion < minverhex)
configure:12244: $? = 0
configure:12246: result: yes
configure:12339: checking for /media/panpan/tools/buildroot-2018.02.8/output/host/bin/python3 version
configure:12346: result: 3.6
configure:12358: checking for /media/panpan/tools/buildroot-2018.02.8/output/host/bin/python3 platform
configure:12365: result: linux
configure:12391: checking for /media/panpan/tools/buildroot-2018.02.8/output/host/bin/python3 script directory
configure:12426: result: ${prefix}/lib/python3.6/site-packages
configure:12435: checking for /media/panpan/tools/buildroot-2018.02.8/output/host/bin/python3 extension module directory
configure:12470: result: ${exec_prefix}/lib/python3.6/site-packages
configure:12493: Using $PYTHON-config: /media/panpan/tools/buildroot-2018.02.8/output/host/bin/python3-config
configure:12553: PYTHON_INCLUDES overridden to: -I/media/panpan/tools/buildroot-2018.02.8/output/host/arm-buildroot-linux-gnueabihf/sysroot/usr/include/python3.6m -I/media/panpan/tools/buildroot-2018.02.8/output/host/arm-buildroot-linux-gnueabihf/sysroot/usr/include/python3.6m
configure:12578: checking whether those headers are sufficient
configure:12587: /media/panpan/tools/buildroot-2018.02.8/output/host/bin/arm-linux-gnueabihf-cpp -D_LARGEFILE_SOURCE -D_LARGEFILE64_SOURCE -D_FILE_OFFSET_BITS=64 -I/media/panpan/tools/buildroot-2018.02.8/output/host/arm-buildroot-linux-gnueabihf/sysroot/usr/include/python3.6m -I/media/panpan/tools/buildroot-2018.02.8/output/host/arm-buildroot-linux-gnueabihf/sysroot/usr/include/python3.6m conftest.c
configure:12587: $? = 0
configure:12588: result: yes
configure:12616: PYTHON_LIBS overridden to:  -L/media/panpan/tools/buildroot-2018.02.8/output/host/arm-buildroot-linux-gnueabihf/sysroot/usr/lib -lpython3.6m -lpthread -ldl  -lpthread -lutil -lm  -Xlinker -export-dynamic
configure:12652: checking for git
configure:12670: found /usr/bin/git
configure:12683: result: /usr/bin/git
configure:12731: checking whether you want to build HTML docs
configure:12740: result: no
configure:12743: checking whether you want to build API docs
configure:12752: result: no
configure:12922: checking for dbus-run-session
configure:12940: found /media/panpan/tools/buildroot-2018.02.8/output/host/bin/dbus-run-session
configure:12953: result: /media/panpan/tools/buildroot-2018.02.8/output/host/bin/dbus-run-session
configure:13038: checking whether  understands --generator
configure:13045: result: no
configure:13063: checking whether  understands --date
configure:13070: result: no
configure:13088: checking whether  understands --time
configure:13095: result: no
configure:13113: checking whether  understands --exit-status=2
configure:13120: result: no
configure:13138: checking whether  understands --no-raw
configure:13145: result: no
configure:13163: checking whether  understands --no-file-insertion
configure:13170: result: no
configure:13188: checking whether  understands --cloak-email-addresses
configure:13195: result: no
configure:13213: checking whether  understands --input-encoding=UTF-8
configure:13220: result: no
configure:13361: checking pkg-config is at least version 0.9.0
configure:13364: result: yes
configure:13374: checking for DBUS
configure:13381: $PKG_CONFIG --exists --print-errors "dbus-1 >= 1.6"
configure:13384: $? = 0
configure:13398: $PKG_CONFIG --exists --print-errors "dbus-1 >= 1.6"
configure:13401: $? = 0
configure:13459: result: yes
configure:13465: checking for DBUS_GLIB
configure:13472: $PKG_CONFIG --exists --print-errors "dbus-glib-1 >= 0.70"
configure:13475: $? = 0
configure:13489: $PKG_CONFIG --exists --print-errors "dbus-glib-1 >= 0.70"
configure:13492: $? = 0
configure:13550: result: yes
configure:13623: checking whether C compiler accepts -Werror=unknown-warning-option
configure:13642: /media/panpan/tools/buildroot-2018.02.8/output/host/bin/arm-linux-gnueabihf-gcc -c -D_LARGEFILE_SOURCE -D_LARGEFILE64_SOURCE -D_FILE_OFFSET_BITS=64  -Os   -Werror=unknown-warning-option -D_LARGEFILE_SOURCE -D_LARGEFILE64_SOURCE -D_FILE_OFFSET_BITS=64 conftest.c >&5
cc1: error: -Werror=unknown-warning-option: no option -Wunknown-warning-option
configure:13642: $? = 1
configure: failed program was:
| /* confdefs.h */
| #define PACKAGE_NAME "dbus-python"
| #define PACKAGE_TARNAME "dbus-python"
| #define PACKAGE_VERSION "1.2.4"
| #define PACKAGE_STRING "dbus-python 1.2.4"
| #define PACKAGE_BUGREPORT "http://bugs.freedesktop.org/enter_bug.cgi?product=dbus&component=python"
| #define PACKAGE_URL ""
| #define DBUS_PYTHON_MAJOR_VERSION 1
| #define DBUS_PYTHON_MINOR_VERSION 2
| #define DBUS_PYTHON_MICRO_VERSION 4
| #define PACKAGE "dbus-python"
| #define VERSION "1.2.4"
| #define STDC_HEADERS 1
| #define HAVE_SYS_TYPES_H 1
| #define HAVE_SYS_STAT_H 1
| #define HAVE_STDLIB_H 1
| #define HAVE_STRING_H 1
| #define HAVE_MEMORY_H 1
| #define HAVE_STRINGS_H 1
| #define HAVE_INTTYPES_H 1
| #define HAVE_STDINT_H 1
| #define HAVE_UNISTD_H 1
| #define HAVE_DLFCN_H 1
| #define LT_OBJDIR ".libs/"
| /* end confdefs.h.  */
| 
| int
| main ()
| {
| 
|   ;
|   return 0;
| }
configure:13650: result: no
configure:13676: checking whether C compiler accepts -fno-strict-aliasing
configure:13695: /media/panpan/tools/buildroot-2018.02.8/output/host/bin/arm-linux-gnueabihf-gcc -c -D_LARGEFILE_SOURCE -D_LARGEFILE64_SOURCE -D_FILE_OFFSET_BITS=64  -Os   -fno-strict-aliasing -D_LARGEFILE_SOURCE -D_LARGEFILE64_SOURCE -D_FILE_OFFSET_BITS=64 conftest.c >&5
configure:13695: $? = 0
configure:13704: result: yes
configure:13731: : WARN_CFLAGS="$WARN_CFLAGS"
configure:13734: $? = 0
configure:13676: checking whether C compiler accepts -Wdeprecated-declarations
configure:13695: /media/panpan/tools/buildroot-2018.02.8/output/host/bin/arm-linux-gnueabihf-gcc -c -D_LARGEFILE_SOURCE -D_LARGEFILE64_SOURCE -D_FILE_OFFSET_BITS=64  -Os   -Wdeprecated-declarations -D_LARGEFILE_SOURCE -D_LARGEFILE64_SOURCE -D_FILE_OFFSET_BITS=64 conftest.c >&5
configure:13695: $? = 0
configure:13704: result: yes
configure:13720: : WARN_CFLAGS="$WARN_CFLAGS"
configure:13723: $? = 0
configure:13676: checking whether C compiler accepts -Wno-redundant-decls
configure:13695: /media/panpan/tools/buildroot-2018.02.8/output/host/bin/arm-linux-gnueabihf-gcc -c -D_LARGEFILE_SOURCE -D_LARGEFILE64_SOURCE -D_FILE_OFFSET_BITS=64  -Os   -Wno-redundant-decls -D_LARGEFILE_SOURCE -D_LARGEFILE64_SOURCE -D_FILE_OFFSET_BITS=64 conftest.c >&5
configure:13695: $? = 0
configure:13704: result: yes
configure:13720: : WARN_CFLAGS="$WARN_CFLAGS"
configure:13723: $? = 0
configure:13676: checking whether C compiler accepts -Wno-switch-default
configure:13695: /media/panpan/tools/buildroot-2018.02.8/output/host/bin/arm-linux-gnueabihf-gcc -c -D_LARGEFILE_SOURCE -D_LARGEFILE64_SOURCE -D_FILE_OFFSET_BITS=64  -Os   -Wno-switch-default -D_LARGEFILE_SOURCE -D_LARGEFILE64_SOURCE -D_FILE_OFFSET_BITS=64 conftest.c >&5
configure:13695: $? = 0
configure:13704: result: yes
configure:13720: : WARN_CFLAGS="$WARN_CFLAGS"
configure:13723: $? = 0
configure:13676: checking whether C compiler accepts -Wno-write-strings
configure:13695: /media/panpan/tools/buildroot-2018.02.8/output/host/bin/arm-linux-gnueabihf-gcc -c -D_LARGEFILE_SOURCE -D_LARGEFILE64_SOURCE -D_FILE_OFFSET_BITS=64  -Os   -Wno-write-strings -D_LARGEFILE_SOURCE -D_LARGEFILE64_SOURCE -D_FILE_OFFSET_BITS=64 conftest.c >&5
configure:13695: $? = 0
configure:13704: result: yes
configure:13720: : WARN_CFLAGS="$WARN_CFLAGS"
configure:13723: $? = 0
configure:13676: checking whether C compiler accepts -std=c9x
configure:13695: /media/panpan/tools/buildroot-2018.02.8/output/host/bin/arm-linux-gnueabihf-gcc -c -D_LARGEFILE_SOURCE -D_LARGEFILE64_SOURCE -D_FILE_OFFSET_BITS=64  -Os   -std=c9x -D_LARGEFILE_SOURCE -D_LARGEFILE64_SOURCE -D_FILE_OFFSET_BITS=64 conftest.c >&5
configure:13695: $? = 0
configure:13704: result: yes
configure:13720: : WARN_CFLAGS="$WARN_CFLAGS"
configure:13723: $? = 0
configure:13755: checking whether C compiler accepts -Wall
configure:13774: /media/panpan/tools/buildroot-2018.02.8/output/host/bin/arm-linux-gnueabihf-gcc -c -D_LARGEFILE_SOURCE -D_LARGEFILE64_SOURCE -D_FILE_OFFSET_BITS=64  -Os   -Wall -D_LARGEFILE_SOURCE -D_LARGEFILE64_SOURCE -D_FILE_OFFSET_BITS=64 conftest.c >&5
configure:13774: $? = 0
configure:13783: result: yes
configure:13799: : WARN_CFLAGS="$WARN_CFLAGS"
configure:13802: $? = 0
configure:13755: checking whether C compiler accepts -Wextra
configure:13774: /media/panpan/tools/buildroot-2018.02.8/output/host/bin/arm-linux-gnueabihf-gcc -c -D_LARGEFILE_SOURCE -D_LARGEFILE64_SOURCE -D_FILE_OFFSET_BITS=64  -Os   -Wextra -D_LARGEFILE_SOURCE -D_LARGEFILE64_SOURCE -D_FILE_OFFSET_BITS=64 conftest.c >&5
configure:13774: $? = 0
configure:13783: result: yes
configure:13799: : WARN_CFLAGS="$WARN_CFLAGS"
configure:13802: $? = 0
configure:13755: checking whether C compiler accepts -Wundef
configure:13774: /media/panpan/tools/buildroot-2018.02.8/output/host/bin/arm-linux-gnueabihf-gcc -c -D_LARGEFILE_SOURCE -D_LARGEFILE64_SOURCE -D_FILE_OFFSET_BITS=64  -Os   -Wundef -D_LARGEFILE_SOURCE -D_LARGEFILE64_SOURCE -D_FILE_OFFSET_BITS=64 conftest.c >&5
configure:13774: $? = 0
configure:13783: result: yes
configure:13799: : WARN_CFLAGS="$WARN_CFLAGS"
configure:13802: $? = 0
configure:13755: checking whether C compiler accepts -Wnested-externs
configure:13774: /media/panpan/tools/buildroot-2018.02.8/output/host/bin/arm-linux-gnueabihf-gcc -c -D_LARGEFILE_SOURCE -D_LARGEFILE64_SOURCE -D_FILE_OFFSET_BITS=64  -Os   -Wnested-externs -D_LARGEFILE_SOURCE -D_LARGEFILE64_SOURCE -D_FILE_OFFSET_BITS=64 conftest.c >&5
configure:13774: $? = 0
configure:13783: result: yes
configure:13799: : WARN_CFLAGS="$WARN_CFLAGS"
configure:13802: $? = 0
configure:13755: checking whether C compiler accepts -Wwrite-strings
configure:13774: /media/panpan/tools/buildroot-2018.02.8/output/host/bin/arm-linux-gnueabihf-gcc -c -D_LARGEFILE_SOURCE -D_LARGEFILE64_SOURCE -D_FILE_OFFSET_BITS=64  -Os   -Wwrite-strings -D_LARGEFILE_SOURCE -D_LARGEFILE64_SOURCE -D_FILE_OFFSET_BITS=64 conftest.c >&5
configure:13774: $? = 0
configure:13783: result: yes
configure:13799: : WARN_CFLAGS="$WARN_CFLAGS"
configure:13802: $? = 0
configure:13755: checking whether C compiler accepts -Wpointer-arith
configure:13774: /media/panpan/tools/buildroot-2018.02.8/output/host/bin/arm-linux-gnueabihf-gcc -c -D_LARGEFILE_SOURCE -D_LARGEFILE64_SOURCE -D_FILE_OFFSET_BITS=64  -Os   -Wpointer-arith -D_LARGEFILE_SOURCE -D_LARGEFILE64_SOURCE -D_FILE_OFFSET_BITS=64 conftest.c >&5
configure:13774: $? = 0
configure:13783: result: yes
configure:13799: : WARN_CFLAGS="$WARN_CFLAGS"
configure:13802: $? = 0
configure:13755: checking whether C compiler accepts -Wmissing-declarations
configure:13774: /media/panpan/tools/buildroot-2018.02.8/output/host/bin/arm-linux-gnueabihf-gcc -c -D_LARGEFILE_SOURCE -D_LARGEFILE64_SOURCE -D_FILE_OFFSET_BITS=64  -Os   -Wmissing-declarations -D_LARGEFILE_SOURCE -D_LARGEFILE64_SOURCE -D_FILE_OFFSET_BITS=64 conftest.c >&5
configure:13774: $? = 0
configure:13783: result: yes
configure:13799: : WARN_CFLAGS="$WARN_CFLAGS"
configure:13802: $? = 0
configure:13755: checking whether C compiler accepts -Wmissing-prototypes
configure:13774: /media/panpan/tools/buildroot-2018.02.8/output/host/bin/arm-linux-gnueabihf-gcc -c -D_LARGEFILE_SOURCE -D_LARGEFILE64_SOURCE -D_FILE_OFFSET_BITS=64  -Os   -Wmissing-prototypes -D_LARGEFILE_SOURCE -D_LARGEFILE64_SOURCE -D_FILE_OFFSET_BITS=64 conftest.c >&5
configure:13774: $? = 0
configure:13783: result: yes
configure:13799: : WARN_CFLAGS="$WARN_CFLAGS"
configure:13802: $? = 0
configure:13755: checking whether C compiler accepts -Wstrict-prototypes
configure:13774: /media/panpan/tools/buildroot-2018.02.8/output/host/bin/arm-linux-gnueabihf-gcc -c -D_LARGEFILE_SOURCE -D_LARGEFILE64_SOURCE -D_FILE_OFFSET_BITS=64  -Os   -Wstrict-prototypes -D_LARGEFILE_SOURCE -D_LARGEFILE64_SOURCE -D_FILE_OFFSET_BITS=64 conftest.c >&5
conftest.c:28:1: warning: function declaration isn't a prototype [-Wstrict-prototypes]
 main ()
 ^~~~
configure:13774: $? = 0
configure:13783: result: yes
configure:13799: : WARN_CFLAGS="$WARN_CFLAGS"
configure:13802: $? = 0
configure:13755: checking whether C compiler accepts -Wredundant-decls
configure:13774: /media/panpan/tools/buildroot-2018.02.8/output/host/bin/arm-linux-gnueabihf-gcc -c -D_LARGEFILE_SOURCE -D_LARGEFILE64_SOURCE -D_FILE_OFFSET_BITS=64  -Os   -Wredundant-decls -D_LARGEFILE_SOURCE -D_LARGEFILE64_SOURCE -D_FILE_OFFSET_BITS=64 conftest.c >&5
configure:13774: $? = 0
configure:13783: result: yes
configure:13799: : WARN_CFLAGS="$WARN_CFLAGS"
configure:13802: $? = 0
configure:13755: checking whether C compiler accepts -Wno-unused-parameter
configure:13774: /media/panpan/tools/buildroot-2018.02.8/output/host/bin/arm-linux-gnueabihf-gcc -c -D_LARGEFILE_SOURCE -D_LARGEFILE64_SOURCE -D_FILE_OFFSET_BITS=64  -Os   -Wno-unused-parameter -D_LARGEFILE_SOURCE -D_LARGEFILE64_SOURCE -D_FILE_OFFSET_BITS=64 conftest.c >&5
configure:13774: $? = 0
configure:13783: result: yes
configure:13799: : WARN_CFLAGS="$WARN_CFLAGS"
configure:13802: $? = 0
configure:13755: checking whether C compiler accepts -Wno-missing-field-initializers
configure:13774: /media/panpan/tools/buildroot-2018.02.8/output/host/bin/arm-linux-gnueabihf-gcc -c -D_LARGEFILE_SOURCE -D_LARGEFILE64_SOURCE -D_FILE_OFFSET_BITS=64  -Os   -Wno-missing-field-initializers -D_LARGEFILE_SOURCE -D_LARGEFILE64_SOURCE -D_FILE_OFFSET_BITS=64 conftest.c >&5
configure:13774: $? = 0
configure:13783: result: yes
configure:13799: : WARN_CFLAGS="$WARN_CFLAGS"
configure:13802: $? = 0
configure:13755: checking whether C compiler accepts -Wdeclaration-after-statement
configure:13774: /media/panpan/tools/buildroot-2018.02.8/output/host/bin/arm-linux-gnueabihf-gcc -c -D_LARGEFILE_SOURCE -D_LARGEFILE64_SOURCE -D_FILE_OFFSET_BITS=64  -Os   -Wdeclaration-after-statement -D_LARGEFILE_SOURCE -D_LARGEFILE64_SOURCE -D_FILE_OFFSET_BITS=64 conftest.c >&5
configure:13774: $? = 0
configure:13783: result: yes
configure:13799: : WARN_CFLAGS="$WARN_CFLAGS"
configure:13802: $? = 0
configure:13755: checking whether C compiler accepts -Wformat=2
configure:13774: /media/panpan/tools/buildroot-2018.02.8/output/host/bin/arm-linux-gnueabihf-gcc -c -D_LARGEFILE_SOURCE -D_LARGEFILE64_SOURCE -D_FILE_OFFSET_BITS=64  -Os   -Wformat=2 -D_LARGEFILE_SOURCE -D_LARGEFILE64_SOURCE -D_FILE_OFFSET_BITS=64 conftest.c >&5
configure:13774: $? = 0
configure:13783: result: yes
configure:13799: : WARN_CFLAGS="$WARN_CFLAGS"
configure:13802: $? = 0
configure:13755: checking whether C compiler accepts -Wold-style-definition
configure:13774: /media/panpan/tools/buildroot-2018.02.8/output/host/bin/arm-linux-gnueabihf-gcc -c -D_LARGEFILE_SOURCE -D_LARGEFILE64_SOURCE -D_FILE_OFFSET_BITS=64  -Os   -Wold-style-definition -D_LARGEFILE_SOURCE -D_LARGEFILE64_SOURCE -D_FILE_OFFSET_BITS=64 conftest.c >&5
conftest.c: In function 'main':
conftest.c:28:1: warning: old-style function definition [-Wold-style-definition]
 main ()
 ^~~~
configure:13774: $? = 0
configure:13783: result: yes
configure:13799: : WARN_CFLAGS="$WARN_CFLAGS"
configure:13802: $? = 0
configure:13755: checking whether C compiler accepts -Wcast-align
configure:13774: /media/panpan/tools/buildroot-2018.02.8/output/host/bin/arm-linux-gnueabihf-gcc -c -D_LARGEFILE_SOURCE -D_LARGEFILE64_SOURCE -D_FILE_OFFSET_BITS=64  -Os   -Wcast-align -D_LARGEFILE_SOURCE -D_LARGEFILE64_SOURCE -D_FILE_OFFSET_BITS=64 conftest.c >&5
configure:13774: $? = 0
configure:13783: result: yes
configure:13799: : WARN_CFLAGS="$WARN_CFLAGS"
configure:13802: $? = 0
configure:13755: checking whether C compiler accepts -Wformat-nonliteral
configure:13774: /media/panpan/tools/buildroot-2018.02.8/output/host/bin/arm-linux-gnueabihf-gcc -c -D_LARGEFILE_SOURCE -D_LARGEFILE64_SOURCE -D_FILE_OFFSET_BITS=64  -Os   -Wformat-nonliteral -D_LARGEFILE_SOURCE -D_LARGEFILE64_SOURCE -D_FILE_OFFSET_BITS=64 conftest.c >&5
cc1: warning: -Wformat-nonliteral ignored without -Wformat [-Wformat-nonliteral]
configure:13774: $? = 0
configure:13783: result: yes
configure:13799: : WARN_CFLAGS="$WARN_CFLAGS"
configure:13802: $? = 0
configure:13755: checking whether C compiler accepts -Wformat-security
configure:13774: /media/panpan/tools/buildroot-2018.02.8/output/host/bin/arm-linux-gnueabihf-gcc -c -D_LARGEFILE_SOURCE -D_LARGEFILE64_SOURCE -D_FILE_OFFSET_BITS=64  -Os   -Wformat-security -D_LARGEFILE_SOURCE -D_LARGEFILE64_SOURCE -D_FILE_OFFSET_BITS=64 conftest.c >&5
cc1: warning: -Wformat-security ignored without -Wformat [-Wformat-security]
configure:13774: $? = 0
configure:13783: result: yes
configure:13799: : WARN_CFLAGS="$WARN_CFLAGS"
configure:13802: $? = 0
configure:13755: checking whether C compiler accepts -Wsign-compare
configure:13774: /media/panpan/tools/buildroot-2018.02.8/output/host/bin/arm-linux-gnueabihf-gcc -c -D_LARGEFILE_SOURCE -D_LARGEFILE64_SOURCE -D_FILE_OFFSET_BITS=64  -Os   -Wsign-compare -D_LARGEFILE_SOURCE -D_LARGEFILE64_SOURCE -D_FILE_OFFSET_BITS=64 conftest.c >&5
configure:13774: $? = 0
configure:13783: result: yes
configure:13799: : WARN_CFLAGS="$WARN_CFLAGS"
configure:13802: $? = 0
configure:13755: checking whether C compiler accepts -Wstrict-aliasing
configure:13774: /media/panpan/tools/buildroot-2018.02.8/output/host/bin/arm-linux-gnueabihf-gcc -c -D_LARGEFILE_SOURCE -D_LARGEFILE64_SOURCE -D_FILE_OFFSET_BITS=64  -Os   -Wstrict-aliasing -D_LARGEFILE_SOURCE -D_LARGEFILE64_SOURCE -D_FILE_OFFSET_BITS=64 conftest.c >&5
configure:13774: $? = 0
configure:13783: result: yes
configure:13799: : WARN_CFLAGS="$WARN_CFLAGS"
configure:13802: $? = 0
configure:13755: checking whether C compiler accepts -Wshadow
configure:13774: /media/panpan/tools/buildroot-2018.02.8/output/host/bin/arm-linux-gnueabihf-gcc -c -D_LARGEFILE_SOURCE -D_LARGEFILE64_SOURCE -D_FILE_OFFSET_BITS=64  -Os   -Wshadow -D_LARGEFILE_SOURCE -D_LARGEFILE64_SOURCE -D_FILE_OFFSET_BITS=64 conftest.c >&5
configure:13774: $? = 0
configure:13783: result: yes
configure:13799: : WARN_CFLAGS="$WARN_CFLAGS"
configure:13802: $? = 0
configure:13755: checking whether C compiler accepts -Winline
configure:13774: /media/panpan/tools/buildroot-2018.02.8/output/host/bin/arm-linux-gnueabihf-gcc -c -D_LARGEFILE_SOURCE -D_LARGEFILE64_SOURCE -D_FILE_OFFSET_BITS=64  -Os   -Winline -D_LARGEFILE_SOURCE -D_LARGEFILE64_SOURCE -D_FILE_OFFSET_BITS=64 conftest.c >&5
configure:13774: $? = 0
configure:13783: result: yes
configure:13799: : WARN_CFLAGS="$WARN_CFLAGS"
configure:13802: $? = 0
configure:13755: checking whether C compiler accepts -Wpacked
configure:13774: /media/panpan/tools/buildroot-2018.02.8/output/host/bin/arm-linux-gnueabihf-gcc -c -D_LARGEFILE_SOURCE -D_LARGEFILE64_SOURCE -D_FILE_OFFSET_BITS=64  -Os   -Wpacked -D_LARGEFILE_SOURCE -D_LARGEFILE64_SOURCE -D_FILE_OFFSET_BITS=64 conftest.c >&5
configure:13774: $? = 0
configure:13783: result: yes
configure:13799: : WARN_CFLAGS="$WARN_CFLAGS"
configure:13802: $? = 0
configure:13755: checking whether C compiler accepts -Wmissing-format-attribute
configure:13774: /media/panpan/tools/buildroot-2018.02.8/output/host/bin/arm-linux-gnueabihf-gcc -c -D_LARGEFILE_SOURCE -D_LARGEFILE64_SOURCE -D_FILE_OFFSET_BITS=64  -Os   -Wmissing-format-attribute -D_LARGEFILE_SOURCE -D_LARGEFILE64_SOURCE -D_FILE_OFFSET_BITS=64 conftest.c >&5
configure:13774: $? = 0
configure:13783: result: yes
configure:13799: : WARN_CFLAGS="$WARN_CFLAGS"
configure:13802: $? = 0
configure:13755: checking whether C compiler accepts -Wmissing-noreturn
configure:13774: /media/panpan/tools/buildroot-2018.02.8/output/host/bin/arm-linux-gnueabihf-gcc -c -D_LARGEFILE_SOURCE -D_LARGEFILE64_SOURCE -D_FILE_OFFSET_BITS=64  -Os   -Wmissing-noreturn -D_LARGEFILE_SOURCE -D_LARGEFILE64_SOURCE -D_FILE_OFFSET_BITS=64 conftest.c >&5
configure:13774: $? = 0
configure:13783: result: yes
configure:13799: : WARN_CFLAGS="$WARN_CFLAGS"
configure:13802: $? = 0
configure:13755: checking whether C compiler accepts -Winit-self
configure:13774: /media/panpan/tools/buildroot-2018.02.8/output/host/bin/arm-linux-gnueabihf-gcc -c -D_LARGEFILE_SOURCE -D_LARGEFILE64_SOURCE -D_FILE_OFFSET_BITS=64  -Os   -Winit-self -D_LARGEFILE_SOURCE -D_LARGEFILE64_SOURCE -D_FILE_OFFSET_BITS=64 conftest.c >&5
configure:13774: $? = 0
configure:13783: result: yes
configure:13799: : WARN_CFLAGS="$WARN_CFLAGS"
configure:13802: $? = 0
configure:13755: checking whether C compiler accepts -Wredundant-decls
configure:13783: result: yes
configure:13791: : WARN_CFLAGS already contains $flag
configure:13794: $? = 0
configure:13755: checking whether C compiler accepts -Wmissing-include-dirs
configure:13774: /media/panpan/tools/buildroot-2018.02.8/output/host/bin/arm-linux-gnueabihf-gcc -c -D_LARGEFILE_SOURCE -D_LARGEFILE64_SOURCE -D_FILE_OFFSET_BITS=64  -Os   -Wmissing-include-dirs -D_LARGEFILE_SOURCE -D_LARGEFILE64_SOURCE -D_FILE_OFFSET_BITS=64 conftest.c >&5
configure:13774: $? = 0
configure:13783: result: yes
configure:13799: : WARN_CFLAGS="$WARN_CFLAGS"
configure:13802: $? = 0
configure:13755: checking whether C compiler accepts -Wunused-but-set-variable
configure:13774: /media/panpan/tools/buildroot-2018.02.8/output/host/bin/arm-linux-gnueabihf-gcc -c -D_LARGEFILE_SOURCE -D_LARGEFILE64_SOURCE -D_FILE_OFFSET_BITS=64  -Os   -Wunused-but-set-variable -D_LARGEFILE_SOURCE -D_LARGEFILE64_SOURCE -D_FILE_OFFSET_BITS=64 conftest.c >&5
configure:13774: $? = 0
configure:13783: result: yes
configure:13799: : WARN_CFLAGS="$WARN_CFLAGS"
configure:13802: $? = 0
configure:13755: checking whether C compiler accepts -Warray-bounds
configure:13774: /media/panpan/tools/buildroot-2018.02.8/output/host/bin/arm-linux-gnueabihf-gcc -c -D_LARGEFILE_SOURCE -D_LARGEFILE64_SOURCE -D_FILE_OFFSET_BITS=64  -Os   -Warray-bounds -D_LARGEFILE_SOURCE -D_LARGEFILE64_SOURCE -D_FILE_OFFSET_BITS=64 conftest.c >&5
configure:13774: $? = 0
configure:13783: result: yes
configure:13799: : WARN_CFLAGS="$WARN_CFLAGS"
configure:13802: $? = 0
configure:13755: checking whether C compiler accepts -Wimplicit-function-declaration
configure:13774: /media/panpan/tools/buildroot-2018.02.8/output/host/bin/arm-linux-gnueabihf-gcc -c -D_LARGEFILE_SOURCE -D_LARGEFILE64_SOURCE -D_FILE_OFFSET_BITS=64  -Os   -Wimplicit-function-declaration -D_LARGEFILE_SOURCE -D_LARGEFILE64_SOURCE -D_FILE_OFFSET_BITS=64 conftest.c >&5
configure:13774: $? = 0
configure:13783: result: yes
configure:13799: : WARN_CFLAGS="$WARN_CFLAGS"
configure:13802: $? = 0
configure:13755: checking whether C compiler accepts -Wreturn-type
configure:13774: /media/panpan/tools/buildroot-2018.02.8/output/host/bin/arm-linux-gnueabihf-gcc -c -D_LARGEFILE_SOURCE -D_LARGEFILE64_SOURCE -D_FILE_OFFSET_BITS=64  -Os   -Wreturn-type -D_LARGEFILE_SOURCE -D_LARGEFILE64_SOURCE -D_FILE_OFFSET_BITS=64 conftest.c >&5
configure:13774: $? = 0
configure:13783: result: yes
configure:13799: : WARN_CFLAGS="$WARN_CFLAGS"
configure:13802: $? = 0
configure:13755: checking whether C compiler accepts -Wswitch-enum
configure:13774: /media/panpan/tools/buildroot-2018.02.8/output/host/bin/arm-linux-gnueabihf-gcc -c -D_LARGEFILE_SOURCE -D_LARGEFILE64_SOURCE -D_FILE_OFFSET_BITS=64  -Os   -Wswitch-enum -D_LARGEFILE_SOURCE -D_LARGEFILE64_SOURCE -D_FILE_OFFSET_BITS=64 conftest.c >&5
configure:13774: $? = 0
configure:13783: result: yes
configure:13799: : WARN_CFLAGS="$WARN_CFLAGS"
configure:13802: $? = 0
configure:13755: checking whether C compiler accepts -Wswitch-default
configure:13774: /media/panpan/tools/buildroot-2018.02.8/output/host/bin/arm-linux-gnueabihf-gcc -c -D_LARGEFILE_SOURCE -D_LARGEFILE64_SOURCE -D_FILE_OFFSET_BITS=64  -Os   -Wswitch-default -D_LARGEFILE_SOURCE -D_LARGEFILE64_SOURCE -D_FILE_OFFSET_BITS=64 conftest.c >&5
configure:13774: $? = 0
configure:13783: result: yes
configure:13799: : WARN_CFLAGS="$WARN_CFLAGS"
configure:13802: $? = 0
configure:13960: checking whether C compiler accepts -Wno-error=redundant-decls
configure:13979: /media/panpan/tools/buildroot-2018.02.8/output/host/bin/arm-linux-gnueabihf-gcc -c -D_LARGEFILE_SOURCE -D_LARGEFILE64_SOURCE -D_FILE_OFFSET_BITS=64  -Os   -Wno-error=redundant-decls -D_LARGEFILE_SOURCE -D_LARGEFILE64_SOURCE -D_FILE_OFFSET_BITS=64 conftest.c >&5
configure:13979: $? = 0
configure:13988: result: yes
configure:14004: : WARN_CFLAGS="$WARN_CFLAGS"
configure:14007: $? = 0
configure:13960: checking whether C compiler accepts -Wno-error=switch-default
configure:13979: /media/panpan/tools/buildroot-2018.02.8/output/host/bin/arm-linux-gnueabihf-gcc -c -D_LARGEFILE_SOURCE -D_LARGEFILE64_SOURCE -D_FILE_OFFSET_BITS=64  -Os   -Wno-error=switch-default -D_LARGEFILE_SOURCE -D_LARGEFILE64_SOURCE -D_FILE_OFFSET_BITS=64 conftest.c >&5
configure:13979: $? = 0
configure:13988: result: yes
configure:14004: : WARN_CFLAGS="$WARN_CFLAGS"
configure:14007: $? = 0
configure:13960: checking whether C compiler accepts -Wno-error=write-strings
configure:13979: /media/panpan/tools/buildroot-2018.02.8/output/host/bin/arm-linux-gnueabihf-gcc -c -D_LARGEFILE_SOURCE -D_LARGEFILE64_SOURCE -D_FILE_OFFSET_BITS=64  -Os   -Wno-error=write-strings -D_LARGEFILE_SOURCE -D_LARGEFILE64_SOURCE -D_FILE_OFFSET_BITS=64 conftest.c >&5
configure:13979: $? = 0
configure:13988: result: yes
configure:14004: : WARN_CFLAGS="$WARN_CFLAGS"
configure:14007: $? = 0
configure:13960: checking whether C compiler accepts -Wno-error=unused-parameter
configure:13979: /media/panpan/tools/buildroot-2018.02.8/output/host/bin/arm-linux-gnueabihf-gcc -c -D_LARGEFILE_SOURCE -D_LARGEFILE64_SOURCE -D_FILE_OFFSET_BITS=64  -Os   -Wno-error=unused-parameter -D_LARGEFILE_SOURCE -D_LARGEFILE64_SOURCE -D_FILE_OFFSET_BITS=64 conftest.c >&5
configure:13979: $? = 0
configure:13988: result: yes
configure:14004: : WARN_CFLAGS="$WARN_CFLAGS"
configure:14007: $? = 0
configure:13960: checking whether C compiler accepts -Wno-error=missing-field-initializers
configure:13979: /media/panpan/tools/buildroot-2018.02.8/output/host/bin/arm-linux-gnueabihf-gcc -c -D_LARGEFILE_SOURCE -D_LARGEFILE64_SOURCE -D_FILE_OFFSET_BITS=64  -Os   -Wno-error=missing-field-initializers -D_LARGEFILE_SOURCE -D_LARGEFILE64_SOURCE -D_FILE_OFFSET_BITS=64 conftest.c >&5
configure:13979: $? = 0
configure:13988: result: yes
configure:14004: : WARN_CFLAGS="$WARN_CFLAGS"
configure:14007: $? = 0
configure:14062: checking whether C compiler accepts -Werror=unknown-warning-option
configure:14089: result: no
configure:14109: checking whether the linker accepts -Wl,--no-as-needed
configure:14128: /media/panpan/tools/buildroot-2018.02.8/output/host/bin/arm-linux-gnueabihf-gcc -o conftest -D_LARGEFILE_SOURCE -D_LARGEFILE64_SOURCE -D_FILE_OFFSET_BITS=64  -Os  -D_LARGEFILE_SOURCE -D_LARGEFILE64_SOURCE -D_FILE_OFFSET_BITS=64   -Wl,--no-as-needed conftest.c  >&5
configure:14128: $? = 0
configure:14138: result: yes
configure:14165: : WARN_LDFLAGS="$WARN_LDFLAGS"
configure:14168: $? = 0
configure:14382: : WARN_SCANNERFLAGS="$WARN_SCANNERFLAGS"
configure:14385: $? = 0
configure:14407: : WARN_SCANNERFLAGS="$WARN_SCANNERFLAGS"
configure:14410: $? = 0
configure:14599: checking that generated files are newer than configure
configure:14605: result: done
configure:14652: creating ./config.status

## ---------------------- ##
## Running config.status. ##
## ---------------------- ##

This file was extended by dbus-python config.status 1.2.4, which was
generated by GNU Autoconf 2.69.  Invocation command line was

  CONFIG_FILES    = 
  CONFIG_HEADERS  = 
  CONFIG_LINKS    = 
  CONFIG_COMMANDS = 
  $ ./config.status 

on zed-00

config.status:1178: creating Makefile
config.status:1178: creating dbus-python.pc
config.status:1178: creating config.h
config.status:1407: executing depfiles commands
config.status:1407: executing libtool commands
configure:16792: WARNING: unrecognized options: --disable-gtk-doc, --disable-gtk-doc-html, --disable-doc, --disable-docs, --disable-documentation, --with-xmlto, --with-fop, --enable-ipv6, --disable-nls

## ---------------- ##
## Cache variables. ##
## ---------------- ##

ac_cv_build=x86_64-pc-linux-gnu
ac_cv_c_bigendian=no
ac_cv_c_compiler_gnu=yes
ac_cv_c_inline=inline
ac_cv_env_CC_set=set
ac_cv_env_CC_value=/media/panpan/tools/buildroot-2018.02.8/output/host/bin/arm-linux-gnueabihf-gcc
ac_cv_env_CFLAGS_set=set
ac_cv_env_CFLAGS_value='-D_LARGEFILE_SOURCE -D_LARGEFILE64_SOURCE -D_FILE_OFFSET_BITS=64  -Os '
ac_cv_env_CPPFLAGS_set=set
ac_cv_env_CPPFLAGS_value='-D_LARGEFILE_SOURCE -D_LARGEFILE64_SOURCE -D_FILE_OFFSET_BITS=64'
ac_cv_env_CPP_set=set
ac_cv_env_CPP_value=/media/panpan/tools/buildroot-2018.02.8/output/host/bin/arm-linux-gnueabihf-cpp
ac_cv_env_DBUS_CFLAGS_set=
ac_cv_env_DBUS_CFLAGS_value=
ac_cv_env_DBUS_GLIB_CFLAGS_set=
ac_cv_env_DBUS_GLIB_CFLAGS_value=
ac_cv_env_DBUS_GLIB_LIBS_set=
ac_cv_env_DBUS_GLIB_LIBS_value=
ac_cv_env_DBUS_LIBS_set=
ac_cv_env_DBUS_LIBS_value=
ac_cv_env_DBUS_RUN_SESSION_set=
ac_cv_env_DBUS_RUN_SESSION_value=
ac_cv_env_LDFLAGS_set=set
ac_cv_env_LDFLAGS_value=
ac_cv_env_LIBS_set=
ac_cv_env_LIBS_value=
ac_cv_env_LT_SYS_LIBRARY_PATH_set=
ac_cv_env_LT_SYS_LIBRARY_PATH_value=
ac_cv_env_PKG_CONFIG_LIBDIR_set=
ac_cv_env_PKG_CONFIG_LIBDIR_value=
ac_cv_env_PKG_CONFIG_PATH_set=
ac_cv_env_PKG_CONFIG_PATH_value=
ac_cv_env_PKG_CONFIG_set=set
ac_cv_env_PKG_CONFIG_value=/media/panpan/tools/buildroot-2018.02.8/output/host/bin/pkg-config
ac_cv_env_PYTHON_CONFIG_set=
ac_cv_env_PYTHON_CONFIG_value=
ac_cv_env_PYTHON_INCLUDES_set=set
ac_cv_env_PYTHON_INCLUDES_value='-I/media/panpan/tools/buildroot-2018.02.8/output/host/arm-buildroot-linux-gnueabihf/sysroot/usr/include/python3.6m -I/media/panpan/tools/buildroot-2018.02.8/output/host/arm-buildroot-linux-gnueabihf/sysroot/usr/include/python3.6m'
ac_cv_env_PYTHON_LIBS_set=set
ac_cv_env_PYTHON_LIBS_value=' -L/media/panpan/tools/buildroot-2018.02.8/output/host/arm-buildroot-linux-gnueabihf/sysroot/usr/lib -lpython3.6m -lpthread -ldl  -lpthread -lutil -lm  -Xlinker -export-dynamic'
ac_cv_env_PYTHON_set=set
ac_cv_env_PYTHON_value=/media/panpan/tools/buildroot-2018.02.8/output/host/bin/python3
ac_cv_env_build_alias_set=set
ac_cv_env_build_alias_value=x86_64-pc-linux-gnu
ac_cv_env_host_alias_set=set
ac_cv_env_host_alias_value=arm-buildroot-linux-gnueabihf
ac_cv_env_target_alias_set=set
ac_cv_env_target_alias_value=arm-buildroot-linux-gnueabihf
ac_cv_func_calloc_0_nonnull=yes
ac_cv_func_malloc_0_nonnull=yes
ac_cv_func_memcmp_working=yes
ac_cv_func_mmap_fixed_mapped=yes
ac_cv_func_realloc_0_nonnull=yes
ac_cv_have_decl_malloc=yes
ac_cv_header_dlfcn_h=yes
ac_cv_header_inttypes_h=yes
ac_cv_header_memory_h=yes
ac_cv_header_stdc=yes
ac_cv_header_stdint_h=yes
ac_cv_header_stdlib_h=yes
ac_cv_header_string_h=yes
ac_cv_header_strings_h=yes
ac_cv_header_sys_stat_h=yes
ac_cv_header_sys_types_h=yes
ac_cv_header_unistd_h=yes
ac_cv_host=arm-buildroot-linux-gnueabihf
ac_cv_lbl_unaligned_fail=yes
ac_cv_objext=o
ac_cv_path_DBUS_RUN_SESSION=/media/panpan/tools/buildroot-2018.02.8/output/host/bin/dbus-run-session
ac_cv_path_EGREP='/bin/grep -E'
ac_cv_path_FGREP='/bin/grep -F'
ac_cv_path_GIT=/usr/bin/git
ac_cv_path_GREP=/bin/grep
ac_cv_path_SED=/bin/sed
ac_cv_path_install='/usr/bin/install -c'
ac_cv_path_lt_DD=/bin/dd
ac_cv_path_mkdir=/bin/mkdir
ac_cv_prog_AR=/media/panpan/tools/buildroot-2018.02.8/output/host/bin/arm-linux-gnueabihf-ar
ac_cv_prog_AWK=gawk
ac_cv_prog_CC=/media/panpan/tools/buildroot-2018.02.8/output/host/bin/arm-linux-gnueabihf-gcc
ac_cv_prog_CPP=/media/panpan/tools/buildroot-2018.02.8/output/host/bin/arm-linux-gnueabihf-cpp
ac_cv_prog_OBJDUMP=/media/panpan/tools/buildroot-2018.02.8/output/host/bin/arm-linux-gnueabihf-objdump
ac_cv_prog_RANLIB=/media/panpan/tools/buildroot-2018.02.8/output/host/bin/arm-linux-gnueabihf-ranlib
ac_cv_prog_STRIP=/media/panpan/tools/buildroot-2018.02.8/output/host/bin/arm-linux-gnueabihf-strip
ac_cv_prog_ac_ct_MANIFEST_TOOL=mt
ac_cv_prog_cc_c89=
ac_cv_prog_cc_g=yes
ac_cv_prog_make_make_set=yes
am_cv_CC_dependencies_compiler_type=none
am_cv_make_support_nested_variables=yes
am_cv_prog_cc_c_o=yes
am_cv_prog_tar_ustar=gnutar
am_cv_python_platform=linux
am_cv_python_pyexecdir='${exec_prefix}/lib/python3.6/site-packages'
am_cv_python_pythondir='${prefix}/lib/python3.6/site-packages'
am_cv_python_version=3.6
ax_cv_check_cflags__Wall=yes
ax_cv_check_cflags__Warray_bounds=yes
ax_cv_check_cflags__Wcast_align=yes
ax_cv_check_cflags__Wdeclaration_after_statement=yes
ax_cv_check_cflags__Wdeprecated_declarations=yes
ax_cv_check_cflags__Wextra=yes
ax_cv_check_cflags__Wformat_2=yes
ax_cv_check_cflags__Wformat_nonliteral=yes
ax_cv_check_cflags__Wformat_security=yes
ax_cv_check_cflags__Wimplicit_function_declaration=yes
ax_cv_check_cflags__Winit_self=yes
ax_cv_check_cflags__Winline=yes
ax_cv_check_cflags__Wmissing_declarations=yes
ax_cv_check_cflags__Wmissing_format_attribute=yes
ax_cv_check_cflags__Wmissing_include_dirs=yes
ax_cv_check_cflags__Wmissing_noreturn=yes
ax_cv_check_cflags__Wmissing_prototypes=yes
ax_cv_check_cflags__Wnested_externs=yes
ax_cv_check_cflags__Wno_error_missing_field_initializers=yes
ax_cv_check_cflags__Wno_error_redundant_decls=yes
ax_cv_check_cflags__Wno_error_switch_default=yes
ax_cv_check_cflags__Wno_error_unused_parameter=yes
ax_cv_check_cflags__Wno_error_write_strings=yes
ax_cv_check_cflags__Wno_missing_field_initializers=yes
ax_cv_check_cflags__Wno_redundant_decls=yes
ax_cv_check_cflags__Wno_switch_default=yes
ax_cv_check_cflags__Wno_unused_parameter=yes
ax_cv_check_cflags__Wno_write_strings=yes
ax_cv_check_cflags__Wold_style_definition=yes
ax_cv_check_cflags__Wpacked=yes
ax_cv_check_cflags__Wpointer_arith=yes
ax_cv_check_cflags__Wredundant_decls=yes
ax_cv_check_cflags__Wreturn_type=yes
ax_cv_check_cflags__Wshadow=yes
ax_cv_check_cflags__Wsign_compare=yes
ax_cv_check_cflags__Wstrict_aliasing=yes
ax_cv_check_cflags__Wstrict_prototypes=yes
ax_cv_check_cflags__Wswitch_default=yes
ax_cv_check_cflags__Wswitch_enum=yes
ax_cv_check_cflags__Wundef=yes
ax_cv_check_cflags__Wunused_but_set_variable=yes
ax_cv_check_cflags__Wwrite_strings=yes
ax_cv_check_cflags___Werror_unknown_warning_option=no
ax_cv_check_cflags__fno_strict_aliasing=yes
ax_cv_check_cflags__std_c9x=yes
ax_cv_check_ldflags__Wl___no_as_needed=yes
gl_cv_func_malloc_0_nonnull=yes
lt_cv_ar_at_file=@
lt_cv_archive_cmds_need_lc=no
lt_cv_deplibs_check_method=pass_all
lt_cv_file_magic_cmd='$MAGIC_CMD'
lt_cv_file_magic_test_file=
lt_cv_ld_reload_flag=-r
lt_cv_nm_interface='BSD nm'
lt_cv_objdir=.libs
lt_cv_path_LD=/media/panpan/tools/buildroot-2018.02.8/output/host/bin/arm-linux-gnueabihf-ld
lt_cv_path_NM=/media/panpan/tools/buildroot-2018.02.8/output/host/bin/arm-linux-gnueabihf-nm
lt_cv_path_mainfest_tool=no
lt_cv_prog_compiler_c_o=yes
lt_cv_prog_compiler_pic='-fPIC -DPIC'
lt_cv_prog_compiler_pic_works=yes
lt_cv_prog_compiler_rtti_exceptions=no
lt_cv_prog_compiler_static_works=yes
lt_cv_prog_gnu_ld=yes
lt_cv_sharedlib_from_linklib_cmd='printf %s\n'
lt_cv_shlibpath_overrides_runpath=no
lt_cv_sys_global_symbol_pipe='sed -n -e '\''s/^.*[	 ]\([ABCDGIRSTW][ABCDGIRSTW]*\)[	 ][	 ]*\([_A-Za-z][_A-Za-z0-9]*\)$/\1 \2 \2/p'\'' | sed '\''/ __gnu_lto/d'\'''
lt_cv_sys_global_symbol_to_c_name_address='sed -n -e '\''s/^: \(.*\) .*$/  {"\1", (void *) 0},/p'\'' -e '\''s/^[ABCDGIRSTW][ABCDGIRSTW]* .* \(.*\)$/  {"\1", (void *) \&\1},/p'\'''
lt_cv_sys_global_symbol_to_c_name_address_lib_prefix='sed -n -e '\''s/^: \(.*\) .*$/  {"\1", (void *) 0},/p'\'' -e '\''s/^[ABCDGIRSTW][ABCDGIRSTW]* .* \(lib.*\)$/  {"\1", (void *) \&\1},/p'\'' -e '\''s/^[ABCDGIRSTW][ABCDGIRSTW]* .* \(.*\)$/  {"lib\1", (void *) \&\1},/p'\'''
lt_cv_sys_global_symbol_to_cdecl='sed -n -e '\''s/^T .* \(.*\)$/extern int \1();/p'\'' -e '\''s/^[ABCDGIRSTW][ABCDGIRSTW]* .* \(.*\)$/extern char \1;/p'\'''
lt_cv_sys_global_symbol_to_import=
lt_cv_sys_lib_search_path_spec=
lt_cv_sys_max_cmd_len=1572864
lt_cv_to_host_file_cmd=func_convert_file_noop
lt_cv_to_tool_file_cmd=func_convert_file_noop
lt_cv_truncate_bin='/bin/dd bs=4096 count=1'
pkg_cv_DBUS_CFLAGS='-I/media/panpan/tools/buildroot-2018.02.8/output/host/bin/../arm-buildroot-linux-gnueabihf/sysroot/usr/include/dbus-1.0 -I/media/panpan/tools/buildroot-2018.02.8/output/host/bin/../arm-buildroot-linux-gnueabihf/sysroot/usr/lib/dbus-1.0/include  '
pkg_cv_DBUS_GLIB_CFLAGS='-I/media/panpan/tools/buildroot-2018.02.8/output/host/bin/../arm-buildroot-linux-gnueabihf/sysroot/usr/include/dbus-1.0 -I/media/panpan/tools/buildroot-2018.02.8/output/host/bin/../arm-buildroot-linux-gnueabihf/sysroot/usr/lib/dbus-1.0/include -I/media/panpan/tools/buildroot-2018.02.8/output/host/bin/../arm-buildroot-linux-gnueabihf/sysroot/usr/include/glib-2.0 -I/media/panpan/tools/buildroot-2018.02.8/output/host/bin/../arm-buildroot-linux-gnueabihf/sysroot/usr/lib/glib-2.0/include -I/media/panpan/tools/buildroot-2018.02.8/output/host/bin/../arm-buildroot-linux-gnueabihf/sysroot/usr/include  '
pkg_cv_DBUS_GLIB_LIBS='-L/media/panpan/tools/buildroot-2018.02.8/output/host/bin/../arm-buildroot-linux-gnueabihf/sysroot/usr/lib -ldbus-glib-1 -ldbus-1 -lgobject-2.0 -lglib-2.0  '
pkg_cv_DBUS_LIBS='-L/media/panpan/tools/buildroot-2018.02.8/output/host/bin/../arm-buildroot-linux-gnueabihf/sysroot/usr/lib -ldbus-1  '

## ----------------- ##
## Output variables. ##
## ----------------- ##





		$(CHANGELOG_GIT_FLAGS) $(CHANGELOG_GIT_RANGE) \
		--git-dir=$(CHANGELOG_GIT_DIR) --work-tree=$(top_srcdir) log \
		| fmt --split-only >.ChangeLog.tmp; \
	$(AM_V_GEN)if $(GIT) \
	else rm -f .ChangeLog.tmp; exit 1; fi
	then mv -f .ChangeLog.tmp "$(top_distdir)/ChangeLog"; \
#
#    (exclusive). (Default: include all commits)
#    ChangeLog. (Default: various)
#  - CHANGELOG_GIT_DIR: .git directory to use. (Default: $(top_srcdir)/.git)
#  - CHANGELOG_GIT_FLAGS: General flags to pass to git-log when generating the
#  - CHANGELOG_START: git commit ID or tag name to output changelogs from
# Generate ChangeLog
# Generate a ChangeLog in $(top_distdir)
# Optional:
# git-specific
'
.PHONY: dist-ChangeLog
ACLOCAL='${SHELL} /media/panpan/tools/buildroot-2018.02.8/output/build/dbus-python-1.2.4/build-aux/missing aclocal-1.15'
AMDEPBACKSLASH=''
AMDEP_FALSE=''
AMDEP_TRUE='#'
AMTAR='$${TAR-tar}'
AM_BACKSLASH='\'
AM_DEFAULT_V='$(AM_DEFAULT_VERBOSITY)'
AM_DEFAULT_VERBOSITY='1'
AM_V='$(V)'
AR='/media/panpan/tools/buildroot-2018.02.8/output/host/bin/arm-linux-gnueabihf-ar'
AUTOCONF='${SHELL} /media/panpan/tools/buildroot-2018.02.8/output/build/dbus-python-1.2.4/build-aux/missing autoconf'
AUTOHEADER='${SHELL} /media/panpan/tools/buildroot-2018.02.8/output/build/dbus-python-1.2.4/build-aux/missing autoheader'
AUTOMAKE='${SHELL} /media/panpan/tools/buildroot-2018.02.8/output/build/dbus-python-1.2.4/build-aux/missing automake-1.15'
AWK='gawk'
CC='/media/panpan/tools/buildroot-2018.02.8/output/host/bin/arm-linux-gnueabihf-gcc'
CCDEPMODE='depmode=none'
CFLAGS='-D_LARGEFILE_SOURCE -D_LARGEFILE64_SOURCE -D_FILE_OFFSET_BITS=64  -Os '
CHANGELOG_GIT_DIR ?= $(top_srcdir)/.git
CHANGELOG_GIT_FLAGS ?= --stat -M -C --name-status --no-color
CHANGELOG_GIT_RANGE =
CHANGELOG_GIT_RANGE = $(CHANGELOG_START)..
CPP='/media/panpan/tools/buildroot-2018.02.8/output/host/bin/arm-linux-gnueabihf-cpp'
CPPFLAGS='-D_LARGEFILE_SOURCE -D_LARGEFILE64_SOURCE -D_FILE_OFFSET_BITS=64'
CYGPATH_W='echo'
DBUS_CFLAGS='-I/media/panpan/tools/buildroot-2018.02.8/output/host/bin/../arm-buildroot-linux-gnueabihf/sysroot/usr/include/dbus-1.0 -I/media/panpan/tools/buildroot-2018.02.8/output/host/bin/../arm-buildroot-linux-gnueabihf/sysroot/usr/lib/dbus-1.0/include  '
DBUS_GLIB_CFLAGS='-I/media/panpan/tools/buildroot-2018.02.8/output/host/bin/../arm-buildroot-linux-gnueabihf/sysroot/usr/include/dbus-1.0 -I/media/panpan/tools/buildroot-2018.02.8/output/host/bin/../arm-buildroot-linux-gnueabihf/sysroot/usr/lib/dbus-1.0/include -I/media/panpan/tools/buildroot-2018.02.8/output/host/bin/../arm-buildroot-linux-gnueabihf/sysroot/usr/include/glib-2.0 -I/media/panpan/tools/buildroot-2018.02.8/output/host/bin/../arm-buildroot-linux-gnueabihf/sysroot/usr/lib/glib-2.0/include -I/media/panpan/tools/buildroot-2018.02.8/output/host/bin/../arm-buildroot-linux-gnueabihf/sysroot/usr/include  '
DBUS_GLIB_LIBS='-L/media/panpan/tools/buildroot-2018.02.8/output/host/bin/../arm-buildroot-linux-gnueabihf/sysroot/usr/lib -ldbus-glib-1 -ldbus-1 -lgobject-2.0 -lglib-2.0  '
DBUS_LIBS='-L/media/panpan/tools/buildroot-2018.02.8/output/host/bin/../arm-buildroot-linux-gnueabihf/sysroot/usr/lib -ldbus-1  '
DBUS_PYTHON_MAJOR_VERSION='1'
DBUS_PYTHON_MICRO_VERSION='4'
DBUS_PYTHON_MINOR_VERSION='2'
DBUS_RUN_SESSION='/media/panpan/tools/buildroot-2018.02.8/output/host/bin/dbus-run-session'
DEFS='-DHAVE_CONFIG_H'
DEPDIR='.deps'
DLLTOOL='false'
DSYMUTIL=''
DUMPBIN=''
ECHO_C=''
ECHO_N='-n'
ECHO_T=''
EGREP='/bin/grep -E'
ENABLE_API_DOCS_FALSE=''
ENABLE_API_DOCS_TRUE='#'
ENABLE_DOCS_FALSE=''
ENABLE_DOCS_TRUE='#'
ENABLE_INSTALLED_TESTS_FALSE=''
ENABLE_INSTALLED_TESTS_TRUE='#'
EPYDOC=''
EXEEXT=''
FGREP='/bin/grep -F'
GENERATE_CHANGELOG_RULES='
GIT='/usr/bin/git'
GREP='/bin/grep'
HAVE_DBUS_RUN_SESSION_FALSE='#'
HAVE_DBUS_RUN_SESSION_TRUE=''
HAVE_PYTHON_3_FALSE='#'
HAVE_PYTHON_3_TRUE=''
INSTALL_DATA='${INSTALL} -m 644'
INSTALL_PROGRAM='${INSTALL}'
INSTALL_SCRIPT='${INSTALL}'
INSTALL_STRIP_PROGRAM='$(install_sh) -c -s'
LD='/media/panpan/tools/buildroot-2018.02.8/output/host/bin/arm-linux-gnueabihf-ld'
LDFLAGS=''
LIBOBJS=''
LIBS=''
LIBTOOL='$(SHELL) $(top_builddir)/libtool'
LIPO=''
LN_S='ln -s'
LTLIBOBJS=''
LT_SYS_LIBRARY_PATH=''
MAINT=''
MAINTAINER_MODE_FALSE='#'
MAINTAINER_MODE_TRUE=''
MAKEINFO='${SHELL} /media/panpan/tools/buildroot-2018.02.8/output/build/dbus-python-1.2.4/build-aux/missing makeinfo'
MANIFEST_TOOL=':'
MKDIR_P='/bin/mkdir -p'
NM='/media/panpan/tools/buildroot-2018.02.8/output/host/bin/arm-linux-gnueabihf-nm'
NMEDIT=''
OBJDUMP='/media/panpan/tools/buildroot-2018.02.8/output/host/bin/arm-linux-gnueabihf-objdump'
OBJEXT='o'
OTOOL64=''
OTOOL=''
PACKAGE='dbus-python'
PACKAGE_BUGREPORT='http://bugs.freedesktop.org/enter_bug.cgi?product=dbus&component=python'
PACKAGE_NAME='dbus-python'
PACKAGE_STRING='dbus-python 1.2.4'
PACKAGE_TARNAME='dbus-python'
PACKAGE_URL=''
PACKAGE_VERSION='1.2.4'
PATH_SEPARATOR=':'
PKG_CONFIG='/media/panpan/tools/buildroot-2018.02.8/output/host/bin/pkg-config'
PKG_CONFIG_LIBDIR=''
PKG_CONFIG_PATH=''
PLATFORM='linux-x86_64'
PYTHON='/media/panpan/tools/buildroot-2018.02.8/output/host/bin/python3'
PYTHON_CONFIG='/media/panpan/tools/buildroot-2018.02.8/output/host/bin/python3-config'
PYTHON_EXEC_PREFIX='${exec_prefix}'
PYTHON_INCLUDES='-I/media/panpan/tools/buildroot-2018.02.8/output/host/arm-buildroot-linux-gnueabihf/sysroot/usr/include/python3.6m -I/media/panpan/tools/buildroot-2018.02.8/output/host/arm-buildroot-linux-gnueabihf/sysroot/usr/include/python3.6m'
PYTHON_LIBS=' -L/media/panpan/tools/buildroot-2018.02.8/output/host/arm-buildroot-linux-gnueabihf/sysroot/usr/lib -lpython3.6m -lpthread -ldl  -lpthread -lutil -lm  -Xlinker -export-dynamic'
PYTHON_PLATFORM='linux'
PYTHON_PREFIX='${prefix}'
PYTHON_VERSION='3.6'
RANLIB='/media/panpan/tools/buildroot-2018.02.8/output/host/bin/arm-linux-gnueabihf-ranlib'
RST2HTML=''
RST2HTMLFLAGS=''
SED='/bin/sed'
SET_MAKE=''
SHELL='/bin/sh'
STRIP='/media/panpan/tools/buildroot-2018.02.8/output/host/bin/arm-linux-gnueabihf-strip'
VERSION='1.2.4'
WARN_CFLAGS='-fno-strict-aliasing -Wdeprecated-declarations -Wno-redundant-decls -Wno-switch-default -Wno-write-strings -std=c9x -Wall -Wextra -Wundef -Wnested-externs  -Wpointer-arith -Wmissing-declarations -Wmissing-prototypes -Wstrict-prototypes  -Wno-unused-parameter -Wno-missing-field-initializers -Wdeclaration-after-statement -Wformat=2 -Wold-style-definition -Wcast-align -Wformat-nonliteral -Wformat-security -Wsign-compare -Wstrict-aliasing -Wshadow -Winline -Wpacked -Wmissing-format-attribute -Wmissing-noreturn -Winit-self -Wmissing-include-dirs -Wunused-but-set-variable -Warray-bounds -Wimplicit-function-declaration -Wreturn-type -Wswitch-enum  -Wno-error=redundant-decls -Wno-error=switch-default -Wno-error=write-strings -Wno-error=unused-parameter -Wno-error=missing-field-initializers'
WARN_LDFLAGS='-Wl,--no-as-needed'
WARN_SCANNERFLAGS='              --warn-all                                                             '
WINDOWS_FALSE=''
WINDOWS_TRUE='#'
ac_ct_AR=''
ac_ct_CC=''
ac_ct_DUMPBIN=''
am__EXEEXT_FALSE=''
am__EXEEXT_TRUE='#'
am__fastdepCC_FALSE=''
am__fastdepCC_TRUE='#'
am__include='include'
am__isrc=''
am__leading_dot='.'
am__nodep=''
am__quote=''
am__tar='tar --format=ustar -chf - "$$tardir"'
am__untar='tar -xf -'
bindir='${exec_prefix}/bin'
build='x86_64-pc-linux-gnu'
build_alias='x86_64-pc-linux-gnu'
build_cpu='x86_64'
build_os='linux-gnu'
build_vendor='pc'
datadir='${datarootdir}'
datarootdir='${prefix}/share'
dist-ChangeLog:
docdir='${datarootdir}/doc/${PACKAGE_TARNAME}'
dvidir='${docdir}'
else
endif
exec_prefix='/usr'
host='arm-buildroot-linux-gnueabihf'
host_alias='arm-buildroot-linux-gnueabihf'
host_cpu='arm'
host_os='linux-gnueabihf'
host_vendor='buildroot'
htmldir='${docdir}'
ifeq ($(CHANGELOG_START),)
includedir='${prefix}/include'
infodir='${datarootdir}/info'
install_sh='${SHELL} /media/panpan/tools/buildroot-2018.02.8/output/build/dbus-python-1.2.4/build-aux/install-sh'
libdir='${exec_prefix}/lib'
libexecdir='${exec_prefix}/libexec'
localedir='${datarootdir}/locale'
localstatedir='/var'
mandir='${datarootdir}/man'
mkdir_p='$(MKDIR_P)'
oldincludedir='/usr/include'
pdfdir='${docdir}'
pkgpyexecdir='${pyexecdir}/dbus-python'
pkgpythondir='${pythondir}/dbus-python'
prefix='/usr'
program_transform_name='s&^&&'
psdir='${docdir}'
pyexecdir='${exec_prefix}/lib/python3.6/site-packages'
pythondir='${prefix}/lib/python3.6/site-packages'
runstatedir='${localstatedir}/run'
sbindir='${exec_prefix}/sbin'
sharedstatedir='${prefix}/com'
sysconfdir='/etc'
target_alias='arm-buildroot-linux-gnueabihf'

## ----------- ##
## confdefs.h. ##
## ----------- ##

/* confdefs.h */
#define PACKAGE_NAME "dbus-python"
#define PACKAGE_TARNAME "dbus-python"
#define PACKAGE_VERSION "1.2.4"
#define PACKAGE_STRING "dbus-python 1.2.4"
#define PACKAGE_BUGREPORT "http://bugs.freedesktop.org/enter_bug.cgi?product=dbus&component=python"
#define PACKAGE_URL ""
#define DBUS_PYTHON_MAJOR_VERSION 1
#define DBUS_PYTHON_MINOR_VERSION 2
#define DBUS_PYTHON_MICRO_VERSION 4
#define PACKAGE "dbus-python"
#define VERSION "1.2.4"
#define STDC_HEADERS 1
#define HAVE_SYS_TYPES_H 1
#define HAVE_SYS_STAT_H 1
#define HAVE_STDLIB_H 1
#define HAVE_STRING_H 1
#define HAVE_MEMORY_H 1
#define HAVE_STRINGS_H 1
#define HAVE_INTTYPES_H 1
#define HAVE_STDINT_H 1
#define HAVE_UNISTD_H 1
#define HAVE_DLFCN_H 1
#define LT_OBJDIR ".libs/"

configure: exit 0
