This file contains any messages produced by compilers while
running configure, to aid debugging if configure makes a mistake.

It was created by pygobject configure 2.28.6, which was
generated by GNU Autoconf 2.69.  Invocation command line was

  $ ./configure --target=arm-buildroot-linux-gnueabihf --host=arm-buildroot-linux-gnueabihf --build=x86_64-pc-linux-gnu --prefix=/usr --exec-prefix=/usr --sysconfdir=/etc --localstatedir=/var --program-prefix= --disable-gtk-doc --disable-gtk-doc-html --disable-doc --disable-docs --disable-documentation --with-xmlto=no --with-fop=no --disable-dependency-tracking --enable-ipv6 --disable-nls --enable-static --enable-shared --disable-introspection --with-ffi

## --------- ##
## Platform. ##
## --------- ##

hostname = zed-00
uname -m = x86_64
uname -r = 4.4.0-116-generic
uname -s = Linux
uname -v = #140-Ubuntu SMP Mon Feb 12 21:23:04 UTC 2018

/usr/bin/uname -p = unknown
/bin/uname -X     = unknown

/bin/arch              = unknown
/usr/bin/arch -k       = unknown
/usr/convex/getsysinfo = unknown
/usr/bin/hostinfo      = unknown
/bin/machine           = unknown
/usr/bin/oslevel       = unknown
/bin/universe          = unknown

PATH: /media/panpan/tools/buildroot-2018.02.8/output/host/bin
PATH: /media/panpan/tools/buildroot-2018.02.8/output/host/sbin
PATH: /usr/local/sbin
PATH: /usr/local/bin
PATH: /usr/sbin
PATH: /usr/bin
PATH: /sbin
PATH: /bin
PATH: /usr/games
PATH: /usr/local/games


## ----------- ##
## Core tests. ##
## ----------- ##

configure:2271: checking whether make supports nested variables
configure:2288: result: yes
configure:2344: checking for a BSD-compatible install
configure:2412: result: /usr/bin/install -c
configure:2423: checking whether build environment is sane
configure:2478: result: yes
configure:2537: checking for arm-buildroot-linux-gnueabihf-strip
configure:2564: result: /media/panpan/tools/buildroot-2018.02.8/output/host/bin/arm-linux-gnueabihf-strip
configure:2629: checking for a thread-safe mkdir -p
configure:2668: result: /bin/mkdir -p
configure:2675: checking for gawk
configure:2691: found /usr/bin/gawk
configure:2702: result: gawk
configure:2713: checking whether make sets $(MAKE)
configure:2735: result: yes
configure:2869: checking whether to enable maintainer-specific portions of Makefiles
configure:2878: result: no
configure:2898: checking build system type
configure:2912: result: x86_64-pc-linux-gnu
configure:2932: checking host system type
configure:2945: result: arm-buildroot-linux-gnueabihf
configure:2965: checking for some Win32 platform
configure:2975: result: no
configure:2986: checking for native Win32
configure:2996: result: no
configure:3390: checking how to print strings
configure:3417: result: printf
configure:3450: checking for style of include used by make
configure:3478: result: GNU
configure:3509: checking for arm-buildroot-linux-gnueabihf-gcc
configure:3536: result: /media/panpan/tools/buildroot-2018.02.8/output/host/bin/arm-linux-gnueabihf-gcc
configure:3805: checking for C compiler version
configure:3814: /media/panpan/tools/buildroot-2018.02.8/output/host/bin/arm-linux-gnueabihf-gcc --version >&5
arm-linux-gnueabihf-gcc (Linaro GCC 7.2-2017.11-rc1) 7.2.1 20171011
Copyright (C) 2017 Free Software Foundation, Inc.
This is free software; see the source for copying conditions.  There is NO
warranty; not even for MERCHANTABILITY or FITNESS FOR A PARTICULAR PURPOSE.

configure:3825: $? = 0
configure:3814: /media/panpan/tools/buildroot-2018.02.8/output/host/bin/arm-linux-gnueabihf-gcc -v >&5
Using built-in specs.
COLLECT_GCC=/media/panpan/xilinx/SDK/2018.1/gnu/aarch32/lin/gcc-arm-linux-gnueabi//bin/arm-linux-gnueabihf-gcc
COLLECT_LTO_WRAPPER=/media/panpan/xilinx/SDK/2018.1/gnu/aarch32/lin/gcc-arm-linux-gnueabi/bin/../libexec/gcc/arm-linux-gnueabihf/7.2.1/lto-wrapper
Target: arm-linux-gnueabihf
Configured with: /proj/esdt_sdk/gnu_abe/ABE/builds/lin/arm/arm-linux/snapshots//gcc-linaro-7.2-2017.11-rc1/configure SHELL=/bin/sh --with-bugurl=https://bugs.linaro.org --with-mpc=/proj/esdt_sdk/gnu_abe/ABE/builds/lin/arm/arm-linux/builds/destdir/x86_64-unknown-linux-gnu --with-mpfr=/proj/esdt_sdk/gnu_abe/ABE/builds/lin/arm/arm-linux/builds/destdir/x86_64-unknown-linux-gnu --with-gmp=/proj/esdt_sdk/gnu_abe/ABE/builds/lin/arm/arm-linux/builds/destdir/x86_64-unknown-linux-gnu --with-gnu-as --with-gnu-ld --disable-libstdcxx-pch --disable-libmudflap --with-cloog=no --with-ppl=no --with-isl=no --disable-nls --enable-c99 --enable-gnu-indirect-function --disable-multilib --with-tune=cortex-a9 --with-arch=armv7-a --with-fpu=vfpv3-d16 --with-float=hard --with-mode=arm --disable-multilib --enable-multiarch CFLAGS=-O2 CXXFLAGS=-O2 --disable-silent-rules --enable-libquadmath --enable-libg2c --enable-symvers=gnu --enable-libstdcxx-pch --enable-libssp --disable-libmudflap --enable-checking=release --enable-cheaders=c_global --enable-poison-system-directories --enable-clocale=generic --enable-shared --enable-threads=posix --disable-multilib --enable-c99 --without-local-prefix --enable-lto --disable-bootstrap --with-linker-hash-style=gnu --with-ppl=no --with-cloog=no --without-isl --enable-nls --enable-__cxa_atexit --with-build-sysroot=/proj/esdt_sdk/gnu_abe/ABE/builds/lin/arm/arm-linux/builds/destdir/x86_64-unknown-linux-gnu/arm-linux-gnueabihf/libc --enable-plugins --enable-linker-build-id --enable-long-long --enable-shared --with-sysroot=/proj/esdt_sdk/gnu_abe/ABE/builds/lin/arm/arm-linux/builds/destdir/x86_64-unknown-linux-gnu/arm-linux-gnueabihf/libc --enable-languages=c,c++,lto --enable-checking=yes --disable-bootstrap --with-bugurl=https://bugs.linaro.org --build=x86_64-unknown-linux-gnu --host=x86_64-unknown-linux-gnu --target=arm-linux-gnueabihf --prefix=/proj/esdt_sdk/gnu_abe/ABE/builds/lin/arm/arm-linux/builds/destdir/x86_64-unknown-linux-gnu
Thread model: posix
gcc version 7.2.1 20171011 (Linaro GCC 7.2-2017.11-rc1) 
configure:3825: $? = 0
configure:3814: /media/panpan/tools/buildroot-2018.02.8/output/host/bin/arm-linux-gnueabihf-gcc -V >&5
arm-linux-gnueabihf-gcc: error: unrecognized command line option '-V'
arm-linux-gnueabihf-gcc: fatal error: no input files
compilation terminated.
configure:3825: $? = 1
configure:3814: /media/panpan/tools/buildroot-2018.02.8/output/host/bin/arm-linux-gnueabihf-gcc -qversion >&5
arm-linux-gnueabihf-gcc: error: unrecognized command line option '-qversion'; did you mean '--version'?
arm-linux-gnueabihf-gcc: fatal error: no input files
compilation terminated.
configure:3825: $? = 1
configure:3845: checking whether the C compiler works
configure:3867: /media/panpan/tools/buildroot-2018.02.8/output/host/bin/arm-linux-gnueabihf-gcc -D_LARGEFILE_SOURCE -D_LARGEFILE64_SOURCE -D_FILE_OFFSET_BITS=64  -Os  -D_LARGEFILE_SOURCE -D_LARGEFILE64_SOURCE -D_FILE_OFFSET_BITS=64  conftest.c  >&5
configure:3871: $? = 0
configure:3919: result: yes
configure:3922: checking for C compiler default output file name
configure:3924: result: a.out
configure:3930: checking for suffix of executables
configure:3937: /media/panpan/tools/buildroot-2018.02.8/output/host/bin/arm-linux-gnueabihf-gcc -o conftest -D_LARGEFILE_SOURCE -D_LARGEFILE64_SOURCE -D_FILE_OFFSET_BITS=64  -Os  -D_LARGEFILE_SOURCE -D_LARGEFILE64_SOURCE -D_FILE_OFFSET_BITS=64  conftest.c  >&5
configure:3941: $? = 0
configure:3963: result: 
configure:3985: checking whether we are cross compiling
configure:4023: result: yes
configure:4028: checking for suffix of object files
configure:4050: /media/panpan/tools/buildroot-2018.02.8/output/host/bin/arm-linux-gnueabihf-gcc -c -D_LARGEFILE_SOURCE -D_LARGEFILE64_SOURCE -D_FILE_OFFSET_BITS=64  -Os  -D_LARGEFILE_SOURCE -D_LARGEFILE64_SOURCE -D_FILE_OFFSET_BITS=64 conftest.c >&5
configure:4054: $? = 0
configure:4075: result: o
configure:4079: checking whether we are using the GNU C compiler
configure:4098: /media/panpan/tools/buildroot-2018.02.8/output/host/bin/arm-linux-gnueabihf-gcc -c -D_LARGEFILE_SOURCE -D_LARGEFILE64_SOURCE -D_FILE_OFFSET_BITS=64  -Os  -D_LARGEFILE_SOURCE -D_LARGEFILE64_SOURCE -D_FILE_OFFSET_BITS=64 conftest.c >&5
configure:4098: $? = 0
configure:4107: result: yes
configure:4116: checking whether /media/panpan/tools/buildroot-2018.02.8/output/host/bin/arm-linux-gnueabihf-gcc accepts -g
configure:4136: /media/panpan/tools/buildroot-2018.02.8/output/host/bin/arm-linux-gnueabihf-gcc -c -g -D_LARGEFILE_SOURCE -D_LARGEFILE64_SOURCE -D_FILE_OFFSET_BITS=64 conftest.c >&5
configure:4136: $? = 0
configure:4177: result: yes
configure:4194: checking for /media/panpan/tools/buildroot-2018.02.8/output/host/bin/arm-linux-gnueabihf-gcc option to accept ISO C89
configure:4257: /media/panpan/tools/buildroot-2018.02.8/output/host/bin/arm-linux-gnueabihf-gcc  -c -D_LARGEFILE_SOURCE -D_LARGEFILE64_SOURCE -D_FILE_OFFSET_BITS=64  -Os  -D_LARGEFILE_SOURCE -D_LARGEFILE64_SOURCE -D_FILE_OFFSET_BITS=64 conftest.c >&5
configure:4257: $? = 0
configure:4270: result: none needed
configure:4295: checking whether /media/panpan/tools/buildroot-2018.02.8/output/host/bin/arm-linux-gnueabihf-gcc understands -c and -o together
configure:4317: /media/panpan/tools/buildroot-2018.02.8/output/host/bin/arm-linux-gnueabihf-gcc -c conftest.c -o conftest2.o
configure:4320: $? = 0
configure:4317: /media/panpan/tools/buildroot-2018.02.8/output/host/bin/arm-linux-gnueabihf-gcc -c conftest.c -o conftest2.o
configure:4320: $? = 0
configure:4332: result: yes
configure:4351: checking dependency style of /media/panpan/tools/buildroot-2018.02.8/output/host/bin/arm-linux-gnueabihf-gcc
configure:4462: result: none
configure:4477: checking for a sed that does not truncate output
configure:4541: result: /bin/sed
configure:4559: checking for grep that handles long lines and -e
configure:4617: result: /bin/grep
configure:4622: checking for egrep
configure:4684: result: /bin/grep -E
configure:4689: checking for fgrep
configure:4751: result: /bin/grep -F
configure:4786: checking for ld used by /media/panpan/tools/buildroot-2018.02.8/output/host/bin/arm-linux-gnueabihf-gcc
configure:4853: result: /media/panpan/tools/buildroot-2018.02.8/output/host/bin/arm-linux-gnueabihf-ld
configure:4860: checking if the linker (/media/panpan/tools/buildroot-2018.02.8/output/host/bin/arm-linux-gnueabihf-ld) is GNU ld
configure:4875: result: yes
configure:4887: checking for BSD- or MS-compatible name lister (nm)
configure:4941: result: /media/panpan/tools/buildroot-2018.02.8/output/host/bin/arm-linux-gnueabihf-nm
configure:5071: checking the name lister (/media/panpan/tools/buildroot-2018.02.8/output/host/bin/arm-linux-gnueabihf-nm) interface
configure:5078: /media/panpan/tools/buildroot-2018.02.8/output/host/bin/arm-linux-gnueabihf-gcc -c -D_LARGEFILE_SOURCE -D_LARGEFILE64_SOURCE -D_FILE_OFFSET_BITS=64  -Os  -D_LARGEFILE_SOURCE -D_LARGEFILE64_SOURCE -D_FILE_OFFSET_BITS=64 conftest.c >&5
configure:5081: /media/panpan/tools/buildroot-2018.02.8/output/host/bin/arm-linux-gnueabihf-nm "conftest.o"
configure:5084: output
00000000 B some_variable
configure:5091: result: BSD nm
configure:5094: checking whether ln -s works
configure:5098: result: yes
configure:5106: checking the maximum length of command line arguments
configure:5237: result: 1572864
configure:5285: checking how to convert x86_64-pc-linux-gnu file names to arm-buildroot-linux-gnueabihf format
configure:5325: result: func_convert_file_noop
configure:5332: checking how to convert x86_64-pc-linux-gnu file names to toolchain format
configure:5352: result: func_convert_file_noop
configure:5359: checking for /media/panpan/tools/buildroot-2018.02.8/output/host/bin/arm-linux-gnueabihf-ld option to reload object files
configure:5366: result: -r
configure:5400: checking for arm-buildroot-linux-gnueabihf-objdump
configure:5427: result: /media/panpan/tools/buildroot-2018.02.8/output/host/bin/arm-linux-gnueabihf-objdump
configure:5496: checking how to recognize dependent libraries
configure:5696: result: pass_all
configure:5741: checking for arm-buildroot-linux-gnueabihf-dlltool
configure:5768: result: dlltool
configure:5838: checking how to associate runtime and link libraries
configure:5865: result: printf %s\n
configure:5882: checking for arm-buildroot-linux-gnueabihf-ar
configure:5909: result: /media/panpan/tools/buildroot-2018.02.8/output/host/bin/arm-linux-gnueabihf-ar
configure:5990: checking for archiver @FILE support
configure:6007: /media/panpan/tools/buildroot-2018.02.8/output/host/bin/arm-linux-gnueabihf-gcc -c -D_LARGEFILE_SOURCE -D_LARGEFILE64_SOURCE -D_FILE_OFFSET_BITS=64  -Os  -D_LARGEFILE_SOURCE -D_LARGEFILE64_SOURCE -D_FILE_OFFSET_BITS=64 conftest.c >&5
configure:6007: $? = 0
configure:6010: /media/panpan/tools/buildroot-2018.02.8/output/host/bin/arm-linux-gnueabihf-ar cru libconftest.a @conftest.lst >&5
configure:6013: $? = 0
configure:6018: /media/panpan/tools/buildroot-2018.02.8/output/host/bin/arm-linux-gnueabihf-ar cru libconftest.a @conftest.lst >&5
/media/panpan/tools/buildroot-2018.02.8/output/host/bin/arm-linux-gnueabihf-ar: conftest.o: No such file or directory
configure:6021: $? = 1
configure:6033: result: @
configure:6051: checking for arm-buildroot-linux-gnueabihf-strip
configure:6078: result: /media/panpan/tools/buildroot-2018.02.8/output/host/bin/arm-linux-gnueabihf-strip
configure:6150: checking for arm-buildroot-linux-gnueabihf-ranlib
configure:6177: result: /media/panpan/tools/buildroot-2018.02.8/output/host/bin/arm-linux-gnueabihf-ranlib
configure:6319: checking command to parse /media/panpan/tools/buildroot-2018.02.8/output/host/bin/arm-linux-gnueabihf-nm output from /media/panpan/tools/buildroot-2018.02.8/output/host/bin/arm-linux-gnueabihf-gcc object
configure:6472: /media/panpan/tools/buildroot-2018.02.8/output/host/bin/arm-linux-gnueabihf-gcc -c -D_LARGEFILE_SOURCE -D_LARGEFILE64_SOURCE -D_FILE_OFFSET_BITS=64  -Os  -D_LARGEFILE_SOURCE -D_LARGEFILE64_SOURCE -D_FILE_OFFSET_BITS=64 conftest.c >&5
configure:6475: $? = 0
configure:6479: /media/panpan/tools/buildroot-2018.02.8/output/host/bin/arm-linux-gnueabihf-nm conftest.o \| sed -n -e 's/^.*[ ]\([ABCDGIRSTW][ABCDGIRSTW]*\)[ ][ ]*\([_A-Za-z][_A-Za-z0-9]*\)$/\1 \2 \2/p' | sed '/ __gnu_lto/d' \> conftest.nm
configure:6482: $? = 0
configure:6548: /media/panpan/tools/buildroot-2018.02.8/output/host/bin/arm-linux-gnueabihf-gcc -o conftest -D_LARGEFILE_SOURCE -D_LARGEFILE64_SOURCE -D_FILE_OFFSET_BITS=64  -Os  -D_LARGEFILE_SOURCE -D_LARGEFILE64_SOURCE -D_FILE_OFFSET_BITS=64  conftest.c conftstm.o >&5
configure:6551: $? = 0
configure:6589: result: ok
configure:6636: checking for sysroot
configure:6666: result: no
configure:6673: checking for a working dd
configure:6711: result: /bin/dd
configure:6715: checking how to truncate binary pipes
configure:6730: result: /bin/dd bs=4096 count=1
configure:7019: checking for arm-buildroot-linux-gnueabihf-mt
configure:7049: result: no
configure:7059: checking for mt
configure:7075: found /bin/mt
configure:7086: result: mt
configure:7098: WARNING: using cross tools not prefixed with host triplet
configure:7109: checking if mt is a manifest tool
configure:7115: mt '-?'
configure:7123: result: no
configure:7800: checking how to run the C preprocessor
configure:7870: result: /media/panpan/tools/buildroot-2018.02.8/output/host/bin/arm-linux-gnueabihf-cpp
configure:7890: /media/panpan/tools/buildroot-2018.02.8/output/host/bin/arm-linux-gnueabihf-cpp -D_LARGEFILE_SOURCE -D_LARGEFILE64_SOURCE -D_FILE_OFFSET_BITS=64 conftest.c
configure:7890: $? = 0
configure:7904: /media/panpan/tools/buildroot-2018.02.8/output/host/bin/arm-linux-gnueabihf-cpp -D_LARGEFILE_SOURCE -D_LARGEFILE64_SOURCE -D_FILE_OFFSET_BITS=64 conftest.c
conftest.c:14:10: fatal error: ac_nonexistent.h: No such file or directory
 #include <ac_nonexistent.h>
          ^~~~~~~~~~~~~~~~~~
compilation terminated.
configure:7904: $? = 1
configure: failed program was:
| /* confdefs.h */
| #define PACKAGE_NAME "pygobject"
| #define PACKAGE_TARNAME "pygobject"
| #define PACKAGE_VERSION "2.28.6"
| #define PACKAGE_STRING "pygobject 2.28.6"
| #define PACKAGE_BUGREPORT "http://bugzilla.gnome.org/enter_bug.cgi?product=pygobject"
| #define PACKAGE_URL ""
| #define PYGOBJECT_MAJOR_VERSION 2
| #define PYGOBJECT_MINOR_VERSION 28
| #define PYGOBJECT_MICRO_VERSION 6
| #define PACKAGE "pygobject"
| #define VERSION "2.28.6"
| /* end confdefs.h.  */
| #include <ac_nonexistent.h>
configure:7933: checking for ANSI C header files
configure:7953: /media/panpan/tools/buildroot-2018.02.8/output/host/bin/arm-linux-gnueabihf-gcc -c -D_LARGEFILE_SOURCE -D_LARGEFILE64_SOURCE -D_FILE_OFFSET_BITS=64  -Os  -D_LARGEFILE_SOURCE -D_LARGEFILE64_SOURCE -D_FILE_OFFSET_BITS=64 conftest.c >&5
configure:7953: $? = 0
configure:8037: result: yes
configure:8050: checking for sys/types.h
configure:8050: /media/panpan/tools/buildroot-2018.02.8/output/host/bin/arm-linux-gnueabihf-gcc -c -D_LARGEFILE_SOURCE -D_LARGEFILE64_SOURCE -D_FILE_OFFSET_BITS=64  -Os  -D_LARGEFILE_SOURCE -D_LARGEFILE64_SOURCE -D_FILE_OFFSET_BITS=64 conftest.c >&5
configure:8050: $? = 0
configure:8050: result: yes
configure:8050: checking for sys/stat.h
configure:8050: /media/panpan/tools/buildroot-2018.02.8/output/host/bin/arm-linux-gnueabihf-gcc -c -D_LARGEFILE_SOURCE -D_LARGEFILE64_SOURCE -D_FILE_OFFSET_BITS=64  -Os  -D_LARGEFILE_SOURCE -D_LARGEFILE64_SOURCE -D_FILE_OFFSET_BITS=64 conftest.c >&5
configure:8050: $? = 0
configure:8050: result: yes
configure:8050: checking for stdlib.h
configure:8050: /media/panpan/tools/buildroot-2018.02.8/output/host/bin/arm-linux-gnueabihf-gcc -c -D_LARGEFILE_SOURCE -D_LARGEFILE64_SOURCE -D_FILE_OFFSET_BITS=64  -Os  -D_LARGEFILE_SOURCE -D_LARGEFILE64_SOURCE -D_FILE_OFFSET_BITS=64 conftest.c >&5
configure:8050: $? = 0
configure:8050: result: yes
configure:8050: checking for string.h
configure:8050: /media/panpan/tools/buildroot-2018.02.8/output/host/bin/arm-linux-gnueabihf-gcc -c -D_LARGEFILE_SOURCE -D_LARGEFILE64_SOURCE -D_FILE_OFFSET_BITS=64  -Os  -D_LARGEFILE_SOURCE -D_LARGEFILE64_SOURCE -D_FILE_OFFSET_BITS=64 conftest.c >&5
configure:8050: $? = 0
configure:8050: result: yes
configure:8050: checking for memory.h
configure:8050: /media/panpan/tools/buildroot-2018.02.8/output/host/bin/arm-linux-gnueabihf-gcc -c -D_LARGEFILE_SOURCE -D_LARGEFILE64_SOURCE -D_FILE_OFFSET_BITS=64  -Os  -D_LARGEFILE_SOURCE -D_LARGEFILE64_SOURCE -D_FILE_OFFSET_BITS=64 conftest.c >&5
configure:8050: $? = 0
configure:8050: result: yes
configure:8050: checking for strings.h
configure:8050: /media/panpan/tools/buildroot-2018.02.8/output/host/bin/arm-linux-gnueabihf-gcc -c -D_LARGEFILE_SOURCE -D_LARGEFILE64_SOURCE -D_FILE_OFFSET_BITS=64  -Os  -D_LARGEFILE_SOURCE -D_LARGEFILE64_SOURCE -D_FILE_OFFSET_BITS=64 conftest.c >&5
configure:8050: $? = 0
configure:8050: result: yes
configure:8050: checking for inttypes.h
configure:8050: /media/panpan/tools/buildroot-2018.02.8/output/host/bin/arm-linux-gnueabihf-gcc -c -D_LARGEFILE_SOURCE -D_LARGEFILE64_SOURCE -D_FILE_OFFSET_BITS=64  -Os  -D_LARGEFILE_SOURCE -D_LARGEFILE64_SOURCE -D_FILE_OFFSET_BITS=64 conftest.c >&5
configure:8050: $? = 0
configure:8050: result: yes
configure:8050: checking for stdint.h
configure:8050: /media/panpan/tools/buildroot-2018.02.8/output/host/bin/arm-linux-gnueabihf-gcc -c -D_LARGEFILE_SOURCE -D_LARGEFILE64_SOURCE -D_FILE_OFFSET_BITS=64  -Os  -D_LARGEFILE_SOURCE -D_LARGEFILE64_SOURCE -D_FILE_OFFSET_BITS=64 conftest.c >&5
configure:8050: $? = 0
configure:8050: result: yes
configure:8050: checking for unistd.h
configure:8050: /media/panpan/tools/buildroot-2018.02.8/output/host/bin/arm-linux-gnueabihf-gcc -c -D_LARGEFILE_SOURCE -D_LARGEFILE64_SOURCE -D_FILE_OFFSET_BITS=64  -Os  -D_LARGEFILE_SOURCE -D_LARGEFILE64_SOURCE -D_FILE_OFFSET_BITS=64 conftest.c >&5
configure:8050: $? = 0
configure:8050: result: yes
configure:8064: checking for dlfcn.h
configure:8064: /media/panpan/tools/buildroot-2018.02.8/output/host/bin/arm-linux-gnueabihf-gcc -c -D_LARGEFILE_SOURCE -D_LARGEFILE64_SOURCE -D_FILE_OFFSET_BITS=64  -Os  -D_LARGEFILE_SOURCE -D_LARGEFILE64_SOURCE -D_FILE_OFFSET_BITS=64 conftest.c >&5
configure:8064: $? = 0
configure:8064: result: yes
configure:8288: checking for objdir
configure:8303: result: .libs
configure:8563: checking if /media/panpan/tools/buildroot-2018.02.8/output/host/bin/arm-linux-gnueabihf-gcc supports -fno-rtti -fno-exceptions
configure:8581: /media/panpan/tools/buildroot-2018.02.8/output/host/bin/arm-linux-gnueabihf-gcc -c -D_LARGEFILE_SOURCE -D_LARGEFILE64_SOURCE -D_FILE_OFFSET_BITS=64  -Os  -D_LARGEFILE_SOURCE -D_LARGEFILE64_SOURCE -D_FILE_OFFSET_BITS=64 -fno-rtti -fno-exceptions conftest.c >&5
cc1: warning: command line option '-fno-rtti' is valid for C++/ObjC++ but not for C
configure:8585: $? = 0
configure:8598: result: no
configure:8956: checking for /media/panpan/tools/buildroot-2018.02.8/output/host/bin/arm-linux-gnueabihf-gcc option to produce PIC
configure:8963: result: -fPIC -DPIC
configure:8971: checking if /media/panpan/tools/buildroot-2018.02.8/output/host/bin/arm-linux-gnueabihf-gcc PIC flag -fPIC -DPIC works
configure:8989: /media/panpan/tools/buildroot-2018.02.8/output/host/bin/arm-linux-gnueabihf-gcc -c -D_LARGEFILE_SOURCE -D_LARGEFILE64_SOURCE -D_FILE_OFFSET_BITS=64  -Os  -D_LARGEFILE_SOURCE -D_LARGEFILE64_SOURCE -D_FILE_OFFSET_BITS=64 -fPIC -DPIC -DPIC conftest.c >&5
configure:8993: $? = 0
configure:9006: result: yes
configure:9035: checking if /media/panpan/tools/buildroot-2018.02.8/output/host/bin/arm-linux-gnueabihf-gcc static flag -static works
configure:9063: result: yes
configure:9078: checking if /media/panpan/tools/buildroot-2018.02.8/output/host/bin/arm-linux-gnueabihf-gcc supports -c -o file.o
configure:9099: /media/panpan/tools/buildroot-2018.02.8/output/host/bin/arm-linux-gnueabihf-gcc -c -D_LARGEFILE_SOURCE -D_LARGEFILE64_SOURCE -D_FILE_OFFSET_BITS=64  -Os  -D_LARGEFILE_SOURCE -D_LARGEFILE64_SOURCE -D_FILE_OFFSET_BITS=64 -o out/conftest2.o conftest.c >&5
configure:9103: $? = 0
configure:9125: result: yes
configure:9133: checking if /media/panpan/tools/buildroot-2018.02.8/output/host/bin/arm-linux-gnueabihf-gcc supports -c -o file.o
configure:9180: result: yes
configure:9213: checking whether the /media/panpan/tools/buildroot-2018.02.8/output/host/bin/arm-linux-gnueabihf-gcc linker (/media/panpan/tools/buildroot-2018.02.8/output/host/bin/arm-linux-gnueabihf-ld) supports shared libraries
configure:10472: result: yes
configure:10509: checking whether -lc should be explicitly linked in
configure:10517: /media/panpan/tools/buildroot-2018.02.8/output/host/bin/arm-linux-gnueabihf-gcc -c -D_LARGEFILE_SOURCE -D_LARGEFILE64_SOURCE -D_FILE_OFFSET_BITS=64  -Os  -D_LARGEFILE_SOURCE -D_LARGEFILE64_SOURCE -D_FILE_OFFSET_BITS=64 conftest.c >&5
configure:10520: $? = 0
configure:10535: /media/panpan/tools/buildroot-2018.02.8/output/host/bin/arm-linux-gnueabihf-gcc -shared  -fPIC -DPIC conftest.o  -v -Wl,-soname -Wl,conftest -o conftest 2\>\&1 \| /bin/grep  -lc  \>/dev/null 2\>\&1
configure:10538: $? = 0
configure:10552: result: no
configure:10712: checking dynamic linker characteristics
configure:11293: /media/panpan/tools/buildroot-2018.02.8/output/host/bin/arm-linux-gnueabihf-gcc -o conftest -D_LARGEFILE_SOURCE -D_LARGEFILE64_SOURCE -D_FILE_OFFSET_BITS=64  -Os  -D_LARGEFILE_SOURCE -D_LARGEFILE64_SOURCE -D_FILE_OFFSET_BITS=64  -Wl,-rpath -Wl,/foo conftest.c  >&5
configure:11293: $? = 0
configure:11530: result: GNU/Linux ld.so
configure:11652: checking how to hardcode library paths into programs
configure:11677: result: immediate
configure:12225: checking whether stripping libraries is possible
configure:12230: result: yes
configure:12265: checking if libtool supports shared libraries
configure:12267: result: yes
configure:12270: checking whether to build shared libraries
configure:12295: result: yes
configure:12298: checking whether to build static libraries
configure:12302: result: yes
configure:12340: creating ./config.lt

## ------------------ ##
## Running config.lt. ##
## ------------------ ##
config.lt:628: creating libtool
configure:13631: checking for library containing strerror
configure:13662: /media/panpan/tools/buildroot-2018.02.8/output/host/bin/arm-linux-gnueabihf-gcc -o conftest -D_LARGEFILE_SOURCE -D_LARGEFILE64_SOURCE -D_FILE_OFFSET_BITS=64  -Os  -D_LARGEFILE_SOURCE -D_LARGEFILE64_SOURCE -D_FILE_OFFSET_BITS=64  conftest.c  >&5
configure:13662: $? = 0
configure:13679: result: none required
configure:13695: checking for arm-buildroot-linux-gnueabihf-gcc
configure:13722: result: /media/panpan/tools/buildroot-2018.02.8/output/host/bin/arm-linux-gnueabihf-gcc
configure:13991: checking for C compiler version
configure:14000: /media/panpan/tools/buildroot-2018.02.8/output/host/bin/arm-linux-gnueabihf-gcc --version >&5
arm-linux-gnueabihf-gcc (Linaro GCC 7.2-2017.11-rc1) 7.2.1 20171011
Copyright (C) 2017 Free Software Foundation, Inc.
This is free software; see the source for copying conditions.  There is NO
warranty; not even for MERCHANTABILITY or FITNESS FOR A PARTICULAR PURPOSE.

configure:14011: $? = 0
configure:14000: /media/panpan/tools/buildroot-2018.02.8/output/host/bin/arm-linux-gnueabihf-gcc -v >&5
Using built-in specs.
COLLECT_GCC=/media/panpan/xilinx/SDK/2018.1/gnu/aarch32/lin/gcc-arm-linux-gnueabi//bin/arm-linux-gnueabihf-gcc
COLLECT_LTO_WRAPPER=/media/panpan/xilinx/SDK/2018.1/gnu/aarch32/lin/gcc-arm-linux-gnueabi/bin/../libexec/gcc/arm-linux-gnueabihf/7.2.1/lto-wrapper
Target: arm-linux-gnueabihf
Configured with: /proj/esdt_sdk/gnu_abe/ABE/builds/lin/arm/arm-linux/snapshots//gcc-linaro-7.2-2017.11-rc1/configure SHELL=/bin/sh --with-bugurl=https://bugs.linaro.org --with-mpc=/proj/esdt_sdk/gnu_abe/ABE/builds/lin/arm/arm-linux/builds/destdir/x86_64-unknown-linux-gnu --with-mpfr=/proj/esdt_sdk/gnu_abe/ABE/builds/lin/arm/arm-linux/builds/destdir/x86_64-unknown-linux-gnu --with-gmp=/proj/esdt_sdk/gnu_abe/ABE/builds/lin/arm/arm-linux/builds/destdir/x86_64-unknown-linux-gnu --with-gnu-as --with-gnu-ld --disable-libstdcxx-pch --disable-libmudflap --with-cloog=no --with-ppl=no --with-isl=no --disable-nls --enable-c99 --enable-gnu-indirect-function --disable-multilib --with-tune=cortex-a9 --with-arch=armv7-a --with-fpu=vfpv3-d16 --with-float=hard --with-mode=arm --disable-multilib --enable-multiarch CFLAGS=-O2 CXXFLAGS=-O2 --disable-silent-rules --enable-libquadmath --enable-libg2c --enable-symvers=gnu --enable-libstdcxx-pch --enable-libssp --disable-libmudflap --enable-checking=release --enable-cheaders=c_global --enable-poison-system-directories --enable-clocale=generic --enable-shared --enable-threads=posix --disable-multilib --enable-c99 --without-local-prefix --enable-lto --disable-bootstrap --with-linker-hash-style=gnu --with-ppl=no --with-cloog=no --without-isl --enable-nls --enable-__cxa_atexit --with-build-sysroot=/proj/esdt_sdk/gnu_abe/ABE/builds/lin/arm/arm-linux/builds/destdir/x86_64-unknown-linux-gnu/arm-linux-gnueabihf/libc --enable-plugins --enable-linker-build-id --enable-long-long --enable-shared --with-sysroot=/proj/esdt_sdk/gnu_abe/ABE/builds/lin/arm/arm-linux/builds/destdir/x86_64-unknown-linux-gnu/arm-linux-gnueabihf/libc --enable-languages=c,c++,lto --enable-checking=yes --disable-bootstrap --with-bugurl=https://bugs.linaro.org --build=x86_64-unknown-linux-gnu --host=x86_64-unknown-linux-gnu --target=arm-linux-gnueabihf --prefix=/proj/esdt_sdk/gnu_abe/ABE/builds/lin/arm/arm-linux/builds/destdir/x86_64-unknown-linux-gnu
Thread model: posix
gcc version 7.2.1 20171011 (Linaro GCC 7.2-2017.11-rc1) 
configure:14011: $? = 0
configure:14000: /media/panpan/tools/buildroot-2018.02.8/output/host/bin/arm-linux-gnueabihf-gcc -V >&5
arm-linux-gnueabihf-gcc: error: unrecognized command line option '-V'
arm-linux-gnueabihf-gcc: fatal error: no input files
compilation terminated.
configure:14011: $? = 1
configure:14000: /media/panpan/tools/buildroot-2018.02.8/output/host/bin/arm-linux-gnueabihf-gcc -qversion >&5
arm-linux-gnueabihf-gcc: error: unrecognized command line option '-qversion'; did you mean '--version'?
arm-linux-gnueabihf-gcc: fatal error: no input files
compilation terminated.
configure:14011: $? = 1
configure:14015: checking whether we are using the GNU C compiler
configure:14043: result: yes
configure:14052: checking whether /media/panpan/tools/buildroot-2018.02.8/output/host/bin/arm-linux-gnueabihf-gcc accepts -g
configure:14113: result: yes
configure:14130: checking for /media/panpan/tools/buildroot-2018.02.8/output/host/bin/arm-linux-gnueabihf-gcc option to accept ISO C89
configure:14206: result: none needed
configure:14231: checking whether /media/panpan/tools/buildroot-2018.02.8/output/host/bin/arm-linux-gnueabihf-gcc understands -c and -o together
configure:14268: result: yes
configure:14287: checking dependency style of /media/panpan/tools/buildroot-2018.02.8/output/host/bin/arm-linux-gnueabihf-gcc
configure:14398: result: none
configure:14421: checking for arm-buildroot-linux-gnueabihf-gcc
configure:14448: result: /media/panpan/tools/buildroot-2018.02.8/output/host/bin/arm-linux-gnueabihf-gcc
configure:14717: checking for C compiler version
configure:14726: /media/panpan/tools/buildroot-2018.02.8/output/host/bin/arm-linux-gnueabihf-gcc --version >&5
arm-linux-gnueabihf-gcc (Linaro GCC 7.2-2017.11-rc1) 7.2.1 20171011
Copyright (C) 2017 Free Software Foundation, Inc.
This is free software; see the source for copying conditions.  There is NO
warranty; not even for MERCHANTABILITY or FITNESS FOR A PARTICULAR PURPOSE.

configure:14737: $? = 0
configure:14726: /media/panpan/tools/buildroot-2018.02.8/output/host/bin/arm-linux-gnueabihf-gcc -v >&5
Using built-in specs.
COLLECT_GCC=/media/panpan/xilinx/SDK/2018.1/gnu/aarch32/lin/gcc-arm-linux-gnueabi//bin/arm-linux-gnueabihf-gcc
COLLECT_LTO_WRAPPER=/media/panpan/xilinx/SDK/2018.1/gnu/aarch32/lin/gcc-arm-linux-gnueabi/bin/../libexec/gcc/arm-linux-gnueabihf/7.2.1/lto-wrapper
Target: arm-linux-gnueabihf
Configured with: /proj/esdt_sdk/gnu_abe/ABE/builds/lin/arm/arm-linux/snapshots//gcc-linaro-7.2-2017.11-rc1/configure SHELL=/bin/sh --with-bugurl=https://bugs.linaro.org --with-mpc=/proj/esdt_sdk/gnu_abe/ABE/builds/lin/arm/arm-linux/builds/destdir/x86_64-unknown-linux-gnu --with-mpfr=/proj/esdt_sdk/gnu_abe/ABE/builds/lin/arm/arm-linux/builds/destdir/x86_64-unknown-linux-gnu --with-gmp=/proj/esdt_sdk/gnu_abe/ABE/builds/lin/arm/arm-linux/builds/destdir/x86_64-unknown-linux-gnu --with-gnu-as --with-gnu-ld --disable-libstdcxx-pch --disable-libmudflap --with-cloog=no --with-ppl=no --with-isl=no --disable-nls --enable-c99 --enable-gnu-indirect-function --disable-multilib --with-tune=cortex-a9 --with-arch=armv7-a --with-fpu=vfpv3-d16 --with-float=hard --with-mode=arm --disable-multilib --enable-multiarch CFLAGS=-O2 CXXFLAGS=-O2 --disable-silent-rules --enable-libquadmath --enable-libg2c --enable-symvers=gnu --enable-libstdcxx-pch --enable-libssp --disable-libmudflap --enable-checking=release --enable-cheaders=c_global --enable-poison-system-directories --enable-clocale=generic --enable-shared --enable-threads=posix --disable-multilib --enable-c99 --without-local-prefix --enable-lto --disable-bootstrap --with-linker-hash-style=gnu --with-ppl=no --with-cloog=no --without-isl --enable-nls --enable-__cxa_atexit --with-build-sysroot=/proj/esdt_sdk/gnu_abe/ABE/builds/lin/arm/arm-linux/builds/destdir/x86_64-unknown-linux-gnu/arm-linux-gnueabihf/libc --enable-plugins --enable-linker-build-id --enable-long-long --enable-shared --with-sysroot=/proj/esdt_sdk/gnu_abe/ABE/builds/lin/arm/arm-linux/builds/destdir/x86_64-unknown-linux-gnu/arm-linux-gnueabihf/libc --enable-languages=c,c++,lto --enable-checking=yes --disable-bootstrap --with-bugurl=https://bugs.linaro.org --build=x86_64-unknown-linux-gnu --host=x86_64-unknown-linux-gnu --target=arm-linux-gnueabihf --prefix=/proj/esdt_sdk/gnu_abe/ABE/builds/lin/arm/arm-linux/builds/destdir/x86_64-unknown-linux-gnu
Thread model: posix
gcc version 7.2.1 20171011 (Linaro GCC 7.2-2017.11-rc1) 
configure:14737: $? = 0
configure:14726: /media/panpan/tools/buildroot-2018.02.8/output/host/bin/arm-linux-gnueabihf-gcc -V >&5
arm-linux-gnueabihf-gcc: error: unrecognized command line option '-V'
arm-linux-gnueabihf-gcc: fatal error: no input files
compilation terminated.
configure:14737: $? = 1
configure:14726: /media/panpan/tools/buildroot-2018.02.8/output/host/bin/arm-linux-gnueabihf-gcc -qversion >&5
arm-linux-gnueabihf-gcc: error: unrecognized command line option '-qversion'; did you mean '--version'?
arm-linux-gnueabihf-gcc: fatal error: no input files
compilation terminated.
configure:14737: $? = 1
configure:14741: checking whether we are using the GNU C compiler
configure:14769: result: yes
configure:14778: checking whether /media/panpan/tools/buildroot-2018.02.8/output/host/bin/arm-linux-gnueabihf-gcc accepts -g
configure:14839: result: yes
configure:14856: checking for /media/panpan/tools/buildroot-2018.02.8/output/host/bin/arm-linux-gnueabihf-gcc option to accept ISO C89
configure:14932: result: none needed
configure:14957: checking whether /media/panpan/tools/buildroot-2018.02.8/output/host/bin/arm-linux-gnueabihf-gcc understands -c and -o together
configure:14994: result: yes
configure:15013: checking dependency style of /media/panpan/tools/buildroot-2018.02.8/output/host/bin/arm-linux-gnueabihf-gcc
configure:15124: result: none
configure:15150: checking whether /media/panpan/tools/buildroot-2018.02.8/output/host/bin/python3 version >= 2.5.2
configure:15161: /media/panpan/tools/buildroot-2018.02.8/output/host/bin/python3 -c import sys # split strings by '.' and convert to numeric. Append some zeros # because we need at least 4 digits for the hex conversion. # map returns an iterator in Python 3.0 and a list in 2.x minver = list(map(int, '2.5.2'.split('.'))) + [0, 0, 0] minverhex = 0 # xrange is not present in Python 3.0 and range returns an iterator for i in list(range(0, 4)): minverhex = (minverhex << 8) + minver[i] sys.exit(sys.hexversion < minverhex)
configure:15164: $? = 0
configure:15166: result: yes
configure:15257: checking for /media/panpan/tools/buildroot-2018.02.8/output/host/bin/python3 version
configure:15264: result: 3.6
configure:15276: checking for /media/panpan/tools/buildroot-2018.02.8/output/host/bin/python3 platform
configure:15283: result: linux
configure:15290: checking for /media/panpan/tools/buildroot-2018.02.8/output/host/bin/python3 script directory
configure:15298: result: ${prefix}/lib/python3.6/site-packages
configure:15307: checking for /media/panpan/tools/buildroot-2018.02.8/output/host/bin/python3 extension module directory
configure:15315: result: ${exec_prefix}/lib/python3.6/site-packages
configure:15339: /media/panpan/tools/buildroot-2018.02.8/output/host/bin/python3 -c import sys # split strings by '.' and convert to numeric. Append some zeros # because we need at least 4 digits for the hex conversion. # map returns an iterator in Python 3.0 and a list in 2.x minver = list(map(int, '3.0'.split('.'))) + [0, 0, 0] minverhex = 0 # xrange is not present in Python 3.0 and range returns an iterator for i in list(range(0, 4)): minverhex = (minverhex << 8) + minver[i] sys.exit(sys.hexversion < minverhex)
configure:15342: $? = 0
configure:15351: checking for /media/panpan/tools/buildroot-2018.02.8/output/host/bin/python3 >= 3.1
configure:15362: /media/panpan/tools/buildroot-2018.02.8/output/host/bin/python3 -c import sys # split strings by '.' and convert to numeric. Append some zeros # because we need at least 4 digits for the hex conversion. # map returns an iterator in Python 3.0 and a list in 2.x minver = list(map(int, '3.1'.split('.'))) + [0, 0, 0] minverhex = 0 # xrange is not present in Python 3.0 and range returns an iterator for i in list(range(0, 4)): minverhex = (minverhex << 8) + minver[i] sys.exit(sys.hexversion < minverhex)
configure:15365: $? = 0
configure:15367: result: yes
configure:15437: checking for python version
configure:15444: result: 3.6
configure:15456: checking for python platform
configure:15463: result: linux
configure:15489: checking for python script directory
configure:15524: result: ${prefix}/lib/python3.6/site-packages
configure:15533: checking for python extension module directory
configure:15568: result: ${exec_prefix}/lib/python3.6/site-packages
configure:15582: checking for headers required to compile python extensions
configure:15585: PYTHON_INCLUDES overridden to: -I/media/panpan/tools/buildroot-2018.02.8/output/host/arm-buildroot-linux-gnueabihf/sysroot/usr/include/python3.6m -I/media/panpan/tools/buildroot-2018.02.8/output/host/arm-buildroot-linux-gnueabihf/sysroot/usr/include/python3.6m
configure:15607: /media/panpan/tools/buildroot-2018.02.8/output/host/bin/arm-linux-gnueabihf-cpp -D_LARGEFILE_SOURCE -D_LARGEFILE64_SOURCE -D_FILE_OFFSET_BITS=64 -I/media/panpan/tools/buildroot-2018.02.8/output/host/arm-buildroot-linux-gnueabihf/sysroot/usr/include/python3.6m -I/media/panpan/tools/buildroot-2018.02.8/output/host/arm-buildroot-linux-gnueabihf/sysroot/usr/include/python3.6m conftest.c
configure:15607: $? = 0
configure:15608: result: found
configure:15620: checking for PySignal_SetWakeupFd in Python.h
configure:15635: /media/panpan/tools/buildroot-2018.02.8/output/host/bin/arm-linux-gnueabihf-gcc -c -D_LARGEFILE_SOURCE -D_LARGEFILE64_SOURCE -D_FILE_OFFSET_BITS=64  -Os  -Wall -Werror -I/media/panpan/tools/buildroot-2018.02.8/output/host/arm-buildroot-linux-gnueabihf/sysroot/usr/include/python3.6m -I/media/panpan/tools/buildroot-2018.02.8/output/host/arm-buildroot-linux-gnueabihf/sysroot/usr/include/python3.6m conftest.c >&5
configure:15635: $? = 0
configure:15641: result: yes
configure:15726: checking for python module thread
configure:15755: result: no
configure:15763: checking for python module _thread
configure:15789: result: yes
configure:15799: checking whether to enable threading in pygobject
configure:15804: result: yes
configure:15956: checking pkg-config is at least version 0.16
configure:15959: result: yes
configure:15976: checking for GLIB - version >= 2.24.0
configure:16102: result: yes (version 2.54.2)
configure:16208: checking for ffi
configure:16223: checking for FFI
configure:16230: $PKG_CONFIG --exists --print-errors "libffi >= 3.0"
configure:16233: $? = 0
configure:16247: $PKG_CONFIG --exists --print-errors "libffi >= 3.0"
configure:16250: $? = 0
configure:16288: result: yes
configure:16316: checking for GIO
configure:16323: $PKG_CONFIG --exists --print-errors "gio-2.0 >= 2.24.0"
configure:16326: $? = 0
configure:16340: $PKG_CONFIG --exists --print-errors "gio-2.0 >= 2.24.0"
configure:16343: $? = 0
configure:16381: result: yes
configure:16405: checking for GIOUNIX
configure:16412: $PKG_CONFIG --exists --print-errors "gio-unix-2.0 >= 2.22.4"
configure:16415: $? = 0
configure:16429: $PKG_CONFIG --exists --print-errors "gio-unix-2.0 >= 2.22.4"
configure:16432: $? = 0
configure:16470: result: yes
configure:16754: checking whether /media/panpan/tools/buildroot-2018.02.8/output/host/bin/arm-linux-gnueabihf-gcc understands -Wall
configure:16767: /media/panpan/tools/buildroot-2018.02.8/output/host/bin/arm-linux-gnueabihf-gcc -c -D_LARGEFILE_SOURCE -D_LARGEFILE64_SOURCE -D_FILE_OFFSET_BITS=64  -Os  -Wall -D_LARGEFILE_SOURCE -D_LARGEFILE64_SOURCE -D_FILE_OFFSET_BITS=64  conftest.c >&5
configure:16767: $? = 0
configure:16773: result: yes
configure:16787: checking whether /media/panpan/tools/buildroot-2018.02.8/output/host/bin/arm-linux-gnueabihf-gcc understands -fno-strict-aliasing
configure:16800: /media/panpan/tools/buildroot-2018.02.8/output/host/bin/arm-linux-gnueabihf-gcc -c -D_LARGEFILE_SOURCE -D_LARGEFILE64_SOURCE -D_FILE_OFFSET_BITS=64  -Os  -Wall -fno-strict-aliasing -D_LARGEFILE_SOURCE -D_LARGEFILE64_SOURCE -D_FILE_OFFSET_BITS=64  conftest.c >&5
configure:16800: $? = 0
configure:16806: result: yes
configure:16825: checking whether /media/panpan/tools/buildroot-2018.02.8/output/host/bin/arm-linux-gnueabihf-gcc understands -std=c9x
configure:16838: /media/panpan/tools/buildroot-2018.02.8/output/host/bin/arm-linux-gnueabihf-gcc -c -D_LARGEFILE_SOURCE -D_LARGEFILE64_SOURCE -D_FILE_OFFSET_BITS=64  -Os  -Wall -fno-strict-aliasing -std=c9x -D_LARGEFILE_SOURCE -D_LARGEFILE64_SOURCE -D_FILE_OFFSET_BITS=64  conftest.c >&5
configure:16838: $? = 0
configure:16844: result: yes
configure:16966: checking that generated files are newer than configure
configure:16972: result: done
configure:17039: creating ./config.status

## ---------------------- ##
## Running config.status. ##
## ---------------------- ##

This file was extended by pygobject config.status 2.28.6, which was
generated by GNU Autoconf 2.69.  Invocation command line was

  CONFIG_FILES    = 
  CONFIG_HEADERS  = 
  CONFIG_LINKS    = 
  CONFIG_COMMANDS = 
  $ ./config.status 

on zed-00

config.status:1178: creating Makefile
config.status:1178: creating pygobject-2.0.pc
config.status:1178: creating pygobject-2.0-uninstalled.pc
config.status:1178: creating codegen/Makefile
config.status:1178: creating codegen/pygobject-codegen-2.0
config.status:1178: creating docs/Makefile
config.status:1178: creating docs/reference/entities.docbook
config.status:1178: creating docs/xsl/fixxref.py
config.status:1178: creating gi/Makefile
config.status:1178: creating gi/repository/Makefile
config.status:1178: creating gi/overrides/Makefile
config.status:1178: creating glib/Makefile
config.status:1178: creating gobject/Makefile
config.status:1178: creating gio/Makefile
config.status:1178: creating examples/Makefile
config.status:1178: creating tests/Makefile
config.status:1178: creating PKG-INFO
config.status:1178: creating config.h
config.status:1407: executing depfiles commands
config.status:1407: executing libtool commands
configure:19200: WARNING: unrecognized options: --disable-gtk-doc, --disable-gtk-doc-html, --disable-doc, --disable-documentation, --with-xmlto, --with-fop, --enable-ipv6, --disable-nls

## ---------------- ##
## Cache variables. ##
## ---------------- ##

ac_cv_build=x86_64-pc-linux-gnu
ac_cv_c_bigendian=no
ac_cv_c_compiler_gnu=yes
ac_cv_env_CC_set=set
ac_cv_env_CC_value=/media/panpan/tools/buildroot-2018.02.8/output/host/bin/arm-linux-gnueabihf-gcc
ac_cv_env_CFLAGS_set=set
ac_cv_env_CFLAGS_value='-D_LARGEFILE_SOURCE -D_LARGEFILE64_SOURCE -D_FILE_OFFSET_BITS=64  -Os '
ac_cv_env_CPPFLAGS_set=set
ac_cv_env_CPPFLAGS_value='-D_LARGEFILE_SOURCE -D_LARGEFILE64_SOURCE -D_FILE_OFFSET_BITS=64'
ac_cv_env_CPP_set=set
ac_cv_env_CPP_value=/media/panpan/tools/buildroot-2018.02.8/output/host/bin/arm-linux-gnueabihf-cpp
ac_cv_env_FFI_CFLAGS_set=
ac_cv_env_FFI_CFLAGS_value=
ac_cv_env_FFI_LIBS_set=
ac_cv_env_FFI_LIBS_value=
ac_cv_env_GIOUNIX_CFLAGS_set=
ac_cv_env_GIOUNIX_CFLAGS_value=
ac_cv_env_GIOUNIX_LIBS_set=
ac_cv_env_GIOUNIX_LIBS_value=
ac_cv_env_GIO_CFLAGS_set=
ac_cv_env_GIO_CFLAGS_value=
ac_cv_env_GIO_LIBS_set=
ac_cv_env_GIO_LIBS_value=
ac_cv_env_GI_CFLAGS_set=
ac_cv_env_GI_CFLAGS_value=
ac_cv_env_GI_LIBS_set=
ac_cv_env_GI_LIBS_value=
ac_cv_env_LDFLAGS_set=set
ac_cv_env_LDFLAGS_value=
ac_cv_env_LIBS_set=
ac_cv_env_LIBS_value=
ac_cv_env_LT_SYS_LIBRARY_PATH_set=
ac_cv_env_LT_SYS_LIBRARY_PATH_value=
ac_cv_env_PKG_CONFIG_LIBDIR_set=
ac_cv_env_PKG_CONFIG_LIBDIR_value=
ac_cv_env_PKG_CONFIG_PATH_set=
ac_cv_env_PKG_CONFIG_PATH_value=
ac_cv_env_PKG_CONFIG_set=set
ac_cv_env_PKG_CONFIG_value=/media/panpan/tools/buildroot-2018.02.8/output/host/bin/pkg-config
ac_cv_env_PYCAIRO_CFLAGS_set=
ac_cv_env_PYCAIRO_CFLAGS_value=
ac_cv_env_PYCAIRO_LIBS_set=
ac_cv_env_PYCAIRO_LIBS_value=
ac_cv_env_PYTHON_set=set
ac_cv_env_PYTHON_value=/media/panpan/tools/buildroot-2018.02.8/output/host/bin/python3
ac_cv_env_build_alias_set=set
ac_cv_env_build_alias_value=x86_64-pc-linux-gnu
ac_cv_env_host_alias_set=set
ac_cv_env_host_alias_value=arm-buildroot-linux-gnueabihf
ac_cv_env_target_alias_set=set
ac_cv_env_target_alias_value=arm-buildroot-linux-gnueabihf
ac_cv_func_calloc_0_nonnull=yes
ac_cv_func_malloc_0_nonnull=yes
ac_cv_func_memcmp_working=yes
ac_cv_func_mmap_fixed_mapped=yes
ac_cv_func_realloc_0_nonnull=yes
ac_cv_have_decl_malloc=yes
ac_cv_header_dlfcn_h=yes
ac_cv_header_inttypes_h=yes
ac_cv_header_memory_h=yes
ac_cv_header_stdc=yes
ac_cv_header_stdint_h=yes
ac_cv_header_stdlib_h=yes
ac_cv_header_string_h=yes
ac_cv_header_strings_h=yes
ac_cv_header_sys_stat_h=yes
ac_cv_header_sys_types_h=yes
ac_cv_header_unistd_h=yes
ac_cv_host=arm-buildroot-linux-gnueabihf
ac_cv_lbl_unaligned_fail=yes
ac_cv_objext=o
ac_cv_path_EGREP='/bin/grep -E'
ac_cv_path_FGREP='/bin/grep -F'
ac_cv_path_GREP=/bin/grep
ac_cv_path_SED=/bin/sed
ac_cv_path_install='/usr/bin/install -c'
ac_cv_path_lt_DD=/bin/dd
ac_cv_path_mkdir=/bin/mkdir
ac_cv_prog_AR=/media/panpan/tools/buildroot-2018.02.8/output/host/bin/arm-linux-gnueabihf-ar
ac_cv_prog_AWK=gawk
ac_cv_prog_CC=/media/panpan/tools/buildroot-2018.02.8/output/host/bin/arm-linux-gnueabihf-gcc
ac_cv_prog_CPP=/media/panpan/tools/buildroot-2018.02.8/output/host/bin/arm-linux-gnueabihf-cpp
ac_cv_prog_DLLTOOL=dlltool
ac_cv_prog_OBJDUMP=/media/panpan/tools/buildroot-2018.02.8/output/host/bin/arm-linux-gnueabihf-objdump
ac_cv_prog_RANLIB=/media/panpan/tools/buildroot-2018.02.8/output/host/bin/arm-linux-gnueabihf-ranlib
ac_cv_prog_STRIP=/media/panpan/tools/buildroot-2018.02.8/output/host/bin/arm-linux-gnueabihf-strip
ac_cv_prog_ac_ct_MANIFEST_TOOL=mt
ac_cv_prog_cc_c89=
ac_cv_prog_cc_g=yes
ac_cv_prog_make_make_set=yes
ac_cv_search_strerror='none required'
am_cv_CC_dependencies_compiler_type=none
am_cv_make_support_nested_variables=yes
am_cv_prog_cc_c_o=yes
am_cv_prog_cc_stdc=
am_cv_python_platform=linux
am_cv_python_pyexecdir='${exec_prefix}/lib/python3.6/site-packages'
am_cv_python_pythondir='${prefix}/lib/python3.6/site-packages'
am_cv_python_version=3.6
gl_cv_func_malloc_0_nonnull=yes
lt_cv_ar_at_file=@
lt_cv_archive_cmds_need_lc=no
lt_cv_deplibs_check_method=pass_all
lt_cv_file_magic_cmd='$MAGIC_CMD'
lt_cv_file_magic_test_file=
lt_cv_ld_reload_flag=-r
lt_cv_nm_interface='BSD nm'
lt_cv_objdir=.libs
lt_cv_path_LD=/media/panpan/tools/buildroot-2018.02.8/output/host/bin/arm-linux-gnueabihf-ld
lt_cv_path_NM=/media/panpan/tools/buildroot-2018.02.8/output/host/bin/arm-linux-gnueabihf-nm
lt_cv_path_mainfest_tool=no
lt_cv_prog_compiler_c_o=yes
lt_cv_prog_compiler_pic='-fPIC -DPIC'
lt_cv_prog_compiler_pic_works=yes
lt_cv_prog_compiler_rtti_exceptions=no
lt_cv_prog_compiler_static_works=yes
lt_cv_prog_gnu_ld=yes
lt_cv_sharedlib_from_linklib_cmd='printf %s\n'
lt_cv_shlibpath_overrides_runpath=no
lt_cv_sys_global_symbol_pipe='sed -n -e '\''s/^.*[	 ]\([ABCDGIRSTW][ABCDGIRSTW]*\)[	 ][	 ]*\([_A-Za-z][_A-Za-z0-9]*\)$/\1 \2 \2/p'\'' | sed '\''/ __gnu_lto/d'\'''
lt_cv_sys_global_symbol_to_c_name_address='sed -n -e '\''s/^: \(.*\) .*$/  {"\1", (void *) 0},/p'\'' -e '\''s/^[ABCDGIRSTW][ABCDGIRSTW]* .* \(.*\)$/  {"\1", (void *) \&\1},/p'\'''
lt_cv_sys_global_symbol_to_c_name_address_lib_prefix='sed -n -e '\''s/^: \(.*\) .*$/  {"\1", (void *) 0},/p'\'' -e '\''s/^[ABCDGIRSTW][ABCDGIRSTW]* .* \(lib.*\)$/  {"\1", (void *) \&\1},/p'\'' -e '\''s/^[ABCDGIRSTW][ABCDGIRSTW]* .* \(.*\)$/  {"lib\1", (void *) \&\1},/p'\'''
lt_cv_sys_global_symbol_to_cdecl='sed -n -e '\''s/^T .* \(.*\)$/extern int \1();/p'\'' -e '\''s/^[ABCDGIRSTW][ABCDGIRSTW]* .* \(.*\)$/extern char \1;/p'\'''
lt_cv_sys_global_symbol_to_import=
lt_cv_sys_lib_search_path_spec=
lt_cv_sys_max_cmd_len=1572864
lt_cv_to_host_file_cmd=func_convert_file_noop
lt_cv_to_tool_file_cmd=func_convert_file_noop
lt_cv_truncate_bin='/bin/dd bs=4096 count=1'
pkg_cv_FFI_CFLAGS=' '
pkg_cv_FFI_LIBS='-L/media/panpan/tools/buildroot-2018.02.8/output/host/bin/../arm-buildroot-linux-gnueabihf/sysroot/usr/lib -lffi  '
pkg_cv_GIOUNIX_CFLAGS='-I/media/panpan/tools/buildroot-2018.02.8/output/host/bin/../arm-buildroot-linux-gnueabihf/sysroot/usr/include/gio-unix-2.0/ -I/media/panpan/tools/buildroot-2018.02.8/output/host/bin/../arm-buildroot-linux-gnueabihf/sysroot/usr/include/glib-2.0 -I/media/panpan/tools/buildroot-2018.02.8/output/host/bin/../arm-buildroot-linux-gnueabihf/sysroot/usr/lib/glib-2.0/include -I/media/panpan/tools/buildroot-2018.02.8/output/host/bin/../arm-buildroot-linux-gnueabihf/sysroot/usr/include -pthread  '
pkg_cv_GIOUNIX_LIBS='-L/media/panpan/tools/buildroot-2018.02.8/output/host/bin/../arm-buildroot-linux-gnueabihf/sysroot/usr/lib -lgio-2.0 -lgobject-2.0 -lglib-2.0  '
pkg_cv_GIO_CFLAGS='-I/media/panpan/tools/buildroot-2018.02.8/output/host/bin/../arm-buildroot-linux-gnueabihf/sysroot/usr/include/glib-2.0 -I/media/panpan/tools/buildroot-2018.02.8/output/host/bin/../arm-buildroot-linux-gnueabihf/sysroot/usr/lib/glib-2.0/include -I/media/panpan/tools/buildroot-2018.02.8/output/host/bin/../arm-buildroot-linux-gnueabihf/sysroot/usr/include -pthread  '
pkg_cv_GIO_LIBS='-L/media/panpan/tools/buildroot-2018.02.8/output/host/bin/../arm-buildroot-linux-gnueabihf/sysroot/usr/lib -lgio-2.0 -lgobject-2.0 -lglib-2.0  '
py_cv_mod__thread_=yes
py_cv_mod_thread_=no

## ----------------- ##
## Output variables. ##
## ----------------- ##

ACLOCAL='${SHELL} /media/panpan/tools/buildroot-2018.02.8/output/build/python-gobject-2.28.6/missing aclocal-1.15 '
ACLOCAL_AMFLAGS='-I m4 -I .'
AMDEPBACKSLASH=''
AMDEP_FALSE=''
AMDEP_TRUE='#'
AMTAR='$${TAR-tar}'
AM_BACKSLASH='\'
AM_DEFAULT_V='$(AM_DEFAULT_VERBOSITY)'
AM_DEFAULT_VERBOSITY='0'
AM_V='$(V)'
AR='/media/panpan/tools/buildroot-2018.02.8/output/host/bin/arm-linux-gnueabihf-ar'
AS='/media/panpan/tools/buildroot-2018.02.8/output/host/bin/arm-linux-gnueabihf-as'
AUTOCONF='${SHELL} /media/panpan/tools/buildroot-2018.02.8/output/build/python-gobject-2.28.6/missing autoconf'
AUTOHEADER='${SHELL} /media/panpan/tools/buildroot-2018.02.8/output/build/python-gobject-2.28.6/missing autoheader'
AUTOMAKE='${SHELL} /media/panpan/tools/buildroot-2018.02.8/output/build/python-gobject-2.28.6/missing automake-1.15'
AWK='gawk'
BUILD_GIOUNIX_FALSE=''
BUILD_GIOUNIX_TRUE='#'
BUILD_GIO_FALSE=''
BUILD_GIO_TRUE='#'
CC='/media/panpan/tools/buildroot-2018.02.8/output/host/bin/arm-linux-gnueabihf-gcc'
CCDEPMODE='depmode=none'
CFLAGS='-D_LARGEFILE_SOURCE -D_LARGEFILE64_SOURCE -D_FILE_OFFSET_BITS=64  -Os  -Wall -fno-strict-aliasing -std=c9x'
CPP='/media/panpan/tools/buildroot-2018.02.8/output/host/bin/arm-linux-gnueabihf-cpp'
CPPFLAGS='-D_LARGEFILE_SOURCE -D_LARGEFILE64_SOURCE -D_FILE_OFFSET_BITS=64 '
CYGPATH_W='echo'
DATADIR='${prefix}/share'
DEFS='-DHAVE_CONFIG_H'
DEPDIR='.deps'
DLLTOOL='dlltool'
DSYMUTIL=''
DUMPBIN=''
ECHO_C=''
ECHO_N='-n'
ECHO_T=''
EGREP='/bin/grep -E'
ENABLE_CAIRO_FALSE='#'
ENABLE_CAIRO_TRUE=''
ENABLE_DOCS_FALSE=''
ENABLE_DOCS_TRUE='#'
ENABLE_INTROSPECTION_FALSE=''
ENABLE_INTROSPECTION_TRUE='#'
EXEEXT=''
FFI_CFLAGS=' '
FFI_LIBS='-L/media/panpan/tools/buildroot-2018.02.8/output/host/bin/../arm-buildroot-linux-gnueabihf/sysroot/usr/lib -lffi  '
FGREP='/bin/grep -F'
GIOUNIX_CFLAGS='-I/media/panpan/tools/buildroot-2018.02.8/output/host/bin/../arm-buildroot-linux-gnueabihf/sysroot/usr/include/gio-unix-2.0/ -I/media/panpan/tools/buildroot-2018.02.8/output/host/bin/../arm-buildroot-linux-gnueabihf/sysroot/usr/include/glib-2.0 -I/media/panpan/tools/buildroot-2018.02.8/output/host/bin/../arm-buildroot-linux-gnueabihf/sysroot/usr/lib/glib-2.0/include -I/media/panpan/tools/buildroot-2018.02.8/output/host/bin/../arm-buildroot-linux-gnueabihf/sysroot/usr/include -pthread  '
GIOUNIX_LIBS='-L/media/panpan/tools/buildroot-2018.02.8/output/host/bin/../arm-buildroot-linux-gnueabihf/sysroot/usr/lib -lgio-2.0 -lgobject-2.0 -lglib-2.0'
GIO_CFLAGS='-I/media/panpan/tools/buildroot-2018.02.8/output/host/bin/../arm-buildroot-linux-gnueabihf/sysroot/usr/include/glib-2.0 -I/media/panpan/tools/buildroot-2018.02.8/output/host/bin/../arm-buildroot-linux-gnueabihf/sysroot/usr/lib/glib-2.0/include -I/media/panpan/tools/buildroot-2018.02.8/output/host/bin/../arm-buildroot-linux-gnueabihf/sysroot/usr/include -pthread  '
GIO_LIBS='-L/media/panpan/tools/buildroot-2018.02.8/output/host/bin/../arm-buildroot-linux-gnueabihf/sysroot/usr/lib -lgio-2.0 -lgobject-2.0 -lglib-2.0'
GI_CFLAGS=''
GI_DATADIR=''
GI_LIBS=''
GLIB_CFLAGS='-I/media/panpan/tools/buildroot-2018.02.8/output/host/bin/../arm-buildroot-linux-gnueabihf/sysroot/usr/include/glib-2.0 -I/media/panpan/tools/buildroot-2018.02.8/output/host/bin/../arm-buildroot-linux-gnueabihf/sysroot/usr/lib/glib-2.0/include -I/media/panpan/tools/buildroot-2018.02.8/output/host/bin/../arm-buildroot-linux-gnueabihf/sysroot/usr/include -pthread  '
GLIB_COMPILE_RESOURCES='glib-compile-resources'
GLIB_GENMARSHAL='glib-genmarshal'
GLIB_LIBS='-L/media/panpan/tools/buildroot-2018.02.8/output/host/bin/../arm-buildroot-linux-gnueabihf/sysroot/usr/lib -lgobject-2.0 -lgthread-2.0 -pthread -lglib-2.0'
GLIB_MKENUMS='glib-mkenums'
GOBJECT_QUERY='gobject-query'
GREP='/bin/grep'
HAVE_LIBFFI_FALSE='#'
HAVE_LIBFFI_TRUE=''
INSTALL_DATA='${INSTALL} -m 644'
INSTALL_PROGRAM='${INSTALL}'
INSTALL_SCRIPT='${INSTALL}'
INSTALL_STRIP_PROGRAM='$(install_sh) -c -s'
INTROSPECTION_COMPILER=''
INTROSPECTION_SCANNER=''
LD='/media/panpan/tools/buildroot-2018.02.8/output/host/bin/arm-linux-gnueabihf-ld'
LDFLAGS=''
LIBFFI_PC='libffi'
LIBOBJS=''
LIBS=''
LIBTOOL='$(SHELL) $(top_builddir)/libtool'
LIPO=''
LN_S='ln -s'
LTLIBOBJS=''
LT_SYS_LIBRARY_PATH=''
MAINT='#'
MAINTAINER_MODE_FALSE=''
MAINTAINER_MODE_TRUE='#'
MAKEINFO='${SHELL} /media/panpan/tools/buildroot-2018.02.8/output/build/python-gobject-2.28.6/missing makeinfo'
MANIFEST_TOOL=':'
MKDIR_P='/bin/mkdir -p'
NM='/media/panpan/tools/buildroot-2018.02.8/output/host/bin/arm-linux-gnueabihf-nm'
NMEDIT=''
OBJDUMP='/media/panpan/tools/buildroot-2018.02.8/output/host/bin/arm-linux-gnueabihf-objdump'
OBJEXT='o'
OS_WIN32_FALSE=''
OS_WIN32_TRUE='#'
OTOOL64=''
OTOOL=''
PACKAGE='pygobject'
PACKAGE_BUGREPORT='http://bugzilla.gnome.org/enter_bug.cgi?product=pygobject'
PACKAGE_NAME='pygobject'
PACKAGE_STRING='pygobject 2.28.6'
PACKAGE_TARNAME='pygobject'
PACKAGE_URL=''
PACKAGE_VERSION='2.28.6'
PATH_SEPARATOR=':'
PKG_CONFIG='/media/panpan/tools/buildroot-2018.02.8/output/host/bin/pkg-config'
PKG_CONFIG_LIBDIR=''
PKG_CONFIG_PATH=''
PLATFORM='linux-x86_64'
PLATFORM_WIN32_FALSE=''
PLATFORM_WIN32_TRUE='#'
PYCAIRO_CFLAGS=''
PYCAIRO_LIBS=''
PYGOBJECT_MAJOR_VERSION='2'
PYGOBJECT_MICRO_VERSION='6'
PYGOBJECT_MINOR_VERSION='28'
PYTHON='/media/panpan/tools/buildroot-2018.02.8/output/host/bin/python3'
PYTHON_BASENAME='python3'
PYTHON_EXEC_PREFIX='${exec_prefix}'
PYTHON_INCLUDES='-I/media/panpan/tools/buildroot-2018.02.8/output/host/arm-buildroot-linux-gnueabihf/sysroot/usr/include/python3.6m -I/media/panpan/tools/buildroot-2018.02.8/output/host/arm-buildroot-linux-gnueabihf/sysroot/usr/include/python3.6m'
PYTHON_PLATFORM='linux'
PYTHON_PREFIX='${prefix}'
PYTHON_VERSION='3.6'
RANLIB='/media/panpan/tools/buildroot-2018.02.8/output/host/bin/arm-linux-gnueabihf-ranlib'
SED='/bin/sed'
SET_MAKE=''
SHELL='/bin/sh'
STRIP='/media/panpan/tools/buildroot-2018.02.8/output/host/bin/arm-linux-gnueabihf-strip'
THREADING_CFLAGS=''
VERSION='2.28.6'
XSLTPROC=''
ac_ct_AR=''
ac_ct_CC=''
ac_ct_DUMPBIN=''
am__EXEEXT_FALSE=''
am__EXEEXT_TRUE='#'
am__fastdepCC_FALSE=''
am__fastdepCC_TRUE='#'
am__include='include'
am__isrc=''
am__leading_dot='.'
am__nodep=''
am__quote=''
am__tar='$${TAR-tar} chof - "$$tardir"'
am__untar='$${TAR-tar} xf -'
bindir='${exec_prefix}/bin'
build='x86_64-pc-linux-gnu'
build_alias='x86_64-pc-linux-gnu'
build_cpu='x86_64'
build_os='linux-gnu'
build_vendor='pc'
datadir='${datarootdir}'
datarootdir='${prefix}/share'
docdir='${datarootdir}/doc/${PACKAGE_TARNAME}'
dvidir='${docdir}'
exec_prefix='/usr'
host='arm-buildroot-linux-gnueabihf'
host_alias='arm-buildroot-linux-gnueabihf'
host_cpu='arm'
host_os='linux-gnueabihf'
host_vendor='buildroot'
htmldir='${docdir}'
includedir='${prefix}/include'
infodir='${datarootdir}/info'
install_sh='${SHELL} /media/panpan/tools/buildroot-2018.02.8/output/build/python-gobject-2.28.6/install-sh'
libdir='${exec_prefix}/lib'
libexecdir='${exec_prefix}/libexec'
localedir='${datarootdir}/locale'
localstatedir='/var'
mandir='${datarootdir}/man'
mkdir_p='$(MKDIR_P)'
oldincludedir='/usr/include'
pdfdir='${docdir}'
pkgpyexecdir='${pyexecdir}/pygobject'
pkgpythondir='${pythondir}/pygobject'
prefix='/usr'
program_transform_name='s&^&&'
psdir='${docdir}'
pyexecdir='${exec_prefix}/lib/python3.6/site-packages'
pygobject_CODEGEN_DEFINES=''
pythondir='${prefix}/lib/python3.6/site-packages'
sbindir='${exec_prefix}/sbin'
sharedstatedir='${prefix}/com'
sysconfdir='/etc'
target_alias='arm-buildroot-linux-gnueabihf'

## ----------- ##
## confdefs.h. ##
## ----------- ##

/* confdefs.h */
#define PACKAGE_NAME "pygobject"
#define PACKAGE_TARNAME "pygobject"
#define PACKAGE_VERSION "2.28.6"
#define PACKAGE_STRING "pygobject 2.28.6"
#define PACKAGE_BUGREPORT "http://bugzilla.gnome.org/enter_bug.cgi?product=pygobject"
#define PACKAGE_URL ""
#define PYGOBJECT_MAJOR_VERSION 2
#define PYGOBJECT_MINOR_VERSION 28
#define PYGOBJECT_MICRO_VERSION 6
#define PACKAGE "pygobject"
#define VERSION "2.28.6"
#define STDC_HEADERS 1
#define HAVE_SYS_TYPES_H 1
#define HAVE_SYS_STAT_H 1
#define HAVE_STDLIB_H 1
#define HAVE_STRING_H 1
#define HAVE_MEMORY_H 1
#define HAVE_STRINGS_H 1
#define HAVE_INTTYPES_H 1
#define HAVE_STDINT_H 1
#define HAVE_UNISTD_H 1
#define HAVE_DLFCN_H 1
#define LT_OBJDIR ".libs/"
#define HAVE_PYSIGNAL_SETWAKEUPFD 1
#define HAVE_FFI_H 1

configure: exit 0
