This file contains any messages produced by compilers while
running configure, to aid debugging if configure makes a mistake.

It was created by alsa-utils configure 1.1.5, which was
generated by GNU Autoconf 2.69.  Invocation command line was

  $ ./configure --target=arm-buildroot-linux-gnueabihf --host=arm-buildroot-linux-gnueabihf --build=x86_64-pc-linux-gnu --prefix=/usr --exec-prefix=/usr --sysconfdir=/etc --localstatedir=/var --program-prefix= --disable-gtk-doc --disable-gtk-doc-html --disable-doc --disable-docs --disable-documentation --with-xmlto=no --with-fop=no --disable-dependency-tracking --enable-ipv6 --disable-nls --enable-static --enable-shared --disable-xmlto --disable-rst2man --with-curses=ncurses --disable-alsaloop --disable-bat

## --------- ##
## Platform. ##
## --------- ##

hostname = zed-00
uname -m = x86_64
uname -r = 4.4.0-116-generic
uname -s = Linux
uname -v = #140-Ubuntu SMP Mon Feb 12 21:23:04 UTC 2018

/usr/bin/uname -p = unknown
/bin/uname -X     = unknown

/bin/arch              = unknown
/usr/bin/arch -k       = unknown
/usr/convex/getsysinfo = unknown
/usr/bin/hostinfo      = unknown
/bin/machine           = unknown
/usr/bin/oslevel       = unknown
/bin/universe          = unknown

PATH: /media/panpan/tools/buildroot-2018.02.8/output/host/bin
PATH: /media/panpan/tools/buildroot-2018.02.8/output/host/sbin
PATH: /usr/local/sbin
PATH: /usr/local/bin
PATH: /usr/sbin
PATH: /usr/bin
PATH: /sbin
PATH: /bin
PATH: /usr/games
PATH: /usr/local/games
PATH: /snap/bin
PATH: /home/panpan/player/webrtc/go_appengine


## ----------- ##
## Core tests. ##
## ----------- ##

configure:2380: checking for a BSD-compatible install
configure:2448: result: /usr/bin/install -c
configure:2459: checking whether build environment is sane
configure:2514: result: yes
configure:2573: checking for arm-buildroot-linux-gnueabihf-strip
configure:2600: result: /media/panpan/tools/buildroot-2018.02.8/output/host/bin/arm-linux-gnueabihf-strip
configure:2665: checking for a thread-safe mkdir -p
configure:2704: result: /bin/mkdir -p
configure:2711: checking for gawk
configure:2727: found /usr/bin/gawk
configure:2738: result: gawk
configure:2749: checking whether make sets $(MAKE)
configure:2771: result: yes
configure:2800: checking whether make supports nested variables
configure:2817: result: yes
configure:2945: checking whether to enable maintainer-specific portions of Makefiles
configure:2954: result: yes
configure:2968: checking for a sed that does not truncate output
configure:3032: result: /bin/sed
configure:3038: checking whether NLS is requested
configure:3047: result: no
configure:3087: checking for msgfmt
configure: trying /media/panpan/tools/buildroot-2018.02.8/output/host/bin/msgfmt...
0 translated messages.
configure:3119: result: /media/panpan/tools/buildroot-2018.02.8/output/host/bin/msgfmt
configure:3128: checking for gmsgfmt
configure:3159: result: /media/panpan/tools/buildroot-2018.02.8/output/host/bin/msgfmt
configure:3209: checking for xgettext
configure: trying /media/panpan/tools/buildroot-2018.02.8/output/host/bin/xgettext...
/media/panpan/tools/buildroot-2018.02.8/output/host/bin/xgettext: warning: file '/dev/null' extension '' is unknown; will try C
configure:3241: result: /media/panpan/tools/buildroot-2018.02.8/output/host/bin/xgettext
configure:3286: checking for msgmerge
configure: trying /media/panpan/tools/buildroot-2018.02.8/output/host/bin/msgmerge...
configure:3317: result: /media/panpan/tools/buildroot-2018.02.8/output/host/bin/msgmerge
configure:3362: checking for style of include used by make
configure:3390: result: GNU
configure:3421: checking for arm-buildroot-linux-gnueabihf-gcc
configure:3448: result: /media/panpan/tools/buildroot-2018.02.8/output/host/bin/arm-linux-gnueabihf-gcc
configure:3717: checking for C compiler version
configure:3726: /media/panpan/tools/buildroot-2018.02.8/output/host/bin/arm-linux-gnueabihf-gcc --version >&5
arm-linux-gnueabihf-gcc (Linaro GCC 7.2-2017.11-rc1) 7.2.1 20171011
Copyright (C) 2017 Free Software Foundation, Inc.
This is free software; see the source for copying conditions.  There is NO
warranty; not even for MERCHANTABILITY or FITNESS FOR A PARTICULAR PURPOSE.

configure:3737: $? = 0
configure:3726: /media/panpan/tools/buildroot-2018.02.8/output/host/bin/arm-linux-gnueabihf-gcc -v >&5
Using built-in specs.
COLLECT_GCC=/media/panpan/xilinx/SDK/2018.1/gnu/aarch32/lin/gcc-arm-linux-gnueabi//bin/arm-linux-gnueabihf-gcc
COLLECT_LTO_WRAPPER=/media/panpan/xilinx/SDK/2018.1/gnu/aarch32/lin/gcc-arm-linux-gnueabi/bin/../libexec/gcc/arm-linux-gnueabihf/7.2.1/lto-wrapper
Target: arm-linux-gnueabihf
Configured with: /proj/esdt_sdk/gnu_abe/ABE/builds/lin/arm/arm-linux/snapshots//gcc-linaro-7.2-2017.11-rc1/configure SHELL=/bin/sh --with-bugurl=https://bugs.linaro.org --with-mpc=/proj/esdt_sdk/gnu_abe/ABE/builds/lin/arm/arm-linux/builds/destdir/x86_64-unknown-linux-gnu --with-mpfr=/proj/esdt_sdk/gnu_abe/ABE/builds/lin/arm/arm-linux/builds/destdir/x86_64-unknown-linux-gnu --with-gmp=/proj/esdt_sdk/gnu_abe/ABE/builds/lin/arm/arm-linux/builds/destdir/x86_64-unknown-linux-gnu --with-gnu-as --with-gnu-ld --disable-libstdcxx-pch --disable-libmudflap --with-cloog=no --with-ppl=no --with-isl=no --disable-nls --enable-c99 --enable-gnu-indirect-function --disable-multilib --with-tune=cortex-a9 --with-arch=armv7-a --with-fpu=vfpv3-d16 --with-float=hard --with-mode=arm --disable-multilib --enable-multiarch CFLAGS=-O2 CXXFLAGS=-O2 --disable-silent-rules --enable-libquadmath --enable-libg2c --enable-symvers=gnu --enable-libstdcxx-pch --enable-libssp --disable-libmudflap --enable-checking=release --enable-cheaders=c_global --enable-poison-system-directories --enable-clocale=generic --enable-shared --enable-threads=posix --disable-multilib --enable-c99 --without-local-prefix --enable-lto --disable-bootstrap --with-linker-hash-style=gnu --with-ppl=no --with-cloog=no --without-isl --enable-nls --enable-__cxa_atexit --with-build-sysroot=/proj/esdt_sdk/gnu_abe/ABE/builds/lin/arm/arm-linux/builds/destdir/x86_64-unknown-linux-gnu/arm-linux-gnueabihf/libc --enable-plugins --enable-linker-build-id --enable-long-long --enable-shared --with-sysroot=/proj/esdt_sdk/gnu_abe/ABE/builds/lin/arm/arm-linux/builds/destdir/x86_64-unknown-linux-gnu/arm-linux-gnueabihf/libc --enable-languages=c,c++,lto --enable-checking=yes --disable-bootstrap --with-bugurl=https://bugs.linaro.org --build=x86_64-unknown-linux-gnu --host=x86_64-unknown-linux-gnu --target=arm-linux-gnueabihf --prefix=/proj/esdt_sdk/gnu_abe/ABE/builds/lin/arm/arm-linux/builds/destdir/x86_64-unknown-linux-gnu
Thread model: posix
gcc version 7.2.1 20171011 (Linaro GCC 7.2-2017.11-rc1) 
configure:3737: $? = 0
configure:3726: /media/panpan/tools/buildroot-2018.02.8/output/host/bin/arm-linux-gnueabihf-gcc -V >&5
arm-linux-gnueabihf-gcc: error: unrecognized command line option '-V'
arm-linux-gnueabihf-gcc: fatal error: no input files
compilation terminated.
configure:3737: $? = 1
configure:3726: /media/panpan/tools/buildroot-2018.02.8/output/host/bin/arm-linux-gnueabihf-gcc -qversion >&5
arm-linux-gnueabihf-gcc: error: unrecognized command line option '-qversion'; did you mean '--version'?
arm-linux-gnueabihf-gcc: fatal error: no input files
compilation terminated.
configure:3737: $? = 1
configure:3757: checking whether the C compiler works
configure:3779: /media/panpan/tools/buildroot-2018.02.8/output/host/bin/arm-linux-gnueabihf-gcc -D_LARGEFILE_SOURCE -D_LARGEFILE64_SOURCE -D_FILE_OFFSET_BITS=64  -Os  -D_LARGEFILE_SOURCE -D_LARGEFILE64_SOURCE -D_FILE_OFFSET_BITS=64  conftest.c  >&5
configure:3783: $? = 0
configure:3831: result: yes
configure:3834: checking for C compiler default output file name
configure:3836: result: a.out
configure:3842: checking for suffix of executables
configure:3849: /media/panpan/tools/buildroot-2018.02.8/output/host/bin/arm-linux-gnueabihf-gcc -o conftest -D_LARGEFILE_SOURCE -D_LARGEFILE64_SOURCE -D_FILE_OFFSET_BITS=64  -Os  -D_LARGEFILE_SOURCE -D_LARGEFILE64_SOURCE -D_FILE_OFFSET_BITS=64  conftest.c  >&5
configure:3853: $? = 0
configure:3875: result: 
configure:3897: checking whether we are cross compiling
configure:3935: result: yes
configure:3940: checking for suffix of object files
configure:3962: /media/panpan/tools/buildroot-2018.02.8/output/host/bin/arm-linux-gnueabihf-gcc -c -D_LARGEFILE_SOURCE -D_LARGEFILE64_SOURCE -D_FILE_OFFSET_BITS=64  -Os  -D_LARGEFILE_SOURCE -D_LARGEFILE64_SOURCE -D_FILE_OFFSET_BITS=64 conftest.c >&5
configure:3966: $? = 0
configure:3987: result: o
configure:3991: checking whether we are using the GNU C compiler
configure:4010: /media/panpan/tools/buildroot-2018.02.8/output/host/bin/arm-linux-gnueabihf-gcc -c -D_LARGEFILE_SOURCE -D_LARGEFILE64_SOURCE -D_FILE_OFFSET_BITS=64  -Os  -D_LARGEFILE_SOURCE -D_LARGEFILE64_SOURCE -D_FILE_OFFSET_BITS=64 conftest.c >&5
configure:4010: $? = 0
configure:4019: result: yes
configure:4028: checking whether /media/panpan/tools/buildroot-2018.02.8/output/host/bin/arm-linux-gnueabihf-gcc accepts -g
configure:4048: /media/panpan/tools/buildroot-2018.02.8/output/host/bin/arm-linux-gnueabihf-gcc -c -g -D_LARGEFILE_SOURCE -D_LARGEFILE64_SOURCE -D_FILE_OFFSET_BITS=64 conftest.c >&5
configure:4048: $? = 0
configure:4089: result: yes
configure:4106: checking for /media/panpan/tools/buildroot-2018.02.8/output/host/bin/arm-linux-gnueabihf-gcc option to accept ISO C89
configure:4169: /media/panpan/tools/buildroot-2018.02.8/output/host/bin/arm-linux-gnueabihf-gcc  -c -D_LARGEFILE_SOURCE -D_LARGEFILE64_SOURCE -D_FILE_OFFSET_BITS=64  -Os  -D_LARGEFILE_SOURCE -D_LARGEFILE64_SOURCE -D_FILE_OFFSET_BITS=64 conftest.c >&5
configure:4169: $? = 0
configure:4182: result: none needed
configure:4207: checking whether /media/panpan/tools/buildroot-2018.02.8/output/host/bin/arm-linux-gnueabihf-gcc understands -c and -o together
configure:4229: /media/panpan/tools/buildroot-2018.02.8/output/host/bin/arm-linux-gnueabihf-gcc -c conftest.c -o conftest2.o
configure:4232: $? = 0
configure:4229: /media/panpan/tools/buildroot-2018.02.8/output/host/bin/arm-linux-gnueabihf-gcc -c conftest.c -o conftest2.o
configure:4232: $? = 0
configure:4244: result: yes
configure:4263: checking dependency style of /media/panpan/tools/buildroot-2018.02.8/output/host/bin/arm-linux-gnueabihf-gcc
configure:4374: result: none
configure:4393: checking build system type
configure:4407: result: x86_64-pc-linux-gnu
configure:4427: checking host system type
configure:4440: result: arm-buildroot-linux-gnueabihf
configure:4485: checking for ld used by /media/panpan/tools/buildroot-2018.02.8/output/host/bin/arm-linux-gnueabihf-gcc
configure:4552: result: /media/panpan/tools/buildroot-2018.02.8/output/host/bin/arm-linux-gnueabihf-ld
configure:4559: checking if the linker (/media/panpan/tools/buildroot-2018.02.8/output/host/bin/arm-linux-gnueabihf-ld) is GNU ld
configure:4574: result: yes
configure:4581: checking for shared library run path origin
configure:4594: result: done
configure:4619: checking how to run the C preprocessor
configure:4689: result: /media/panpan/tools/buildroot-2018.02.8/output/host/bin/arm-linux-gnueabihf-cpp
configure:4709: /media/panpan/tools/buildroot-2018.02.8/output/host/bin/arm-linux-gnueabihf-cpp -D_LARGEFILE_SOURCE -D_LARGEFILE64_SOURCE -D_FILE_OFFSET_BITS=64 conftest.c
configure:4709: $? = 0
configure:4723: /media/panpan/tools/buildroot-2018.02.8/output/host/bin/arm-linux-gnueabihf-cpp -D_LARGEFILE_SOURCE -D_LARGEFILE64_SOURCE -D_FILE_OFFSET_BITS=64 conftest.c
conftest.c:11:10: fatal error: ac_nonexistent.h: No such file or directory
 #include <ac_nonexistent.h>
          ^~~~~~~~~~~~~~~~~~
compilation terminated.
configure:4723: $? = 1
configure: failed program was:
| /* confdefs.h */
| #define PACKAGE_NAME "alsa-utils"
| #define PACKAGE_TARNAME "alsa-utils"
| #define PACKAGE_VERSION "1.1.5"
| #define PACKAGE_STRING "alsa-utils 1.1.5"
| #define PACKAGE_BUGREPORT ""
| #define PACKAGE_URL ""
| #define PACKAGE "alsa-utils"
| #define VERSION "1.1.5"
| /* end confdefs.h.  */
| #include <ac_nonexistent.h>
configure:4752: checking for grep that handles long lines and -e
configure:4810: result: /bin/grep
configure:4815: checking for egrep
configure:4877: result: /bin/grep -E
configure:5435: checking for CFPreferencesCopyAppValue
configure:5453: /media/panpan/tools/buildroot-2018.02.8/output/host/bin/arm-linux-gnueabihf-gcc -o conftest -D_LARGEFILE_SOURCE -D_LARGEFILE64_SOURCE -D_FILE_OFFSET_BITS=64  -Os  -D_LARGEFILE_SOURCE -D_LARGEFILE64_SOURCE -D_FILE_OFFSET_BITS=64  conftest.c  -Wl,-framework -Wl,CoreFoundation >&5
conftest.c:11:10: fatal error: CoreFoundation/CFPreferences.h: No such file or directory
 #include <CoreFoundation/CFPreferences.h>
          ^~~~~~~~~~~~~~~~~~~~~~~~~~~~~~~~
compilation terminated.
configure:5453: $? = 1
configure: failed program was:
| /* confdefs.h */
| #define PACKAGE_NAME "alsa-utils"
| #define PACKAGE_TARNAME "alsa-utils"
| #define PACKAGE_VERSION "1.1.5"
| #define PACKAGE_STRING "alsa-utils 1.1.5"
| #define PACKAGE_BUGREPORT ""
| #define PACKAGE_URL ""
| #define PACKAGE "alsa-utils"
| #define VERSION "1.1.5"
| /* end confdefs.h.  */
| #include <CoreFoundation/CFPreferences.h>
| int
| main ()
| {
| CFPreferencesCopyAppValue(NULL, NULL)
|   ;
|   return 0;
| }
configure:5462: result: no
configure:5469: checking for CFLocaleCopyCurrent
configure:5487: /media/panpan/tools/buildroot-2018.02.8/output/host/bin/arm-linux-gnueabihf-gcc -o conftest -D_LARGEFILE_SOURCE -D_LARGEFILE64_SOURCE -D_FILE_OFFSET_BITS=64  -Os  -D_LARGEFILE_SOURCE -D_LARGEFILE64_SOURCE -D_FILE_OFFSET_BITS=64  conftest.c  -Wl,-framework -Wl,CoreFoundation >&5
conftest.c:11:10: fatal error: CoreFoundation/CFLocale.h: No such file or directory
 #include <CoreFoundation/CFLocale.h>
          ^~~~~~~~~~~~~~~~~~~~~~~~~~~
compilation terminated.
configure:5487: $? = 1
configure: failed program was:
| /* confdefs.h */
| #define PACKAGE_NAME "alsa-utils"
| #define PACKAGE_TARNAME "alsa-utils"
| #define PACKAGE_VERSION "1.1.5"
| #define PACKAGE_STRING "alsa-utils 1.1.5"
| #define PACKAGE_BUGREPORT ""
| #define PACKAGE_URL ""
| #define PACKAGE "alsa-utils"
| #define VERSION "1.1.5"
| /* end confdefs.h.  */
| #include <CoreFoundation/CFLocale.h>
| int
| main ()
| {
| CFLocaleCopyCurrent();
|   ;
|   return 0;
| }
configure:5496: result: no
configure:6430: checking whether to use NLS
configure:6432: result: no
configure:6514: checking for arm-buildroot-linux-gnueabihf-gcc
configure:6541: result: /media/panpan/tools/buildroot-2018.02.8/output/host/bin/arm-linux-gnueabihf-gcc
configure:6810: checking for C compiler version
configure:6819: /media/panpan/tools/buildroot-2018.02.8/output/host/bin/arm-linux-gnueabihf-gcc --version >&5
arm-linux-gnueabihf-gcc (Linaro GCC 7.2-2017.11-rc1) 7.2.1 20171011
Copyright (C) 2017 Free Software Foundation, Inc.
This is free software; see the source for copying conditions.  There is NO
warranty; not even for MERCHANTABILITY or FITNESS FOR A PARTICULAR PURPOSE.

configure:6830: $? = 0
configure:6819: /media/panpan/tools/buildroot-2018.02.8/output/host/bin/arm-linux-gnueabihf-gcc -v >&5
Using built-in specs.
COLLECT_GCC=/media/panpan/xilinx/SDK/2018.1/gnu/aarch32/lin/gcc-arm-linux-gnueabi//bin/arm-linux-gnueabihf-gcc
COLLECT_LTO_WRAPPER=/media/panpan/xilinx/SDK/2018.1/gnu/aarch32/lin/gcc-arm-linux-gnueabi/bin/../libexec/gcc/arm-linux-gnueabihf/7.2.1/lto-wrapper
Target: arm-linux-gnueabihf
Configured with: /proj/esdt_sdk/gnu_abe/ABE/builds/lin/arm/arm-linux/snapshots//gcc-linaro-7.2-2017.11-rc1/configure SHELL=/bin/sh --with-bugurl=https://bugs.linaro.org --with-mpc=/proj/esdt_sdk/gnu_abe/ABE/builds/lin/arm/arm-linux/builds/destdir/x86_64-unknown-linux-gnu --with-mpfr=/proj/esdt_sdk/gnu_abe/ABE/builds/lin/arm/arm-linux/builds/destdir/x86_64-unknown-linux-gnu --with-gmp=/proj/esdt_sdk/gnu_abe/ABE/builds/lin/arm/arm-linux/builds/destdir/x86_64-unknown-linux-gnu --with-gnu-as --with-gnu-ld --disable-libstdcxx-pch --disable-libmudflap --with-cloog=no --with-ppl=no --with-isl=no --disable-nls --enable-c99 --enable-gnu-indirect-function --disable-multilib --with-tune=cortex-a9 --with-arch=armv7-a --with-fpu=vfpv3-d16 --with-float=hard --with-mode=arm --disable-multilib --enable-multiarch CFLAGS=-O2 CXXFLAGS=-O2 --disable-silent-rules --enable-libquadmath --enable-libg2c --enable-symvers=gnu --enable-libstdcxx-pch --enable-libssp --disable-libmudflap --enable-checking=release --enable-cheaders=c_global --enable-poison-system-directories --enable-clocale=generic --enable-shared --enable-threads=posix --disable-multilib --enable-c99 --without-local-prefix --enable-lto --disable-bootstrap --with-linker-hash-style=gnu --with-ppl=no --with-cloog=no --without-isl --enable-nls --enable-__cxa_atexit --with-build-sysroot=/proj/esdt_sdk/gnu_abe/ABE/builds/lin/arm/arm-linux/builds/destdir/x86_64-unknown-linux-gnu/arm-linux-gnueabihf/libc --enable-plugins --enable-linker-build-id --enable-long-long --enable-shared --with-sysroot=/proj/esdt_sdk/gnu_abe/ABE/builds/lin/arm/arm-linux/builds/destdir/x86_64-unknown-linux-gnu/arm-linux-gnueabihf/libc --enable-languages=c,c++,lto --enable-checking=yes --disable-bootstrap --with-bugurl=https://bugs.linaro.org --build=x86_64-unknown-linux-gnu --host=x86_64-unknown-linux-gnu --target=arm-linux-gnueabihf --prefix=/proj/esdt_sdk/gnu_abe/ABE/builds/lin/arm/arm-linux/builds/destdir/x86_64-unknown-linux-gnu
Thread model: posix
gcc version 7.2.1 20171011 (Linaro GCC 7.2-2017.11-rc1) 
configure:6830: $? = 0
configure:6819: /media/panpan/tools/buildroot-2018.02.8/output/host/bin/arm-linux-gnueabihf-gcc -V >&5
arm-linux-gnueabihf-gcc: error: unrecognized command line option '-V'
arm-linux-gnueabihf-gcc: fatal error: no input files
compilation terminated.
configure:6830: $? = 1
configure:6819: /media/panpan/tools/buildroot-2018.02.8/output/host/bin/arm-linux-gnueabihf-gcc -qversion >&5
arm-linux-gnueabihf-gcc: error: unrecognized command line option '-qversion'; did you mean '--version'?
arm-linux-gnueabihf-gcc: fatal error: no input files
compilation terminated.
configure:6830: $? = 1
configure:6834: checking whether we are using the GNU C compiler
configure:6862: result: yes
configure:6871: checking whether /media/panpan/tools/buildroot-2018.02.8/output/host/bin/arm-linux-gnueabihf-gcc accepts -g
configure:6932: result: yes
configure:6949: checking for /media/panpan/tools/buildroot-2018.02.8/output/host/bin/arm-linux-gnueabihf-gcc option to accept ISO C89
configure:7025: result: none needed
configure:7050: checking whether /media/panpan/tools/buildroot-2018.02.8/output/host/bin/arm-linux-gnueabihf-gcc understands -c and -o together
configure:7087: result: yes
configure:7106: checking dependency style of /media/panpan/tools/buildroot-2018.02.8/output/host/bin/arm-linux-gnueabihf-gcc
configure:7217: result: none
configure:7234: checking whether ln -s works
configure:7238: result: yes
configure:7245: checking for a sed that does not truncate output
configure:7309: result: /bin/sed
configure:7423: checking pkg-config is at least version 0.9.0
configure:7426: result: yes
configure:7465: checking for ALSA CFLAGS
configure:7471: result: 
configure:7474: checking for dlopen in -lc
configure:7499: /media/panpan/tools/buildroot-2018.02.8/output/host/bin/arm-linux-gnueabihf-gcc -o conftest -D_LARGEFILE_SOURCE -D_LARGEFILE64_SOURCE -D_FILE_OFFSET_BITS=64  -Os  -D_LARGEFILE_SOURCE -D_LARGEFILE64_SOURCE -D_FILE_OFFSET_BITS=64  conftest.c -lc   >&5
/tmp/ccorkaU8.o: In function `main':
conftest.c:(.text.startup+0x4): undefined reference to `dlopen'
collect2: error: ld returned 1 exit status
configure:7499: $? = 1
configure: failed program was:
| /* confdefs.h */
| #define PACKAGE_NAME "alsa-utils"
| #define PACKAGE_TARNAME "alsa-utils"
| #define PACKAGE_VERSION "1.1.5"
| #define PACKAGE_STRING "alsa-utils 1.1.5"
| #define PACKAGE_BUGREPORT ""
| #define PACKAGE_URL ""
| #define PACKAGE "alsa-utils"
| #define VERSION "1.1.5"
| /* end confdefs.h.  */
| 
| /* Override any GCC internal prototype to avoid an error.
|    Use char because int might match the return type of a GCC
|    builtin and then its argument prototype would still apply.  */
| #ifdef __cplusplus
| extern "C"
| #endif
| char dlopen ();
| int
| main ()
| {
| return dlopen ();
|   ;
|   return 0;
| }
configure:7508: result: no
configure:7513: checking for dlopen in -ldl
configure:7538: /media/panpan/tools/buildroot-2018.02.8/output/host/bin/arm-linux-gnueabihf-gcc -o conftest -D_LARGEFILE_SOURCE -D_LARGEFILE64_SOURCE -D_FILE_OFFSET_BITS=64  -Os  -D_LARGEFILE_SOURCE -D_LARGEFILE64_SOURCE -D_FILE_OFFSET_BITS=64  conftest.c -ldl   >&5
configure:7538: $? = 0
configure:7547: result: yes
configure:7556: checking for ALSA LDFLAGS
configure:7565: result:  -lasound -lm -ldl -lpthread
configure:7570: checking for libasound headers version >= 1.0.27
configure:7632: /media/panpan/tools/buildroot-2018.02.8/output/host/bin/arm-linux-gnueabihf-gcc -c -D_LARGEFILE_SOURCE -D_LARGEFILE64_SOURCE -D_FILE_OFFSET_BITS=64  -Os  -D_LARGEFILE_SOURCE -D_LARGEFILE64_SOURCE -D_FILE_OFFSET_BITS=64 conftest.c >&5
configure:7632: $? = 0
configure:7633: result: found.
configure:7652: checking for snd_ctl_open in -lasound
configure:7677: /media/panpan/tools/buildroot-2018.02.8/output/host/bin/arm-linux-gnueabihf-gcc -o conftest -D_LARGEFILE_SOURCE -D_LARGEFILE64_SOURCE -D_FILE_OFFSET_BITS=64  -Os  -D_LARGEFILE_SOURCE -D_LARGEFILE64_SOURCE -D_FILE_OFFSET_BITS=64  conftest.c -lasound   -lasound -lm -ldl -lpthread  >&5
configure:7677: $? = 0
configure:7686: result: yes
configure:7722: checking for snd_ctl_elem_add_enumerated
configure:7722: /media/panpan/tools/buildroot-2018.02.8/output/host/bin/arm-linux-gnueabihf-gcc -o conftest -D_LARGEFILE_SOURCE -D_LARGEFILE64_SOURCE -D_FILE_OFFSET_BITS=64  -Os  -D_LARGEFILE_SOURCE -D_LARGEFILE64_SOURCE -D_FILE_OFFSET_BITS=64  conftest.c -lasound -lm -ldl -lpthread >&5
configure:7722: $? = 0
configure:7722: result: yes
configure:7733: checking for alsa/pcm.h
configure:7733: /media/panpan/tools/buildroot-2018.02.8/output/host/bin/arm-linux-gnueabihf-gcc -c -D_LARGEFILE_SOURCE -D_LARGEFILE64_SOURCE -D_FILE_OFFSET_BITS=64  -Os  -D_LARGEFILE_SOURCE -D_LARGEFILE64_SOURCE -D_FILE_OFFSET_BITS=64 conftest.c >&5
configure:7733: $? = 0
configure:7733: result: yes
configure:7748: checking for alsa/mixer.h
configure:7748: /media/panpan/tools/buildroot-2018.02.8/output/host/bin/arm-linux-gnueabihf-gcc -c -D_LARGEFILE_SOURCE -D_LARGEFILE64_SOURCE -D_FILE_OFFSET_BITS=64  -Os  -D_LARGEFILE_SOURCE -D_LARGEFILE64_SOURCE -D_FILE_OFFSET_BITS=64 conftest.c >&5
configure:7748: $? = 0
configure:7748: result: yes
configure:7763: checking for alsa/rawmidi.h
configure:7763: /media/panpan/tools/buildroot-2018.02.8/output/host/bin/arm-linux-gnueabihf-gcc -c -D_LARGEFILE_SOURCE -D_LARGEFILE64_SOURCE -D_FILE_OFFSET_BITS=64  -Os  -D_LARGEFILE_SOURCE -D_LARGEFILE64_SOURCE -D_FILE_OFFSET_BITS=64 conftest.c >&5
configure:7763: $? = 0
configure:7763: result: yes
configure:7778: checking for alsa/seq.h
configure:7778: /media/panpan/tools/buildroot-2018.02.8/output/host/bin/arm-linux-gnueabihf-gcc -c -D_LARGEFILE_SOURCE -D_LARGEFILE64_SOURCE -D_FILE_OFFSET_BITS=64  -Os  -D_LARGEFILE_SOURCE -D_LARGEFILE64_SOURCE -D_FILE_OFFSET_BITS=64 conftest.c >&5
configure:7778: $? = 0
configure:7778: result: yes
configure:7793: checking for alsa/use-case.h
configure:7793: /media/panpan/tools/buildroot-2018.02.8/output/host/bin/arm-linux-gnueabihf-gcc -c -D_LARGEFILE_SOURCE -D_LARGEFILE64_SOURCE -D_FILE_OFFSET_BITS=64  -Os  -D_LARGEFILE_SOURCE -D_LARGEFILE64_SOURCE -D_FILE_OFFSET_BITS=64 conftest.c >&5
configure:7793: $? = 0
configure:7793: result: yes
configure:7808: checking for alsa/topology.h
configure:7808: /media/panpan/tools/buildroot-2018.02.8/output/host/bin/arm-linux-gnueabihf-gcc -c -D_LARGEFILE_SOURCE -D_LARGEFILE64_SOURCE -D_FILE_OFFSET_BITS=64  -Os  -D_LARGEFILE_SOURCE -D_LARGEFILE64_SOURCE -D_FILE_OFFSET_BITS=64 conftest.c >&5
configure:7808: $? = 0
configure:7808: result: yes
configure:7823: checking for samplerate.h
configure:7823: /media/panpan/tools/buildroot-2018.02.8/output/host/bin/arm-linux-gnueabihf-gcc -c -D_LARGEFILE_SOURCE -D_LARGEFILE64_SOURCE -D_FILE_OFFSET_BITS=64  -Os  -D_LARGEFILE_SOURCE -D_LARGEFILE64_SOURCE -D_FILE_OFFSET_BITS=64 conftest.c >&5
configure:7823: $? = 0
configure:7823: result: yes
configure:7837: checking for snd_seq_client_info_get_card in -lasound
configure:7862: /media/panpan/tools/buildroot-2018.02.8/output/host/bin/arm-linux-gnueabihf-gcc -o conftest -D_LARGEFILE_SOURCE -D_LARGEFILE64_SOURCE -D_FILE_OFFSET_BITS=64  -Os  -D_LARGEFILE_SOURCE -D_LARGEFILE64_SOURCE -D_FILE_OFFSET_BITS=64  conftest.c -lasound  -lasound -lm -ldl -lpthread >&5
configure:7862: $? = 0
configure:7871: result: yes
configure:7882: checking for snd_seq_client_info_get_pid in -lasound
configure:7907: /media/panpan/tools/buildroot-2018.02.8/output/host/bin/arm-linux-gnueabihf-gcc -o conftest -D_LARGEFILE_SOURCE -D_LARGEFILE64_SOURCE -D_FILE_OFFSET_BITS=64  -Os  -D_LARGEFILE_SOURCE -D_LARGEFILE64_SOURCE -D_FILE_OFFSET_BITS=64  conftest.c -lasound  -lasound -lm -ldl -lpthread >&5
configure:7907: $? = 0
configure:7916: result: yes
configure:8250: checking for librt
configure:8261: checking for clock_gettime in -lrt
configure:8286: /media/panpan/tools/buildroot-2018.02.8/output/host/bin/arm-linux-gnueabihf-gcc -o conftest -D_LARGEFILE_SOURCE -D_LARGEFILE64_SOURCE -D_FILE_OFFSET_BITS=64  -Os  -D_LARGEFILE_SOURCE -D_LARGEFILE64_SOURCE -D_FILE_OFFSET_BITS=64  conftest.c -lrt  -lasound -lm -ldl -lpthread >&5
configure:8286: $? = 0
configure:8295: result: yes
configure:8508: checking for ANSI C header files
configure:8528: /media/panpan/tools/buildroot-2018.02.8/output/host/bin/arm-linux-gnueabihf-gcc -c -D_LARGEFILE_SOURCE -D_LARGEFILE64_SOURCE -D_FILE_OFFSET_BITS=64  -Os  -D_LARGEFILE_SOURCE -D_LARGEFILE64_SOURCE -D_FILE_OFFSET_BITS=64 conftest.c >&5
configure:8528: $? = 0
configure:8612: result: yes
configure:8890: checking for NCURSES
configure:8897: $PKG_CONFIG --exists --print-errors "ncurses"
configure:8900: $? = 0
configure:8914: $PKG_CONFIG --exists --print-errors "ncurses"
configure:8917: $? = 0
configure:9127: result: yes
configure:9184: checking for curses library
configure:9186: result: ncurses
configure:9188: checking for curses header name
configure:9190: result: <ncurses.h>
configure:9192: checking for curses compiler flags
configure:9194: result: -D_GNU_SOURCE  
configure:9223: /media/panpan/tools/buildroot-2018.02.8/output/host/bin/arm-linux-gnueabihf-gcc -o conftest -D_LARGEFILE_SOURCE -D_LARGEFILE64_SOURCE -D_FILE_OFFSET_BITS=64  -Os  -D_GNU_SOURCE   -D_LARGEFILE_SOURCE -D_LARGEFILE64_SOURCE -D_FILE_OFFSET_BITS=64  conftest.c -lncurses   -lasound -lm -ldl -lpthread >&5
configure:9223: $? = 0
configure:9276: checking for sys/types.h
configure:9276: /media/panpan/tools/buildroot-2018.02.8/output/host/bin/arm-linux-gnueabihf-gcc -c -D_LARGEFILE_SOURCE -D_LARGEFILE64_SOURCE -D_FILE_OFFSET_BITS=64  -Os  -D_GNU_SOURCE   -D_LARGEFILE_SOURCE -D_LARGEFILE64_SOURCE -D_FILE_OFFSET_BITS=64 conftest.c >&5
configure:9276: $? = 0
configure:9276: result: yes
configure:9276: checking for sys/stat.h
configure:9276: /media/panpan/tools/buildroot-2018.02.8/output/host/bin/arm-linux-gnueabihf-gcc -c -D_LARGEFILE_SOURCE -D_LARGEFILE64_SOURCE -D_FILE_OFFSET_BITS=64  -Os  -D_GNU_SOURCE   -D_LARGEFILE_SOURCE -D_LARGEFILE64_SOURCE -D_FILE_OFFSET_BITS=64 conftest.c >&5
configure:9276: $? = 0
configure:9276: result: yes
configure:9276: checking for stdlib.h
configure:9276: /media/panpan/tools/buildroot-2018.02.8/output/host/bin/arm-linux-gnueabihf-gcc -c -D_LARGEFILE_SOURCE -D_LARGEFILE64_SOURCE -D_FILE_OFFSET_BITS=64  -Os  -D_GNU_SOURCE   -D_LARGEFILE_SOURCE -D_LARGEFILE64_SOURCE -D_FILE_OFFSET_BITS=64 conftest.c >&5
configure:9276: $? = 0
configure:9276: result: yes
configure:9276: checking for string.h
configure:9276: /media/panpan/tools/buildroot-2018.02.8/output/host/bin/arm-linux-gnueabihf-gcc -c -D_LARGEFILE_SOURCE -D_LARGEFILE64_SOURCE -D_FILE_OFFSET_BITS=64  -Os  -D_GNU_SOURCE   -D_LARGEFILE_SOURCE -D_LARGEFILE64_SOURCE -D_FILE_OFFSET_BITS=64 conftest.c >&5
configure:9276: $? = 0
configure:9276: result: yes
configure:9276: checking for memory.h
configure:9276: /media/panpan/tools/buildroot-2018.02.8/output/host/bin/arm-linux-gnueabihf-gcc -c -D_LARGEFILE_SOURCE -D_LARGEFILE64_SOURCE -D_FILE_OFFSET_BITS=64  -Os  -D_GNU_SOURCE   -D_LARGEFILE_SOURCE -D_LARGEFILE64_SOURCE -D_FILE_OFFSET_BITS=64 conftest.c >&5
configure:9276: $? = 0
configure:9276: result: yes
configure:9276: checking for strings.h
configure:9276: /media/panpan/tools/buildroot-2018.02.8/output/host/bin/arm-linux-gnueabihf-gcc -c -D_LARGEFILE_SOURCE -D_LARGEFILE64_SOURCE -D_FILE_OFFSET_BITS=64  -Os  -D_GNU_SOURCE   -D_LARGEFILE_SOURCE -D_LARGEFILE64_SOURCE -D_FILE_OFFSET_BITS=64 conftest.c >&5
configure:9276: $? = 0
configure:9276: result: yes
configure:9276: checking for inttypes.h
configure:9276: /media/panpan/tools/buildroot-2018.02.8/output/host/bin/arm-linux-gnueabihf-gcc -c -D_LARGEFILE_SOURCE -D_LARGEFILE64_SOURCE -D_FILE_OFFSET_BITS=64  -Os  -D_GNU_SOURCE   -D_LARGEFILE_SOURCE -D_LARGEFILE64_SOURCE -D_FILE_OFFSET_BITS=64 conftest.c >&5
configure:9276: $? = 0
configure:9276: result: yes
configure:9276: checking for stdint.h
configure:9276: /media/panpan/tools/buildroot-2018.02.8/output/host/bin/arm-linux-gnueabihf-gcc -c -D_LARGEFILE_SOURCE -D_LARGEFILE64_SOURCE -D_FILE_OFFSET_BITS=64  -Os  -D_GNU_SOURCE   -D_LARGEFILE_SOURCE -D_LARGEFILE64_SOURCE -D_FILE_OFFSET_BITS=64 conftest.c >&5
configure:9276: $? = 0
configure:9276: result: yes
configure:9276: checking for unistd.h
configure:9276: /media/panpan/tools/buildroot-2018.02.8/output/host/bin/arm-linux-gnueabihf-gcc -c -D_LARGEFILE_SOURCE -D_LARGEFILE64_SOURCE -D_FILE_OFFSET_BITS=64  -Os  -D_GNU_SOURCE   -D_LARGEFILE_SOURCE -D_LARGEFILE64_SOURCE -D_FILE_OFFSET_BITS=64 conftest.c >&5
configure:9276: $? = 0
configure:9276: result: yes
configure:9291: checking panel.h usability
configure:9291: /media/panpan/tools/buildroot-2018.02.8/output/host/bin/arm-linux-gnueabihf-gcc -c -D_LARGEFILE_SOURCE -D_LARGEFILE64_SOURCE -D_FILE_OFFSET_BITS=64  -Os  -D_GNU_SOURCE   -D_LARGEFILE_SOURCE -D_LARGEFILE64_SOURCE -D_FILE_OFFSET_BITS=64 conftest.c >&5
configure:9291: $? = 0
configure:9291: result: yes
configure:9291: checking panel.h presence
configure:9291: /media/panpan/tools/buildroot-2018.02.8/output/host/bin/arm-linux-gnueabihf-cpp -D_LARGEFILE_SOURCE -D_LARGEFILE64_SOURCE -D_FILE_OFFSET_BITS=64 conftest.c
configure:9291: $? = 0
configure:9291: result: yes
configure:9291: checking for panel.h
configure:9291: result: yes
configure:9291: checking menu.h usability
configure:9291: /media/panpan/tools/buildroot-2018.02.8/output/host/bin/arm-linux-gnueabihf-gcc -c -D_LARGEFILE_SOURCE -D_LARGEFILE64_SOURCE -D_FILE_OFFSET_BITS=64  -Os  -D_GNU_SOURCE   -D_LARGEFILE_SOURCE -D_LARGEFILE64_SOURCE -D_FILE_OFFSET_BITS=64 conftest.c >&5
configure:9291: $? = 0
configure:9291: result: yes
configure:9291: checking menu.h presence
configure:9291: /media/panpan/tools/buildroot-2018.02.8/output/host/bin/arm-linux-gnueabihf-cpp -D_LARGEFILE_SOURCE -D_LARGEFILE64_SOURCE -D_FILE_OFFSET_BITS=64 conftest.c
configure:9291: $? = 0
configure:9291: result: yes
configure:9291: checking for menu.h
configure:9291: result: yes
configure:9291: checking form.h usability
configure:9291: /media/panpan/tools/buildroot-2018.02.8/output/host/bin/arm-linux-gnueabihf-gcc -c -D_LARGEFILE_SOURCE -D_LARGEFILE64_SOURCE -D_FILE_OFFSET_BITS=64  -Os  -D_GNU_SOURCE   -D_LARGEFILE_SOURCE -D_LARGEFILE64_SOURCE -D_FILE_OFFSET_BITS=64 conftest.c >&5
configure:9291: $? = 0
configure:9291: result: yes
configure:9291: checking form.h presence
configure:9291: /media/panpan/tools/buildroot-2018.02.8/output/host/bin/arm-linux-gnueabihf-cpp -D_LARGEFILE_SOURCE -D_LARGEFILE64_SOURCE -D_FILE_OFFSET_BITS=64 conftest.c
configure:9291: $? = 0
configure:9291: result: yes
configure:9291: checking for form.h
configure:9291: result: yes
configure:9304: checking for new_panel in -lpanel
configure:9329: /media/panpan/tools/buildroot-2018.02.8/output/host/bin/arm-linux-gnueabihf-gcc -o conftest -D_LARGEFILE_SOURCE -D_LARGEFILE64_SOURCE -D_FILE_OFFSET_BITS=64  -Os  -D_GNU_SOURCE   -D_LARGEFILE_SOURCE -D_LARGEFILE64_SOURCE -D_FILE_OFFSET_BITS=64  conftest.c -lpanel  -lncurses   -lasound -lm -ldl -lpthread >&5
configure:9329: $? = 0
configure:9339: result: yes
configure:9348: checking for new_menu in -lmenu
configure:9373: /media/panpan/tools/buildroot-2018.02.8/output/host/bin/arm-linux-gnueabihf-gcc -o conftest -D_LARGEFILE_SOURCE -D_LARGEFILE64_SOURCE -D_FILE_OFFSET_BITS=64  -Os  -D_GNU_SOURCE   -D_LARGEFILE_SOURCE -D_LARGEFILE64_SOURCE -D_FILE_OFFSET_BITS=64  conftest.c -lmenu  -lncurses   -lasound -lm -ldl -lpthread >&5
configure:9373: $? = 0
configure:9383: result: yes
configure:9392: checking for new_form in -lform
configure:9417: /media/panpan/tools/buildroot-2018.02.8/output/host/bin/arm-linux-gnueabihf-gcc -o conftest -D_LARGEFILE_SOURCE -D_LARGEFILE64_SOURCE -D_FILE_OFFSET_BITS=64  -Os  -D_GNU_SOURCE   -D_LARGEFILE_SOURCE -D_LARGEFILE64_SOURCE -D_FILE_OFFSET_BITS=64  conftest.c -lform  -lncurses   -lasound -lm -ldl -lpthread >&5
configure:9417: $? = 0
configure:9427: result: yes
configure:9444: checking for curses linker flags
configure:9446: result: -lform -lmenu -lpanel -lncurses  
configure:9490: checking for an ANSI C-conforming const
configure:9556: /media/panpan/tools/buildroot-2018.02.8/output/host/bin/arm-linux-gnueabihf-gcc -c -D_LARGEFILE_SOURCE -D_LARGEFILE64_SOURCE -D_FILE_OFFSET_BITS=64  -Os  -D_LARGEFILE_SOURCE -D_LARGEFILE64_SOURCE -D_FILE_OFFSET_BITS=64 conftest.c >&5
configure:9556: $? = 0
configure:9563: result: yes
configure:9571: checking for inline
configure:9587: /media/panpan/tools/buildroot-2018.02.8/output/host/bin/arm-linux-gnueabihf-gcc -c -D_LARGEFILE_SOURCE -D_LARGEFILE64_SOURCE -D_FILE_OFFSET_BITS=64  -Os  -D_LARGEFILE_SOURCE -D_LARGEFILE64_SOURCE -D_FILE_OFFSET_BITS=64 conftest.c >&5
configure:9587: $? = 0
configure:9595: result: inline
configure:9613: checking whether time.h and sys/time.h may both be included
configure:9633: /media/panpan/tools/buildroot-2018.02.8/output/host/bin/arm-linux-gnueabihf-gcc -c -D_LARGEFILE_SOURCE -D_LARGEFILE64_SOURCE -D_FILE_OFFSET_BITS=64  -Os  -D_LARGEFILE_SOURCE -D_LARGEFILE64_SOURCE -D_FILE_OFFSET_BITS=64 conftest.c >&5
configure:9633: $? = 0
configure:9640: result: yes
configure:9650: checking whether /media/panpan/tools/buildroot-2018.02.8/output/host/bin/arm-linux-gnueabihf-gcc needs -traditional
configure:9684: result: no
configure:9699: checking for special C compiler options needed for large files
configure:9744: result: no
configure:9750: checking for _FILE_OFFSET_BITS value needed for large files
configure:9775: /media/panpan/tools/buildroot-2018.02.8/output/host/bin/arm-linux-gnueabihf-gcc -c -D_LARGEFILE_SOURCE -D_LARGEFILE64_SOURCE -D_FILE_OFFSET_BITS=64  -Os  -D_LARGEFILE_SOURCE -D_LARGEFILE64_SOURCE -D_FILE_OFFSET_BITS=64 conftest.c >&5
configure:9775: $? = 0
configure:9807: result: no
configure:9914: checking for SYSTEMD
configure:9921: $PKG_CONFIG --exists --print-errors "systemd >= 18"
Package systemd was not found in the pkg-config search path.
Perhaps you should add the directory containing `systemd.pc'
to the PKG_CONFIG_PATH environment variable
Package 'systemd', required by 'world', not found
configure:9924: $? = 1
configure:9938: $PKG_CONFIG --exists --print-errors "systemd >= 18"
Package systemd was not found in the pkg-config search path.
Perhaps you should add the directory containing `systemd.pc'
to the PKG_CONFIG_PATH environment variable
Package 'systemd', required by 'world', not found
configure:9941: $? = 1
configure:9955: result: no
Package systemd was not found in the pkg-config search path.
Perhaps you should add the directory containing `systemd.pc'
to the PKG_CONFIG_PATH environment variable
Package 'systemd', required by 'world', not found
configure:10156: checking that generated files are newer than configure
configure:10162: result: done
configure:10257: creating ./config.status

## ---------------------- ##
## Running config.status. ##
## ---------------------- ##

This file was extended by alsa-utils config.status 1.1.5, which was
generated by GNU Autoconf 2.69.  Invocation command line was

  CONFIG_FILES    = 
  CONFIG_HEADERS  = 
  CONFIG_LINKS    = 
  CONFIG_COMMANDS = 
  $ ./config.status 

on zed-00

config.status:1005: creating Makefile
config.status:1005: creating alsactl/Makefile
config.status:1005: creating alsactl/init/Makefile
config.status:1005: creating alsamixer/Makefile
config.status:1005: creating amidi/Makefile
config.status:1005: creating amixer/Makefile
config.status:1005: creating m4/Makefile
config.status:1005: creating po/Makefile.in
config.status:1005: creating alsaconf/alsaconf
config.status:1005: creating alsaconf/Makefile
config.status:1005: creating alsaconf/po/Makefile
config.status:1113: WARNING:  'alsaconf/po/Makefile.in' seems to ignore the --datarootdir setting
config.status:1005: creating alsaucm/Makefile
config.status:1005: creating topology/Makefile
config.status:1005: creating bat/Makefile
config.status:1005: creating bat/tests/Makefile
config.status:1005: creating bat/tests/asound_state/Makefile
config.status:1005: creating aplay/Makefile
config.status:1005: creating include/Makefile
config.status:1005: creating iecset/Makefile
config.status:1005: creating utils/Makefile
config.status:1005: creating utils/alsa-utils.spec
config.status:1005: creating seq/Makefile
config.status:1005: creating seq/aconnect/Makefile
config.status:1005: creating seq/aplaymidi/Makefile
config.status:1005: creating seq/aseqdump/Makefile
config.status:1005: creating seq/aseqnet/Makefile
config.status:1005: creating speaker-test/Makefile
config.status:1005: creating speaker-test/samples/Makefile
config.status:1005: creating alsaloop/Makefile
config.status:1005: creating alsa-info/Makefile
config.status:1005: creating include/aconfig.h
config.status:1234: executing po-directories commands
config.status:1234: executing depfiles commands
configure:11720: WARNING: unrecognized options: --disable-gtk-doc, --disable-gtk-doc-html, --disable-doc, --disable-docs, --disable-documentation, --with-xmlto, --with-fop, --enable-ipv6, --enable-static, --enable-shared

## ---------------- ##
## Cache variables. ##
## ---------------- ##

ac_cv_build=x86_64-pc-linux-gnu
ac_cv_c_bigendian=no
ac_cv_c_compiler_gnu=yes
ac_cv_c_const=yes
ac_cv_c_inline=inline
ac_cv_env_CC_set=set
ac_cv_env_CC_value=/media/panpan/tools/buildroot-2018.02.8/output/host/bin/arm-linux-gnueabihf-gcc
ac_cv_env_CFLAGS_set=set
ac_cv_env_CFLAGS_value='-D_LARGEFILE_SOURCE -D_LARGEFILE64_SOURCE -D_FILE_OFFSET_BITS=64  -Os '
ac_cv_env_CPPFLAGS_set=set
ac_cv_env_CPPFLAGS_value='-D_LARGEFILE_SOURCE -D_LARGEFILE64_SOURCE -D_FILE_OFFSET_BITS=64'
ac_cv_env_CPP_set=set
ac_cv_env_CPP_value=/media/panpan/tools/buildroot-2018.02.8/output/host/bin/arm-linux-gnueabihf-cpp
ac_cv_env_LDFLAGS_set=set
ac_cv_env_LDFLAGS_value=
ac_cv_env_LIBS_set=set
ac_cv_env_LIBS_value=
ac_cv_env_NCURSESW_CFLAGS_set=
ac_cv_env_NCURSESW_CFLAGS_value=
ac_cv_env_NCURSESW_LIBS_set=
ac_cv_env_NCURSESW_LIBS_value=
ac_cv_env_NCURSES_CFLAGS_set=
ac_cv_env_NCURSES_CFLAGS_value=
ac_cv_env_NCURSES_LIBS_set=
ac_cv_env_NCURSES_LIBS_value=
ac_cv_env_PKG_CONFIG_LIBDIR_set=
ac_cv_env_PKG_CONFIG_LIBDIR_value=
ac_cv_env_PKG_CONFIG_PATH_set=
ac_cv_env_PKG_CONFIG_PATH_value=
ac_cv_env_PKG_CONFIG_set=set
ac_cv_env_PKG_CONFIG_value=/media/panpan/tools/buildroot-2018.02.8/output/host/bin/pkg-config
ac_cv_env_SYSTEMD_CFLAGS_set=
ac_cv_env_SYSTEMD_CFLAGS_value=
ac_cv_env_SYSTEMD_LIBS_set=
ac_cv_env_SYSTEMD_LIBS_value=
ac_cv_env_build_alias_set=set
ac_cv_env_build_alias_value=x86_64-pc-linux-gnu
ac_cv_env_host_alias_set=set
ac_cv_env_host_alias_value=arm-buildroot-linux-gnueabihf
ac_cv_env_target_alias_set=set
ac_cv_env_target_alias_value=arm-buildroot-linux-gnueabihf
ac_cv_func_calloc_0_nonnull=yes
ac_cv_func_malloc_0_nonnull=yes
ac_cv_func_memcmp_working=yes
ac_cv_func_mmap_fixed_mapped=yes
ac_cv_func_realloc_0_nonnull=yes
ac_cv_func_snd_ctl_elem_add_enumerated=yes
ac_cv_have_decl_malloc=yes
ac_cv_header_alsa_mixer_h=yes
ac_cv_header_alsa_pcm_h=yes
ac_cv_header_alsa_rawmidi_h=yes
ac_cv_header_alsa_seq_h=yes
ac_cv_header_alsa_topology_h=yes
ac_cv_header_alsa_use_case_h=yes
ac_cv_header_form_h=yes
ac_cv_header_inttypes_h=yes
ac_cv_header_memory_h=yes
ac_cv_header_menu_h=yes
ac_cv_header_panel_h=yes
ac_cv_header_samplerate_h=yes
ac_cv_header_stdc=yes
ac_cv_header_stdint_h=yes
ac_cv_header_stdlib_h=yes
ac_cv_header_string_h=yes
ac_cv_header_strings_h=yes
ac_cv_header_sys_stat_h=yes
ac_cv_header_sys_types_h=yes
ac_cv_header_time=yes
ac_cv_header_unistd_h=yes
ac_cv_host=arm-buildroot-linux-gnueabihf
ac_cv_lbl_unaligned_fail=yes
ac_cv_lib_asound_snd_ctl_open=yes
ac_cv_lib_asound_snd_seq_client_info_get_card=yes
ac_cv_lib_asound_snd_seq_client_info_get_pid=yes
ac_cv_lib_c_dlopen=no
ac_cv_lib_dl_dlopen=yes
ac_cv_lib_form___new_form=yes
ac_cv_lib_menu___new_menu=yes
ac_cv_lib_panel___new_panel=yes
ac_cv_lib_rt_clock_gettime=yes
ac_cv_objext=o
ac_cv_path_EGREP='/bin/grep -E'
ac_cv_path_GMSGFMT=/media/panpan/tools/buildroot-2018.02.8/output/host/bin/msgfmt
ac_cv_path_GREP=/bin/grep
ac_cv_path_MSGFMT=/media/panpan/tools/buildroot-2018.02.8/output/host/bin/msgfmt
ac_cv_path_MSGMERGE=/media/panpan/tools/buildroot-2018.02.8/output/host/bin/msgmerge
ac_cv_path_SED=/bin/sed
ac_cv_path_XGETTEXT=/media/panpan/tools/buildroot-2018.02.8/output/host/bin/xgettext
ac_cv_path_install='/usr/bin/install -c'
ac_cv_path_mkdir=/bin/mkdir
ac_cv_prog_AWK=gawk
ac_cv_prog_CC=/media/panpan/tools/buildroot-2018.02.8/output/host/bin/arm-linux-gnueabihf-gcc
ac_cv_prog_CPP=/media/panpan/tools/buildroot-2018.02.8/output/host/bin/arm-linux-gnueabihf-cpp
ac_cv_prog_STRIP=/media/panpan/tools/buildroot-2018.02.8/output/host/bin/arm-linux-gnueabihf-strip
ac_cv_prog_cc_c89=
ac_cv_prog_cc_g=yes
ac_cv_prog_gcc_traditional=no
ac_cv_prog_make_make_set=yes
ac_cv_prog_ncurses5_config=/media/panpan/tools/buildroot-2018.02.8/output/host/arm-buildroot-linux-gnueabihf/sysroot/usr/bin/ncurses6-config
ac_cv_sys_file_offset_bits=no
ac_cv_sys_largefile_CC=no
acl_cv_hardcode_direct=no
acl_cv_hardcode_libdir_flag_spec='${wl}-rpath ${wl}$libdir'
acl_cv_hardcode_libdir_separator=
acl_cv_hardcode_minus_L=no
acl_cv_libext=a
acl_cv_libname_spec='lib$name'
acl_cv_library_names_spec='$libname$shrext'
acl_cv_path_LD=/media/panpan/tools/buildroot-2018.02.8/output/host/bin/arm-linux-gnueabihf-ld
acl_cv_prog_gnu_ld=yes
acl_cv_rpath=done
acl_cv_shlibext=so
acl_cv_wl=-Wl,
am_cv_CC_dependencies_compiler_type=none
am_cv_make_support_nested_variables=yes
am_cv_prog_cc_c_o=yes
gl_cv_func_malloc_0_nonnull=yes
gt_cv_func_CFLocaleCopyCurrent=no
gt_cv_func_CFPreferencesCopyAppValue=no
lt_cv_sys_lib_search_path_spec=
pkg_cv_NCURSES_CFLAGS='-D_GNU_SOURCE  '
pkg_cv_NCURSES_LIBS='-lncurses  '

## ----------------- ##
## Output variables. ##
## ----------------- ##

ACLOCAL='${SHELL} /media/panpan/tools/buildroot-2018.02.8/output/build/alsa-utils-1.1.5/missing aclocal-1.15'
ALSACONF_FALSE='#'
ALSACONF_TRUE=''
ALSACTL_DAEMONSWITCH='/etc/alsa/state-daemon.conf'
ALSACTL_PIDFILE_DIR='/var/run'
ALSALOOP_FALSE=''
ALSALOOP_TRUE='#'
ALSAMIXER_FALSE='#'
ALSAMIXER_TRUE=''
ALSA_CFLAGS=''
ALSA_LIBS=' -lasound -lm -ldl -lpthread'
AMDEPBACKSLASH=''
AMDEP_FALSE=''
AMDEP_TRUE='#'
AMTAR='$${TAR-tar}'
AM_BACKSLASH='\'
AM_DEFAULT_V='$(AM_DEFAULT_VERBOSITY)'
AM_DEFAULT_VERBOSITY='1'
AM_V='$(V)'
ASOUND_LOCK_DIR='/var/lock'
ASOUND_STATE_DIR='/var/lib/alsa'
AUTOCONF='${SHELL} /media/panpan/tools/buildroot-2018.02.8/output/build/alsa-utils-1.1.5/missing autoconf'
AUTOHEADER='${SHELL} /media/panpan/tools/buildroot-2018.02.8/output/build/alsa-utils-1.1.5/missing autoheader'
AUTOMAKE='${SHELL} /media/panpan/tools/buildroot-2018.02.8/output/build/alsa-utils-1.1.5/missing automake-1.15'
AWK='gawk'
BAT_FALSE=''
BAT_TRUE='#'
CC='/media/panpan/tools/buildroot-2018.02.8/output/host/bin/arm-linux-gnueabihf-gcc'
CCDEPMODE='depmode=none'
CFLAGS='-D_LARGEFILE_SOURCE -D_LARGEFILE64_SOURCE -D_FILE_OFFSET_BITS=64  -Os '
CPP='/media/panpan/tools/buildroot-2018.02.8/output/host/bin/arm-linux-gnueabihf-cpp'
CPPFLAGS='-D_LARGEFILE_SOURCE -D_LARGEFILE64_SOURCE -D_FILE_OFFSET_BITS=64'
CURSESINC='<ncurses.h>'
CURSESLIB='-lform -lmenu -lpanel -lncurses  '
CURSES_CFLAGS='-D_GNU_SOURCE  '
CYGPATH_W='echo'
DEFS='-DHAVE_CONFIG_H'
DEPDIR='.deps'
ECHO_C=''
ECHO_N='-n'
ECHO_T=''
EGREP='/bin/grep -E'
EXEEXT=''
FFTW_CFLAGS=''
FFTW_INC=''
FFTW_LIB=''
GETTEXT_MACRO_VERSION='0.19'
GMSGFMT='/media/panpan/tools/buildroot-2018.02.8/output/host/bin/msgfmt'
GMSGFMT_015='/media/panpan/tools/buildroot-2018.02.8/output/host/bin/msgfmt'
GREP='/bin/grep'
HAVE_LIBFFTW3_FALSE=''
HAVE_LIBFFTW3_TRUE='#'
HAVE_LIBTINYALSA_FALSE=''
HAVE_LIBTINYALSA_TRUE='#'
HAVE_MIXER_FALSE='#'
HAVE_MIXER_TRUE=''
HAVE_PCM_FALSE='#'
HAVE_PCM_TRUE=''
HAVE_RAWMIDI_FALSE='#'
HAVE_RAWMIDI_TRUE=''
HAVE_SAMPLERATE_FALSE='#'
HAVE_SAMPLERATE_TRUE=''
HAVE_SEQ_FALSE='#'
HAVE_SEQ_TRUE=''
HAVE_SYSTEMD_FALSE=''
HAVE_SYSTEMD_TRUE='#'
HAVE_TOPOLOGY_FALSE='#'
HAVE_TOPOLOGY_TRUE=''
HAVE_UCM_FALSE='#'
HAVE_UCM_TRUE=''
INSTALL_DATA='${INSTALL} -m 644'
INSTALL_PROGRAM='${INSTALL}'
INSTALL_SCRIPT='${INSTALL}'
INSTALL_STRIP_PROGRAM='$(install_sh) -c -s'
INTLLIBS=''
INTL_MACOSX_LIBS=''
LDFLAGS=''
LIBICONV='-liconv'
LIBINTL=''
LIBOBJS=''
LIBRT='-lrt'
LIBS='-lasound -lm -ldl -lpthread'
LN_S='ln -s'
LTLIBICONV='-liconv'
LTLIBINTL=''
LTLIBOBJS=''
MAINT=''
MAINTAINER_MODE_FALSE='#'
MAINTAINER_MODE_TRUE=''
MAKEINFO='${SHELL} /media/panpan/tools/buildroot-2018.02.8/output/build/alsa-utils-1.1.5/missing makeinfo'
MKDIR_P='/bin/mkdir -p'
MSGFMT='/media/panpan/tools/buildroot-2018.02.8/output/host/bin/msgfmt'
MSGFMT_015='/media/panpan/tools/buildroot-2018.02.8/output/host/bin/msgfmt'
MSGMERGE='/media/panpan/tools/buildroot-2018.02.8/output/host/bin/msgmerge'
NCURSESW_CFLAGS=''
NCURSESW_LIBS=''
NCURSES_CFLAGS='-D_GNU_SOURCE  '
NCURSES_LIBS='-lncurses  '
OBJEXT='o'
PACKAGE='alsa-utils'
PACKAGE_BUGREPORT=''
PACKAGE_NAME='alsa-utils'
PACKAGE_STRING='alsa-utils 1.1.5'
PACKAGE_TARNAME='alsa-utils'
PACKAGE_URL=''
PACKAGE_VERSION='1.1.5'
PATH_SEPARATOR=':'
PKG_CONFIG='/media/panpan/tools/buildroot-2018.02.8/output/host/bin/pkg-config'
PKG_CONFIG_LIBDIR=''
PKG_CONFIG_PATH=''
POSUB=''
SED='/bin/sed'
SET_MAKE=''
SHELL='/bin/sh'
SND_UTIL_MAJOR='1'
SND_UTIL_MINOR='1'
SND_UTIL_SUBMINOR='5'
SND_UTIL_VERSION='1.1.5'
STRIP='/media/panpan/tools/buildroot-2018.02.8/output/host/bin/arm-linux-gnueabihf-strip'
SYSTEMD_CFLAGS=''
SYSTEMD_LIBS=''
TESTSOUND='/usr/share/test.wav'
USE_NLS='no'
USE_RST2MAN_FALSE=''
USE_RST2MAN_TRUE='#'
USE_XMLTO_FALSE=''
USE_XMLTO_TRUE='#'
VERSION='1.1.5'
XGETTEXT='/media/panpan/tools/buildroot-2018.02.8/output/host/bin/xgettext'
XGETTEXT_015='/media/panpan/tools/buildroot-2018.02.8/output/host/bin/xgettext'
XGETTEXT_EXTRA_OPTIONS=''
ac_ct_CC=''
am__EXEEXT_FALSE=''
am__EXEEXT_TRUE='#'
am__fastdepCC_FALSE=''
am__fastdepCC_TRUE='#'
am__include='include'
am__isrc=''
am__leading_dot='.'
am__nodep=''
am__quote=''
am__tar='$${TAR-tar} chof - "$$tardir"'
am__untar='$${TAR-tar} xf -'
bindir='${exec_prefix}/bin'
build='x86_64-pc-linux-gnu'
build_alias='x86_64-pc-linux-gnu'
build_cpu='x86_64'
build_os='linux-gnu'
build_vendor='pc'
datadir='${datarootdir}'
datarootdir='${prefix}/share'
docdir='${datarootdir}/doc/${PACKAGE_TARNAME}'
dvidir='${docdir}'
exec_prefix='/usr'
host='arm-buildroot-linux-gnueabihf'
host_alias='arm-buildroot-linux-gnueabihf'
host_cpu='arm'
host_os='linux-gnueabihf'
host_vendor='buildroot'
htmldir='${docdir}'
includedir='${prefix}/include'
infodir='${datarootdir}/info'
install_sh='${SHELL} /media/panpan/tools/buildroot-2018.02.8/output/build/alsa-utils-1.1.5/install-sh'
libdir='${exec_prefix}/lib'
libexecdir='${exec_prefix}/libexec'
localedir='${datarootdir}/locale'
localstatedir='/var'
mandir='${datarootdir}/man'
mkdir_p='$(MKDIR_P)'
mydatadir='/usr/share/alsa'
ncurses5_config=''
ncursesw5_config=''
oldincludedir='/usr/include'
pdfdir='${docdir}'
prefix='/usr'
program_transform_name='s&^&&'
psdir='${docdir}'
rst2man_available=''
sbindir='${exec_prefix}/sbin'
sharedstatedir='${prefix}/com'
sysconfdir='/etc'
systemdsystemunitdir=''
target_alias='arm-buildroot-linux-gnueabihf'
udevrulesdir='/lib/udev/rules.d'
xmlto_available=''

## ----------- ##
## confdefs.h. ##
## ----------- ##

/* confdefs.h */
#define PACKAGE_NAME "alsa-utils"
#define PACKAGE_TARNAME "alsa-utils"
#define PACKAGE_VERSION "1.1.5"
#define PACKAGE_STRING "alsa-utils 1.1.5"
#define PACKAGE_BUGREPORT ""
#define PACKAGE_URL ""
#define PACKAGE "alsa-utils"
#define VERSION "1.1.5"
#define HAVE_LIBASOUND 1
#define HAVE_ALSA_PCM_H 1
#define HAVE_ALSA_MIXER_H 1
#define HAVE_ALSA_RAWMIDI_H 1
#define HAVE_ALSA_SEQ_H 1
#define HAVE_ALSA_USE_CASE_H 1
#define HAVE_ALSA_TOPOLOGY_H 1
#define HAVE_SAMPLERATE_H 1
#define HAVE_SEQ_CLIENT_INFO_GET_CARD 1
#define HAVE_SEQ_CLIENT_INFO_GET_PID 1
#define HAVE_LIBRT 1
#define HAVE_CLOCK_GETTIME 1
#define STDC_HEADERS 1
#define HAVE_CURSES_ESCDELAY 1
#define HAVE_SYS_TYPES_H 1
#define HAVE_SYS_STAT_H 1
#define HAVE_STDLIB_H 1
#define HAVE_STRING_H 1
#define HAVE_MEMORY_H 1
#define HAVE_STRINGS_H 1
#define HAVE_INTTYPES_H 1
#define HAVE_STDINT_H 1
#define HAVE_UNISTD_H 1
#define HAVE_PANEL_H 1
#define HAVE_MENU_H 1
#define HAVE_FORM_H 1
#define SOUNDSDIR "/usr/share/sounds/alsa"
#define DATADIR "/usr/share/alsa"
#define TIME_WITH_SYS_TIME 1
#define VERSION "1.1.5"

configure: exit 0
