This file contains any messages produced by compilers while
running configure, to aid debugging if configure makes a mistake.

It was created by Xproto configure 7.0.31, which was
generated by GNU Autoconf 2.69.  Invocation command line was

  $ ./configure --prefix=/media/panpan/tools/buildroot-2018.02.8/output/host --sysconfdir=/media/panpan/tools/buildroot-2018.02.8/output/host/etc --localstatedir=/media/panpan/tools/buildroot-2018.02.8/output/host/var --enable-shared --disable-static --disable-gtk-doc --disable-gtk-doc-html --disable-doc --disable-docs --disable-documentation --disable-debug --with-xmlto=no --with-fop=no --disable-dependency-tracking

## --------- ##
## Platform. ##
## --------- ##

hostname = zed-00
uname -m = x86_64
uname -r = 4.4.0-116-generic
uname -s = Linux
uname -v = #140-Ubuntu SMP Mon Feb 12 21:23:04 UTC 2018

/usr/bin/uname -p = unknown
/bin/uname -X     = unknown

/bin/arch              = unknown
/usr/bin/arch -k       = unknown
/usr/convex/getsysinfo = unknown
/usr/bin/hostinfo      = unknown
/bin/machine           = unknown
/usr/bin/oslevel       = unknown
/bin/universe          = unknown

PATH: /media/panpan/tools/buildroot-2018.02.8/output/host/bin
PATH: /media/panpan/tools/buildroot-2018.02.8/output/host/sbin
PATH: /usr/local/sbin
PATH: /usr/local/bin
PATH: /usr/sbin
PATH: /usr/bin
PATH: /sbin
PATH: /bin
PATH: /usr/games
PATH: /usr/local/games
PATH: /snap/bin
PATH: /home/panpan/player/webrtc/go_appengine


## ----------- ##
## Core tests. ##
## ----------- ##

configure:2401: checking for a BSD-compatible install
configure:2469: result: /usr/bin/install -c
configure:2480: checking whether build environment is sane
configure:2535: result: yes
configure:2573: WARNING: 'missing' script is too old or missing
configure:2686: checking for a thread-safe mkdir -p
configure:2725: result: /bin/mkdir -p
configure:2732: checking for gawk
configure:2748: found /usr/bin/gawk
configure:2759: result: gawk
configure:2770: checking whether make sets $(MAKE)
configure:2792: result: yes
configure:2821: checking whether make supports nested variables
configure:2838: result: yes
configure:2989: checking for style of include used by make
configure:3017: result: GNU
configure:3088: checking for gcc
configure:3115: result: /usr/bin/gcc
configure:3344: checking for C compiler version
configure:3353: /usr/bin/gcc --version >&5
gcc (Ubuntu 5.4.0-6ubuntu1~16.04.10) 5.4.0 20160609
Copyright (C) 2015 Free Software Foundation, Inc.
This is free software; see the source for copying conditions.  There is NO
warranty; not even for MERCHANTABILITY or FITNESS FOR A PARTICULAR PURPOSE.

configure:3364: $? = 0
configure:3353: /usr/bin/gcc -v >&5
Using built-in specs.
COLLECT_GCC=/usr/bin/gcc
COLLECT_LTO_WRAPPER=/usr/lib/gcc/x86_64-linux-gnu/5/lto-wrapper
Target: x86_64-linux-gnu
Configured with: ../src/configure -v --with-pkgversion='Ubuntu 5.4.0-6ubuntu1~16.04.10' --with-bugurl=file:///usr/share/doc/gcc-5/README.Bugs --enable-languages=c,ada,c++,java,go,d,fortran,objc,obj-c++ --prefix=/usr --program-suffix=-5 --enable-shared --enable-linker-build-id --libexecdir=/usr/lib --without-included-gettext --enable-threads=posix --libdir=/usr/lib --enable-nls --with-sysroot=/ --enable-clocale=gnu --enable-libstdcxx-debug --enable-libstdcxx-time=yes --with-default-libstdcxx-abi=new --enable-gnu-unique-object --disable-vtable-verify --enable-libmpx --enable-plugin --with-system-zlib --disable-browser-plugin --enable-java-awt=gtk --enable-gtk-cairo --with-java-home=/usr/lib/jvm/java-1.5.0-gcj-5-amd64/jre --enable-java-home --with-jvm-root-dir=/usr/lib/jvm/java-1.5.0-gcj-5-amd64 --with-jvm-jar-dir=/usr/lib/jvm-exports/java-1.5.0-gcj-5-amd64 --with-arch-directory=amd64 --with-ecj-jar=/usr/share/java/eclipse-ecj.jar --enable-objc-gc --enable-multiarch --disable-werror --with-arch-32=i686 --with-abi=m64 --with-multilib-list=m32,m64,mx32 --enable-multilib --with-tune=generic --enable-checking=release --build=x86_64-linux-gnu --host=x86_64-linux-gnu --target=x86_64-linux-gnu
Thread model: posix
gcc version 5.4.0 20160609 (Ubuntu 5.4.0-6ubuntu1~16.04.10) 
configure:3364: $? = 0
configure:3353: /usr/bin/gcc -V >&5
gcc: error: unrecognized command line option '-V'
gcc: fatal error: no input files
compilation terminated.
configure:3364: $? = 1
configure:3353: /usr/bin/gcc -qversion >&5
gcc: error: unrecognized command line option '-qversion'
gcc: fatal error: no input files
compilation terminated.
configure:3364: $? = 1
configure:3384: checking whether the C compiler works
configure:3406: /usr/bin/gcc -O2 -I/media/panpan/tools/buildroot-2018.02.8/output/host/include -I/media/panpan/tools/buildroot-2018.02.8/output/host/include -L/media/panpan/tools/buildroot-2018.02.8/output/host/lib -Wl,-rpath,/media/panpan/tools/buildroot-2018.02.8/output/host/lib conftest.c  >&5
configure:3410: $? = 0
configure:3458: result: yes
configure:3461: checking for C compiler default output file name
configure:3463: result: a.out
configure:3469: checking for suffix of executables
configure:3476: /usr/bin/gcc -o conftest -O2 -I/media/panpan/tools/buildroot-2018.02.8/output/host/include -I/media/panpan/tools/buildroot-2018.02.8/output/host/include -L/media/panpan/tools/buildroot-2018.02.8/output/host/lib -Wl,-rpath,/media/panpan/tools/buildroot-2018.02.8/output/host/lib conftest.c  >&5
configure:3480: $? = 0
configure:3502: result: 
configure:3524: checking whether we are cross compiling
configure:3532: /usr/bin/gcc -o conftest -O2 -I/media/panpan/tools/buildroot-2018.02.8/output/host/include -I/media/panpan/tools/buildroot-2018.02.8/output/host/include -L/media/panpan/tools/buildroot-2018.02.8/output/host/lib -Wl,-rpath,/media/panpan/tools/buildroot-2018.02.8/output/host/lib conftest.c  >&5
configure:3536: $? = 0
configure:3543: ./conftest
configure:3547: $? = 0
configure:3562: result: no
configure:3567: checking for suffix of object files
configure:3589: /usr/bin/gcc -c -O2 -I/media/panpan/tools/buildroot-2018.02.8/output/host/include -I/media/panpan/tools/buildroot-2018.02.8/output/host/include conftest.c >&5
configure:3593: $? = 0
configure:3614: result: o
configure:3618: checking whether we are using the GNU C compiler
configure:3637: /usr/bin/gcc -c -O2 -I/media/panpan/tools/buildroot-2018.02.8/output/host/include -I/media/panpan/tools/buildroot-2018.02.8/output/host/include conftest.c >&5
configure:3637: $? = 0
configure:3646: result: yes
configure:3655: checking whether /usr/bin/gcc accepts -g
configure:3675: /usr/bin/gcc -c -g -I/media/panpan/tools/buildroot-2018.02.8/output/host/include conftest.c >&5
configure:3675: $? = 0
configure:3716: result: yes
configure:3733: checking for /usr/bin/gcc option to accept ISO C89
configure:3796: /usr/bin/gcc  -c -O2 -I/media/panpan/tools/buildroot-2018.02.8/output/host/include -I/media/panpan/tools/buildroot-2018.02.8/output/host/include conftest.c >&5
configure:3796: $? = 0
configure:3809: result: none needed
configure:3834: checking whether /usr/bin/gcc understands -c and -o together
configure:3856: /usr/bin/gcc -c conftest.c -o conftest2.o
configure:3859: $? = 0
configure:3856: /usr/bin/gcc -c conftest.c -o conftest2.o
configure:3859: $? = 0
configure:3871: result: yes
configure:3890: checking dependency style of /usr/bin/gcc
configure:4001: result: none
configure:4016: checking for /usr/bin/gcc option to accept ISO C99
configure:4165: /usr/bin/gcc  -c -O2 -I/media/panpan/tools/buildroot-2018.02.8/output/host/include -I/media/panpan/tools/buildroot-2018.02.8/output/host/include conftest.c >&5
configure:4165: $? = 0
configure:4178: result: none needed
configure:4199: checking how to run the C preprocessor
configure:4269: result: /usr/bin/cpp
configure:4289: /usr/bin/cpp -I/media/panpan/tools/buildroot-2018.02.8/output/host/include conftest.c
configure:4289: $? = 0
configure:4303: /usr/bin/cpp -I/media/panpan/tools/buildroot-2018.02.8/output/host/include conftest.c
conftest.c:11:28: fatal error: ac_nonexistent.h: No such file or directory
compilation terminated.
configure:4303: $? = 1
configure: failed program was:
| /* confdefs.h */
| #define PACKAGE_NAME "Xproto"
| #define PACKAGE_TARNAME "xproto"
| #define PACKAGE_VERSION "7.0.31"
| #define PACKAGE_STRING "Xproto 7.0.31"
| #define PACKAGE_BUGREPORT "https://bugs.freedesktop.org/enter_bug.cgi?product=xorg"
| #define PACKAGE_URL ""
| #define PACKAGE "xproto"
| #define VERSION "7.0.31"
| /* end confdefs.h.  */
| #include <ac_nonexistent.h>
configure:4332: checking for grep that handles long lines and -e
configure:4390: result: /bin/grep
configure:4395: checking for egrep
configure:4457: result: /bin/grep -E
configure:4462: checking for ANSI C header files
configure:4482: /usr/bin/gcc -c -O2 -I/media/panpan/tools/buildroot-2018.02.8/output/host/include -I/media/panpan/tools/buildroot-2018.02.8/output/host/include conftest.c >&5
configure:4482: $? = 0
configure:4555: /usr/bin/gcc -o conftest -O2 -I/media/panpan/tools/buildroot-2018.02.8/output/host/include -I/media/panpan/tools/buildroot-2018.02.8/output/host/include -L/media/panpan/tools/buildroot-2018.02.8/output/host/lib -Wl,-rpath,/media/panpan/tools/buildroot-2018.02.8/output/host/lib conftest.c  >&5
configure:4555: $? = 0
configure:4555: ./conftest
configure:4555: $? = 0
configure:4566: result: yes
configure:4579: checking for sys/types.h
configure:4579: /usr/bin/gcc -c -O2 -I/media/panpan/tools/buildroot-2018.02.8/output/host/include -I/media/panpan/tools/buildroot-2018.02.8/output/host/include conftest.c >&5
configure:4579: $? = 0
configure:4579: result: yes
configure:4579: checking for sys/stat.h
configure:4579: /usr/bin/gcc -c -O2 -I/media/panpan/tools/buildroot-2018.02.8/output/host/include -I/media/panpan/tools/buildroot-2018.02.8/output/host/include conftest.c >&5
configure:4579: $? = 0
configure:4579: result: yes
configure:4579: checking for stdlib.h
configure:4579: /usr/bin/gcc -c -O2 -I/media/panpan/tools/buildroot-2018.02.8/output/host/include -I/media/panpan/tools/buildroot-2018.02.8/output/host/include conftest.c >&5
configure:4579: $? = 0
configure:4579: result: yes
configure:4579: checking for string.h
configure:4579: /usr/bin/gcc -c -O2 -I/media/panpan/tools/buildroot-2018.02.8/output/host/include -I/media/panpan/tools/buildroot-2018.02.8/output/host/include conftest.c >&5
configure:4579: $? = 0
configure:4579: result: yes
configure:4579: checking for memory.h
configure:4579: /usr/bin/gcc -c -O2 -I/media/panpan/tools/buildroot-2018.02.8/output/host/include -I/media/panpan/tools/buildroot-2018.02.8/output/host/include conftest.c >&5
configure:4579: $? = 0
configure:4579: result: yes
configure:4579: checking for strings.h
configure:4579: /usr/bin/gcc -c -O2 -I/media/panpan/tools/buildroot-2018.02.8/output/host/include -I/media/panpan/tools/buildroot-2018.02.8/output/host/include conftest.c >&5
configure:4579: $? = 0
configure:4579: result: yes
configure:4579: checking for inttypes.h
configure:4579: /usr/bin/gcc -c -O2 -I/media/panpan/tools/buildroot-2018.02.8/output/host/include -I/media/panpan/tools/buildroot-2018.02.8/output/host/include conftest.c >&5
configure:4579: $? = 0
configure:4579: result: yes
configure:4579: checking for stdint.h
configure:4579: /usr/bin/gcc -c -O2 -I/media/panpan/tools/buildroot-2018.02.8/output/host/include -I/media/panpan/tools/buildroot-2018.02.8/output/host/include conftest.c >&5
configure:4579: $? = 0
configure:4579: result: yes
configure:4579: checking for unistd.h
configure:4579: /usr/bin/gcc -c -O2 -I/media/panpan/tools/buildroot-2018.02.8/output/host/include -I/media/panpan/tools/buildroot-2018.02.8/output/host/include conftest.c >&5
configure:4579: $? = 0
configure:4579: result: yes
configure:4595: checking whether __clang__ is declared
configure:4595: /usr/bin/gcc -c -O2 -I/media/panpan/tools/buildroot-2018.02.8/output/host/include -I/media/panpan/tools/buildroot-2018.02.8/output/host/include conftest.c >&5
conftest.c: In function 'main':
conftest.c:61:10: error: '__clang__' undeclared (first use in this function)
   (void) __clang__;
          ^
conftest.c:61:10: note: each undeclared identifier is reported only once for each function it appears in
configure:4595: $? = 1
configure: failed program was:
| /* confdefs.h */
| #define PACKAGE_NAME "Xproto"
| #define PACKAGE_TARNAME "xproto"
| #define PACKAGE_VERSION "7.0.31"
| #define PACKAGE_STRING "Xproto 7.0.31"
| #define PACKAGE_BUGREPORT "https://bugs.freedesktop.org/enter_bug.cgi?product=xorg"
| #define PACKAGE_URL ""
| #define PACKAGE "xproto"
| #define VERSION "7.0.31"
| #define STDC_HEADERS 1
| #define HAVE_SYS_TYPES_H 1
| #define HAVE_SYS_STAT_H 1
| #define HAVE_STDLIB_H 1
| #define HAVE_STRING_H 1
| #define HAVE_MEMORY_H 1
| #define HAVE_STRINGS_H 1
| #define HAVE_INTTYPES_H 1
| #define HAVE_STDINT_H 1
| #define HAVE_UNISTD_H 1
| /* end confdefs.h.  */
| #include <stdio.h>
| #ifdef HAVE_SYS_TYPES_H
| # include <sys/types.h>
| #endif
| #ifdef HAVE_SYS_STAT_H
| # include <sys/stat.h>
| #endif
| #ifdef STDC_HEADERS
| # include <stdlib.h>
| # include <stddef.h>
| #else
| # ifdef HAVE_STDLIB_H
| #  include <stdlib.h>
| # endif
| #endif
| #ifdef HAVE_STRING_H
| # if !defined STDC_HEADERS && defined HAVE_MEMORY_H
| #  include <memory.h>
| # endif
| # include <string.h>
| #endif
| #ifdef HAVE_STRINGS_H
| # include <strings.h>
| #endif
| #ifdef HAVE_INTTYPES_H
| # include <inttypes.h>
| #endif
| #ifdef HAVE_STDINT_H
| # include <stdint.h>
| #endif
| #ifdef HAVE_UNISTD_H
| # include <unistd.h>
| #endif
| int
| main ()
| {
| #ifndef __clang__
| #ifdef __cplusplus
|   (void) __clang__;
| #else
|   (void) __clang__;
| #endif
| #endif
| 
|   ;
|   return 0;
| }
configure:4595: result: no
configure:4602: checking whether __INTEL_COMPILER is declared
configure:4602: /usr/bin/gcc -c -O2 -I/media/panpan/tools/buildroot-2018.02.8/output/host/include -I/media/panpan/tools/buildroot-2018.02.8/output/host/include conftest.c >&5
conftest.c: In function 'main':
conftest.c:61:10: error: '__INTEL_COMPILER' undeclared (first use in this function)
   (void) __INTEL_COMPILER;
          ^
conftest.c:61:10: note: each undeclared identifier is reported only once for each function it appears in
configure:4602: $? = 1
configure: failed program was:
| /* confdefs.h */
| #define PACKAGE_NAME "Xproto"
| #define PACKAGE_TARNAME "xproto"
| #define PACKAGE_VERSION "7.0.31"
| #define PACKAGE_STRING "Xproto 7.0.31"
| #define PACKAGE_BUGREPORT "https://bugs.freedesktop.org/enter_bug.cgi?product=xorg"
| #define PACKAGE_URL ""
| #define PACKAGE "xproto"
| #define VERSION "7.0.31"
| #define STDC_HEADERS 1
| #define HAVE_SYS_TYPES_H 1
| #define HAVE_SYS_STAT_H 1
| #define HAVE_STDLIB_H 1
| #define HAVE_STRING_H 1
| #define HAVE_MEMORY_H 1
| #define HAVE_STRINGS_H 1
| #define HAVE_INTTYPES_H 1
| #define HAVE_STDINT_H 1
| #define HAVE_UNISTD_H 1
| /* end confdefs.h.  */
| #include <stdio.h>
| #ifdef HAVE_SYS_TYPES_H
| # include <sys/types.h>
| #endif
| #ifdef HAVE_SYS_STAT_H
| # include <sys/stat.h>
| #endif
| #ifdef STDC_HEADERS
| # include <stdlib.h>
| # include <stddef.h>
| #else
| # ifdef HAVE_STDLIB_H
| #  include <stdlib.h>
| # endif
| #endif
| #ifdef HAVE_STRING_H
| # if !defined STDC_HEADERS && defined HAVE_MEMORY_H
| #  include <memory.h>
| # endif
| # include <string.h>
| #endif
| #ifdef HAVE_STRINGS_H
| # include <strings.h>
| #endif
| #ifdef HAVE_INTTYPES_H
| # include <inttypes.h>
| #endif
| #ifdef HAVE_STDINT_H
| # include <stdint.h>
| #endif
| #ifdef HAVE_UNISTD_H
| # include <unistd.h>
| #endif
| int
| main ()
| {
| #ifndef __INTEL_COMPILER
| #ifdef __cplusplus
|   (void) __INTEL_COMPILER;
| #else
|   (void) __INTEL_COMPILER;
| #endif
| #endif
| 
|   ;
|   return 0;
| }
configure:4602: result: no
configure:4609: checking whether __SUNPRO_C is declared
configure:4609: /usr/bin/gcc -c -O2 -I/media/panpan/tools/buildroot-2018.02.8/output/host/include -I/media/panpan/tools/buildroot-2018.02.8/output/host/include conftest.c >&5
conftest.c: In function 'main':
conftest.c:61:10: error: '__SUNPRO_C' undeclared (first use in this function)
   (void) __SUNPRO_C;
          ^
conftest.c:61:10: note: each undeclared identifier is reported only once for each function it appears in
configure:4609: $? = 1
configure: failed program was:
| /* confdefs.h */
| #define PACKAGE_NAME "Xproto"
| #define PACKAGE_TARNAME "xproto"
| #define PACKAGE_VERSION "7.0.31"
| #define PACKAGE_STRING "Xproto 7.0.31"
| #define PACKAGE_BUGREPORT "https://bugs.freedesktop.org/enter_bug.cgi?product=xorg"
| #define PACKAGE_URL ""
| #define PACKAGE "xproto"
| #define VERSION "7.0.31"
| #define STDC_HEADERS 1
| #define HAVE_SYS_TYPES_H 1
| #define HAVE_SYS_STAT_H 1
| #define HAVE_STDLIB_H 1
| #define HAVE_STRING_H 1
| #define HAVE_MEMORY_H 1
| #define HAVE_STRINGS_H 1
| #define HAVE_INTTYPES_H 1
| #define HAVE_STDINT_H 1
| #define HAVE_UNISTD_H 1
| /* end confdefs.h.  */
| #include <stdio.h>
| #ifdef HAVE_SYS_TYPES_H
| # include <sys/types.h>
| #endif
| #ifdef HAVE_SYS_STAT_H
| # include <sys/stat.h>
| #endif
| #ifdef STDC_HEADERS
| # include <stdlib.h>
| # include <stddef.h>
| #else
| # ifdef HAVE_STDLIB_H
| #  include <stdlib.h>
| # endif
| #endif
| #ifdef HAVE_STRING_H
| # if !defined STDC_HEADERS && defined HAVE_MEMORY_H
| #  include <memory.h>
| # endif
| # include <string.h>
| #endif
| #ifdef HAVE_STRINGS_H
| # include <strings.h>
| #endif
| #ifdef HAVE_INTTYPES_H
| # include <inttypes.h>
| #endif
| #ifdef HAVE_STDINT_H
| # include <stdint.h>
| #endif
| #ifdef HAVE_UNISTD_H
| # include <unistd.h>
| #endif
| int
| main ()
| {
| #ifndef __SUNPRO_C
| #ifdef __cplusplus
|   (void) __SUNPRO_C;
| #else
|   (void) __SUNPRO_C;
| #endif
| #endif
| 
|   ;
|   return 0;
| }
configure:4609: result: no
configure:4726: checking pkg-config is at least version 0.9.0
configure:4729: result: yes
configure:4741: checking build system type
configure:4755: result: x86_64-pc-linux-gnu
configure:4775: checking host system type
configure:4788: result: x86_64-pc-linux-gnu
configure:4808: checking for a sed that does not truncate output
configure:4872: result: /bin/sed
configure:4918: checking if /usr/bin/gcc supports -Werror=unknown-warning-option
configure:4927: /usr/bin/gcc -c -O2 -I/media/panpan/tools/buildroot-2018.02.8/output/host/include -Werror=unknown-warning-option -I/media/panpan/tools/buildroot-2018.02.8/output/host/include conftest.c >&5
cc1: error: -Werror=unknown-warning-option: no option -Wunknown-warning-option
configure:4927: $? = 1
configure: failed program was:
| /* confdefs.h */
| #define PACKAGE_NAME "Xproto"
| #define PACKAGE_TARNAME "xproto"
| #define PACKAGE_VERSION "7.0.31"
| #define PACKAGE_STRING "Xproto 7.0.31"
| #define PACKAGE_BUGREPORT "https://bugs.freedesktop.org/enter_bug.cgi?product=xorg"
| #define PACKAGE_URL ""
| #define PACKAGE "xproto"
| #define VERSION "7.0.31"
| #define STDC_HEADERS 1
| #define HAVE_SYS_TYPES_H 1
| #define HAVE_SYS_STAT_H 1
| #define HAVE_STDLIB_H 1
| #define HAVE_STRING_H 1
| #define HAVE_MEMORY_H 1
| #define HAVE_STRINGS_H 1
| #define HAVE_INTTYPES_H 1
| #define HAVE_STDINT_H 1
| #define HAVE_UNISTD_H 1
| /* end confdefs.h.  */
| int i;
configure:4934: result: no
configure:4945: checking if /usr/bin/gcc supports -Werror=unused-command-line-argument
configure:4954: /usr/bin/gcc -c -O2 -I/media/panpan/tools/buildroot-2018.02.8/output/host/include -Werror=unused-command-line-argument -I/media/panpan/tools/buildroot-2018.02.8/output/host/include conftest.c >&5
cc1: error: -Werror=unused-command-line-argument: no option -Wunused-command-line-argument
configure:4954: $? = 1
configure: failed program was:
| /* confdefs.h */
| #define PACKAGE_NAME "Xproto"
| #define PACKAGE_TARNAME "xproto"
| #define PACKAGE_VERSION "7.0.31"
| #define PACKAGE_STRING "Xproto 7.0.31"
| #define PACKAGE_BUGREPORT "https://bugs.freedesktop.org/enter_bug.cgi?product=xorg"
| #define PACKAGE_URL ""
| #define PACKAGE "xproto"
| #define VERSION "7.0.31"
| #define STDC_HEADERS 1
| #define HAVE_SYS_TYPES_H 1
| #define HAVE_SYS_STAT_H 1
| #define HAVE_STDLIB_H 1
| #define HAVE_STRING_H 1
| #define HAVE_MEMORY_H 1
| #define HAVE_STRINGS_H 1
| #define HAVE_INTTYPES_H 1
| #define HAVE_STDINT_H 1
| #define HAVE_UNISTD_H 1
| /* end confdefs.h.  */
| int i;
configure:4961: result: no
configure:4980: checking if /usr/bin/gcc supports -Wall
configure:4997: /usr/bin/gcc -o conftest -O2 -I/media/panpan/tools/buildroot-2018.02.8/output/host/include -Wall -I/media/panpan/tools/buildroot-2018.02.8/output/host/include -L/media/panpan/tools/buildroot-2018.02.8/output/host/lib -Wl,-rpath,/media/panpan/tools/buildroot-2018.02.8/output/host/lib conftest.c  >&5
configure:4997: $? = 0
configure:5010: result: yes
configure:5098: checking if /usr/bin/gcc supports -Wpointer-arith
configure:5115: /usr/bin/gcc -o conftest -O2 -I/media/panpan/tools/buildroot-2018.02.8/output/host/include -Wpointer-arith -I/media/panpan/tools/buildroot-2018.02.8/output/host/include -L/media/panpan/tools/buildroot-2018.02.8/output/host/lib -Wl,-rpath,/media/panpan/tools/buildroot-2018.02.8/output/host/lib conftest.c  >&5
configure:5115: $? = 0
configure:5128: result: yes
configure:5216: checking if /usr/bin/gcc supports -Wmissing-declarations
configure:5233: /usr/bin/gcc -o conftest -O2 -I/media/panpan/tools/buildroot-2018.02.8/output/host/include -Wmissing-declarations -I/media/panpan/tools/buildroot-2018.02.8/output/host/include -L/media/panpan/tools/buildroot-2018.02.8/output/host/lib -Wl,-rpath,/media/panpan/tools/buildroot-2018.02.8/output/host/lib conftest.c  >&5
configure:5233: $? = 0
configure:5246: result: yes
configure:5334: checking if /usr/bin/gcc supports -Wformat=2
configure:5351: /usr/bin/gcc -o conftest -O2 -I/media/panpan/tools/buildroot-2018.02.8/output/host/include -Wformat=2 -I/media/panpan/tools/buildroot-2018.02.8/output/host/include -L/media/panpan/tools/buildroot-2018.02.8/output/host/lib -Wl,-rpath,/media/panpan/tools/buildroot-2018.02.8/output/host/lib conftest.c  >&5
configure:5351: $? = 0
configure:5364: result: yes
configure:5503: checking if /usr/bin/gcc supports -Wstrict-prototypes
configure:5520: /usr/bin/gcc -o conftest -O2 -I/media/panpan/tools/buildroot-2018.02.8/output/host/include -Wstrict-prototypes -I/media/panpan/tools/buildroot-2018.02.8/output/host/include -L/media/panpan/tools/buildroot-2018.02.8/output/host/lib -Wl,-rpath,/media/panpan/tools/buildroot-2018.02.8/output/host/lib conftest.c  >&5
conftest.c:23:1: warning: function declaration isn't a prototype [-Wstrict-prototypes]
 main ()
 ^
configure:5520: $? = 0
configure:5533: result: yes
configure:5621: checking if /usr/bin/gcc supports -Wmissing-prototypes
configure:5638: /usr/bin/gcc -o conftest -O2 -I/media/panpan/tools/buildroot-2018.02.8/output/host/include -Wmissing-prototypes -I/media/panpan/tools/buildroot-2018.02.8/output/host/include -L/media/panpan/tools/buildroot-2018.02.8/output/host/lib -Wl,-rpath,/media/panpan/tools/buildroot-2018.02.8/output/host/lib conftest.c  >&5
configure:5638: $? = 0
configure:5651: result: yes
configure:5739: checking if /usr/bin/gcc supports -Wnested-externs
configure:5756: /usr/bin/gcc -o conftest -O2 -I/media/panpan/tools/buildroot-2018.02.8/output/host/include -Wnested-externs -I/media/panpan/tools/buildroot-2018.02.8/output/host/include -L/media/panpan/tools/buildroot-2018.02.8/output/host/lib -Wl,-rpath,/media/panpan/tools/buildroot-2018.02.8/output/host/lib conftest.c  >&5
configure:5756: $? = 0
configure:5769: result: yes
configure:5857: checking if /usr/bin/gcc supports -Wbad-function-cast
configure:5874: /usr/bin/gcc -o conftest -O2 -I/media/panpan/tools/buildroot-2018.02.8/output/host/include -Wbad-function-cast -I/media/panpan/tools/buildroot-2018.02.8/output/host/include -L/media/panpan/tools/buildroot-2018.02.8/output/host/lib -Wl,-rpath,/media/panpan/tools/buildroot-2018.02.8/output/host/lib conftest.c  >&5
configure:5874: $? = 0
configure:5887: result: yes
configure:5975: checking if /usr/bin/gcc supports -Wold-style-definition
configure:5992: /usr/bin/gcc -o conftest -O2 -I/media/panpan/tools/buildroot-2018.02.8/output/host/include -Wold-style-definition -I/media/panpan/tools/buildroot-2018.02.8/output/host/include -L/media/panpan/tools/buildroot-2018.02.8/output/host/lib -Wl,-rpath,/media/panpan/tools/buildroot-2018.02.8/output/host/lib conftest.c  >&5
conftest.c: In function 'main':
conftest.c:23:1: warning: old-style function definition [-Wold-style-definition]
 main ()
 ^
configure:5992: $? = 0
configure:6005: result: yes
configure:6142: checking if /usr/bin/gcc supports -Wdeclaration-after-statement
configure:6159: /usr/bin/gcc -o conftest -O2 -I/media/panpan/tools/buildroot-2018.02.8/output/host/include -Wdeclaration-after-statement -I/media/panpan/tools/buildroot-2018.02.8/output/host/include -L/media/panpan/tools/buildroot-2018.02.8/output/host/lib -Wl,-rpath,/media/panpan/tools/buildroot-2018.02.8/output/host/lib conftest.c  >&5
configure:6159: $? = 0
configure:6172: result: yes
configure:6264: checking if /usr/bin/gcc supports -Wunused
configure:6281: /usr/bin/gcc -o conftest -O2 -I/media/panpan/tools/buildroot-2018.02.8/output/host/include -Wunused -I/media/panpan/tools/buildroot-2018.02.8/output/host/include -L/media/panpan/tools/buildroot-2018.02.8/output/host/lib -Wl,-rpath,/media/panpan/tools/buildroot-2018.02.8/output/host/lib conftest.c  >&5
configure:6281: $? = 0
configure:6294: result: yes
configure:6382: checking if /usr/bin/gcc supports -Wuninitialized
configure:6399: /usr/bin/gcc -o conftest -O2 -I/media/panpan/tools/buildroot-2018.02.8/output/host/include -Wuninitialized -I/media/panpan/tools/buildroot-2018.02.8/output/host/include -L/media/panpan/tools/buildroot-2018.02.8/output/host/lib -Wl,-rpath,/media/panpan/tools/buildroot-2018.02.8/output/host/lib conftest.c  >&5
configure:6399: $? = 0
configure:6412: result: yes
configure:6500: checking if /usr/bin/gcc supports -Wshadow
configure:6517: /usr/bin/gcc -o conftest -O2 -I/media/panpan/tools/buildroot-2018.02.8/output/host/include -Wshadow -I/media/panpan/tools/buildroot-2018.02.8/output/host/include -L/media/panpan/tools/buildroot-2018.02.8/output/host/lib -Wl,-rpath,/media/panpan/tools/buildroot-2018.02.8/output/host/lib conftest.c  >&5
configure:6517: $? = 0
configure:6530: result: yes
configure:6618: checking if /usr/bin/gcc supports -Wmissing-noreturn
configure:6635: /usr/bin/gcc -o conftest -O2 -I/media/panpan/tools/buildroot-2018.02.8/output/host/include -Wmissing-noreturn -I/media/panpan/tools/buildroot-2018.02.8/output/host/include -L/media/panpan/tools/buildroot-2018.02.8/output/host/lib -Wl,-rpath,/media/panpan/tools/buildroot-2018.02.8/output/host/lib conftest.c  >&5
configure:6635: $? = 0
configure:6648: result: yes
configure:6736: checking if /usr/bin/gcc supports -Wmissing-format-attribute
configure:6753: /usr/bin/gcc -o conftest -O2 -I/media/panpan/tools/buildroot-2018.02.8/output/host/include -Wmissing-format-attribute -I/media/panpan/tools/buildroot-2018.02.8/output/host/include -L/media/panpan/tools/buildroot-2018.02.8/output/host/lib -Wl,-rpath,/media/panpan/tools/buildroot-2018.02.8/output/host/lib conftest.c  >&5
configure:6753: $? = 0
configure:6766: result: yes
configure:6854: checking if /usr/bin/gcc supports -Wredundant-decls
configure:6871: /usr/bin/gcc -o conftest -O2 -I/media/panpan/tools/buildroot-2018.02.8/output/host/include -Wredundant-decls -I/media/panpan/tools/buildroot-2018.02.8/output/host/include -L/media/panpan/tools/buildroot-2018.02.8/output/host/lib -Wl,-rpath,/media/panpan/tools/buildroot-2018.02.8/output/host/lib conftest.c  >&5
configure:6871: $? = 0
configure:6884: result: yes
configure:6972: checking if /usr/bin/gcc supports -Wlogical-op
configure:6989: /usr/bin/gcc -o conftest -O2 -I/media/panpan/tools/buildroot-2018.02.8/output/host/include -Wlogical-op -I/media/panpan/tools/buildroot-2018.02.8/output/host/include -L/media/panpan/tools/buildroot-2018.02.8/output/host/lib -Wl,-rpath,/media/panpan/tools/buildroot-2018.02.8/output/host/lib conftest.c  >&5
configure:6989: $? = 0
configure:7002: result: yes
configure:7102: checking if /usr/bin/gcc supports -Werror=implicit
configure:7119: /usr/bin/gcc -o conftest -O2 -I/media/panpan/tools/buildroot-2018.02.8/output/host/include -Werror=implicit -I/media/panpan/tools/buildroot-2018.02.8/output/host/include -L/media/panpan/tools/buildroot-2018.02.8/output/host/lib -Wl,-rpath,/media/panpan/tools/buildroot-2018.02.8/output/host/lib conftest.c  >&5
configure:7119: $? = 0
configure:7132: result: yes
configure:7269: checking if /usr/bin/gcc supports -Werror=nonnull
configure:7286: /usr/bin/gcc -o conftest -O2 -I/media/panpan/tools/buildroot-2018.02.8/output/host/include -Werror=nonnull -I/media/panpan/tools/buildroot-2018.02.8/output/host/include -L/media/panpan/tools/buildroot-2018.02.8/output/host/lib -Wl,-rpath,/media/panpan/tools/buildroot-2018.02.8/output/host/lib conftest.c  >&5
configure:7286: $? = 0
configure:7299: result: yes
configure:7387: checking if /usr/bin/gcc supports -Werror=init-self
configure:7404: /usr/bin/gcc -o conftest -O2 -I/media/panpan/tools/buildroot-2018.02.8/output/host/include -Werror=init-self -I/media/panpan/tools/buildroot-2018.02.8/output/host/include -L/media/panpan/tools/buildroot-2018.02.8/output/host/lib -Wl,-rpath,/media/panpan/tools/buildroot-2018.02.8/output/host/lib conftest.c  >&5
configure:7404: $? = 0
configure:7417: result: yes
configure:7505: checking if /usr/bin/gcc supports -Werror=main
configure:7522: /usr/bin/gcc -o conftest -O2 -I/media/panpan/tools/buildroot-2018.02.8/output/host/include -Werror=main -I/media/panpan/tools/buildroot-2018.02.8/output/host/include -L/media/panpan/tools/buildroot-2018.02.8/output/host/lib -Wl,-rpath,/media/panpan/tools/buildroot-2018.02.8/output/host/lib conftest.c  >&5
configure:7522: $? = 0
configure:7535: result: yes
configure:7623: checking if /usr/bin/gcc supports -Werror=missing-braces
configure:7640: /usr/bin/gcc -o conftest -O2 -I/media/panpan/tools/buildroot-2018.02.8/output/host/include -Werror=missing-braces -I/media/panpan/tools/buildroot-2018.02.8/output/host/include -L/media/panpan/tools/buildroot-2018.02.8/output/host/lib -Wl,-rpath,/media/panpan/tools/buildroot-2018.02.8/output/host/lib conftest.c  >&5
configure:7640: $? = 0
configure:7653: result: yes
configure:7741: checking if /usr/bin/gcc supports -Werror=sequence-point
configure:7758: /usr/bin/gcc -o conftest -O2 -I/media/panpan/tools/buildroot-2018.02.8/output/host/include -Werror=sequence-point -I/media/panpan/tools/buildroot-2018.02.8/output/host/include -L/media/panpan/tools/buildroot-2018.02.8/output/host/lib -Wl,-rpath,/media/panpan/tools/buildroot-2018.02.8/output/host/lib conftest.c  >&5
configure:7758: $? = 0
configure:7771: result: yes
configure:7859: checking if /usr/bin/gcc supports -Werror=return-type
configure:7876: /usr/bin/gcc -o conftest -O2 -I/media/panpan/tools/buildroot-2018.02.8/output/host/include -Werror=return-type -I/media/panpan/tools/buildroot-2018.02.8/output/host/include -L/media/panpan/tools/buildroot-2018.02.8/output/host/lib -Wl,-rpath,/media/panpan/tools/buildroot-2018.02.8/output/host/lib conftest.c  >&5
configure:7876: $? = 0
configure:7889: result: yes
configure:8026: checking if /usr/bin/gcc supports -Werror=trigraphs
configure:8043: /usr/bin/gcc -o conftest -O2 -I/media/panpan/tools/buildroot-2018.02.8/output/host/include -Werror=trigraphs -I/media/panpan/tools/buildroot-2018.02.8/output/host/include -L/media/panpan/tools/buildroot-2018.02.8/output/host/lib -Wl,-rpath,/media/panpan/tools/buildroot-2018.02.8/output/host/lib conftest.c  >&5
configure:8043: $? = 0
configure:8056: result: yes
configure:8144: checking if /usr/bin/gcc supports -Werror=array-bounds
configure:8161: /usr/bin/gcc -o conftest -O2 -I/media/panpan/tools/buildroot-2018.02.8/output/host/include -Werror=array-bounds -I/media/panpan/tools/buildroot-2018.02.8/output/host/include -L/media/panpan/tools/buildroot-2018.02.8/output/host/lib -Wl,-rpath,/media/panpan/tools/buildroot-2018.02.8/output/host/lib conftest.c  >&5
configure:8161: $? = 0
configure:8174: result: yes
configure:8262: checking if /usr/bin/gcc supports -Werror=write-strings
configure:8279: /usr/bin/gcc -o conftest -O2 -I/media/panpan/tools/buildroot-2018.02.8/output/host/include -Werror=write-strings -I/media/panpan/tools/buildroot-2018.02.8/output/host/include -L/media/panpan/tools/buildroot-2018.02.8/output/host/lib -Wl,-rpath,/media/panpan/tools/buildroot-2018.02.8/output/host/lib conftest.c  >&5
configure:8279: $? = 0
configure:8292: result: yes
configure:8380: checking if /usr/bin/gcc supports -Werror=address
configure:8397: /usr/bin/gcc -o conftest -O2 -I/media/panpan/tools/buildroot-2018.02.8/output/host/include -Werror=address -I/media/panpan/tools/buildroot-2018.02.8/output/host/include -L/media/panpan/tools/buildroot-2018.02.8/output/host/lib -Wl,-rpath,/media/panpan/tools/buildroot-2018.02.8/output/host/lib conftest.c  >&5
configure:8397: $? = 0
configure:8410: result: yes
configure:8498: checking if /usr/bin/gcc supports -Werror=int-to-pointer-cast
configure:8515: /usr/bin/gcc -o conftest -O2 -I/media/panpan/tools/buildroot-2018.02.8/output/host/include -Werror=int-to-pointer-cast -I/media/panpan/tools/buildroot-2018.02.8/output/host/include -L/media/panpan/tools/buildroot-2018.02.8/output/host/lib -Wl,-rpath,/media/panpan/tools/buildroot-2018.02.8/output/host/lib conftest.c  >&5
configure:8515: $? = 0
configure:8528: result: yes
configure:8665: checking if /usr/bin/gcc supports -Werror=pointer-to-int-cast
configure:8682: /usr/bin/gcc -o conftest -O2 -I/media/panpan/tools/buildroot-2018.02.8/output/host/include -Werror=pointer-to-int-cast -I/media/panpan/tools/buildroot-2018.02.8/output/host/include -L/media/panpan/tools/buildroot-2018.02.8/output/host/lib -Wl,-rpath,/media/panpan/tools/buildroot-2018.02.8/output/host/lib conftest.c  >&5
configure:8682: $? = 0
configure:8695: result: yes
configure:10353: checking if /usr/bin/gcc supports -pedantic
configure:10370: /usr/bin/gcc -o conftest -O2 -I/media/panpan/tools/buildroot-2018.02.8/output/host/include -pedantic -I/media/panpan/tools/buildroot-2018.02.8/output/host/include -L/media/panpan/tools/buildroot-2018.02.8/output/host/lib -Wl,-rpath,/media/panpan/tools/buildroot-2018.02.8/output/host/lib conftest.c  >&5
configure:10370: $? = 0
configure:10383: result: yes
configure:10471: checking if /usr/bin/gcc supports -Werror
configure:10488: /usr/bin/gcc -o conftest -O2 -I/media/panpan/tools/buildroot-2018.02.8/output/host/include -Werror -I/media/panpan/tools/buildroot-2018.02.8/output/host/include -L/media/panpan/tools/buildroot-2018.02.8/output/host/lib -Wl,-rpath,/media/panpan/tools/buildroot-2018.02.8/output/host/lib conftest.c  >&5
configure:10488: $? = 0
configure:10501: result: yes
configure:10641: checking if /usr/bin/gcc supports -Werror=attributes
configure:10658: /usr/bin/gcc -o conftest -O2 -I/media/panpan/tools/buildroot-2018.02.8/output/host/include -Werror=attributes -I/media/panpan/tools/buildroot-2018.02.8/output/host/include -L/media/panpan/tools/buildroot-2018.02.8/output/host/lib -Wl,-rpath,/media/panpan/tools/buildroot-2018.02.8/output/host/lib conftest.c  >&5
configure:10658: $? = 0
configure:10671: result: yes
configure:10831: checking whether make supports nested variables
configure:10848: result: yes
configure:10878: checking whether to build functional specifications
configure:10880: result: yes
configure:11203: checking for xsltproc
configure:11221: found /usr/bin/xsltproc
configure:11233: result: /usr/bin/xsltproc
configure:11313: checking for X.Org SGML entities >= 1.8
configure:11317: $PKG_CONFIG --exists --print-errors "xorg-sgml-doctools >= 1.8"
Package xorg-sgml-doctools was not found in the pkg-config search path.
Perhaps you should add the directory containing `xorg-sgml-doctools.pc'
to the PKG_CONFIG_PATH environment variable
Package 'xorg-sgml-doctools', required by 'world', not found
configure:11320: $? = 1
configure:11336: result: no
configure:11403: checking sys/select.h usability
configure:11403: /usr/bin/gcc -c -O2 -I/media/panpan/tools/buildroot-2018.02.8/output/host/include -I/media/panpan/tools/buildroot-2018.02.8/output/host/include conftest.c >&5
configure:11403: $? = 0
configure:11403: result: yes
configure:11403: checking sys/select.h presence
configure:11403: /usr/bin/cpp -I/media/panpan/tools/buildroot-2018.02.8/output/host/include conftest.c
configure:11403: $? = 0
configure:11403: result: yes
configure:11403: checking for sys/select.h
configure:11403: result: yes
configure:11403: checking sys/param.h usability
configure:11403: /usr/bin/gcc -c -O2 -I/media/panpan/tools/buildroot-2018.02.8/output/host/include -I/media/panpan/tools/buildroot-2018.02.8/output/host/include conftest.c >&5
configure:11403: $? = 0
configure:11403: result: yes
configure:11403: checking sys/param.h presence
configure:11403: /usr/bin/cpp -I/media/panpan/tools/buildroot-2018.02.8/output/host/include conftest.c
configure:11403: $? = 0
configure:11403: result: yes
configure:11403: checking for sys/param.h
configure:11403: result: yes
configure:11403: checking for sys/types.h
configure:11403: result: yes
configure:11403: checking sys/time.h usability
configure:11403: /usr/bin/gcc -c -O2 -I/media/panpan/tools/buildroot-2018.02.8/output/host/include -I/media/panpan/tools/buildroot-2018.02.8/output/host/include conftest.c >&5
configure:11403: $? = 0
configure:11403: result: yes
configure:11403: checking sys/time.h presence
configure:11403: /usr/bin/cpp -I/media/panpan/tools/buildroot-2018.02.8/output/host/include conftest.c
configure:11403: $? = 0
configure:11403: result: yes
configure:11403: checking for sys/time.h
configure:11403: result: yes
configure:11422: checking for fd_set.fds_bits
configure:11422: /usr/bin/gcc -c -O2 -I/media/panpan/tools/buildroot-2018.02.8/output/host/include -I/media/panpan/tools/buildroot-2018.02.8/output/host/include conftest.c >&5
conftest.c: In function 'main':
conftest.c:47:12: error: 'fd_set {aka struct <anonymous>}' has no member named 'fds_bits'
 if (ac_aggr.fds_bits)
            ^
configure:11422: $? = 1
configure: failed program was:
| /* confdefs.h */
| #define PACKAGE_NAME "Xproto"
| #define PACKAGE_TARNAME "xproto"
| #define PACKAGE_VERSION "7.0.31"
| #define PACKAGE_STRING "Xproto 7.0.31"
| #define PACKAGE_BUGREPORT "https://bugs.freedesktop.org/enter_bug.cgi?product=xorg"
| #define PACKAGE_URL ""
| #define PACKAGE "xproto"
| #define VERSION "7.0.31"
| #define STDC_HEADERS 1
| #define HAVE_SYS_TYPES_H 1
| #define HAVE_SYS_STAT_H 1
| #define HAVE_STDLIB_H 1
| #define HAVE_STRING_H 1
| #define HAVE_MEMORY_H 1
| #define HAVE_STRINGS_H 1
| #define HAVE_INTTYPES_H 1
| #define HAVE_STDINT_H 1
| #define HAVE_UNISTD_H 1
| #define PACKAGE_VERSION_MAJOR 7
| #define PACKAGE_VERSION_MINOR 0
| #define PACKAGE_VERSION_PATCHLEVEL 31
| #define HAVE_SYS_SELECT_H 1
| #define HAVE_SYS_PARAM_H 1
| #define HAVE_SYS_TYPES_H 1
| #define HAVE_SYS_TIME_H 1
| /* end confdefs.h.  */
| 
|                                #ifdef HAVE_SYS_PARAM_H
|                                #include <sys/param.h>
|                                #endif
|                                #ifdef HAVE_SYS_TYPES_H
|                                #include <sys/types.h>
|                                #endif
|                                #ifdef HAVE_SYS_TIME_H
|                                #include <sys/time.h>
|                                #endif
|                                #ifdef HAVE_SYS_SELECT_H
| 			       #include <sys/select.h>
|                                #endif
| 
| 
| int
| main ()
| {
| static fd_set ac_aggr;
| if (ac_aggr.fds_bits)
| return 0;
|   ;
|   return 0;
| }
configure:11422: /usr/bin/gcc -c -O2 -I/media/panpan/tools/buildroot-2018.02.8/output/host/include -I/media/panpan/tools/buildroot-2018.02.8/output/host/include conftest.c >&5
conftest.c: In function 'main':
conftest.c:47:19: error: 'fd_set {aka struct <anonymous>}' has no member named 'fds_bits'
 if (sizeof ac_aggr.fds_bits)
                   ^
configure:11422: $? = 1
configure: failed program was:
| /* confdefs.h */
| #define PACKAGE_NAME "Xproto"
| #define PACKAGE_TARNAME "xproto"
| #define PACKAGE_VERSION "7.0.31"
| #define PACKAGE_STRING "Xproto 7.0.31"
| #define PACKAGE_BUGREPORT "https://bugs.freedesktop.org/enter_bug.cgi?product=xorg"
| #define PACKAGE_URL ""
| #define PACKAGE "xproto"
| #define VERSION "7.0.31"
| #define STDC_HEADERS 1
| #define HAVE_SYS_TYPES_H 1
| #define HAVE_SYS_STAT_H 1
| #define HAVE_STDLIB_H 1
| #define HAVE_STRING_H 1
| #define HAVE_MEMORY_H 1
| #define HAVE_STRINGS_H 1
| #define HAVE_INTTYPES_H 1
| #define HAVE_STDINT_H 1
| #define HAVE_UNISTD_H 1
| #define PACKAGE_VERSION_MAJOR 7
| #define PACKAGE_VERSION_MINOR 0
| #define PACKAGE_VERSION_PATCHLEVEL 31
| #define HAVE_SYS_SELECT_H 1
| #define HAVE_SYS_PARAM_H 1
| #define HAVE_SYS_TYPES_H 1
| #define HAVE_SYS_TIME_H 1
| /* end confdefs.h.  */
| 
|                                #ifdef HAVE_SYS_PARAM_H
|                                #include <sys/param.h>
|                                #endif
|                                #ifdef HAVE_SYS_TYPES_H
|                                #include <sys/types.h>
|                                #endif
|                                #ifdef HAVE_SYS_TIME_H
|                                #include <sys/time.h>
|                                #endif
|                                #ifdef HAVE_SYS_SELECT_H
| 			       #include <sys/select.h>
|                                #endif
| 
| 
| int
| main ()
| {
| static fd_set ac_aggr;
| if (sizeof ac_aggr.fds_bits)
| return 0;
|   ;
|   return 0;
| }
configure:11422: result: no
configure:11447: checking for fd_set.__fds_bits
configure:11447: /usr/bin/gcc -c -O2 -I/media/panpan/tools/buildroot-2018.02.8/output/host/include -I/media/panpan/tools/buildroot-2018.02.8/output/host/include conftest.c >&5
configure:11447: $? = 0
configure:11447: result: yes
configure:11480: checking whether const prototypes are supported
configure:11492: result: yes
configure:11495: checking whether varargs prototypes are supported
configure:11507: result: yes
configure:11510: checking whether nested prototypes are supported
configure:11522: result: yes
configure:11525: checking whether to force function prototypes
configure:11542: result: yes
configure:11588: checking whether to widen function prototypes
configure:11599: result: no
configure:11720: checking that generated files are newer than configure
configure:11726: result: done
configure:11773: creating ./config.status

## ---------------------- ##
## Running config.status. ##
## ---------------------- ##

This file was extended by Xproto config.status 7.0.31, which was
generated by GNU Autoconf 2.69.  Invocation command line was

  CONFIG_FILES    = 
  CONFIG_HEADERS  = 
  CONFIG_LINKS    = 
  CONFIG_COMMANDS = 
  $ ./config.status 

on zed-00

config.status:928: creating Makefile
config.status:928: creating specs/Makefile
config.status:928: creating specs/SIAddresses/Makefile
config.status:928: creating Xpoll.h
config.status:928: creating xproto.pc
config.status:928: creating do-not-use-config.h
config.status:928: creating Xfuncproto.h
config.status:1157: executing depfiles commands
configure:13090: WARNING: unrecognized options: --enable-shared, --disable-static, --disable-gtk-doc, --disable-gtk-doc-html, --disable-doc, --disable-docs, --disable-documentation, --disable-debug

## ---------------- ##
## Cache variables. ##
## ---------------- ##

ac_cv_build=x86_64-pc-linux-gnu
ac_cv_c_compiler_gnu=yes
ac_cv_env_CC_set=set
ac_cv_env_CC_value=/usr/bin/gcc
ac_cv_env_CFLAGS_set=set
ac_cv_env_CFLAGS_value='-O2 -I/media/panpan/tools/buildroot-2018.02.8/output/host/include'
ac_cv_env_CPPFLAGS_set=set
ac_cv_env_CPPFLAGS_value=-I/media/panpan/tools/buildroot-2018.02.8/output/host/include
ac_cv_env_CPP_set=set
ac_cv_env_CPP_value=/usr/bin/cpp
ac_cv_env_FOP_set=
ac_cv_env_FOP_value=
ac_cv_env_LDFLAGS_set=set
ac_cv_env_LDFLAGS_value='-L/media/panpan/tools/buildroot-2018.02.8/output/host/lib -Wl,-rpath,/media/panpan/tools/buildroot-2018.02.8/output/host/lib'
ac_cv_env_LIBS_set=
ac_cv_env_LIBS_value=
ac_cv_env_PKG_CONFIG_LIBDIR_set=set
ac_cv_env_PKG_CONFIG_LIBDIR_value=/media/panpan/tools/buildroot-2018.02.8/output/host/lib/pkgconfig:/media/panpan/tools/buildroot-2018.02.8/output/host/share/pkgconfig
ac_cv_env_PKG_CONFIG_PATH_set=
ac_cv_env_PKG_CONFIG_PATH_value=
ac_cv_env_PKG_CONFIG_set=set
ac_cv_env_PKG_CONFIG_value=/media/panpan/tools/buildroot-2018.02.8/output/host/bin/pkg-config
ac_cv_env_XMLTO_set=
ac_cv_env_XMLTO_value=
ac_cv_env_XSLTPROC_set=
ac_cv_env_XSLTPROC_value=
ac_cv_env_build_alias_set=
ac_cv_env_build_alias_value=
ac_cv_env_host_alias_set=
ac_cv_env_host_alias_value=
ac_cv_env_target_alias_set=
ac_cv_env_target_alias_value=
ac_cv_have_decl___INTEL_COMPILER=no
ac_cv_have_decl___SUNPRO_C=no
ac_cv_have_decl___clang__=no
ac_cv_header_inttypes_h=yes
ac_cv_header_memory_h=yes
ac_cv_header_stdc=yes
ac_cv_header_stdint_h=yes
ac_cv_header_stdlib_h=yes
ac_cv_header_string_h=yes
ac_cv_header_strings_h=yes
ac_cv_header_sys_param_h=yes
ac_cv_header_sys_select_h=yes
ac_cv_header_sys_stat_h=yes
ac_cv_header_sys_time_h=yes
ac_cv_header_sys_types_h=yes
ac_cv_header_unistd_h=yes
ac_cv_host=x86_64-pc-linux-gnu
ac_cv_member_fd_set___fds_bits=yes
ac_cv_member_fd_set_fds_bits=no
ac_cv_objext=o
ac_cv_path_EGREP='/bin/grep -E'
ac_cv_path_GREP=/bin/grep
ac_cv_path_SED=/bin/sed
ac_cv_path_XSLTPROC=/usr/bin/xsltproc
ac_cv_path_install='/usr/bin/install -c'
ac_cv_path_mkdir=/bin/mkdir
ac_cv_prog_AWK=gawk
ac_cv_prog_CPP=/usr/bin/cpp
ac_cv_prog_ac_ct_CC=/usr/bin/gcc
ac_cv_prog_cc_c89=
ac_cv_prog_cc_c99=
ac_cv_prog_cc_g=yes
ac_cv_prog_make_make_set=yes
am_cv_CC_dependencies_compiler_type=none
am_cv_make_support_nested_variables=yes
am_cv_prog_cc_c_o=yes
xorg_cv_cc_flag__Wall=yes
xorg_cv_cc_flag__Wbad_function_cast=yes
xorg_cv_cc_flag__Wdeclaration_after_statement=yes
xorg_cv_cc_flag__Werror=yes
xorg_cv_cc_flag__Werror_address=yes
xorg_cv_cc_flag__Werror_array_bounds=yes
xorg_cv_cc_flag__Werror_attributes=yes
xorg_cv_cc_flag__Werror_implicit=yes
xorg_cv_cc_flag__Werror_init_self=yes
xorg_cv_cc_flag__Werror_int_to_pointer_cast=yes
xorg_cv_cc_flag__Werror_main=yes
xorg_cv_cc_flag__Werror_missing_braces=yes
xorg_cv_cc_flag__Werror_nonnull=yes
xorg_cv_cc_flag__Werror_pointer_to_int_cast=yes
xorg_cv_cc_flag__Werror_return_type=yes
xorg_cv_cc_flag__Werror_sequence_point=yes
xorg_cv_cc_flag__Werror_trigraphs=yes
xorg_cv_cc_flag__Werror_write_strings=yes
xorg_cv_cc_flag__Wformat_2=yes
xorg_cv_cc_flag__Wlogical_op=yes
xorg_cv_cc_flag__Wmissing_declarations=yes
xorg_cv_cc_flag__Wmissing_format_attribute=yes
xorg_cv_cc_flag__Wmissing_noreturn=yes
xorg_cv_cc_flag__Wmissing_prototypes=yes
xorg_cv_cc_flag__Wnested_externs=yes
xorg_cv_cc_flag__Wold_style_definition=yes
xorg_cv_cc_flag__Wpointer_arith=yes
xorg_cv_cc_flag__Wredundant_decls=yes
xorg_cv_cc_flag__Wshadow=yes
xorg_cv_cc_flag__Wstrict_prototypes=yes
xorg_cv_cc_flag__Wuninitialized=yes
xorg_cv_cc_flag__Wunused=yes
xorg_cv_cc_flag__pedantic=yes
xorg_cv_cc_flag_unknown_warning_option=no
xorg_cv_cc_flag_unused_command_line_argument=no

## ----------------- ##
## Output variables. ##
## ----------------- ##

ACLOCAL='aclocal-1.15'
ADMIN_MAN_DIR='$(mandir)/man$(ADMIN_MAN_SUFFIX)'
ADMIN_MAN_SUFFIX='8'
AMDEPBACKSLASH=''
AMDEP_FALSE=''
AMDEP_TRUE='#'
AMTAR='$${TAR-tar}'
AM_BACKSLASH='\'
AM_DEFAULT_V='$(AM_DEFAULT_VERBOSITY)'
AM_DEFAULT_VERBOSITY='0'
AM_V='$(V)'
APP_MAN_DIR='$(mandir)/man$(APP_MAN_SUFFIX)'
APP_MAN_SUFFIX='1'
AUTOCONF='autoconf'
AUTOHEADER='autoheader'
AUTOMAKE='automake-1.15'
AWK='gawk'
BASE_CFLAGS=' -Wall -Wpointer-arith -Wmissing-declarations -Wformat=2 -Wstrict-prototypes -Wmissing-prototypes -Wnested-externs -Wbad-function-cast -Wold-style-definition -Wdeclaration-after-statement -Wunused -Wuninitialized -Wshadow -Wmissing-noreturn -Wmissing-format-attribute -Wredundant-decls -Wlogical-op -Werror=implicit -Werror=nonnull -Werror=init-self -Werror=main -Werror=missing-braces -Werror=sequence-point -Werror=return-type -Werror=trigraphs -Werror=array-bounds -Werror=write-strings -Werror=address -Werror=int-to-pointer-cast -Werror=pointer-to-int-cast'
CC='/usr/bin/gcc'
CCDEPMODE='depmode=none'
CFLAGS='-O2 -I/media/panpan/tools/buildroot-2018.02.8/output/host/include'
CHANGELOG_CMD='(GIT_DIR=$(top_srcdir)/.git git log > $(top_srcdir)/.changelog.tmp && mv $(top_srcdir)/.changelog.tmp $(top_srcdir)/ChangeLog) || (rm -f $(top_srcdir)/.changelog.tmp; touch $(top_srcdir)/ChangeLog; echo '\''git directory not found: installing possibly empty changelog.'\'' >&2)'
CPP='/usr/bin/cpp'
CPPFLAGS='-I/media/panpan/tools/buildroot-2018.02.8/output/host/include'
CWARNFLAGS=' -Wall -Wpointer-arith -Wmissing-declarations -Wformat=2 -Wstrict-prototypes -Wmissing-prototypes -Wnested-externs -Wbad-function-cast -Wold-style-definition -Wdeclaration-after-statement -Wunused -Wuninitialized -Wshadow -Wmissing-noreturn -Wmissing-format-attribute -Wredundant-decls -Wlogical-op -Werror=implicit -Werror=nonnull -Werror=init-self -Werror=main -Werror=missing-braces -Werror=sequence-point -Werror=return-type -Werror=trigraphs -Werror=array-bounds -Werror=write-strings -Werror=address -Werror=int-to-pointer-cast -Werror=pointer-to-int-cast -fno-strict-aliasing'
CYGPATH_W='echo'
DEFS='-DHAVE_CONFIG_H'
DEPDIR='.deps'
DRIVER_MAN_DIR='$(mandir)/man$(DRIVER_MAN_SUFFIX)'
DRIVER_MAN_SUFFIX='4'
ECHO_C=''
ECHO_N='-n'
ECHO_T=''
EGREP='/bin/grep -E'
ENABLE_SPECS_FALSE='#'
ENABLE_SPECS_TRUE=''
EXEEXT=''
FILE_MAN_DIR='$(mandir)/man$(FILE_MAN_SUFFIX)'
FILE_MAN_SUFFIX='5'
FOP=''
GREP='/bin/grep'
HAVE_FOP_FALSE=''
HAVE_FOP_TRUE='#'
HAVE_STYLESHEETS_FALSE=''
HAVE_STYLESHEETS_TRUE='#'
HAVE_XMLTO_FALSE=''
HAVE_XMLTO_TEXT_FALSE=''
HAVE_XMLTO_TEXT_TRUE='#'
HAVE_XMLTO_TRUE='#'
HAVE_XSLTPROC_FALSE='#'
HAVE_XSLTPROC_TRUE=''
INSTALL_CMD='(cp -f /INSTALL $(top_srcdir)/.INSTALL.tmp && mv $(top_srcdir)/.INSTALL.tmp $(top_srcdir)/INSTALL) || (rm -f $(top_srcdir)/.INSTALL.tmp; touch $(top_srcdir)/INSTALL; echo '\''util-macros "pkgdatadir" from xorg-macros.pc not found: installing possibly empty INSTALL.'\'' >&2)'
INSTALL_DATA='${INSTALL} -m 644'
INSTALL_PROGRAM='${INSTALL}'
INSTALL_SCRIPT='${INSTALL}'
INSTALL_STRIP_PROGRAM='$(install_sh) -c -s'
LDFLAGS='-L/media/panpan/tools/buildroot-2018.02.8/output/host/lib -Wl,-rpath,/media/panpan/tools/buildroot-2018.02.8/output/host/lib'
LIBOBJS=''
LIBS=''
LIB_MAN_DIR='$(mandir)/man$(LIB_MAN_SUFFIX)'
LIB_MAN_SUFFIX='3'
LTLIBOBJS=''
MAKEINFO='makeinfo'
MAN_SUBSTS='	-e '\''s|__vendorversion__|"$(PACKAGE_STRING)" "$(XORG_MAN_PAGE)"|'\'' 	-e '\''s|__xorgversion__|"$(PACKAGE_STRING)" "$(XORG_MAN_PAGE)"|'\'' 	-e '\''s|__xservername__|Xorg|g'\'' 	-e '\''s|__xconfigfile__|xorg.conf|g'\'' 	-e '\''s|__projectroot__|$(prefix)|g'\'' 	-e '\''s|__apploaddir__|$(appdefaultdir)|g'\'' 	-e '\''s|__appmansuffix__|$(APP_MAN_SUFFIX)|g'\'' 	-e '\''s|__drivermansuffix__|$(DRIVER_MAN_SUFFIX)|g'\'' 	-e '\''s|__adminmansuffix__|$(ADMIN_MAN_SUFFIX)|g'\'' 	-e '\''s|__libmansuffix__|$(LIB_MAN_SUFFIX)|g'\'' 	-e '\''s|__miscmansuffix__|$(MISC_MAN_SUFFIX)|g'\'' 	-e '\''s|__filemansuffix__|$(FILE_MAN_SUFFIX)|g'\'''
MISC_MAN_DIR='$(mandir)/man$(MISC_MAN_SUFFIX)'
MISC_MAN_SUFFIX='7'
MKDIR_P='/bin/mkdir -p'
OBJEXT='o'
PACKAGE='xproto'
PACKAGE_BUGREPORT='https://bugs.freedesktop.org/enter_bug.cgi?product=xorg'
PACKAGE_NAME='Xproto'
PACKAGE_STRING='Xproto 7.0.31'
PACKAGE_TARNAME='xproto'
PACKAGE_URL=''
PACKAGE_VERSION='7.0.31'
PATH_SEPARATOR=':'
PKG_CONFIG='/media/panpan/tools/buildroot-2018.02.8/output/host/bin/pkg-config'
PKG_CONFIG_LIBDIR='/media/panpan/tools/buildroot-2018.02.8/output/host/lib/pkgconfig:/media/panpan/tools/buildroot-2018.02.8/output/host/share/pkgconfig'
PKG_CONFIG_PATH=''
SED='/bin/sed'
SET_MAKE=''
SHELL='/bin/sh'
STRICT_CFLAGS=' -pedantic -Werror -Werror=attributes'
STRIP=''
STYLESHEET_SRCDIR=''
USE_FDS_BITS='__fds_bits'
VERSION='7.0.31'
XMLTO=''
XORG_MAN_PAGE='X Version 11'
XORG_SGML_PATH=''
XSLTPROC='/usr/bin/xsltproc'
XSL_STYLESHEET=''
ac_ct_CC='/usr/bin/gcc'
am__EXEEXT_FALSE=''
am__EXEEXT_TRUE='#'
am__fastdepCC_FALSE=''
am__fastdepCC_TRUE='#'
am__include='include'
am__isrc=''
am__leading_dot='.'
am__nodep=''
am__quote=''
am__tar='$${TAR-tar} chof - "$$tardir"'
am__untar='$${TAR-tar} xf -'
bindir='${exec_prefix}/bin'
build='x86_64-pc-linux-gnu'
build_alias=''
build_cpu='x86_64'
build_os='linux-gnu'
build_vendor='pc'
datadir='${datarootdir}'
datarootdir='${prefix}/share'
docdir='${datarootdir}/doc/${PACKAGE_TARNAME}'
dvidir='${docdir}'
exec_prefix='${prefix}'
host='x86_64-pc-linux-gnu'
host_alias=''
host_cpu='x86_64'
host_os='linux-gnu'
host_vendor='pc'
htmldir='${docdir}'
includedir='${prefix}/include'
infodir='${datarootdir}/info'
install_sh='${SHELL} /media/panpan/tools/buildroot-2018.02.8/output/build/host-xproto_xproto-7.0.31/install-sh'
libdir='${exec_prefix}/lib'
libexecdir='${exec_prefix}/libexec'
localedir='${datarootdir}/locale'
localstatedir='/media/panpan/tools/buildroot-2018.02.8/output/host/var'
mandir='${datarootdir}/man'
mkdir_p='$(MKDIR_P)'
oldincludedir='/usr/include'
pdfdir='${docdir}'
prefix='/media/panpan/tools/buildroot-2018.02.8/output/host'
program_transform_name='s,x,x,'
psdir='${docdir}'
runstatedir='${localstatedir}/run'
sbindir='${exec_prefix}/sbin'
sharedstatedir='${prefix}/com'
sysconfdir='/media/panpan/tools/buildroot-2018.02.8/output/host/etc'
target_alias=''

## ----------- ##
## confdefs.h. ##
## ----------- ##

/* confdefs.h */
#define PACKAGE_NAME "Xproto"
#define PACKAGE_TARNAME "xproto"
#define PACKAGE_VERSION "7.0.31"
#define PACKAGE_STRING "Xproto 7.0.31"
#define PACKAGE_BUGREPORT "https://bugs.freedesktop.org/enter_bug.cgi?product=xorg"
#define PACKAGE_URL ""
#define PACKAGE "xproto"
#define VERSION "7.0.31"
#define STDC_HEADERS 1
#define HAVE_SYS_TYPES_H 1
#define HAVE_SYS_STAT_H 1
#define HAVE_STDLIB_H 1
#define HAVE_STRING_H 1
#define HAVE_MEMORY_H 1
#define HAVE_STRINGS_H 1
#define HAVE_INTTYPES_H 1
#define HAVE_STDINT_H 1
#define HAVE_UNISTD_H 1
#define PACKAGE_VERSION_MAJOR 7
#define PACKAGE_VERSION_MINOR 0
#define PACKAGE_VERSION_PATCHLEVEL 31
#define HAVE_SYS_SELECT_H 1
#define HAVE_SYS_PARAM_H 1
#define HAVE_SYS_TYPES_H 1
#define HAVE_SYS_TIME_H 1
#define FUNCPROTO 15
#define NARROWPROTO /**/

configure: exit 0
