This file contains any messages produced by compilers while
running configure, to aid debugging if configure makes a mistake.

It was created by PCRE configure 8.41, which was
generated by GNU Autoconf 2.69.  Invocation command line was

  $ ./configure --prefix=/media/panpan/tools/buildroot-2018.02.8/output/host --sysconfdir=/media/panpan/tools/buildroot-2018.02.8/output/host/etc --localstatedir=/media/panpan/tools/buildroot-2018.02.8/output/host/var --enable-shared --disable-static --disable-gtk-doc --disable-gtk-doc-html --disable-doc --disable-docs --disable-documentation --disable-debug --with-xmlto=no --with-fop=no --disable-dependency-tracking --enable-unicode-properties

## --------- ##
## Platform. ##
## --------- ##

hostname = zed-00
uname -m = x86_64
uname -r = 4.4.0-116-generic
uname -s = Linux
uname -v = #140-Ubuntu SMP Mon Feb 12 21:23:04 UTC 2018

/usr/bin/uname -p = unknown
/bin/uname -X     = unknown

/bin/arch              = unknown
/usr/bin/arch -k       = unknown
/usr/convex/getsysinfo = unknown
/usr/bin/hostinfo      = unknown
/bin/machine           = unknown
/usr/bin/oslevel       = unknown
/bin/universe          = unknown

PATH: /media/panpan/tools/buildroot-2018.02.8/output/host/bin
PATH: /media/panpan/tools/buildroot-2018.02.8/output/host/sbin
PATH: /usr/local/sbin
PATH: /usr/local/bin
PATH: /usr/sbin
PATH: /usr/bin
PATH: /sbin
PATH: /bin
PATH: /usr/games
PATH: /usr/local/games
PATH: /snap/bin
PATH: /home/panpan/player/webrtc/go_appengine


## ----------- ##
## Core tests. ##
## ----------- ##

configure:2816: checking for a BSD-compatible install
configure:2884: result: /usr/bin/install -c
configure:2895: checking whether build environment is sane
configure:2950: result: yes
configure:3101: checking for a thread-safe mkdir -p
configure:3140: result: /bin/mkdir -p
configure:3147: checking for gawk
configure:3163: found /usr/bin/gawk
configure:3174: result: gawk
configure:3185: checking whether make sets $(MAKE)
configure:3207: result: yes
configure:3236: checking whether make supports nested variables
configure:3253: result: yes
configure:3390: checking whether make supports nested variables
configure:3407: result: yes
configure:3434: checking for style of include used by make
configure:3462: result: GNU
configure:3533: checking for gcc
configure:3560: result: /usr/bin/gcc
configure:3789: checking for C compiler version
configure:3798: /usr/bin/gcc --version >&5
gcc (Ubuntu 5.4.0-6ubuntu1~16.04.10) 5.4.0 20160609
Copyright (C) 2015 Free Software Foundation, Inc.
This is free software; see the source for copying conditions.  There is NO
warranty; not even for MERCHANTABILITY or FITNESS FOR A PARTICULAR PURPOSE.

configure:3809: $? = 0
configure:3798: /usr/bin/gcc -v >&5
Using built-in specs.
COLLECT_GCC=/usr/bin/gcc
COLLECT_LTO_WRAPPER=/usr/lib/gcc/x86_64-linux-gnu/5/lto-wrapper
Target: x86_64-linux-gnu
Configured with: ../src/configure -v --with-pkgversion='Ubuntu 5.4.0-6ubuntu1~16.04.10' --with-bugurl=file:///usr/share/doc/gcc-5/README.Bugs --enable-languages=c,ada,c++,java,go,d,fortran,objc,obj-c++ --prefix=/usr --program-suffix=-5 --enable-shared --enable-linker-build-id --libexecdir=/usr/lib --without-included-gettext --enable-threads=posix --libdir=/usr/lib --enable-nls --with-sysroot=/ --enable-clocale=gnu --enable-libstdcxx-debug --enable-libstdcxx-time=yes --with-default-libstdcxx-abi=new --enable-gnu-unique-object --disable-vtable-verify --enable-libmpx --enable-plugin --with-system-zlib --disable-browser-plugin --enable-java-awt=gtk --enable-gtk-cairo --with-java-home=/usr/lib/jvm/java-1.5.0-gcj-5-amd64/jre --enable-java-home --with-jvm-root-dir=/usr/lib/jvm/java-1.5.0-gcj-5-amd64 --with-jvm-jar-dir=/usr/lib/jvm-exports/java-1.5.0-gcj-5-amd64 --with-arch-directory=amd64 --with-ecj-jar=/usr/share/java/eclipse-ecj.jar --enable-objc-gc --enable-multiarch --disable-werror --with-arch-32=i686 --with-abi=m64 --with-multilib-list=m32,m64,mx32 --enable-multilib --with-tune=generic --enable-checking=release --build=x86_64-linux-gnu --host=x86_64-linux-gnu --target=x86_64-linux-gnu
Thread model: posix
gcc version 5.4.0 20160609 (Ubuntu 5.4.0-6ubuntu1~16.04.10) 
configure:3809: $? = 0
configure:3798: /usr/bin/gcc -V >&5
gcc: error: unrecognized command line option '-V'
gcc: fatal error: no input files
compilation terminated.
configure:3809: $? = 1
configure:3798: /usr/bin/gcc -qversion >&5
gcc: error: unrecognized command line option '-qversion'
gcc: fatal error: no input files
compilation terminated.
configure:3809: $? = 1
configure:3829: checking whether the C compiler works
configure:3851: /usr/bin/gcc -O2 -I/media/panpan/tools/buildroot-2018.02.8/output/host/include -I/media/panpan/tools/buildroot-2018.02.8/output/host/include -L/media/panpan/tools/buildroot-2018.02.8/output/host/lib -Wl,-rpath,/media/panpan/tools/buildroot-2018.02.8/output/host/lib conftest.c  >&5
configure:3855: $? = 0
configure:3903: result: yes
configure:3906: checking for C compiler default output file name
configure:3908: result: a.out
configure:3914: checking for suffix of executables
configure:3921: /usr/bin/gcc -o conftest -O2 -I/media/panpan/tools/buildroot-2018.02.8/output/host/include -I/media/panpan/tools/buildroot-2018.02.8/output/host/include -L/media/panpan/tools/buildroot-2018.02.8/output/host/lib -Wl,-rpath,/media/panpan/tools/buildroot-2018.02.8/output/host/lib conftest.c  >&5
configure:3925: $? = 0
configure:3947: result: 
configure:3969: checking whether we are cross compiling
configure:3977: /usr/bin/gcc -o conftest -O2 -I/media/panpan/tools/buildroot-2018.02.8/output/host/include -I/media/panpan/tools/buildroot-2018.02.8/output/host/include -L/media/panpan/tools/buildroot-2018.02.8/output/host/lib -Wl,-rpath,/media/panpan/tools/buildroot-2018.02.8/output/host/lib conftest.c  >&5
configure:3981: $? = 0
configure:3988: ./conftest
configure:3992: $? = 0
configure:4007: result: no
configure:4012: checking for suffix of object files
configure:4034: /usr/bin/gcc -c -O2 -I/media/panpan/tools/buildroot-2018.02.8/output/host/include -I/media/panpan/tools/buildroot-2018.02.8/output/host/include conftest.c >&5
configure:4038: $? = 0
configure:4059: result: o
configure:4063: checking whether we are using the GNU C compiler
configure:4082: /usr/bin/gcc -c -O2 -I/media/panpan/tools/buildroot-2018.02.8/output/host/include -I/media/panpan/tools/buildroot-2018.02.8/output/host/include conftest.c >&5
configure:4082: $? = 0
configure:4091: result: yes
configure:4100: checking whether /usr/bin/gcc accepts -g
configure:4120: /usr/bin/gcc -c -g -I/media/panpan/tools/buildroot-2018.02.8/output/host/include conftest.c >&5
configure:4120: $? = 0
configure:4161: result: yes
configure:4178: checking for /usr/bin/gcc option to accept ISO C89
configure:4241: /usr/bin/gcc  -c -O2 -I/media/panpan/tools/buildroot-2018.02.8/output/host/include -I/media/panpan/tools/buildroot-2018.02.8/output/host/include conftest.c >&5
configure:4241: $? = 0
configure:4254: result: none needed
configure:4279: checking whether /usr/bin/gcc understands -c and -o together
configure:4301: /usr/bin/gcc -c conftest.c -o conftest2.o
configure:4304: $? = 0
configure:4301: /usr/bin/gcc -c conftest.c -o conftest2.o
configure:4304: $? = 0
configure:4316: result: yes
configure:4335: checking dependency style of /usr/bin/gcc
configure:4446: result: none
configure:4564: checking the archiver (/usr/bin/ar) interface
configure:4580: /usr/bin/gcc -c -O2 -I/media/panpan/tools/buildroot-2018.02.8/output/host/include -I/media/panpan/tools/buildroot-2018.02.8/output/host/include conftest.c >&5
configure:4580: $? = 0
configure:4582: /usr/bin/ar cru libconftest.a conftest.o >&5
/usr/bin/ar: `u' modifier ignored since `D' is the default (see `U')
configure:4585: $? = 0
configure:4613: result: ar
configure:4698: checking for gcc
configure:4725: result: /usr/bin/gcc
configure:4954: checking for C compiler version
configure:4963: /usr/bin/gcc --version >&5
gcc (Ubuntu 5.4.0-6ubuntu1~16.04.10) 5.4.0 20160609
Copyright (C) 2015 Free Software Foundation, Inc.
This is free software; see the source for copying conditions.  There is NO
warranty; not even for MERCHANTABILITY or FITNESS FOR A PARTICULAR PURPOSE.

configure:4974: $? = 0
configure:4963: /usr/bin/gcc -v >&5
Using built-in specs.
COLLECT_GCC=/usr/bin/gcc
COLLECT_LTO_WRAPPER=/usr/lib/gcc/x86_64-linux-gnu/5/lto-wrapper
Target: x86_64-linux-gnu
Configured with: ../src/configure -v --with-pkgversion='Ubuntu 5.4.0-6ubuntu1~16.04.10' --with-bugurl=file:///usr/share/doc/gcc-5/README.Bugs --enable-languages=c,ada,c++,java,go,d,fortran,objc,obj-c++ --prefix=/usr --program-suffix=-5 --enable-shared --enable-linker-build-id --libexecdir=/usr/lib --without-included-gettext --enable-threads=posix --libdir=/usr/lib --enable-nls --with-sysroot=/ --enable-clocale=gnu --enable-libstdcxx-debug --enable-libstdcxx-time=yes --with-default-libstdcxx-abi=new --enable-gnu-unique-object --disable-vtable-verify --enable-libmpx --enable-plugin --with-system-zlib --disable-browser-plugin --enable-java-awt=gtk --enable-gtk-cairo --with-java-home=/usr/lib/jvm/java-1.5.0-gcj-5-amd64/jre --enable-java-home --with-jvm-root-dir=/usr/lib/jvm/java-1.5.0-gcj-5-amd64 --with-jvm-jar-dir=/usr/lib/jvm-exports/java-1.5.0-gcj-5-amd64 --with-arch-directory=amd64 --with-ecj-jar=/usr/share/java/eclipse-ecj.jar --enable-objc-gc --enable-multiarch --disable-werror --with-arch-32=i686 --with-abi=m64 --with-multilib-list=m32,m64,mx32 --enable-multilib --with-tune=generic --enable-checking=release --build=x86_64-linux-gnu --host=x86_64-linux-gnu --target=x86_64-linux-gnu
Thread model: posix
gcc version 5.4.0 20160609 (Ubuntu 5.4.0-6ubuntu1~16.04.10) 
configure:4974: $? = 0
configure:4963: /usr/bin/gcc -V >&5
gcc: error: unrecognized command line option '-V'
gcc: fatal error: no input files
compilation terminated.
configure:4974: $? = 1
configure:4963: /usr/bin/gcc -qversion >&5
gcc: error: unrecognized command line option '-qversion'
gcc: fatal error: no input files
compilation terminated.
configure:4974: $? = 1
configure:4978: checking whether we are using the GNU C compiler
configure:5006: result: yes
configure:5015: checking whether /usr/bin/gcc accepts -g
configure:5076: result: yes
configure:5093: checking for /usr/bin/gcc option to accept ISO C89
configure:5169: result: none needed
configure:5194: checking whether /usr/bin/gcc understands -c and -o together
configure:5231: result: yes
configure:5250: checking dependency style of /usr/bin/gcc
configure:5361: result: none
configure:5488: checking for C++ compiler version
configure:5497: /usr/bin/g++ --version >&5
g++ (Ubuntu 5.4.0-6ubuntu1~16.04.10) 5.4.0 20160609
Copyright (C) 2015 Free Software Foundation, Inc.
This is free software; see the source for copying conditions.  There is NO
warranty; not even for MERCHANTABILITY or FITNESS FOR A PARTICULAR PURPOSE.

configure:5508: $? = 0
configure:5497: /usr/bin/g++ -v >&5
Using built-in specs.
COLLECT_GCC=/usr/bin/g++
COLLECT_LTO_WRAPPER=/usr/lib/gcc/x86_64-linux-gnu/5/lto-wrapper
Target: x86_64-linux-gnu
Configured with: ../src/configure -v --with-pkgversion='Ubuntu 5.4.0-6ubuntu1~16.04.10' --with-bugurl=file:///usr/share/doc/gcc-5/README.Bugs --enable-languages=c,ada,c++,java,go,d,fortran,objc,obj-c++ --prefix=/usr --program-suffix=-5 --enable-shared --enable-linker-build-id --libexecdir=/usr/lib --without-included-gettext --enable-threads=posix --libdir=/usr/lib --enable-nls --with-sysroot=/ --enable-clocale=gnu --enable-libstdcxx-debug --enable-libstdcxx-time=yes --with-default-libstdcxx-abi=new --enable-gnu-unique-object --disable-vtable-verify --enable-libmpx --enable-plugin --with-system-zlib --disable-browser-plugin --enable-java-awt=gtk --enable-gtk-cairo --with-java-home=/usr/lib/jvm/java-1.5.0-gcj-5-amd64/jre --enable-java-home --with-jvm-root-dir=/usr/lib/jvm/java-1.5.0-gcj-5-amd64 --with-jvm-jar-dir=/usr/lib/jvm-exports/java-1.5.0-gcj-5-amd64 --with-arch-directory=amd64 --with-ecj-jar=/usr/share/java/eclipse-ecj.jar --enable-objc-gc --enable-multiarch --disable-werror --with-arch-32=i686 --with-abi=m64 --with-multilib-list=m32,m64,mx32 --enable-multilib --with-tune=generic --enable-checking=release --build=x86_64-linux-gnu --host=x86_64-linux-gnu --target=x86_64-linux-gnu
Thread model: posix
gcc version 5.4.0 20160609 (Ubuntu 5.4.0-6ubuntu1~16.04.10) 
configure:5508: $? = 0
configure:5497: /usr/bin/g++ -V >&5
g++: error: unrecognized command line option '-V'
g++: fatal error: no input files
compilation terminated.
configure:5508: $? = 1
configure:5497: /usr/bin/g++ -qversion >&5
g++: error: unrecognized command line option '-qversion'
g++: fatal error: no input files
compilation terminated.
configure:5508: $? = 1
configure:5512: checking whether we are using the GNU C++ compiler
configure:5531: /usr/bin/g++ -c -O2 -I/media/panpan/tools/buildroot-2018.02.8/output/host/include -I/media/panpan/tools/buildroot-2018.02.8/output/host/include conftest.cpp >&5
configure:5531: $? = 0
configure:5540: result: yes
configure:5549: checking whether /usr/bin/g++ accepts -g
configure:5569: /usr/bin/g++ -c -g -I/media/panpan/tools/buildroot-2018.02.8/output/host/include conftest.cpp >&5
configure:5569: $? = 0
configure:5610: result: yes
configure:5635: checking dependency style of /usr/bin/g++
configure:5746: result: none
configure:5805: /usr/bin/g++ -c -O2 -I/media/panpan/tools/buildroot-2018.02.8/output/host/include -I/media/panpan/tools/buildroot-2018.02.8/output/host/include conftest.cpp >&5
configure:5805: $? = 0
configure:5824: checking how to run the C preprocessor
configure:5894: result: /usr/bin/cpp
configure:5914: /usr/bin/cpp -I/media/panpan/tools/buildroot-2018.02.8/output/host/include conftest.c
configure:5914: $? = 0
configure:5928: /usr/bin/cpp -I/media/panpan/tools/buildroot-2018.02.8/output/host/include conftest.c
conftest.c:11:28: fatal error: ac_nonexistent.h: No such file or directory
compilation terminated.
configure:5928: $? = 1
configure: failed program was:
| /* confdefs.h */
| #define PACKAGE_NAME "PCRE"
| #define PACKAGE_TARNAME "pcre"
| #define PACKAGE_VERSION "8.41"
| #define PACKAGE_STRING "PCRE 8.41"
| #define PACKAGE_BUGREPORT ""
| #define PACKAGE_URL ""
| #define PACKAGE "pcre"
| #define VERSION "8.41"
| /* end confdefs.h.  */
| #include <ac_nonexistent.h>
configure:5957: checking for grep that handles long lines and -e
configure:6015: result: /bin/grep
configure:6020: checking for egrep
configure:6082: result: /bin/grep -E
configure:6087: checking for ANSI C header files
configure:6107: /usr/bin/gcc -c -O2 -I/media/panpan/tools/buildroot-2018.02.8/output/host/include -I/media/panpan/tools/buildroot-2018.02.8/output/host/include conftest.c >&5
configure:6107: $? = 0
configure:6180: /usr/bin/gcc -o conftest -O2 -I/media/panpan/tools/buildroot-2018.02.8/output/host/include -I/media/panpan/tools/buildroot-2018.02.8/output/host/include -L/media/panpan/tools/buildroot-2018.02.8/output/host/lib -Wl,-rpath,/media/panpan/tools/buildroot-2018.02.8/output/host/lib conftest.c  >&5
configure:6180: $? = 0
configure:6180: ./conftest
configure:6180: $? = 0
configure:6191: result: yes
configure:6204: checking for sys/types.h
configure:6204: /usr/bin/gcc -c -O2 -I/media/panpan/tools/buildroot-2018.02.8/output/host/include -I/media/panpan/tools/buildroot-2018.02.8/output/host/include conftest.c >&5
configure:6204: $? = 0
configure:6204: result: yes
configure:6204: checking for sys/stat.h
configure:6204: /usr/bin/gcc -c -O2 -I/media/panpan/tools/buildroot-2018.02.8/output/host/include -I/media/panpan/tools/buildroot-2018.02.8/output/host/include conftest.c >&5
configure:6204: $? = 0
configure:6204: result: yes
configure:6204: checking for stdlib.h
configure:6204: /usr/bin/gcc -c -O2 -I/media/panpan/tools/buildroot-2018.02.8/output/host/include -I/media/panpan/tools/buildroot-2018.02.8/output/host/include conftest.c >&5
configure:6204: $? = 0
configure:6204: result: yes
configure:6204: checking for string.h
configure:6204: /usr/bin/gcc -c -O2 -I/media/panpan/tools/buildroot-2018.02.8/output/host/include -I/media/panpan/tools/buildroot-2018.02.8/output/host/include conftest.c >&5
configure:6204: $? = 0
configure:6204: result: yes
configure:6204: checking for memory.h
configure:6204: /usr/bin/gcc -c -O2 -I/media/panpan/tools/buildroot-2018.02.8/output/host/include -I/media/panpan/tools/buildroot-2018.02.8/output/host/include conftest.c >&5
configure:6204: $? = 0
configure:6204: result: yes
configure:6204: checking for strings.h
configure:6204: /usr/bin/gcc -c -O2 -I/media/panpan/tools/buildroot-2018.02.8/output/host/include -I/media/panpan/tools/buildroot-2018.02.8/output/host/include conftest.c >&5
configure:6204: $? = 0
configure:6204: result: yes
configure:6204: checking for inttypes.h
configure:6204: /usr/bin/gcc -c -O2 -I/media/panpan/tools/buildroot-2018.02.8/output/host/include -I/media/panpan/tools/buildroot-2018.02.8/output/host/include conftest.c >&5
configure:6204: $? = 0
configure:6204: result: yes
configure:6204: checking for stdint.h
configure:6204: /usr/bin/gcc -c -O2 -I/media/panpan/tools/buildroot-2018.02.8/output/host/include -I/media/panpan/tools/buildroot-2018.02.8/output/host/include conftest.c >&5
configure:6204: $? = 0
configure:6204: result: yes
configure:6204: checking for unistd.h
configure:6204: /usr/bin/gcc -c -O2 -I/media/panpan/tools/buildroot-2018.02.8/output/host/include -I/media/panpan/tools/buildroot-2018.02.8/output/host/include conftest.c >&5
configure:6204: $? = 0
configure:6204: result: yes
configure:6216: checking for int64_t
configure:6216: /usr/bin/gcc -c -O2 -I/media/panpan/tools/buildroot-2018.02.8/output/host/include -I/media/panpan/tools/buildroot-2018.02.8/output/host/include conftest.c >&5
configure:6216: $? = 0
configure:6216: /usr/bin/gcc -c -O2 -I/media/panpan/tools/buildroot-2018.02.8/output/host/include -I/media/panpan/tools/buildroot-2018.02.8/output/host/include conftest.c >&5
conftest.c: In function 'main':
conftest.c:59:53: warning: integer overflow in expression [-Woverflow]
    < (int64_t) (((((int64_t) 1 << N) << N) - 1) * 2 + 2))];
                                                     ^
conftest.c:58:12: error: storage size of 'test_array' isn't constant
 static int test_array [1 - 2 * !((int64_t) (((((int64_t) 1 << N) << N) - 1) * 2 + 1)
            ^
configure:6216: $? = 1
configure: failed program was:
| /* confdefs.h */
| #define PACKAGE_NAME "PCRE"
| #define PACKAGE_TARNAME "pcre"
| #define PACKAGE_VERSION "8.41"
| #define PACKAGE_STRING "PCRE 8.41"
| #define PACKAGE_BUGREPORT ""
| #define PACKAGE_URL ""
| #define PACKAGE "pcre"
| #define VERSION "8.41"
| #define STDC_HEADERS 1
| #define HAVE_SYS_TYPES_H 1
| #define HAVE_SYS_STAT_H 1
| #define HAVE_STDLIB_H 1
| #define HAVE_STRING_H 1
| #define HAVE_MEMORY_H 1
| #define HAVE_STRINGS_H 1
| #define HAVE_INTTYPES_H 1
| #define HAVE_STDINT_H 1
| #define HAVE_UNISTD_H 1
| /* end confdefs.h.  */
| #include <stdio.h>
| #ifdef HAVE_SYS_TYPES_H
| # include <sys/types.h>
| #endif
| #ifdef HAVE_SYS_STAT_H
| # include <sys/stat.h>
| #endif
| #ifdef STDC_HEADERS
| # include <stdlib.h>
| # include <stddef.h>
| #else
| # ifdef HAVE_STDLIB_H
| #  include <stdlib.h>
| # endif
| #endif
| #ifdef HAVE_STRING_H
| # if !defined STDC_HEADERS && defined HAVE_MEMORY_H
| #  include <memory.h>
| # endif
| # include <string.h>
| #endif
| #ifdef HAVE_STRINGS_H
| # include <strings.h>
| #endif
| #ifdef HAVE_INTTYPES_H
| # include <inttypes.h>
| #endif
| #ifdef HAVE_STDINT_H
| # include <stdint.h>
| #endif
| #ifdef HAVE_UNISTD_H
| # include <unistd.h>
| #endif
| 	        enum { N = 64 / 2 - 1 };
| int
| main ()
| {
| static int test_array [1 - 2 * !((int64_t) (((((int64_t) 1 << N) << N) - 1) * 2 + 1)
| 		 < (int64_t) (((((int64_t) 1 << N) << N) - 1) * 2 + 2))];
| test_array [0] = 0;
| return test_array [0];
| 
|   ;
|   return 0;
| }
configure:6216: result: yes
configure:6233: checking build system type
configure:6247: result: x86_64-pc-linux-gnu
configure:6267: checking host system type
configure:6280: result: x86_64-pc-linux-gnu
configure:6649: checking how to print strings
configure:6676: result: printf
configure:6697: checking for a sed that does not truncate output
configure:6761: result: /bin/sed
configure:6779: checking for fgrep
configure:6841: result: /bin/grep -F
configure:6876: checking for ld used by /usr/bin/gcc
configure:6943: result: /usr/bin/ld
configure:6950: checking if the linker (/usr/bin/ld) is GNU ld
configure:6965: result: yes
configure:6977: checking for BSD- or MS-compatible name lister (nm)
configure:7031: result: /usr/bin/nm
configure:7161: checking the name lister (/usr/bin/nm) interface
configure:7168: /usr/bin/gcc -c -O2 -I/media/panpan/tools/buildroot-2018.02.8/output/host/include -I/media/panpan/tools/buildroot-2018.02.8/output/host/include conftest.c >&5
configure:7171: /usr/bin/nm "conftest.o"
configure:7174: output
0000000000000000 B some_variable
configure:7181: result: BSD nm
configure:7184: checking whether ln -s works
configure:7188: result: yes
configure:7196: checking the maximum length of command line arguments
configure:7327: result: 1572864
configure:7375: checking how to convert x86_64-pc-linux-gnu file names to x86_64-pc-linux-gnu format
configure:7415: result: func_convert_file_noop
configure:7422: checking how to convert x86_64-pc-linux-gnu file names to toolchain format
configure:7442: result: func_convert_file_noop
configure:7449: checking for /usr/bin/ld option to reload object files
configure:7456: result: -r
configure:7530: checking for objdump
configure:7557: result: objdump
configure:7586: checking how to recognize dependent libraries
configure:7786: result: pass_all
configure:7871: checking for dlltool
configure:7898: result: dlltool
configure:7928: checking how to associate runtime and link libraries
configure:7955: result: printf %s\n
configure:8079: checking for archiver @FILE support
configure:8096: /usr/bin/gcc -c -O2 -I/media/panpan/tools/buildroot-2018.02.8/output/host/include -I/media/panpan/tools/buildroot-2018.02.8/output/host/include conftest.c >&5
configure:8096: $? = 0
configure:8099: /usr/bin/ar cru libconftest.a @conftest.lst >&5
/usr/bin/ar: `u' modifier ignored since `D' is the default (see `U')
configure:8102: $? = 0
configure:8107: /usr/bin/ar cru libconftest.a @conftest.lst >&5
/usr/bin/ar: `u' modifier ignored since `D' is the default (see `U')
/usr/bin/ar: conftest.o: No such file or directory
configure:8110: $? = 1
configure:8122: result: @
configure:8180: checking for strip
configure:8196: found /usr/bin/strip
configure:8207: result: strip
configure:8279: checking for ranlib
configure:8306: result: /usr/bin/ranlib
configure:8408: checking command to parse /usr/bin/nm output from /usr/bin/gcc object
configure:8561: /usr/bin/gcc -c -O2 -I/media/panpan/tools/buildroot-2018.02.8/output/host/include -I/media/panpan/tools/buildroot-2018.02.8/output/host/include conftest.c >&5
configure:8564: $? = 0
configure:8568: /usr/bin/nm conftest.o \| sed -n -e 's/^.*[ ]\([ABCDGIRSTW][ABCDGIRSTW]*\)[ ][ ]*\([_A-Za-z][_A-Za-z0-9]*\)$/\1 \2 \2/p' | sed '/ __gnu_lto/d' \> conftest.nm
configure:8571: $? = 0
configure:8637: /usr/bin/gcc -o conftest -O2 -I/media/panpan/tools/buildroot-2018.02.8/output/host/include -I/media/panpan/tools/buildroot-2018.02.8/output/host/include -L/media/panpan/tools/buildroot-2018.02.8/output/host/lib -Wl,-rpath,/media/panpan/tools/buildroot-2018.02.8/output/host/lib conftest.c conftstm.o >&5
configure:8640: $? = 0
configure:8678: result: ok
configure:8725: checking for sysroot
configure:8755: result: no
configure:8762: checking for a working dd
configure:8800: result: /bin/dd
configure:8804: checking how to truncate binary pipes
configure:8819: result: /bin/dd bs=4096 count=1
configure:8955: /usr/bin/gcc -c -O2 -I/media/panpan/tools/buildroot-2018.02.8/output/host/include -I/media/panpan/tools/buildroot-2018.02.8/output/host/include conftest.c >&5
configure:8958: $? = 0
configure:9148: checking for mt
configure:9164: found /bin/mt
configure:9175: result: mt
configure:9198: checking if mt is a manifest tool
configure:9204: mt '-?'
configure:9212: result: no
configure:9886: checking for dlfcn.h
configure:9886: /usr/bin/gcc -c -O2 -I/media/panpan/tools/buildroot-2018.02.8/output/host/include -I/media/panpan/tools/buildroot-2018.02.8/output/host/include conftest.c >&5
configure:9886: $? = 0
configure:9886: result: yes
configure:10150: checking for objdir
configure:10165: result: .libs
configure:10429: checking if /usr/bin/gcc supports -fno-rtti -fno-exceptions
configure:10447: /usr/bin/gcc -c -O2 -I/media/panpan/tools/buildroot-2018.02.8/output/host/include -I/media/panpan/tools/buildroot-2018.02.8/output/host/include -fno-rtti -fno-exceptions conftest.c >&5
cc1: warning: command line option '-fno-rtti' is valid for C++/ObjC++ but not for C
configure:10451: $? = 0
configure:10464: result: no
configure:10822: checking for /usr/bin/gcc option to produce PIC
configure:10829: result: -fPIC -DPIC
configure:10837: checking if /usr/bin/gcc PIC flag -fPIC -DPIC works
configure:10855: /usr/bin/gcc -c -O2 -I/media/panpan/tools/buildroot-2018.02.8/output/host/include -I/media/panpan/tools/buildroot-2018.02.8/output/host/include -fPIC -DPIC -DPIC conftest.c >&5
configure:10859: $? = 0
configure:10872: result: yes
configure:10901: checking if /usr/bin/gcc static flag -static works
configure:10929: result: yes
configure:10944: checking if /usr/bin/gcc supports -c -o file.o
configure:10965: /usr/bin/gcc -c -O2 -I/media/panpan/tools/buildroot-2018.02.8/output/host/include -I/media/panpan/tools/buildroot-2018.02.8/output/host/include -o out/conftest2.o conftest.c >&5
configure:10969: $? = 0
configure:10991: result: yes
configure:10999: checking if /usr/bin/gcc supports -c -o file.o
configure:11046: result: yes
configure:11079: checking whether the /usr/bin/gcc linker (/usr/bin/ld -m elf_x86_64) supports shared libraries
configure:12338: result: yes
configure:12375: checking whether -lc should be explicitly linked in
configure:12383: /usr/bin/gcc -c -O2 -I/media/panpan/tools/buildroot-2018.02.8/output/host/include -I/media/panpan/tools/buildroot-2018.02.8/output/host/include conftest.c >&5
configure:12386: $? = 0
configure:12401: /usr/bin/gcc -shared  -fPIC -DPIC conftest.o  -v -Wl,-soname -Wl,conftest -o conftest 2\>\&1 \| /bin/grep  -lc  \>/dev/null 2\>\&1
configure:12404: $? = 0
configure:12418: result: no
configure:12578: checking dynamic linker characteristics
configure:13159: /usr/bin/gcc -o conftest -O2 -I/media/panpan/tools/buildroot-2018.02.8/output/host/include -I/media/panpan/tools/buildroot-2018.02.8/output/host/include -L/media/panpan/tools/buildroot-2018.02.8/output/host/lib -Wl,-rpath,/media/panpan/tools/buildroot-2018.02.8/output/host/lib -Wl,-rpath -Wl,/foo conftest.c  >&5
configure:13159: $? = 0
configure:13396: result: GNU/Linux ld.so
configure:13518: checking how to hardcode library paths into programs
configure:13543: result: immediate
configure:14091: checking whether stripping libraries is possible
configure:14096: result: yes
configure:14131: checking if libtool supports shared libraries
configure:14133: result: yes
configure:14136: checking whether to build shared libraries
configure:14161: result: yes
configure:14164: checking whether to build static libraries
configure:14168: result: no
configure:14191: checking how to run the C++ preprocessor
configure:14218: /usr/bin/g++ -E -I/media/panpan/tools/buildroot-2018.02.8/output/host/include conftest.cpp
configure:14218: $? = 0
configure:14232: /usr/bin/g++ -E -I/media/panpan/tools/buildroot-2018.02.8/output/host/include conftest.cpp
conftest.cpp:23:28: fatal error: ac_nonexistent.h: No such file or directory
compilation terminated.
configure:14232: $? = 1
configure: failed program was:
| /* confdefs.h */
| #define PACKAGE_NAME "PCRE"
| #define PACKAGE_TARNAME "pcre"
| #define PACKAGE_VERSION "8.41"
| #define PACKAGE_STRING "PCRE 8.41"
| #define PACKAGE_BUGREPORT ""
| #define PACKAGE_URL ""
| #define PACKAGE "pcre"
| #define VERSION "8.41"
| #define STDC_HEADERS 1
| #define HAVE_SYS_TYPES_H 1
| #define HAVE_SYS_STAT_H 1
| #define HAVE_STDLIB_H 1
| #define HAVE_STRING_H 1
| #define HAVE_MEMORY_H 1
| #define HAVE_STRINGS_H 1
| #define HAVE_INTTYPES_H 1
| #define HAVE_STDINT_H 1
| #define HAVE_UNISTD_H 1
| #define HAVE_DLFCN_H 1
| #define LT_OBJDIR ".libs/"
| /* end confdefs.h.  */
| #include <ac_nonexistent.h>
configure:14257: result: /usr/bin/g++ -E
configure:14277: /usr/bin/g++ -E -I/media/panpan/tools/buildroot-2018.02.8/output/host/include conftest.cpp
configure:14277: $? = 0
configure:14291: /usr/bin/g++ -E -I/media/panpan/tools/buildroot-2018.02.8/output/host/include conftest.cpp
conftest.cpp:23:28: fatal error: ac_nonexistent.h: No such file or directory
compilation terminated.
configure:14291: $? = 1
configure: failed program was:
| /* confdefs.h */
| #define PACKAGE_NAME "PCRE"
| #define PACKAGE_TARNAME "pcre"
| #define PACKAGE_VERSION "8.41"
| #define PACKAGE_STRING "PCRE 8.41"
| #define PACKAGE_BUGREPORT ""
| #define PACKAGE_URL ""
| #define PACKAGE "pcre"
| #define VERSION "8.41"
| #define STDC_HEADERS 1
| #define HAVE_SYS_TYPES_H 1
| #define HAVE_SYS_STAT_H 1
| #define HAVE_STDLIB_H 1
| #define HAVE_STRING_H 1
| #define HAVE_MEMORY_H 1
| #define HAVE_STRINGS_H 1
| #define HAVE_INTTYPES_H 1
| #define HAVE_STDINT_H 1
| #define HAVE_UNISTD_H 1
| #define HAVE_DLFCN_H 1
| #define LT_OBJDIR ".libs/"
| /* end confdefs.h.  */
| #include <ac_nonexistent.h>
configure:14453: checking for ld used by /usr/bin/g++
configure:14520: result: /usr/bin/ld -m elf_x86_64
configure:14527: checking if the linker (/usr/bin/ld -m elf_x86_64) is GNU ld
configure:14542: result: yes
configure:14597: checking whether the /usr/bin/g++ linker (/usr/bin/ld -m elf_x86_64) supports shared libraries
configure:15670: result: yes
configure:15706: /usr/bin/g++ -c -O2 -I/media/panpan/tools/buildroot-2018.02.8/output/host/include -I/media/panpan/tools/buildroot-2018.02.8/output/host/include conftest.cpp >&5
configure:15709: $? = 0
configure:16190: checking for /usr/bin/g++ option to produce PIC
configure:16197: result: -fPIC -DPIC
configure:16205: checking if /usr/bin/g++ PIC flag -fPIC -DPIC works
configure:16223: /usr/bin/g++ -c -O2 -I/media/panpan/tools/buildroot-2018.02.8/output/host/include -I/media/panpan/tools/buildroot-2018.02.8/output/host/include -fPIC -DPIC -DPIC conftest.cpp >&5
configure:16227: $? = 0
configure:16240: result: yes
configure:16263: checking if /usr/bin/g++ static flag -static works
configure:16291: result: yes
configure:16303: checking if /usr/bin/g++ supports -c -o file.o
configure:16324: /usr/bin/g++ -c -O2 -I/media/panpan/tools/buildroot-2018.02.8/output/host/include -I/media/panpan/tools/buildroot-2018.02.8/output/host/include -o out/conftest2.o conftest.cpp >&5
configure:16328: $? = 0
configure:16350: result: yes
configure:16355: checking if /usr/bin/g++ supports -c -o file.o
configure:16402: result: yes
configure:16432: checking whether the /usr/bin/g++ linker (/usr/bin/ld -m elf_x86_64) supports shared libraries
configure:16472: result: yes
configure:16613: checking dynamic linker characteristics
configure:17358: result: GNU/Linux ld.so
configure:17423: checking how to hardcode library paths into programs
configure:17448: result: immediate
configure:17509: checking whether ln -s works
configure:17513: result: yes
configure:17529: checking whether the -Werror option is usable
configure:17548: /usr/bin/gcc -c -O2 -I/media/panpan/tools/buildroot-2018.02.8/output/host/include -Werror -I/media/panpan/tools/buildroot-2018.02.8/output/host/include conftest.c >&5
configure:17548: $? = 0
configure:17557: result: yes
configure:17559: checking for simple visibility declarations
configure:17586: /usr/bin/gcc -c -O2 -I/media/panpan/tools/buildroot-2018.02.8/output/host/include -fvisibility=hidden -Werror -I/media/panpan/tools/buildroot-2018.02.8/output/host/include conftest.c >&5
configure:17586: $? = 0
configure:17595: result: yes
configure:18064: checking for ANSI C header files
configure:18168: result: yes
configure:18179: checking limits.h usability
configure:18179: /usr/bin/gcc -c -O2 -I/media/panpan/tools/buildroot-2018.02.8/output/host/include -I/media/panpan/tools/buildroot-2018.02.8/output/host/include conftest.c >&5
configure:18179: $? = 0
configure:18179: result: yes
configure:18179: checking limits.h presence
configure:18179: /usr/bin/cpp -I/media/panpan/tools/buildroot-2018.02.8/output/host/include conftest.c
configure:18179: $? = 0
configure:18179: result: yes
configure:18179: checking for limits.h
configure:18179: result: yes
configure:18179: checking for sys/types.h
configure:18179: result: yes
configure:18179: checking for sys/stat.h
configure:18179: result: yes
configure:18179: checking dirent.h usability
configure:18179: /usr/bin/gcc -c -O2 -I/media/panpan/tools/buildroot-2018.02.8/output/host/include -I/media/panpan/tools/buildroot-2018.02.8/output/host/include conftest.c >&5
configure:18179: $? = 0
configure:18179: result: yes
configure:18179: checking dirent.h presence
configure:18179: /usr/bin/cpp -I/media/panpan/tools/buildroot-2018.02.8/output/host/include conftest.c
configure:18179: $? = 0
configure:18179: result: yes
configure:18179: checking for dirent.h
configure:18179: result: yes
configure:18191: checking windows.h usability
configure:18191: /usr/bin/gcc -c -O2 -I/media/panpan/tools/buildroot-2018.02.8/output/host/include -I/media/panpan/tools/buildroot-2018.02.8/output/host/include conftest.c >&5
conftest.c:69:21: fatal error: windows.h: No such file or directory
compilation terminated.
configure:18191: $? = 1
configure: failed program was:
| /* confdefs.h */
| #define PACKAGE_NAME "PCRE"
| #define PACKAGE_TARNAME "pcre"
| #define PACKAGE_VERSION "8.41"
| #define PACKAGE_STRING "PCRE 8.41"
| #define PACKAGE_BUGREPORT ""
| #define PACKAGE_URL ""
| #define PACKAGE "pcre"
| #define VERSION "8.41"
| #define STDC_HEADERS 1
| #define HAVE_SYS_TYPES_H 1
| #define HAVE_SYS_STAT_H 1
| #define HAVE_STDLIB_H 1
| #define HAVE_STRING_H 1
| #define HAVE_MEMORY_H 1
| #define HAVE_STRINGS_H 1
| #define HAVE_INTTYPES_H 1
| #define HAVE_STDINT_H 1
| #define HAVE_UNISTD_H 1
| #define HAVE_DLFCN_H 1
| #define LT_OBJDIR ".libs/"
| #define PCRE_EXP_DECL extern __attribute__ ((visibility ("default")))
| #define PCRE_EXP_DEFN __attribute__ ((visibility ("default")))
| #define PCRE_EXP_DATA_DEFN __attribute__ ((visibility ("default")))
| #define PCREPOSIX_EXP_DECL extern __attribute__ ((visibility ("default")))
| #define PCREPOSIX_EXP_DEFN extern __attribute__ ((visibility ("default")))
| #define PCRECPP_EXP_DECL extern __attribute__ ((visibility ("default")))
| #define PCRECPP_EXP_DEFN __attribute__ ((visibility ("default")))
| #define HAVE_VISIBILITY 1
| #define STDC_HEADERS 1
| #define HAVE_LIMITS_H 1
| #define HAVE_SYS_TYPES_H 1
| #define HAVE_SYS_STAT_H 1
| #define HAVE_DIRENT_H 1
| /* end confdefs.h.  */
| #include <stdio.h>
| #ifdef HAVE_SYS_TYPES_H
| # include <sys/types.h>
| #endif
| #ifdef HAVE_SYS_STAT_H
| # include <sys/stat.h>
| #endif
| #ifdef STDC_HEADERS
| # include <stdlib.h>
| # include <stddef.h>
| #else
| # ifdef HAVE_STDLIB_H
| #  include <stdlib.h>
| # endif
| #endif
| #ifdef HAVE_STRING_H
| # if !defined STDC_HEADERS && defined HAVE_MEMORY_H
| #  include <memory.h>
| # endif
| # include <string.h>
| #endif
| #ifdef HAVE_STRINGS_H
| # include <strings.h>
| #endif
| #ifdef HAVE_INTTYPES_H
| # include <inttypes.h>
| #endif
| #ifdef HAVE_STDINT_H
| # include <stdint.h>
| #endif
| #ifdef HAVE_UNISTD_H
| # include <unistd.h>
| #endif
| #include <windows.h>
configure:18191: result: no
configure:18191: checking windows.h presence
configure:18191: /usr/bin/cpp -I/media/panpan/tools/buildroot-2018.02.8/output/host/include conftest.c
conftest.c:36:21: fatal error: windows.h: No such file or directory
compilation terminated.
configure:18191: $? = 1
configure: failed program was:
| /* confdefs.h */
| #define PACKAGE_NAME "PCRE"
| #define PACKAGE_TARNAME "pcre"
| #define PACKAGE_VERSION "8.41"
| #define PACKAGE_STRING "PCRE 8.41"
| #define PACKAGE_BUGREPORT ""
| #define PACKAGE_URL ""
| #define PACKAGE "pcre"
| #define VERSION "8.41"
| #define STDC_HEADERS 1
| #define HAVE_SYS_TYPES_H 1
| #define HAVE_SYS_STAT_H 1
| #define HAVE_STDLIB_H 1
| #define HAVE_STRING_H 1
| #define HAVE_MEMORY_H 1
| #define HAVE_STRINGS_H 1
| #define HAVE_INTTYPES_H 1
| #define HAVE_STDINT_H 1
| #define HAVE_UNISTD_H 1
| #define HAVE_DLFCN_H 1
| #define LT_OBJDIR ".libs/"
| #define PCRE_EXP_DECL extern __attribute__ ((visibility ("default")))
| #define PCRE_EXP_DEFN __attribute__ ((visibility ("default")))
| #define PCRE_EXP_DATA_DEFN __attribute__ ((visibility ("default")))
| #define PCREPOSIX_EXP_DECL extern __attribute__ ((visibility ("default")))
| #define PCREPOSIX_EXP_DEFN extern __attribute__ ((visibility ("default")))
| #define PCRECPP_EXP_DECL extern __attribute__ ((visibility ("default")))
| #define PCRECPP_EXP_DEFN __attribute__ ((visibility ("default")))
| #define HAVE_VISIBILITY 1
| #define STDC_HEADERS 1
| #define HAVE_LIMITS_H 1
| #define HAVE_SYS_TYPES_H 1
| #define HAVE_SYS_STAT_H 1
| #define HAVE_DIRENT_H 1
| /* end confdefs.h.  */
| #include <windows.h>
configure:18191: result: no
configure:18191: checking for windows.h
configure:18191: result: no
configure:18227: checking for alias support in the linker
configure:18246: /usr/bin/g++ -o conftest -O2 -I/media/panpan/tools/buildroot-2018.02.8/output/host/include -I/media/panpan/tools/buildroot-2018.02.8/output/host/include -L/media/panpan/tools/buildroot-2018.02.8/output/host/lib -Wl,-rpath,/media/panpan/tools/buildroot-2018.02.8/output/host/lib -Wl,-alias,__ZN7pcrecpp2RE6no_argE,__ZN7pcrecpp6no_argE conftest.cpp  >&5
/usr/bin/ld: unrecognized -a option `lias'
collect2: error: ld returned 1 exit status
configure:18246: $? = 1
configure: failed program was:
| /* confdefs.h */
| #define PACKAGE_NAME "PCRE"
| #define PACKAGE_TARNAME "pcre"
| #define PACKAGE_VERSION "8.41"
| #define PACKAGE_STRING "PCRE 8.41"
| #define PACKAGE_BUGREPORT ""
| #define PACKAGE_URL ""
| #define PACKAGE "pcre"
| #define VERSION "8.41"
| #define STDC_HEADERS 1
| #define HAVE_SYS_TYPES_H 1
| #define HAVE_SYS_STAT_H 1
| #define HAVE_STDLIB_H 1
| #define HAVE_STRING_H 1
| #define HAVE_MEMORY_H 1
| #define HAVE_STRINGS_H 1
| #define HAVE_INTTYPES_H 1
| #define HAVE_STDINT_H 1
| #define HAVE_UNISTD_H 1
| #define HAVE_DLFCN_H 1
| #define LT_OBJDIR ".libs/"
| #define PCRE_EXP_DECL extern __attribute__ ((visibility ("default")))
| #define PCRE_EXP_DEFN __attribute__ ((visibility ("default")))
| #define PCRE_EXP_DATA_DEFN __attribute__ ((visibility ("default")))
| #define PCREPOSIX_EXP_DECL extern __attribute__ ((visibility ("default")))
| #define PCREPOSIX_EXP_DEFN extern __attribute__ ((visibility ("default")))
| #define PCRECPP_EXP_DECL extern __attribute__ ((visibility ("default")))
| #define PCRECPP_EXP_DEFN __attribute__ ((visibility ("default")))
| #define HAVE_VISIBILITY 1
| #define STDC_HEADERS 1
| #define HAVE_LIMITS_H 1
| #define HAVE_SYS_TYPES_H 1
| #define HAVE_SYS_STAT_H 1
| #define HAVE_DIRENT_H 1
| /* end confdefs.h.  */
| namespace pcrecpp {
|                                     class RE { static int no_arg; };
|                                     int RE::no_arg;
|                                   }
| int
| main ()
| {
| 
|   ;
|   return 0;
| }
configure:18252: result: no
configure:18227: checking for alias support in the linker
configure:18246: /usr/bin/g++ -o conftest -O2 -I/media/panpan/tools/buildroot-2018.02.8/output/host/include -I/media/panpan/tools/buildroot-2018.02.8/output/host/include -L/media/panpan/tools/buildroot-2018.02.8/output/host/lib -Wl,-rpath,/media/panpan/tools/buildroot-2018.02.8/output/host/lib -Wl,-i__ZN7pcrecpp6no_argE:__ZN7pcrecpp2RE6no_argE conftest.cpp  >&5
/usr/bin/ld: unrecognised option: -i__ZN7pcrecpp6no_argE:__ZN7pcrecpp2RE6no_argE
collect2: error: ld returned 1 exit status
configure:18246: $? = 1
configure: failed program was:
| /* confdefs.h */
| #define PACKAGE_NAME "PCRE"
| #define PACKAGE_TARNAME "pcre"
| #define PACKAGE_VERSION "8.41"
| #define PACKAGE_STRING "PCRE 8.41"
| #define PACKAGE_BUGREPORT ""
| #define PACKAGE_URL ""
| #define PACKAGE "pcre"
| #define VERSION "8.41"
| #define STDC_HEADERS 1
| #define HAVE_SYS_TYPES_H 1
| #define HAVE_SYS_STAT_H 1
| #define HAVE_STDLIB_H 1
| #define HAVE_STRING_H 1
| #define HAVE_MEMORY_H 1
| #define HAVE_STRINGS_H 1
| #define HAVE_INTTYPES_H 1
| #define HAVE_STDINT_H 1
| #define HAVE_UNISTD_H 1
| #define HAVE_DLFCN_H 1
| #define LT_OBJDIR ".libs/"
| #define PCRE_EXP_DECL extern __attribute__ ((visibility ("default")))
| #define PCRE_EXP_DEFN __attribute__ ((visibility ("default")))
| #define PCRE_EXP_DATA_DEFN __attribute__ ((visibility ("default")))
| #define PCREPOSIX_EXP_DECL extern __attribute__ ((visibility ("default")))
| #define PCREPOSIX_EXP_DEFN extern __attribute__ ((visibility ("default")))
| #define PCRECPP_EXP_DECL extern __attribute__ ((visibility ("default")))
| #define PCRECPP_EXP_DEFN __attribute__ ((visibility ("default")))
| #define HAVE_VISIBILITY 1
| #define STDC_HEADERS 1
| #define HAVE_LIMITS_H 1
| #define HAVE_SYS_TYPES_H 1
| #define HAVE_SYS_STAT_H 1
| #define HAVE_DIRENT_H 1
| /* end confdefs.h.  */
| namespace pcrecpp {
|                                     class RE { static int no_arg; };
|                                     int RE::no_arg;
|                                   }
| int
| main ()
| {
| 
|   ;
|   return 0;
| }
configure:18252: result: no
configure:18266: checking string usability
configure:18266: /usr/bin/g++ -c -O2 -I/media/panpan/tools/buildroot-2018.02.8/output/host/include -I/media/panpan/tools/buildroot-2018.02.8/output/host/include conftest.cpp >&5
configure:18266: $? = 0
configure:18266: result: yes
configure:18266: checking string presence
configure:18266: /usr/bin/g++ -E -I/media/panpan/tools/buildroot-2018.02.8/output/host/include conftest.cpp
configure:18266: $? = 0
configure:18266: result: yes
configure:18266: checking for string
configure:18266: result: yes
configure:18280: checking bits/type_traits.h usability
configure:18280: /usr/bin/g++ -c -O2 -I/media/panpan/tools/buildroot-2018.02.8/output/host/include -I/media/panpan/tools/buildroot-2018.02.8/output/host/include conftest.cpp >&5
conftest.cpp:70:30: fatal error: bits/type_traits.h: No such file or directory
compilation terminated.
configure:18280: $? = 1
configure: failed program was:
| /* confdefs.h */
| #define PACKAGE_NAME "PCRE"
| #define PACKAGE_TARNAME "pcre"
| #define PACKAGE_VERSION "8.41"
| #define PACKAGE_STRING "PCRE 8.41"
| #define PACKAGE_BUGREPORT ""
| #define PACKAGE_URL ""
| #define PACKAGE "pcre"
| #define VERSION "8.41"
| #define STDC_HEADERS 1
| #define HAVE_SYS_TYPES_H 1
| #define HAVE_SYS_STAT_H 1
| #define HAVE_STDLIB_H 1
| #define HAVE_STRING_H 1
| #define HAVE_MEMORY_H 1
| #define HAVE_STRINGS_H 1
| #define HAVE_INTTYPES_H 1
| #define HAVE_STDINT_H 1
| #define HAVE_UNISTD_H 1
| #define HAVE_DLFCN_H 1
| #define LT_OBJDIR ".libs/"
| #define PCRE_EXP_DECL extern __attribute__ ((visibility ("default")))
| #define PCRE_EXP_DEFN __attribute__ ((visibility ("default")))
| #define PCRE_EXP_DATA_DEFN __attribute__ ((visibility ("default")))
| #define PCREPOSIX_EXP_DECL extern __attribute__ ((visibility ("default")))
| #define PCREPOSIX_EXP_DEFN extern __attribute__ ((visibility ("default")))
| #define PCRECPP_EXP_DECL extern __attribute__ ((visibility ("default")))
| #define PCRECPP_EXP_DEFN __attribute__ ((visibility ("default")))
| #define HAVE_VISIBILITY 1
| #define STDC_HEADERS 1
| #define HAVE_LIMITS_H 1
| #define HAVE_SYS_TYPES_H 1
| #define HAVE_SYS_STAT_H 1
| #define HAVE_DIRENT_H 1
| #define HAVE_STRING 1
| /* end confdefs.h.  */
| #include <stdio.h>
| #ifdef HAVE_SYS_TYPES_H
| # include <sys/types.h>
| #endif
| #ifdef HAVE_SYS_STAT_H
| # include <sys/stat.h>
| #endif
| #ifdef STDC_HEADERS
| # include <stdlib.h>
| # include <stddef.h>
| #else
| # ifdef HAVE_STDLIB_H
| #  include <stdlib.h>
| # endif
| #endif
| #ifdef HAVE_STRING_H
| # if !defined STDC_HEADERS && defined HAVE_MEMORY_H
| #  include <memory.h>
| # endif
| # include <string.h>
| #endif
| #ifdef HAVE_STRINGS_H
| # include <strings.h>
| #endif
| #ifdef HAVE_INTTYPES_H
| # include <inttypes.h>
| #endif
| #ifdef HAVE_STDINT_H
| # include <stdint.h>
| #endif
| #ifdef HAVE_UNISTD_H
| # include <unistd.h>
| #endif
| #include <bits/type_traits.h>
configure:18280: result: no
configure:18280: checking bits/type_traits.h presence
configure:18280: /usr/bin/g++ -E -I/media/panpan/tools/buildroot-2018.02.8/output/host/include conftest.cpp
conftest.cpp:37:30: fatal error: bits/type_traits.h: No such file or directory
compilation terminated.
configure:18280: $? = 1
configure: failed program was:
| /* confdefs.h */
| #define PACKAGE_NAME "PCRE"
| #define PACKAGE_TARNAME "pcre"
| #define PACKAGE_VERSION "8.41"
| #define PACKAGE_STRING "PCRE 8.41"
| #define PACKAGE_BUGREPORT ""
| #define PACKAGE_URL ""
| #define PACKAGE "pcre"
| #define VERSION "8.41"
| #define STDC_HEADERS 1
| #define HAVE_SYS_TYPES_H 1
| #define HAVE_SYS_STAT_H 1
| #define HAVE_STDLIB_H 1
| #define HAVE_STRING_H 1
| #define HAVE_MEMORY_H 1
| #define HAVE_STRINGS_H 1
| #define HAVE_INTTYPES_H 1
| #define HAVE_STDINT_H 1
| #define HAVE_UNISTD_H 1
| #define HAVE_DLFCN_H 1
| #define LT_OBJDIR ".libs/"
| #define PCRE_EXP_DECL extern __attribute__ ((visibility ("default")))
| #define PCRE_EXP_DEFN __attribute__ ((visibility ("default")))
| #define PCRE_EXP_DATA_DEFN __attribute__ ((visibility ("default")))
| #define PCREPOSIX_EXP_DECL extern __attribute__ ((visibility ("default")))
| #define PCREPOSIX_EXP_DEFN extern __attribute__ ((visibility ("default")))
| #define PCRECPP_EXP_DECL extern __attribute__ ((visibility ("default")))
| #define PCRECPP_EXP_DEFN __attribute__ ((visibility ("default")))
| #define HAVE_VISIBILITY 1
| #define STDC_HEADERS 1
| #define HAVE_LIMITS_H 1
| #define HAVE_SYS_TYPES_H 1
| #define HAVE_SYS_STAT_H 1
| #define HAVE_DIRENT_H 1
| #define HAVE_STRING 1
| /* end confdefs.h.  */
| #include <bits/type_traits.h>
configure:18280: result: no
configure:18280: checking for bits/type_traits.h
configure:18280: result: no
configure:18294: checking type_traits.h usability
configure:18294: /usr/bin/g++ -c -O2 -I/media/panpan/tools/buildroot-2018.02.8/output/host/include -I/media/panpan/tools/buildroot-2018.02.8/output/host/include conftest.cpp >&5
conftest.cpp:70:25: fatal error: type_traits.h: No such file or directory
compilation terminated.
configure:18294: $? = 1
configure: failed program was:
| /* confdefs.h */
| #define PACKAGE_NAME "PCRE"
| #define PACKAGE_TARNAME "pcre"
| #define PACKAGE_VERSION "8.41"
| #define PACKAGE_STRING "PCRE 8.41"
| #define PACKAGE_BUGREPORT ""
| #define PACKAGE_URL ""
| #define PACKAGE "pcre"
| #define VERSION "8.41"
| #define STDC_HEADERS 1
| #define HAVE_SYS_TYPES_H 1
| #define HAVE_SYS_STAT_H 1
| #define HAVE_STDLIB_H 1
| #define HAVE_STRING_H 1
| #define HAVE_MEMORY_H 1
| #define HAVE_STRINGS_H 1
| #define HAVE_INTTYPES_H 1
| #define HAVE_STDINT_H 1
| #define HAVE_UNISTD_H 1
| #define HAVE_DLFCN_H 1
| #define LT_OBJDIR ".libs/"
| #define PCRE_EXP_DECL extern __attribute__ ((visibility ("default")))
| #define PCRE_EXP_DEFN __attribute__ ((visibility ("default")))
| #define PCRE_EXP_DATA_DEFN __attribute__ ((visibility ("default")))
| #define PCREPOSIX_EXP_DECL extern __attribute__ ((visibility ("default")))
| #define PCREPOSIX_EXP_DEFN extern __attribute__ ((visibility ("default")))
| #define PCRECPP_EXP_DECL extern __attribute__ ((visibility ("default")))
| #define PCRECPP_EXP_DEFN __attribute__ ((visibility ("default")))
| #define HAVE_VISIBILITY 1
| #define STDC_HEADERS 1
| #define HAVE_LIMITS_H 1
| #define HAVE_SYS_TYPES_H 1
| #define HAVE_SYS_STAT_H 1
| #define HAVE_DIRENT_H 1
| #define HAVE_STRING 1
| /* end confdefs.h.  */
| #include <stdio.h>
| #ifdef HAVE_SYS_TYPES_H
| # include <sys/types.h>
| #endif
| #ifdef HAVE_SYS_STAT_H
| # include <sys/stat.h>
| #endif
| #ifdef STDC_HEADERS
| # include <stdlib.h>
| # include <stddef.h>
| #else
| # ifdef HAVE_STDLIB_H
| #  include <stdlib.h>
| # endif
| #endif
| #ifdef HAVE_STRING_H
| # if !defined STDC_HEADERS && defined HAVE_MEMORY_H
| #  include <memory.h>
| # endif
| # include <string.h>
| #endif
| #ifdef HAVE_STRINGS_H
| # include <strings.h>
| #endif
| #ifdef HAVE_INTTYPES_H
| # include <inttypes.h>
| #endif
| #ifdef HAVE_STDINT_H
| # include <stdint.h>
| #endif
| #ifdef HAVE_UNISTD_H
| # include <unistd.h>
| #endif
| #include <type_traits.h>
configure:18294: result: no
configure:18294: checking type_traits.h presence
configure:18294: /usr/bin/g++ -E -I/media/panpan/tools/buildroot-2018.02.8/output/host/include conftest.cpp
conftest.cpp:37:25: fatal error: type_traits.h: No such file or directory
compilation terminated.
configure:18294: $? = 1
configure: failed program was:
| /* confdefs.h */
| #define PACKAGE_NAME "PCRE"
| #define PACKAGE_TARNAME "pcre"
| #define PACKAGE_VERSION "8.41"
| #define PACKAGE_STRING "PCRE 8.41"
| #define PACKAGE_BUGREPORT ""
| #define PACKAGE_URL ""
| #define PACKAGE "pcre"
| #define VERSION "8.41"
| #define STDC_HEADERS 1
| #define HAVE_SYS_TYPES_H 1
| #define HAVE_SYS_STAT_H 1
| #define HAVE_STDLIB_H 1
| #define HAVE_STRING_H 1
| #define HAVE_MEMORY_H 1
| #define HAVE_STRINGS_H 1
| #define HAVE_INTTYPES_H 1
| #define HAVE_STDINT_H 1
| #define HAVE_UNISTD_H 1
| #define HAVE_DLFCN_H 1
| #define LT_OBJDIR ".libs/"
| #define PCRE_EXP_DECL extern __attribute__ ((visibility ("default")))
| #define PCRE_EXP_DEFN __attribute__ ((visibility ("default")))
| #define PCRE_EXP_DATA_DEFN __attribute__ ((visibility ("default")))
| #define PCREPOSIX_EXP_DECL extern __attribute__ ((visibility ("default")))
| #define PCREPOSIX_EXP_DEFN extern __attribute__ ((visibility ("default")))
| #define PCRECPP_EXP_DECL extern __attribute__ ((visibility ("default")))
| #define PCRECPP_EXP_DEFN __attribute__ ((visibility ("default")))
| #define HAVE_VISIBILITY 1
| #define STDC_HEADERS 1
| #define HAVE_LIMITS_H 1
| #define HAVE_SYS_TYPES_H 1
| #define HAVE_SYS_STAT_H 1
| #define HAVE_DIRENT_H 1
| #define HAVE_STRING 1
| /* end confdefs.h.  */
| #include <type_traits.h>
configure:18294: result: no
configure:18294: checking for type_traits.h
configure:18294: result: no
configure:18320: checking for strtoq
configure:18338: /usr/bin/g++ -c -O2 -I/media/panpan/tools/buildroot-2018.02.8/output/host/include -I/media/panpan/tools/buildroot-2018.02.8/output/host/include conftest.cpp >&5
configure:18338: $? = 0
configure:18339: result: yes
configure:18356: checking for long long
configure:18356: /usr/bin/g++ -c -O2 -I/media/panpan/tools/buildroot-2018.02.8/output/host/include -I/media/panpan/tools/buildroot-2018.02.8/output/host/include conftest.cpp >&5
configure:18356: $? = 0
configure:18356: /usr/bin/g++ -c -O2 -I/media/panpan/tools/buildroot-2018.02.8/output/host/include -I/media/panpan/tools/buildroot-2018.02.8/output/host/include conftest.cpp >&5
conftest.cpp: In function 'int main()':
conftest.cpp:74:14: error: expected primary-expression before 'long'
 if (sizeof ((long long)))
              ^
conftest.cpp:74:14: error: expected ')' before 'long'
conftest.cpp:75:14: error: expected ')' before ';' token
      return 0;
              ^
conftest.cpp:75:14: error: expected ')' before ';' token
configure:18356: $? = 1
configure: failed program was:
| /* confdefs.h */
| #define PACKAGE_NAME "PCRE"
| #define PACKAGE_TARNAME "pcre"
| #define PACKAGE_VERSION "8.41"
| #define PACKAGE_STRING "PCRE 8.41"
| #define PACKAGE_BUGREPORT ""
| #define PACKAGE_URL ""
| #define PACKAGE "pcre"
| #define VERSION "8.41"
| #define STDC_HEADERS 1
| #define HAVE_SYS_TYPES_H 1
| #define HAVE_SYS_STAT_H 1
| #define HAVE_STDLIB_H 1
| #define HAVE_STRING_H 1
| #define HAVE_MEMORY_H 1
| #define HAVE_STRINGS_H 1
| #define HAVE_INTTYPES_H 1
| #define HAVE_STDINT_H 1
| #define HAVE_UNISTD_H 1
| #define HAVE_DLFCN_H 1
| #define LT_OBJDIR ".libs/"
| #define PCRE_EXP_DECL extern __attribute__ ((visibility ("default")))
| #define PCRE_EXP_DEFN __attribute__ ((visibility ("default")))
| #define PCRE_EXP_DATA_DEFN __attribute__ ((visibility ("default")))
| #define PCREPOSIX_EXP_DECL extern __attribute__ ((visibility ("default")))
| #define PCREPOSIX_EXP_DEFN extern __attribute__ ((visibility ("default")))
| #define PCRECPP_EXP_DECL extern __attribute__ ((visibility ("default")))
| #define PCRECPP_EXP_DEFN __attribute__ ((visibility ("default")))
| #define HAVE_VISIBILITY 1
| #define STDC_HEADERS 1
| #define HAVE_LIMITS_H 1
| #define HAVE_SYS_TYPES_H 1
| #define HAVE_SYS_STAT_H 1
| #define HAVE_DIRENT_H 1
| #define HAVE_STRING 1
| #define HAVE_STRTOQ 1
| /* end confdefs.h.  */
| #include <stdio.h>
| #ifdef HAVE_SYS_TYPES_H
| # include <sys/types.h>
| #endif
| #ifdef HAVE_SYS_STAT_H
| # include <sys/stat.h>
| #endif
| #ifdef STDC_HEADERS
| # include <stdlib.h>
| # include <stddef.h>
| #else
| # ifdef HAVE_STDLIB_H
| #  include <stdlib.h>
| # endif
| #endif
| #ifdef HAVE_STRING_H
| # if !defined STDC_HEADERS && defined HAVE_MEMORY_H
| #  include <memory.h>
| # endif
| # include <string.h>
| #endif
| #ifdef HAVE_STRINGS_H
| # include <strings.h>
| #endif
| #ifdef HAVE_INTTYPES_H
| # include <inttypes.h>
| #endif
| #ifdef HAVE_STDINT_H
| # include <stdint.h>
| #endif
| #ifdef HAVE_UNISTD_H
| # include <unistd.h>
| #endif
| int
| main ()
| {
| if (sizeof ((long long)))
| 	    return 0;
|   ;
|   return 0;
| }
configure:18356: result: yes
configure:18368: checking for unsigned long long
configure:18368: /usr/bin/g++ -c -O2 -I/media/panpan/tools/buildroot-2018.02.8/output/host/include -I/media/panpan/tools/buildroot-2018.02.8/output/host/include conftest.cpp >&5
configure:18368: $? = 0
configure:18368: /usr/bin/g++ -c -O2 -I/media/panpan/tools/buildroot-2018.02.8/output/host/include -I/media/panpan/tools/buildroot-2018.02.8/output/host/include conftest.cpp >&5
conftest.cpp: In function 'int main()':
conftest.cpp:75:14: error: expected primary-expression before 'unsigned'
 if (sizeof ((unsigned long long)))
              ^
conftest.cpp:75:14: error: expected ')' before 'unsigned'
conftest.cpp:76:14: error: expected ')' before ';' token
      return 0;
              ^
conftest.cpp:76:14: error: expected ')' before ';' token
configure:18368: $? = 1
configure: failed program was:
| /* confdefs.h */
| #define PACKAGE_NAME "PCRE"
| #define PACKAGE_TARNAME "pcre"
| #define PACKAGE_VERSION "8.41"
| #define PACKAGE_STRING "PCRE 8.41"
| #define PACKAGE_BUGREPORT ""
| #define PACKAGE_URL ""
| #define PACKAGE "pcre"
| #define VERSION "8.41"
| #define STDC_HEADERS 1
| #define HAVE_SYS_TYPES_H 1
| #define HAVE_SYS_STAT_H 1
| #define HAVE_STDLIB_H 1
| #define HAVE_STRING_H 1
| #define HAVE_MEMORY_H 1
| #define HAVE_STRINGS_H 1
| #define HAVE_INTTYPES_H 1
| #define HAVE_STDINT_H 1
| #define HAVE_UNISTD_H 1
| #define HAVE_DLFCN_H 1
| #define LT_OBJDIR ".libs/"
| #define PCRE_EXP_DECL extern __attribute__ ((visibility ("default")))
| #define PCRE_EXP_DEFN __attribute__ ((visibility ("default")))
| #define PCRE_EXP_DATA_DEFN __attribute__ ((visibility ("default")))
| #define PCREPOSIX_EXP_DECL extern __attribute__ ((visibility ("default")))
| #define PCREPOSIX_EXP_DEFN extern __attribute__ ((visibility ("default")))
| #define PCRECPP_EXP_DECL extern __attribute__ ((visibility ("default")))
| #define PCRECPP_EXP_DEFN __attribute__ ((visibility ("default")))
| #define HAVE_VISIBILITY 1
| #define STDC_HEADERS 1
| #define HAVE_LIMITS_H 1
| #define HAVE_SYS_TYPES_H 1
| #define HAVE_SYS_STAT_H 1
| #define HAVE_DIRENT_H 1
| #define HAVE_STRING 1
| #define HAVE_STRTOQ 1
| #define HAVE_LONG_LONG 1
| /* end confdefs.h.  */
| #include <stdio.h>
| #ifdef HAVE_SYS_TYPES_H
| # include <sys/types.h>
| #endif
| #ifdef HAVE_SYS_STAT_H
| # include <sys/stat.h>
| #endif
| #ifdef STDC_HEADERS
| # include <stdlib.h>
| # include <stddef.h>
| #else
| # ifdef HAVE_STDLIB_H
| #  include <stdlib.h>
| # endif
| #endif
| #ifdef HAVE_STRING_H
| # if !defined STDC_HEADERS && defined HAVE_MEMORY_H
| #  include <memory.h>
| # endif
| # include <string.h>
| #endif
| #ifdef HAVE_STRINGS_H
| # include <strings.h>
| #endif
| #ifdef HAVE_INTTYPES_H
| # include <inttypes.h>
| #endif
| #ifdef HAVE_STDINT_H
| # include <stdint.h>
| #endif
| #ifdef HAVE_UNISTD_H
| # include <unistd.h>
| #endif
| int
| main ()
| {
| if (sizeof ((unsigned long long)))
| 	    return 0;
|   ;
|   return 0;
| }
configure:18368: result: yes
configure:18466: checking for an ANSI C-conforming const
configure:18532: /usr/bin/gcc -c -O2 -I/media/panpan/tools/buildroot-2018.02.8/output/host/include -I/media/panpan/tools/buildroot-2018.02.8/output/host/include conftest.c >&5
configure:18532: $? = 0
configure:18539: result: yes
configure:18547: checking for size_t
configure:18547: /usr/bin/gcc -c -O2 -I/media/panpan/tools/buildroot-2018.02.8/output/host/include -I/media/panpan/tools/buildroot-2018.02.8/output/host/include conftest.c >&5
configure:18547: $? = 0
configure:18547: /usr/bin/gcc -c -O2 -I/media/panpan/tools/buildroot-2018.02.8/output/host/include -I/media/panpan/tools/buildroot-2018.02.8/output/host/include conftest.c >&5
conftest.c: In function 'main':
conftest.c:76:21: error: expected expression before ')' token
 if (sizeof ((size_t)))
                     ^
configure:18547: $? = 1
configure: failed program was:
| /* confdefs.h */
| #define PACKAGE_NAME "PCRE"
| #define PACKAGE_TARNAME "pcre"
| #define PACKAGE_VERSION "8.41"
| #define PACKAGE_STRING "PCRE 8.41"
| #define PACKAGE_BUGREPORT ""
| #define PACKAGE_URL ""
| #define PACKAGE "pcre"
| #define VERSION "8.41"
| #define STDC_HEADERS 1
| #define HAVE_SYS_TYPES_H 1
| #define HAVE_SYS_STAT_H 1
| #define HAVE_STDLIB_H 1
| #define HAVE_STRING_H 1
| #define HAVE_MEMORY_H 1
| #define HAVE_STRINGS_H 1
| #define HAVE_INTTYPES_H 1
| #define HAVE_STDINT_H 1
| #define HAVE_UNISTD_H 1
| #define HAVE_DLFCN_H 1
| #define LT_OBJDIR ".libs/"
| #define PCRE_EXP_DECL extern __attribute__ ((visibility ("default")))
| #define PCRE_EXP_DEFN __attribute__ ((visibility ("default")))
| #define PCRE_EXP_DATA_DEFN __attribute__ ((visibility ("default")))
| #define PCREPOSIX_EXP_DECL extern __attribute__ ((visibility ("default")))
| #define PCREPOSIX_EXP_DEFN extern __attribute__ ((visibility ("default")))
| #define PCRECPP_EXP_DECL extern __attribute__ ((visibility ("default")))
| #define PCRECPP_EXP_DEFN __attribute__ ((visibility ("default")))
| #define HAVE_VISIBILITY 1
| #define STDC_HEADERS 1
| #define HAVE_LIMITS_H 1
| #define HAVE_SYS_TYPES_H 1
| #define HAVE_SYS_STAT_H 1
| #define HAVE_DIRENT_H 1
| #define HAVE_STRING 1
| #define HAVE_STRTOQ 1
| #define HAVE_LONG_LONG 1
| #define HAVE_UNSIGNED_LONG_LONG 1
| /* end confdefs.h.  */
| #include <stdio.h>
| #ifdef HAVE_SYS_TYPES_H
| # include <sys/types.h>
| #endif
| #ifdef HAVE_SYS_STAT_H
| # include <sys/stat.h>
| #endif
| #ifdef STDC_HEADERS
| # include <stdlib.h>
| # include <stddef.h>
| #else
| # ifdef HAVE_STDLIB_H
| #  include <stdlib.h>
| # endif
| #endif
| #ifdef HAVE_STRING_H
| # if !defined STDC_HEADERS && defined HAVE_MEMORY_H
| #  include <memory.h>
| # endif
| # include <string.h>
| #endif
| #ifdef HAVE_STRINGS_H
| # include <strings.h>
| #endif
| #ifdef HAVE_INTTYPES_H
| # include <inttypes.h>
| #endif
| #ifdef HAVE_STDINT_H
| # include <stdint.h>
| #endif
| #ifdef HAVE_UNISTD_H
| # include <unistd.h>
| #endif
| int
| main ()
| {
| if (sizeof ((size_t)))
| 	    return 0;
|   ;
|   return 0;
| }
configure:18547: result: yes
configure:18564: checking for bcopy
configure:18564: /usr/bin/gcc -o conftest -O2 -I/media/panpan/tools/buildroot-2018.02.8/output/host/include -I/media/panpan/tools/buildroot-2018.02.8/output/host/include -L/media/panpan/tools/buildroot-2018.02.8/output/host/lib -Wl,-rpath,/media/panpan/tools/buildroot-2018.02.8/output/host/lib conftest.c  >&5
conftest.c:63:6: warning: conflicting types for built-in function 'bcopy'
 char bcopy ();
      ^
configure:18564: $? = 0
configure:18564: result: yes
configure:18564: checking for memmove
configure:18564: /usr/bin/gcc -o conftest -O2 -I/media/panpan/tools/buildroot-2018.02.8/output/host/include -I/media/panpan/tools/buildroot-2018.02.8/output/host/include -L/media/panpan/tools/buildroot-2018.02.8/output/host/lib -Wl,-rpath,/media/panpan/tools/buildroot-2018.02.8/output/host/lib conftest.c  >&5
conftest.c:64:6: warning: conflicting types for built-in function 'memmove'
 char memmove ();
      ^
configure:18564: $? = 0
configure:18564: result: yes
configure:18564: checking for strerror
configure:18564: /usr/bin/gcc -o conftest -O2 -I/media/panpan/tools/buildroot-2018.02.8/output/host/include -I/media/panpan/tools/buildroot-2018.02.8/output/host/include -L/media/panpan/tools/buildroot-2018.02.8/output/host/lib -Wl,-rpath,/media/panpan/tools/buildroot-2018.02.8/output/host/lib conftest.c  >&5
configure:18564: $? = 0
configure:18564: result: yes
configure:18578: checking zlib.h usability
configure:18578: /usr/bin/gcc -c -O2 -I/media/panpan/tools/buildroot-2018.02.8/output/host/include -I/media/panpan/tools/buildroot-2018.02.8/output/host/include conftest.c >&5
configure:18578: $? = 0
configure:18578: result: yes
configure:18578: checking zlib.h presence
configure:18578: /usr/bin/cpp -I/media/panpan/tools/buildroot-2018.02.8/output/host/include conftest.c
configure:18578: $? = 0
configure:18578: result: yes
configure:18578: checking for zlib.h
configure:18578: result: yes
configure:18588: checking for gzopen in -lz
configure:18613: /usr/bin/gcc -o conftest -O2 -I/media/panpan/tools/buildroot-2018.02.8/output/host/include -I/media/panpan/tools/buildroot-2018.02.8/output/host/include -L/media/panpan/tools/buildroot-2018.02.8/output/host/lib -Wl,-rpath,/media/panpan/tools/buildroot-2018.02.8/output/host/lib conftest.c -lz   >&5
configure:18613: $? = 0
configure:18622: result: yes
configure:18647: checking bzlib.h usability
configure:18647: /usr/bin/gcc -c -O2 -I/media/panpan/tools/buildroot-2018.02.8/output/host/include -I/media/panpan/tools/buildroot-2018.02.8/output/host/include conftest.c >&5
configure:18647: $? = 0
configure:18647: result: yes
configure:18647: checking bzlib.h presence
configure:18647: /usr/bin/cpp -I/media/panpan/tools/buildroot-2018.02.8/output/host/include conftest.c
configure:18647: $? = 0
configure:18647: result: yes
configure:18647: checking for bzlib.h
configure:18647: result: yes
configure:18662: checking for libbz2
configure:18680: /usr/bin/gcc -o conftest -O2 -I/media/panpan/tools/buildroot-2018.02.8/output/host/include -I/media/panpan/tools/buildroot-2018.02.8/output/host/include -L/media/panpan/tools/buildroot-2018.02.8/output/host/lib -Wl,-rpath,/media/panpan/tools/buildroot-2018.02.8/output/host/lib conftest.c  -lbz2 >&5
conftest.c: In function 'main':
conftest.c:52:8: warning: cast from pointer to integer of different size [-Wpointer-to-int-cast]
 return (int)BZ2_bzopen("conftest", "rb");
        ^
configure:18680: $? = 0
configure:18681: result: yes
configure:20257: checking that generated files are newer than configure
configure:20263: result: done
configure:20330: creating ./config.status

## ---------------------- ##
## Running config.status. ##
## ---------------------- ##

This file was extended by PCRE config.status 8.41, which was
generated by GNU Autoconf 2.69.  Invocation command line was

  CONFIG_FILES    = 
  CONFIG_HEADERS  = 
  CONFIG_LINKS    = 
  CONFIG_COMMANDS = 
  $ ./config.status 

on zed-00

config.status:1251: creating Makefile
config.status:1251: creating libpcre.pc
config.status:1251: creating libpcre16.pc
config.status:1251: creating libpcre32.pc
config.status:1251: creating libpcreposix.pc
config.status:1251: creating libpcrecpp.pc
config.status:1251: creating pcre-config
config.status:1251: creating pcre.h
config.status:1251: creating pcre_stringpiece.h
config.status:1251: creating pcrecpparg.h
config.status:1251: creating config.h
config.status:1480: executing depfiles commands
config.status:1480: executing libtool commands
config.status:1480: executing script-chmod commands
config.status:1480: executing delete-old-chartables commands
configure:22752: WARNING: unrecognized options: --disable-gtk-doc, --disable-gtk-doc-html, --disable-doc, --disable-docs, --disable-documentation, --disable-debug, --with-xmlto, --with-fop

## ---------------- ##
## Cache variables. ##
## ---------------- ##

ac_cv_build=x86_64-pc-linux-gnu
ac_cv_c_compiler_gnu=yes
ac_cv_c_const=yes
ac_cv_c_int64_t=yes
ac_cv_cxx_compiler_gnu=yes
ac_cv_env_CCC_set=
ac_cv_env_CCC_value=
ac_cv_env_CC_set=set
ac_cv_env_CC_value=/usr/bin/gcc
ac_cv_env_CFLAGS_set=set
ac_cv_env_CFLAGS_value='-O2 -I/media/panpan/tools/buildroot-2018.02.8/output/host/include'
ac_cv_env_CPPFLAGS_set=set
ac_cv_env_CPPFLAGS_value=-I/media/panpan/tools/buildroot-2018.02.8/output/host/include
ac_cv_env_CPP_set=set
ac_cv_env_CPP_value=/usr/bin/cpp
ac_cv_env_CXXCPP_set=
ac_cv_env_CXXCPP_value=
ac_cv_env_CXXFLAGS_set=set
ac_cv_env_CXXFLAGS_value='-O2 -I/media/panpan/tools/buildroot-2018.02.8/output/host/include'
ac_cv_env_CXX_set=set
ac_cv_env_CXX_value=/usr/bin/g++
ac_cv_env_GENHTML_set=
ac_cv_env_GENHTML_value=
ac_cv_env_LCOV_set=
ac_cv_env_LCOV_value=
ac_cv_env_LDFLAGS_set=set
ac_cv_env_LDFLAGS_value='-L/media/panpan/tools/buildroot-2018.02.8/output/host/lib -Wl,-rpath,/media/panpan/tools/buildroot-2018.02.8/output/host/lib'
ac_cv_env_LIBS_set=
ac_cv_env_LIBS_value=
ac_cv_env_LT_SYS_LIBRARY_PATH_set=
ac_cv_env_LT_SYS_LIBRARY_PATH_value=
ac_cv_env_PKG_CONFIG_LIBDIR_set=set
ac_cv_env_PKG_CONFIG_LIBDIR_value=/media/panpan/tools/buildroot-2018.02.8/output/host/lib/pkgconfig:/media/panpan/tools/buildroot-2018.02.8/output/host/share/pkgconfig
ac_cv_env_PKG_CONFIG_PATH_set=
ac_cv_env_PKG_CONFIG_PATH_value=
ac_cv_env_PKG_CONFIG_set=set
ac_cv_env_PKG_CONFIG_value=/media/panpan/tools/buildroot-2018.02.8/output/host/bin/pkg-config
ac_cv_env_VALGRIND_CFLAGS_set=
ac_cv_env_VALGRIND_CFLAGS_value=
ac_cv_env_VALGRIND_LIBS_set=
ac_cv_env_VALGRIND_LIBS_value=
ac_cv_env_build_alias_set=
ac_cv_env_build_alias_value=
ac_cv_env_host_alias_set=
ac_cv_env_host_alias_value=
ac_cv_env_target_alias_set=
ac_cv_env_target_alias_value=
ac_cv_func_bcopy=yes
ac_cv_func_memmove=yes
ac_cv_func_strerror=yes
ac_cv_header_bits_type_traits_h=no
ac_cv_header_bzlib_h=yes
ac_cv_header_dirent_h=yes
ac_cv_header_dlfcn_h=yes
ac_cv_header_inttypes_h=yes
ac_cv_header_limits_h=yes
ac_cv_header_memory_h=yes
ac_cv_header_stdc=yes
ac_cv_header_stdint_h=yes
ac_cv_header_stdlib_h=yes
ac_cv_header_string=yes
ac_cv_header_string_h=yes
ac_cv_header_strings_h=yes
ac_cv_header_sys_stat_h=yes
ac_cv_header_sys_types_h=yes
ac_cv_header_type_traits_h=no
ac_cv_header_unistd_h=yes
ac_cv_header_windows_h=no
ac_cv_header_zlib_h=yes
ac_cv_host=x86_64-pc-linux-gnu
ac_cv_lib_z_gzopen=yes
ac_cv_objext=o
ac_cv_path_EGREP='/bin/grep -E'
ac_cv_path_FGREP='/bin/grep -F'
ac_cv_path_GREP=/bin/grep
ac_cv_path_SED=/bin/sed
ac_cv_path_install='/usr/bin/install -c'
ac_cv_path_lt_DD=/bin/dd
ac_cv_path_mkdir=/bin/mkdir
ac_cv_prog_AWK=gawk
ac_cv_prog_CPP=/usr/bin/cpp
ac_cv_prog_CXXCPP='/usr/bin/g++ -E'
ac_cv_prog_ac_ct_CC=/usr/bin/gcc
ac_cv_prog_ac_ct_DLLTOOL=dlltool
ac_cv_prog_ac_ct_MANIFEST_TOOL=mt
ac_cv_prog_ac_ct_OBJDUMP=objdump
ac_cv_prog_ac_ct_RANLIB=/usr/bin/ranlib
ac_cv_prog_ac_ct_STRIP=strip
ac_cv_prog_cc_c89=
ac_cv_prog_cc_g=yes
ac_cv_prog_cxx_g=yes
ac_cv_prog_make_make_set=yes
ac_cv_type_long_long=yes
ac_cv_type_size_t=yes
ac_cv_type_unsigned_long_long=yes
am_cv_CC_dependencies_compiler_type=none
am_cv_CXX_dependencies_compiler_type=none
am_cv_ar_interface=ar
am_cv_make_support_nested_variables=yes
am_cv_prog_cc_c_o=yes
lt_cv_ar_at_file=@
lt_cv_archive_cmds_need_lc=no
lt_cv_deplibs_check_method=pass_all
lt_cv_file_magic_cmd='$MAGIC_CMD'
lt_cv_file_magic_test_file=
lt_cv_ld_reload_flag=-r
lt_cv_nm_interface='BSD nm'
lt_cv_objdir=.libs
lt_cv_path_LD=/usr/bin/ld
lt_cv_path_LDCXX='/usr/bin/ld -m elf_x86_64'
lt_cv_path_NM=/usr/bin/nm
lt_cv_path_mainfest_tool=no
lt_cv_prog_compiler_c_o=yes
lt_cv_prog_compiler_c_o_CXX=yes
lt_cv_prog_compiler_pic='-fPIC -DPIC'
lt_cv_prog_compiler_pic_CXX='-fPIC -DPIC'
lt_cv_prog_compiler_pic_works=yes
lt_cv_prog_compiler_pic_works_CXX=yes
lt_cv_prog_compiler_rtti_exceptions=no
lt_cv_prog_compiler_static_works=yes
lt_cv_prog_compiler_static_works_CXX=yes
lt_cv_prog_gnu_ld=yes
lt_cv_prog_gnu_ldcxx=yes
lt_cv_sharedlib_from_linklib_cmd='printf %s\n'
lt_cv_shlibpath_overrides_runpath=no
lt_cv_sys_global_symbol_pipe='sed -n -e '\''s/^.*[	 ]\([ABCDGIRSTW][ABCDGIRSTW]*\)[	 ][	 ]*\([_A-Za-z][_A-Za-z0-9]*\)$/\1 \2 \2/p'\'' | sed '\''/ __gnu_lto/d'\'''
lt_cv_sys_global_symbol_to_c_name_address='sed -n -e '\''s/^: \(.*\) .*$/  {"\1", (void *) 0},/p'\'' -e '\''s/^[ABCDGIRSTW][ABCDGIRSTW]* .* \(.*\)$/  {"\1", (void *) \&\1},/p'\'''
lt_cv_sys_global_symbol_to_c_name_address_lib_prefix='sed -n -e '\''s/^: \(.*\) .*$/  {"\1", (void *) 0},/p'\'' -e '\''s/^[ABCDGIRSTW][ABCDGIRSTW]* .* \(lib.*\)$/  {"\1", (void *) \&\1},/p'\'' -e '\''s/^[ABCDGIRSTW][ABCDGIRSTW]* .* \(.*\)$/  {"lib\1", (void *) \&\1},/p'\'''
lt_cv_sys_global_symbol_to_cdecl='sed -n -e '\''s/^T .* \(.*\)$/extern int \1();/p'\'' -e '\''s/^[ABCDGIRSTW][ABCDGIRSTW]* .* \(.*\)$/extern char \1;/p'\'''
lt_cv_sys_global_symbol_to_import=
lt_cv_sys_max_cmd_len=1572864
lt_cv_to_host_file_cmd=func_convert_file_noop
lt_cv_to_tool_file_cmd=func_convert_file_noop
lt_cv_truncate_bin='/bin/dd bs=4096 count=1'
pcre_cv_cc_vis_werror=yes
pcre_cv_cc_visibility=yes

## ----------------- ##
## Output variables. ##
## ----------------- ##

ACLOCAL='${SHELL} /media/panpan/tools/buildroot-2018.02.8/output/build/host-pcre-8.41/missing aclocal-1.15'
AMDEPBACKSLASH=''
AMDEP_FALSE=''
AMDEP_TRUE='#'
AMTAR='$${TAR-tar}'
AM_BACKSLASH='\'
AM_DEFAULT_V='$(AM_DEFAULT_VERBOSITY)'
AM_DEFAULT_VERBOSITY='0'
AM_V='$(V)'
AR='/usr/bin/ar'
AS='/usr/bin/as'
AUTOCONF='${SHELL} /media/panpan/tools/buildroot-2018.02.8/output/build/host-pcre-8.41/missing autoconf'
AUTOHEADER='${SHELL} /media/panpan/tools/buildroot-2018.02.8/output/build/host-pcre-8.41/missing autoheader'
AUTOMAKE='${SHELL} /media/panpan/tools/buildroot-2018.02.8/output/build/host-pcre-8.41/missing automake-1.15'
AWK='gawk'
CC='/usr/bin/gcc'
CCDEPMODE='depmode=none'
CFLAGS='-O2 -I/media/panpan/tools/buildroot-2018.02.8/output/host/include'
CPP='/usr/bin/cpp'
CPPFLAGS='-I/media/panpan/tools/buildroot-2018.02.8/output/host/include'
CXX='/usr/bin/g++'
CXXCPP='/usr/bin/g++ -E'
CXXDEPMODE='depmode=none'
CXXFLAGS='-O2 -I/media/panpan/tools/buildroot-2018.02.8/output/host/include'
CYGPATH_W='echo'
DEFS='-DHAVE_CONFIG_H'
DEPDIR='.deps'
DISTCHECK_CONFIGURE_FLAGS='CFLAGS='\'''\'' CXXFLAGS='\'''\'' --enable-pcre16 --enable-pcre32 --enable-jit --enable-cpp --enable-unicode-properties'
DLLTOOL='dlltool'
DSYMUTIL=''
DUMPBIN=''
ECHO_C=''
ECHO_N='-n'
ECHO_T=''
EGREP='/bin/grep -E'
EXEEXT=''
EXTRA_LIBPCRE16_LDFLAGS='                         -version-info 2:9:2'
EXTRA_LIBPCRE32_LDFLAGS='                         -version-info 0:9:0'
EXTRA_LIBPCRECPP_LDFLAGS='                            -version-info 0:1:0                           '
EXTRA_LIBPCREPOSIX_LDFLAGS='                              -version-info 0:5:0'
EXTRA_LIBPCRE_LDFLAGS='                         -version-info 3:9:2'
FGREP='/bin/grep -F'
GCOV_CFLAGS=''
GCOV_CXXFLAGS=''
GCOV_LIBS=''
GENHTML=''
GREP='/bin/grep'
HAVE_VISIBILITY='1'
INSTALL_DATA='${INSTALL} -m 644'
INSTALL_PROGRAM='${INSTALL}'
INSTALL_SCRIPT='${INSTALL}'
INSTALL_STRIP_PROGRAM='$(install_sh) -c -s'
LCOV=''
LD='/usr/bin/ld -m elf_x86_64'
LDFLAGS='-L/media/panpan/tools/buildroot-2018.02.8/output/host/lib -Wl,-rpath,/media/panpan/tools/buildroot-2018.02.8/output/host/lib'
LIBBZ2=''
LIBOBJS=''
LIBREADLINE=''
LIBS=''
LIBTOOL='$(SHELL) $(top_builddir)/libtool'
LIBZ=''
LIPO=''
LN_S='ln -s'
LTLIBOBJS=''
LT_SYS_LIBRARY_PATH=''
MAKEINFO='${SHELL} /media/panpan/tools/buildroot-2018.02.8/output/build/host-pcre-8.41/missing makeinfo'
MANIFEST_TOOL=':'
MKDIR_P='/bin/mkdir -p'
NM='/usr/bin/nm'
NMEDIT=''
OBJDUMP='objdump'
OBJEXT='o'
OTOOL64=''
OTOOL=''
PACKAGE='pcre'
PACKAGE_BUGREPORT=''
PACKAGE_NAME='PCRE'
PACKAGE_STRING='PCRE 8.41'
PACKAGE_TARNAME='pcre'
PACKAGE_URL=''
PACKAGE_VERSION='8.41'
PATH_SEPARATOR=':'
PCRE_DATE='2017-07-05'
PCRE_MAJOR='8'
PCRE_MINOR='41'
PCRE_PRERELEASE=''
PCRE_STATIC_CFLAG=''
PKG_CONFIG='/media/panpan/tools/buildroot-2018.02.8/output/host/bin/pkg-config'
PKG_CONFIG_LIBDIR='/media/panpan/tools/buildroot-2018.02.8/output/host/lib/pkgconfig:/media/panpan/tools/buildroot-2018.02.8/output/host/share/pkgconfig'
PKG_CONFIG_PATH=''
PTHREAD_CC=''
PTHREAD_CFLAGS=''
PTHREAD_LIBS=''
RANLIB='/usr/bin/ranlib'
SED='/bin/sed'
SET_MAKE=''
SHELL='/bin/sh'
SHTOOL=''
STRIP='strip'
VALGRIND_CFLAGS=''
VALGRIND_LIBS=''
VERSION='8.41'
VISIBILITY_CFLAGS='-fvisibility=hidden'
VISIBILITY_CXXFLAGS='-fvisibility=hidden -fvisibility-inlines-hidden'
WITH_GCOV_FALSE=''
WITH_GCOV_TRUE='#'
WITH_JIT_FALSE=''
WITH_JIT_TRUE='#'
WITH_PCRE16_FALSE=''
WITH_PCRE16_TRUE='#'
WITH_PCRE32_FALSE=''
WITH_PCRE32_TRUE='#'
WITH_PCRE8_FALSE='#'
WITH_PCRE8_TRUE=''
WITH_PCRE_CPP_FALSE='#'
WITH_PCRE_CPP_TRUE=''
WITH_REBUILD_CHARTABLES_FALSE=''
WITH_REBUILD_CHARTABLES_TRUE='#'
WITH_UTF_FALSE='#'
WITH_UTF_TRUE=''
WITH_VALGRIND_FALSE=''
WITH_VALGRIND_TRUE='#'
ac_ct_AR=''
ac_ct_CC='/usr/bin/gcc'
ac_ct_CXX=''
ac_ct_DUMPBIN=''
am__EXEEXT_FALSE=''
am__EXEEXT_TRUE='#'
am__fastdepCC_FALSE=''
am__fastdepCC_TRUE='#'
am__fastdepCXX_FALSE=''
am__fastdepCXX_TRUE='#'
am__include='include'
am__isrc=''
am__leading_dot='.'
am__nodep=''
am__quote=''
am__tar='$${TAR-tar} chof - "$$tardir"'
am__untar='$${TAR-tar} xf -'
ax_pthread_config=''
bindir='${exec_prefix}/bin'
build='x86_64-pc-linux-gnu'
build_alias=''
build_cpu='x86_64'
build_os='linux-gnu'
build_vendor='pc'
datadir='${datarootdir}'
datarootdir='${prefix}/share'
docdir='${datarootdir}/doc/${PACKAGE_TARNAME}'
dvidir='${docdir}'
enable_cpp='yes'
enable_pcre16='no'
enable_pcre32='no'
enable_pcre8='yes'
exec_prefix='${prefix}'
host='x86_64-pc-linux-gnu'
host_alias=''
host_cpu='x86_64'
host_os='linux-gnu'
host_vendor='pc'
htmldir='${docdir}/html'
includedir='${prefix}/include'
infodir='${datarootdir}/info'
install_sh='${SHELL} /media/panpan/tools/buildroot-2018.02.8/output/build/host-pcre-8.41/install-sh'
libdir='${exec_prefix}/lib'
libexecdir='${exec_prefix}/libexec'
localedir='${datarootdir}/locale'
localstatedir='/media/panpan/tools/buildroot-2018.02.8/output/host/var'
mandir='${datarootdir}/man'
mkdir_p='$(MKDIR_P)'
oldincludedir='/usr/include'
pcre_have_bits_type_traits='0'
pcre_have_long_long='1'
pcre_have_type_traits='0'
pcre_have_ulong_long='1'
pdfdir='${docdir}'
prefix='/media/panpan/tools/buildroot-2018.02.8/output/host'
program_transform_name='s,x,x,'
psdir='${docdir}'
sbindir='${exec_prefix}/sbin'
sharedstatedir='${prefix}/com'
sysconfdir='/media/panpan/tools/buildroot-2018.02.8/output/host/etc'
target_alias=''

## ----------- ##
## confdefs.h. ##
## ----------- ##

/* confdefs.h */
#define PACKAGE_NAME "PCRE"
#define PACKAGE_TARNAME "pcre"
#define PACKAGE_VERSION "8.41"
#define PACKAGE_STRING "PCRE 8.41"
#define PACKAGE_BUGREPORT ""
#define PACKAGE_URL ""
#define PACKAGE "pcre"
#define VERSION "8.41"
#define STDC_HEADERS 1
#define HAVE_SYS_TYPES_H 1
#define HAVE_SYS_STAT_H 1
#define HAVE_STDLIB_H 1
#define HAVE_STRING_H 1
#define HAVE_MEMORY_H 1
#define HAVE_STRINGS_H 1
#define HAVE_INTTYPES_H 1
#define HAVE_STDINT_H 1
#define HAVE_UNISTD_H 1
#define HAVE_DLFCN_H 1
#define LT_OBJDIR ".libs/"
#define PCRE_EXP_DECL extern __attribute__ ((visibility ("default")))
#define PCRE_EXP_DEFN __attribute__ ((visibility ("default")))
#define PCRE_EXP_DATA_DEFN __attribute__ ((visibility ("default")))
#define PCREPOSIX_EXP_DECL extern __attribute__ ((visibility ("default")))
#define PCREPOSIX_EXP_DEFN extern __attribute__ ((visibility ("default")))
#define PCRECPP_EXP_DECL extern __attribute__ ((visibility ("default")))
#define PCRECPP_EXP_DEFN __attribute__ ((visibility ("default")))
#define HAVE_VISIBILITY 1
#define STDC_HEADERS 1
#define HAVE_LIMITS_H 1
#define HAVE_SYS_TYPES_H 1
#define HAVE_SYS_STAT_H 1
#define HAVE_DIRENT_H 1
#define HAVE_STRING 1
#define HAVE_STRTOQ 1
#define HAVE_LONG_LONG 1
#define HAVE_UNSIGNED_LONG_LONG 1
#define HAVE_BCOPY 1
#define HAVE_MEMMOVE 1
#define HAVE_STRERROR 1
#define HAVE_ZLIB_H 1
#define HAVE_BZLIB_H 1
#define SUPPORT_PCRE8 /**/
#define SUPPORT_UTF /**/
#define SUPPORT_UCP /**/
#define PCREGREP_BUFSIZE 20480
#define NEWLINE 10
#define LINK_SIZE 2
#define POSIX_MALLOC_THRESHOLD 10
#define PARENS_NEST_LIMIT 250
#define MATCH_LIMIT 10000000
#define MATCH_LIMIT_RECURSION MATCH_LIMIT
#define MAX_NAME_SIZE 32
#define MAX_NAME_COUNT 10000

configure: exit 0
