This file contains any messages produced by compilers while
running configure, to aid debugging if configure makes a mistake.

It was created by configure, which was
generated by GNU Autoconf 2.52.20170501.  Invocation command line was

  $ ./configure --target=arm-buildroot-linux-gnueabihf --host=arm-buildroot-linux-gnueabihf --build=x86_64-pc-linux-gnu --prefix=/usr --exec-prefix=/usr --sysconfdir=/etc --localstatedir=/var --program-prefix= --disable-gtk-doc --disable-gtk-doc-html --disable-doc --disable-docs --disable-documentation --with-xmlto=no --with-fop=no --disable-dependency-tracking --enable-ipv6 --disable-nls --enable-static --enable-shared --with-ncurses --with-curses-dir=/media/panpan/tools/buildroot-2018.02.8/output/host/arm-buildroot-linux-gnueabihf/sysroot/usr --disable-rpath-hack NCURSES_CONFIG=/media/panpan/tools/buildroot-2018.02.8/output/host/arm-buildroot-linux-gnueabihf/sysroot/usr/bin/ncurses6-config

## ---------- ##
## Platform.  ##
## ---------- ##

hostname = zed-00
uname -m = x86_64
uname -r = 4.4.0-116-generic
uname -s = Linux
uname -v = #140-Ubuntu SMP Mon Feb 12 21:23:04 UTC 2018

/usr/bin/uname -p = unknown
/bin/uname -X     = unknown

/bin/arch              = unknown
/usr/bin/arch -k       = unknown
/usr/convex/getsysinfo = unknown
hostinfo               = unknown
/bin/machine           = unknown
/usr/bin/oslevel       = unknown
/bin/universe          = unknown

PATH = /media/panpan/tools/buildroot-2018.02.8/output/host/bin:/media/panpan/tools/buildroot-2018.02.8/output/host/sbin:/usr/local/sbin:/usr/local/bin:/usr/sbin:/usr/bin:/sbin:/bin:/usr/games:/usr/local/games:/snap/bin:/home/panpan/player/webrtc/go_appengine

## ------------ ##
## Core tests.  ##
## ------------ ##

configure:940: loading site script /dev/null
configure:1031: PATH=".;."; conftest.sh
./configure: line 1032: conftest.sh: command not found
configure:1034: $? = 127
configure:1069: checking for arm-buildroot-linux-gnueabihf-gcc
configure:1092: result: /media/panpan/tools/buildroot-2018.02.8/output/host/bin/arm-linux-gnueabihf-gcc
configure:1355: checking for C compiler version
configure:1358: /media/panpan/tools/buildroot-2018.02.8/output/host/bin/arm-linux-gnueabihf-gcc --version </dev/null >&5
arm-linux-gnueabihf-gcc (Linaro GCC 7.2-2017.11-rc1) 7.2.1 20171011
Copyright (C) 2017 Free Software Foundation, Inc.
This is free software; see the source for copying conditions.  There is NO
warranty; not even for MERCHANTABILITY or FITNESS FOR A PARTICULAR PURPOSE.

configure:1361: $? = 0
configure:1363: /media/panpan/tools/buildroot-2018.02.8/output/host/bin/arm-linux-gnueabihf-gcc -v </dev/null >&5
Using built-in specs.
COLLECT_GCC=/media/panpan/xilinx/SDK/2018.1/gnu/aarch32/lin/gcc-arm-linux-gnueabi//bin/arm-linux-gnueabihf-gcc
COLLECT_LTO_WRAPPER=/media/panpan/xilinx/SDK/2018.1/gnu/aarch32/lin/gcc-arm-linux-gnueabi/bin/../libexec/gcc/arm-linux-gnueabihf/7.2.1/lto-wrapper
Target: arm-linux-gnueabihf
Configured with: /proj/esdt_sdk/gnu_abe/ABE/builds/lin/arm/arm-linux/snapshots//gcc-linaro-7.2-2017.11-rc1/configure SHELL=/bin/sh --with-bugurl=https://bugs.linaro.org --with-mpc=/proj/esdt_sdk/gnu_abe/ABE/builds/lin/arm/arm-linux/builds/destdir/x86_64-unknown-linux-gnu --with-mpfr=/proj/esdt_sdk/gnu_abe/ABE/builds/lin/arm/arm-linux/builds/destdir/x86_64-unknown-linux-gnu --with-gmp=/proj/esdt_sdk/gnu_abe/ABE/builds/lin/arm/arm-linux/builds/destdir/x86_64-unknown-linux-gnu --with-gnu-as --with-gnu-ld --disable-libstdcxx-pch --disable-libmudflap --with-cloog=no --with-ppl=no --with-isl=no --disable-nls --enable-c99 --enable-gnu-indirect-function --disable-multilib --with-tune=cortex-a9 --with-arch=armv7-a --with-fpu=vfpv3-d16 --with-float=hard --with-mode=arm --disable-multilib --enable-multiarch CFLAGS=-O2 CXXFLAGS=-O2 --disable-silent-rules --enable-libquadmath --enable-libg2c --enable-symvers=gnu --enable-libstdcxx-pch --enable-libssp --disable-libmudflap --enable-checking=release --enable-cheaders=c_global --enable-poison-system-directories --enable-clocale=generic --enable-shared --enable-threads=posix --disable-multilib --enable-c99 --without-local-prefix --enable-lto --disable-bootstrap --with-linker-hash-style=gnu --with-ppl=no --with-cloog=no --without-isl --enable-nls --enable-__cxa_atexit --with-build-sysroot=/proj/esdt_sdk/gnu_abe/ABE/builds/lin/arm/arm-linux/builds/destdir/x86_64-unknown-linux-gnu/arm-linux-gnueabihf/libc --enable-plugins --enable-linker-build-id --enable-long-long --enable-shared --with-sysroot=/proj/esdt_sdk/gnu_abe/ABE/builds/lin/arm/arm-linux/builds/destdir/x86_64-unknown-linux-gnu/arm-linux-gnueabihf/libc --enable-languages=c,c++,lto --enable-checking=yes --disable-bootstrap --with-bugurl=https://bugs.linaro.org --build=x86_64-unknown-linux-gnu --host=x86_64-unknown-linux-gnu --target=arm-linux-gnueabihf --prefix=/proj/esdt_sdk/gnu_abe/ABE/builds/lin/arm/arm-linux/builds/destdir/x86_64-unknown-linux-gnu
Thread model: posix
gcc version 7.2.1 20171011 (Linaro GCC 7.2-2017.11-rc1) 
configure:1366: $? = 0
configure:1368: /media/panpan/tools/buildroot-2018.02.8/output/host/bin/arm-linux-gnueabihf-gcc -V </dev/null >&5
arm-linux-gnueabihf-gcc: error: unrecognized command line option '-V'
arm-linux-gnueabihf-gcc: fatal error: no input files
compilation terminated.
configure:1371: $? = 1
configure:1391: checking for C compiler default output
configure:1394: /media/panpan/tools/buildroot-2018.02.8/output/host/bin/arm-linux-gnueabihf-gcc -D_LARGEFILE_SOURCE -D_LARGEFILE64_SOURCE -D_FILE_OFFSET_BITS=64  -Os  -D_LARGEFILE_SOURCE -D_LARGEFILE64_SOURCE -D_FILE_OFFSET_BITS=64  conftest.c  >&5
configure:1397: $? = 0
configure:1426: result: a.out
configure:1431: checking whether the C compiler works
configure:1455: result: yes
configure:1462: checking whether we are cross compiling
configure:1464: result: yes
configure:1467: checking for executable suffix
configure:1469: /media/panpan/tools/buildroot-2018.02.8/output/host/bin/arm-linux-gnueabihf-gcc -o conftest -D_LARGEFILE_SOURCE -D_LARGEFILE64_SOURCE -D_FILE_OFFSET_BITS=64  -Os  -D_LARGEFILE_SOURCE -D_LARGEFILE64_SOURCE -D_FILE_OFFSET_BITS=64  conftest.c  >&5
configure:1472: $? = 0
configure:1494: result: 
configure:1500: checking for object suffix
configure:1518: /media/panpan/tools/buildroot-2018.02.8/output/host/bin/arm-linux-gnueabihf-gcc -c -D_LARGEFILE_SOURCE -D_LARGEFILE64_SOURCE -D_FILE_OFFSET_BITS=64  -Os  -D_LARGEFILE_SOURCE -D_LARGEFILE64_SOURCE -D_FILE_OFFSET_BITS=64 conftest.c >&5
configure:1521: $? = 0
configure:1540: result: o
configure:1544: checking whether we are using the GNU C compiler
configure:1565: /media/panpan/tools/buildroot-2018.02.8/output/host/bin/arm-linux-gnueabihf-gcc -c -D_LARGEFILE_SOURCE -D_LARGEFILE64_SOURCE -D_FILE_OFFSET_BITS=64  -Os  -D_LARGEFILE_SOURCE -D_LARGEFILE64_SOURCE -D_FILE_OFFSET_BITS=64 conftest.c >&5
configure:1568: $? = 0
configure:1571: test -s conftest.o
configure:1574: $? = 0
configure:1586: result: yes
configure:1592: checking whether /media/panpan/tools/buildroot-2018.02.8/output/host/bin/arm-linux-gnueabihf-gcc accepts -g
configure:1610: /media/panpan/tools/buildroot-2018.02.8/output/host/bin/arm-linux-gnueabihf-gcc -c -g -D_LARGEFILE_SOURCE -D_LARGEFILE64_SOURCE -D_FILE_OFFSET_BITS=64 conftest.c >&5
configure:1613: $? = 0
configure:1616: test -s conftest.o
configure:1619: $? = 0
configure:1629: result: yes
configure:1656: /media/panpan/tools/buildroot-2018.02.8/output/host/bin/arm-linux-gnueabihf-gcc -c -D_LARGEFILE_SOURCE -D_LARGEFILE64_SOURCE -D_FILE_OFFSET_BITS=64  -Os  -D_LARGEFILE_SOURCE -D_LARGEFILE64_SOURCE -D_FILE_OFFSET_BITS=64 conftest.c >&5
conftest.c:2:3: error: unknown type name 'choke'
   choke me
   ^~~~~
conftest.c:2:3: error: expected '=', ',', ';', 'asm' or '__attribute__' at end of input
configure:1659: $? = 1
configure: failed program was:
#ifndef __cplusplus
  choke me
#endif
configure:1760: checking version of /media/panpan/tools/buildroot-2018.02.8/output/host/bin/arm-linux-gnueabihf-gcc
configure:1764: result: 7.2
configure:1768: checking for /media/panpan/tools/buildroot-2018.02.8/output/host/bin/arm-linux-gnueabihf-gcc option to accept ANSI C
configure:1825: /media/panpan/tools/buildroot-2018.02.8/output/host/bin/arm-linux-gnueabihf-gcc  -c -D_LARGEFILE_SOURCE -D_LARGEFILE64_SOURCE -D_FILE_OFFSET_BITS=64  -Os  -D_LARGEFILE_SOURCE -D_LARGEFILE64_SOURCE -D_FILE_OFFSET_BITS=64 conftest.c >&5
configure:1828: $? = 0
configure:1831: test -s conftest.o
configure:1834: $? = 0
configure:1851: result: none needed
configure:1862: checking $CC variable
configure:1997: result: ok
configure:2008: checking how to run the C preprocessor
configure:2110: result: /media/panpan/tools/buildroot-2018.02.8/output/host/bin/arm-linux-gnueabihf-cpp
configure:2125: /media/panpan/tools/buildroot-2018.02.8/output/host/bin/arm-linux-gnueabihf-cpp -D_LARGEFILE_SOURCE -D_LARGEFILE64_SOURCE -D_FILE_OFFSET_BITS=64 conftest.c
configure:2131: $? = 0
configure:2158: /media/panpan/tools/buildroot-2018.02.8/output/host/bin/arm-linux-gnueabihf-cpp -D_LARGEFILE_SOURCE -D_LARGEFILE64_SOURCE -D_FILE_OFFSET_BITS=64 conftest.c
configure:2155:10: fatal error: ac_nonexistent.h: No such file or directory
 #include "confdefs.h"
          ^~~~~~~~~~~~      
compilation terminated.
configure:2164: $? = 1
configure: failed program was:
#line 2154 "configure"
#include "confdefs.h"
#include <ac_nonexistent.h>
configure:2204: checking whether make sets ${MAKE}
configure:2224: result: yes
configure:2236: checking for arm-buildroot-linux-gnueabihf-ranlib
configure:2259: result: /media/panpan/tools/buildroot-2018.02.8/output/host/bin/arm-linux-gnueabihf-ranlib
configure:2344: checking for a BSD compatible install
configure:2393: result: /usr/bin/install -c
configure:2404: checking whether ln -s works
configure:2408: result: yes
configure:2415: checking if ln -s -f options work
configure:2427: result: yes
configure:2436: checking for lint
configure:2462: result: no
configure:2436: checking for cppcheck
configure:2462: result: no
configure:2436: checking for splint
configure:2462: result: no
configure:2471: checking for groff
configure:2488: found /usr/bin/groff
configure:2500: result: /usr/bin/groff
configure:2509: checking for nroff
configure:2526: found /usr/bin/nroff
configure:2538: result: /usr/bin/nroff
configure:2559: checking for arm-buildroot-linux-gnueabihf-ar
configure:2582: result: /media/panpan/tools/buildroot-2018.02.8/output/host/bin/arm-linux-gnueabihf-ar
configure:2630: checking for options to update archives
configure:2656: /media/panpan/tools/buildroot-2018.02.8/output/host/bin/arm-linux-gnueabihf-gcc -c -D_LARGEFILE_SOURCE -D_LARGEFILE64_SOURCE -D_FILE_OFFSET_BITS=64  -Os  -D_LARGEFILE_SOURCE -D_LARGEFILE64_SOURCE -D_FILE_OFFSET_BITS=64 conftest.c >&5
configure:2659: $? = 0
/media/panpan/tools/buildroot-2018.02.8/output/host/bin/arm-linux-gnueabihf-ar  -curvU conftest.a conftest.o
configure:2678: result: -curvU
configure:2689: checking for makeflags variable
configure:2723: result: -${MAKEFLAGS}
configure:2726: checking if filesystem supports mixed-case filenames
configure:2753: result: yes
configure:2764: checking for exctags
configure:2790: result: no
configure:2764: checking for ctags
configure:2790: result: no
configure:2801: checking for exetags
configure:2827: result: no
configure:2801: checking for etags
configure:2827: result: no
configure:2836: checking for ctags
configure:2860: result: no
configure:2870: checking for etags
configure:2894: result: no
configure:2917: checking if you want to see long compiling messages
configure:2951: result: yes
configure:2960: checking build system type
configure:2978: result: x86_64-pc-linux-gnu
configure:2986: checking host system type
configure:3000: result: arm-buildroot-linux-gnueabihf
configure:3026: result: Configuring for linux-gnueabihf
configure:3055: checking for PATH separator
configure:3062: result: :
configure:3115: checking if we must define _GNU_SOURCE
configure:3137: /media/panpan/tools/buildroot-2018.02.8/output/host/bin/arm-linux-gnueabihf-gcc -c -D_LARGEFILE_SOURCE -D_LARGEFILE64_SOURCE -D_FILE_OFFSET_BITS=64  -Os  -D_LARGEFILE_SOURCE -D_LARGEFILE64_SOURCE -D_FILE_OFFSET_BITS=64 conftest.c >&5
configure: In function 'main':
configure:3129:1: error: unknown type name 'make'; did you mean 'makedev'?
 #ifndef _XOPEN_SOURCE
 ^~~~
 makedev
configure:3129:9: error: expected '=', ',', ';', 'asm' or '__attribute__' before 'error'
 #ifndef _XOPEN_SOURCE
         ^~~~~
configure:3140: $? = 1
configure: failed program was:
#line 3122 "configure"
#include "confdefs.h"
#include <sys/types.h>
int
main (void)
{

#ifndef _XOPEN_SOURCE
make an error
#endif
  ;
  return 0;
}
configure:3170: /media/panpan/tools/buildroot-2018.02.8/output/host/bin/arm-linux-gnueabihf-gcc -c -D_LARGEFILE_SOURCE -D_LARGEFILE64_SOURCE -D_FILE_OFFSET_BITS=64  -Os  -D_LARGEFILE_SOURCE -D_LARGEFILE64_SOURCE -D_FILE_OFFSET_BITS=64 -D_GNU_SOURCE conftest.c >&5
configure: In function 'main':
configure:3162:1: error: unknown type name 'make'; did you mean 'makedev'?
 #ifdef _XOPEN_SOURCE
 ^~~~
 makedev
configure:3162:9: error: expected '=', ',', ';', 'asm' or '__attribute__' before 'error'
 #ifdef _XOPEN_SOURCE
         ^~~~~
configure:3173: $? = 1
configure: failed program was:
#line 3155 "configure"
#include "confdefs.h"
#include <sys/types.h>
int
main (void)
{

#ifdef _XOPEN_SOURCE
make an error
#endif
  ;
  return 0;
}
configure:3194: result: yes
configure:3199: checking if we should also define _DEFAULT_SOURCE
configure:3222: /media/panpan/tools/buildroot-2018.02.8/output/host/bin/arm-linux-gnueabihf-gcc -c -D_LARGEFILE_SOURCE -D_LARGEFILE64_SOURCE -D_FILE_OFFSET_BITS=64  -Os  -D_LARGEFILE_SOURCE -D_LARGEFILE64_SOURCE -D_FILE_OFFSET_BITS=64 -D_GNU_SOURCE conftest.c >&5
configure: In function 'main':
configure:3214:1: error: unknown type name 'make'; did you mean 'makedev'?
 #ifdef _DEFAULT_SOURCE
 ^~~~
 makedev
configure:3214:9: error: expected '=', ',', ';', 'asm' or '__attribute__' before 'error'
 #ifdef _DEFAULT_SOURCE
         ^~~~~
configure:3225: $? = 1
configure: failed program was:
#line 3207 "configure"
#include "confdefs.h"
#include <sys/types.h>
int
main (void)
{

#ifdef _DEFAULT_SOURCE
make an error
#endif
  ;
  return 0;
}
configure:3242: result: yes
configure:4117: checking if _XOPEN_SOURCE really is set
configure:4135: /media/panpan/tools/buildroot-2018.02.8/output/host/bin/arm-linux-gnueabihf-gcc -c -D_LARGEFILE_SOURCE -D_LARGEFILE64_SOURCE -D_FILE_OFFSET_BITS=64  -Os  -D_LARGEFILE_SOURCE -D_LARGEFILE64_SOURCE -D_FILE_OFFSET_BITS=64 -D_GNU_SOURCE -D_DEFAULT_SOURCE conftest.c >&5
configure:4138: $? = 0
configure:4141: test -s conftest.o
configure:4144: $? = 0
configure:4153: result: yes
configure:4173: /media/panpan/tools/buildroot-2018.02.8/output/host/bin/arm-linux-gnueabihf-gcc -c -D_LARGEFILE_SOURCE -D_LARGEFILE64_SOURCE -D_FILE_OFFSET_BITS=64  -Os  -D_LARGEFILE_SOURCE -D_LARGEFILE64_SOURCE -D_FILE_OFFSET_BITS=64 -D_GNU_SOURCE -D_DEFAULT_SOURCE conftest.c >&5
configure:4176: $? = 0
configure:4179: test -s conftest.o
configure:4182: $? = 0
configure:4410: checking for special C compiler options needed for large files
configure:4484: result: no
configure:4490: checking for _FILE_OFFSET_BITS value needed for large files
configure:4518: /media/panpan/tools/buildroot-2018.02.8/output/host/bin/arm-linux-gnueabihf-gcc -c -D_LARGEFILE_SOURCE -D_LARGEFILE64_SOURCE -D_FILE_OFFSET_BITS=64  -Os  -D_LARGEFILE_SOURCE -D_LARGEFILE64_SOURCE -D_FILE_OFFSET_BITS=64 -D_GNU_SOURCE -D_DEFAULT_SOURCE conftest.c >&5
configure:4521: $? = 0
configure:4524: test -s conftest.o
configure:4527: $? = 0
configure:4577: result: no
configure:4587: checking for _LARGE_FILES value needed for large files
configure:4615: /media/panpan/tools/buildroot-2018.02.8/output/host/bin/arm-linux-gnueabihf-gcc -c -D_LARGEFILE_SOURCE -D_LARGEFILE64_SOURCE -D_FILE_OFFSET_BITS=64  -Os  -D_LARGEFILE_SOURCE -D_LARGEFILE64_SOURCE -D_FILE_OFFSET_BITS=64 -D_GNU_SOURCE -D_DEFAULT_SOURCE conftest.c >&5
configure:4618: $? = 0
configure:4621: test -s conftest.o
configure:4624: $? = 0
configure:4674: result: no
configure:4687: checking for _LARGEFILE_SOURCE value needed for large files
configure:4707: /media/panpan/tools/buildroot-2018.02.8/output/host/bin/arm-linux-gnueabihf-gcc -c -D_LARGEFILE_SOURCE -D_LARGEFILE64_SOURCE -D_FILE_OFFSET_BITS=64  -Os  -D_LARGEFILE_SOURCE -D_LARGEFILE64_SOURCE -D_FILE_OFFSET_BITS=64 -D_GNU_SOURCE -D_DEFAULT_SOURCE conftest.c >&5
configure:4710: $? = 0
configure:4713: test -s conftest.o
configure:4716: $? = 0
configure:4758: result: no
configure:4772: checking for fseeko
configure:4790: /media/panpan/tools/buildroot-2018.02.8/output/host/bin/arm-linux-gnueabihf-gcc -o conftest -D_LARGEFILE_SOURCE -D_LARGEFILE64_SOURCE -D_FILE_OFFSET_BITS=64  -Os  -D_LARGEFILE_SOURCE -D_LARGEFILE64_SOURCE -D_FILE_OFFSET_BITS=64 -D_GNU_SOURCE -D_DEFAULT_SOURCE  conftest.c  >&5
configure:4793: $? = 0
configure:4796: test -s conftest
configure:4799: $? = 0
configure:4809: result: yes
configure:4830: checking whether to use struct dirent64
configure:4859: /media/panpan/tools/buildroot-2018.02.8/output/host/bin/arm-linux-gnueabihf-gcc -c -D_LARGEFILE_SOURCE -D_LARGEFILE64_SOURCE -D_FILE_OFFSET_BITS=64  -Os  -D_LARGEFILE_SOURCE -D_LARGEFILE64_SOURCE -D_FILE_OFFSET_BITS=64 -D_GNU_SOURCE -D_DEFAULT_SOURCE conftest.c >&5
configure: In function 'main':
configure:4848:28: error: conflicting types for 'readdir'
   /* if transitional largefile support is setup, this is true */
                            ^~~~~~~
In file included from /media/panpan/tools/buildroot-2018.02.8/output/host/arm-buildroot-linux-gnueabihf/sysroot/usr/include/features.h:423:0,
                 from /media/panpan/tools/buildroot-2018.02.8/output/host/arm-buildroot-linux-gnueabihf/sysroot/usr/include/sys/types.h:25,
                 from configure:4840:
/media/panpan/tools/buildroot-2018.02.8/output/host/arm-buildroot-linux-gnueabihf/sysroot/usr/include/dirent.h:165:23: note: previous declaration of 'readdir' was here
 extern struct dirent *__REDIRECT (readdir, (DIR *__dirp), readdir64)
                       ^
configure:4850:22: error: initialization from incompatible pointer type [-Werror=incompatible-pointer-types]
   struct dirent64 *x = readdir((DIR *)0);
                      ^~~~~~~
configure:4851:13: error: invalid operands to binary - (have 'struct dirent64 *' and 'struct dirent *')
   struct dirent *y = readdir((DIR *)0);
             ^
cc1: some warnings being treated as errors
configure:4862: $? = 1
configure: failed program was:
#line 4837 "configure"
#include "confdefs.h"

#pragma GCC diagnostic error "-Wincompatible-pointer-types"
#include <sys/types.h>
#include <dirent.h>

int
main (void)
{

		/* if transitional largefile support is setup, this is true */
		extern struct dirent64 * readdir(DIR *);
		struct dirent64 *x = readdir((DIR *)0);
		struct dirent *y = readdir((DIR *)0);
		int z = x - y;

  ;
  return 0;
}
configure:4879: result: no
configure:4888: checking for install-prefix
configure:4898: result: no
configure:4938: checking if you want to check for gcc warnings
configure:4948: result: no
configure:5302: checking if you want to use pkg-config
configure:5312: result: yes
configure:5324: checking for arm-buildroot-linux-gnueabihf-pkg-config
configure:5352: result: /media/panpan/tools/buildroot-2018.02.8/output/host/bin/pkg-config
configure:5450: checking for this package's name
configure:5460: result: dialog
configure:5464: checking for package version
configure:5485: result: 1.3
configure:5488: checking for package patch date
configure:5505: result: 20170509
configure:5516: testing ABI VERSION 14:0:0 ...
configure:5520: testing VERSION_MAJOR 1 ...
configure:5524: testing VERSION_MINOR 3 ...
configure:5528: testing VERSION_PATCH 20170509 ...
configure:5551: checking if we should install dlg_XXX headers to subdirectory
configure:5561: result: no
configure:5564: checking for program to convert manpage to html
configure:5623: result: /usr/bin/groff
configure:5765: checking for ANSI C header files
configure:5779: /media/panpan/tools/buildroot-2018.02.8/output/host/bin/arm-linux-gnueabihf-cpp -D_LARGEFILE_SOURCE -D_LARGEFILE64_SOURCE -D_FILE_OFFSET_BITS=64 -D_GNU_SOURCE -D_DEFAULT_SOURCE conftest.c
configure:5785: $? = 0
configure:5893: result: yes
configure:5903: checking for inline
configure:5920: /media/panpan/tools/buildroot-2018.02.8/output/host/bin/arm-linux-gnueabihf-gcc -c -D_LARGEFILE_SOURCE -D_LARGEFILE64_SOURCE -D_FILE_OFFSET_BITS=64  -Os  -D_LARGEFILE_SOURCE -D_LARGEFILE64_SOURCE -D_FILE_OFFSET_BITS=64 -D_GNU_SOURCE -D_DEFAULT_SOURCE conftest.c >&5
configure:5923: $? = 0
configure:5926: test -s conftest.o
configure:5929: $? = 0
configure:5940: result: inline
configure:5961: checking for sys/types.h
configure:5973: /media/panpan/tools/buildroot-2018.02.8/output/host/bin/arm-linux-gnueabihf-gcc -c -D_LARGEFILE_SOURCE -D_LARGEFILE64_SOURCE -D_FILE_OFFSET_BITS=64  -Os  -D_LARGEFILE_SOURCE -D_LARGEFILE64_SOURCE -D_FILE_OFFSET_BITS=64 -D_GNU_SOURCE -D_DEFAULT_SOURCE conftest.c >&5
configure:5976: $? = 0
configure:5979: test -s conftest.o
configure:5982: $? = 0
configure:5992: result: yes
configure:5961: checking for sys/stat.h
configure:5973: /media/panpan/tools/buildroot-2018.02.8/output/host/bin/arm-linux-gnueabihf-gcc -c -D_LARGEFILE_SOURCE -D_LARGEFILE64_SOURCE -D_FILE_OFFSET_BITS=64  -Os  -D_LARGEFILE_SOURCE -D_LARGEFILE64_SOURCE -D_FILE_OFFSET_BITS=64 -D_GNU_SOURCE -D_DEFAULT_SOURCE conftest.c >&5
configure:5976: $? = 0
configure:5979: test -s conftest.o
configure:5982: $? = 0
configure:5992: result: yes
configure:5961: checking for stdlib.h
configure:5973: /media/panpan/tools/buildroot-2018.02.8/output/host/bin/arm-linux-gnueabihf-gcc -c -D_LARGEFILE_SOURCE -D_LARGEFILE64_SOURCE -D_FILE_OFFSET_BITS=64  -Os  -D_LARGEFILE_SOURCE -D_LARGEFILE64_SOURCE -D_FILE_OFFSET_BITS=64 -D_GNU_SOURCE -D_DEFAULT_SOURCE conftest.c >&5
configure:5976: $? = 0
configure:5979: test -s conftest.o
configure:5982: $? = 0
configure:5992: result: yes
configure:5961: checking for string.h
configure:5973: /media/panpan/tools/buildroot-2018.02.8/output/host/bin/arm-linux-gnueabihf-gcc -c -D_LARGEFILE_SOURCE -D_LARGEFILE64_SOURCE -D_FILE_OFFSET_BITS=64  -Os  -D_LARGEFILE_SOURCE -D_LARGEFILE64_SOURCE -D_FILE_OFFSET_BITS=64 -D_GNU_SOURCE -D_DEFAULT_SOURCE conftest.c >&5
configure:5976: $? = 0
configure:5979: test -s conftest.o
configure:5982: $? = 0
configure:5992: result: yes
configure:5961: checking for memory.h
configure:5973: /media/panpan/tools/buildroot-2018.02.8/output/host/bin/arm-linux-gnueabihf-gcc -c -D_LARGEFILE_SOURCE -D_LARGEFILE64_SOURCE -D_FILE_OFFSET_BITS=64  -Os  -D_LARGEFILE_SOURCE -D_LARGEFILE64_SOURCE -D_FILE_OFFSET_BITS=64 -D_GNU_SOURCE -D_DEFAULT_SOURCE conftest.c >&5
configure:5976: $? = 0
configure:5979: test -s conftest.o
configure:5982: $? = 0
configure:5992: result: yes
configure:5961: checking for strings.h
configure:5973: /media/panpan/tools/buildroot-2018.02.8/output/host/bin/arm-linux-gnueabihf-gcc -c -D_LARGEFILE_SOURCE -D_LARGEFILE64_SOURCE -D_FILE_OFFSET_BITS=64  -Os  -D_LARGEFILE_SOURCE -D_LARGEFILE64_SOURCE -D_FILE_OFFSET_BITS=64 -D_GNU_SOURCE -D_DEFAULT_SOURCE conftest.c >&5
configure:5976: $? = 0
configure:5979: test -s conftest.o
configure:5982: $? = 0
configure:5992: result: yes
configure:5961: checking for inttypes.h
configure:5973: /media/panpan/tools/buildroot-2018.02.8/output/host/bin/arm-linux-gnueabihf-gcc -c -D_LARGEFILE_SOURCE -D_LARGEFILE64_SOURCE -D_FILE_OFFSET_BITS=64  -Os  -D_LARGEFILE_SOURCE -D_LARGEFILE64_SOURCE -D_FILE_OFFSET_BITS=64 -D_GNU_SOURCE -D_DEFAULT_SOURCE conftest.c >&5
configure:5976: $? = 0
configure:5979: test -s conftest.o
configure:5982: $? = 0
configure:5992: result: yes
configure:5961: checking for stdint.h
configure:5973: /media/panpan/tools/buildroot-2018.02.8/output/host/bin/arm-linux-gnueabihf-gcc -c -D_LARGEFILE_SOURCE -D_LARGEFILE64_SOURCE -D_FILE_OFFSET_BITS=64  -Os  -D_LARGEFILE_SOURCE -D_LARGEFILE64_SOURCE -D_FILE_OFFSET_BITS=64 -D_GNU_SOURCE -D_DEFAULT_SOURCE conftest.c >&5
configure:5976: $? = 0
configure:5979: test -s conftest.o
configure:5982: $? = 0
configure:5992: result: yes
configure:5961: checking for unistd.h
configure:5973: /media/panpan/tools/buildroot-2018.02.8/output/host/bin/arm-linux-gnueabihf-gcc -c -D_LARGEFILE_SOURCE -D_LARGEFILE64_SOURCE -D_FILE_OFFSET_BITS=64  -Os  -D_LARGEFILE_SOURCE -D_LARGEFILE64_SOURCE -D_FILE_OFFSET_BITS=64 -D_GNU_SOURCE -D_DEFAULT_SOURCE conftest.c >&5
configure:5976: $? = 0
configure:5979: test -s conftest.o
configure:5982: $? = 0
configure:5992: result: yes
configure:6002: checking for off_t
configure:6023: /media/panpan/tools/buildroot-2018.02.8/output/host/bin/arm-linux-gnueabihf-gcc -c -D_LARGEFILE_SOURCE -D_LARGEFILE64_SOURCE -D_FILE_OFFSET_BITS=64  -Os  -D_LARGEFILE_SOURCE -D_LARGEFILE64_SOURCE -D_FILE_OFFSET_BITS=64 -D_GNU_SOURCE -D_DEFAULT_SOURCE conftest.c >&5
configure:6026: $? = 0
configure:6029: test -s conftest.o
configure:6032: $? = 0
configure:6042: result: yes
configure:6054: checking for size_t
configure:6075: /media/panpan/tools/buildroot-2018.02.8/output/host/bin/arm-linux-gnueabihf-gcc -c -D_LARGEFILE_SOURCE -D_LARGEFILE64_SOURCE -D_FILE_OFFSET_BITS=64  -Os  -D_LARGEFILE_SOURCE -D_LARGEFILE64_SOURCE -D_FILE_OFFSET_BITS=64 -D_GNU_SOURCE -D_DEFAULT_SOURCE conftest.c >&5
configure:6078: $? = 0
configure:6081: test -s conftest.o
configure:6084: $? = 0
configure:6094: result: yes
configure:6108: checking for working alloca.h
configure:6126: /media/panpan/tools/buildroot-2018.02.8/output/host/bin/arm-linux-gnueabihf-gcc -o conftest -D_LARGEFILE_SOURCE -D_LARGEFILE64_SOURCE -D_FILE_OFFSET_BITS=64  -Os  -D_LARGEFILE_SOURCE -D_LARGEFILE64_SOURCE -D_FILE_OFFSET_BITS=64 -D_GNU_SOURCE -D_DEFAULT_SOURCE  conftest.c  >&5
configure:6129: $? = 0
configure:6132: test -s conftest
configure:6135: $? = 0
configure:6145: result: yes
configure:6155: checking for alloca
configure:6193: /media/panpan/tools/buildroot-2018.02.8/output/host/bin/arm-linux-gnueabihf-gcc -o conftest -D_LARGEFILE_SOURCE -D_LARGEFILE64_SOURCE -D_FILE_OFFSET_BITS=64  -Os  -D_LARGEFILE_SOURCE -D_LARGEFILE64_SOURCE -D_FILE_OFFSET_BITS=64 -D_GNU_SOURCE -D_DEFAULT_SOURCE  conftest.c  >&5
configure:6196: $? = 0
configure:6199: test -s conftest
configure:6202: $? = 0
configure:6212: result: yes
configure:6396: checking for stdlib.h
configure:6431: result: yes
configure:6396: checking for unistd.h
configure:6431: result: yes
configure:6444: checking for getpagesize
configure:6481: /media/panpan/tools/buildroot-2018.02.8/output/host/bin/arm-linux-gnueabihf-gcc -o conftest -D_LARGEFILE_SOURCE -D_LARGEFILE64_SOURCE -D_FILE_OFFSET_BITS=64  -Os  -D_LARGEFILE_SOURCE -D_LARGEFILE64_SOURCE -D_FILE_OFFSET_BITS=64 -D_GNU_SOURCE -D_DEFAULT_SOURCE  conftest.c  >&5
configure:6484: $? = 0
configure:6487: test -s conftest
configure:6490: $? = 0
configure:6500: result: yes
configure:6510: checking for working mmap
configure:6666: result: yes
configure:6677: checking whether we are using the GNU C Library 2.1 or newer
configure:6703: result: yes
configure:6733: checking for argz.h
configure:6743: /media/panpan/tools/buildroot-2018.02.8/output/host/bin/arm-linux-gnueabihf-cpp -D_LARGEFILE_SOURCE -D_LARGEFILE64_SOURCE -D_FILE_OFFSET_BITS=64 -D_GNU_SOURCE -D_DEFAULT_SOURCE conftest.c
configure:6749: $? = 0
configure:6768: result: yes
configure:6733: checking for limits.h
configure:6743: /media/panpan/tools/buildroot-2018.02.8/output/host/bin/arm-linux-gnueabihf-cpp -D_LARGEFILE_SOURCE -D_LARGEFILE64_SOURCE -D_FILE_OFFSET_BITS=64 -D_GNU_SOURCE -D_DEFAULT_SOURCE conftest.c
configure:6749: $? = 0
configure:6768: result: yes
configure:6733: checking for locale.h
configure:6743: /media/panpan/tools/buildroot-2018.02.8/output/host/bin/arm-linux-gnueabihf-cpp -D_LARGEFILE_SOURCE -D_LARGEFILE64_SOURCE -D_FILE_OFFSET_BITS=64 -D_GNU_SOURCE -D_DEFAULT_SOURCE conftest.c
configure:6749: $? = 0
configure:6768: result: yes
configure:6733: checking for nl_types.h
configure:6743: /media/panpan/tools/buildroot-2018.02.8/output/host/bin/arm-linux-gnueabihf-cpp -D_LARGEFILE_SOURCE -D_LARGEFILE64_SOURCE -D_FILE_OFFSET_BITS=64 -D_GNU_SOURCE -D_DEFAULT_SOURCE conftest.c
configure:6749: $? = 0
configure:6768: result: yes
configure:6733: checking for malloc.h
configure:6743: /media/panpan/tools/buildroot-2018.02.8/output/host/bin/arm-linux-gnueabihf-cpp -D_LARGEFILE_SOURCE -D_LARGEFILE64_SOURCE -D_FILE_OFFSET_BITS=64 -D_GNU_SOURCE -D_DEFAULT_SOURCE conftest.c
configure:6749: $? = 0
configure:6768: result: yes
configure:6733: checking for stddef.h
configure:6743: /media/panpan/tools/buildroot-2018.02.8/output/host/bin/arm-linux-gnueabihf-cpp -D_LARGEFILE_SOURCE -D_LARGEFILE64_SOURCE -D_FILE_OFFSET_BITS=64 -D_GNU_SOURCE -D_DEFAULT_SOURCE conftest.c
configure:6749: $? = 0
configure:6768: result: yes
configure:6733: checking for stdlib.h
configure:6768: result: yes
configure:6733: checking for string.h
configure:6768: result: yes
configure:6733: checking for unistd.h
configure:6768: result: yes
configure:6733: checking for sys/param.h
configure:6743: /media/panpan/tools/buildroot-2018.02.8/output/host/bin/arm-linux-gnueabihf-cpp -D_LARGEFILE_SOURCE -D_LARGEFILE64_SOURCE -D_FILE_OFFSET_BITS=64 -D_GNU_SOURCE -D_DEFAULT_SOURCE conftest.c
configure:6749: $? = 0
configure:6768: result: yes
configure:6783: checking for feof_unlocked
configure:6820: /media/panpan/tools/buildroot-2018.02.8/output/host/bin/arm-linux-gnueabihf-gcc -o conftest -D_LARGEFILE_SOURCE -D_LARGEFILE64_SOURCE -D_FILE_OFFSET_BITS=64  -Os  -D_LARGEFILE_SOURCE -D_LARGEFILE64_SOURCE -D_FILE_OFFSET_BITS=64 -D_GNU_SOURCE -D_DEFAULT_SOURCE  conftest.c  >&5
configure:6823: $? = 0
configure:6826: test -s conftest
configure:6829: $? = 0
configure:6839: result: yes
configure:6783: checking for fgets_unlocked
configure:6820: /media/panpan/tools/buildroot-2018.02.8/output/host/bin/arm-linux-gnueabihf-gcc -o conftest -D_LARGEFILE_SOURCE -D_LARGEFILE64_SOURCE -D_FILE_OFFSET_BITS=64  -Os  -D_LARGEFILE_SOURCE -D_LARGEFILE64_SOURCE -D_FILE_OFFSET_BITS=64 -D_GNU_SOURCE -D_DEFAULT_SOURCE  conftest.c  >&5
configure:6823: $? = 0
configure:6826: test -s conftest
configure:6829: $? = 0
configure:6839: result: yes
configure:6783: checking for getcwd
configure:6820: /media/panpan/tools/buildroot-2018.02.8/output/host/bin/arm-linux-gnueabihf-gcc -o conftest -D_LARGEFILE_SOURCE -D_LARGEFILE64_SOURCE -D_FILE_OFFSET_BITS=64  -Os  -D_LARGEFILE_SOURCE -D_LARGEFILE64_SOURCE -D_FILE_OFFSET_BITS=64 -D_GNU_SOURCE -D_DEFAULT_SOURCE  conftest.c  >&5
configure:6823: $? = 0
configure:6826: test -s conftest
configure:6829: $? = 0
configure:6839: result: yes
configure:6783: checking for getegid
configure:6820: /media/panpan/tools/buildroot-2018.02.8/output/host/bin/arm-linux-gnueabihf-gcc -o conftest -D_LARGEFILE_SOURCE -D_LARGEFILE64_SOURCE -D_FILE_OFFSET_BITS=64  -Os  -D_LARGEFILE_SOURCE -D_LARGEFILE64_SOURCE -D_FILE_OFFSET_BITS=64 -D_GNU_SOURCE -D_DEFAULT_SOURCE  conftest.c  >&5
configure:6823: $? = 0
configure:6826: test -s conftest
configure:6829: $? = 0
configure:6839: result: yes
configure:6783: checking for geteuid
configure:6820: /media/panpan/tools/buildroot-2018.02.8/output/host/bin/arm-linux-gnueabihf-gcc -o conftest -D_LARGEFILE_SOURCE -D_LARGEFILE64_SOURCE -D_FILE_OFFSET_BITS=64  -Os  -D_LARGEFILE_SOURCE -D_LARGEFILE64_SOURCE -D_FILE_OFFSET_BITS=64 -D_GNU_SOURCE -D_DEFAULT_SOURCE  conftest.c  >&5
configure:6823: $? = 0
configure:6826: test -s conftest
configure:6829: $? = 0
configure:6839: result: yes
configure:6783: checking for getgid
configure:6820: /media/panpan/tools/buildroot-2018.02.8/output/host/bin/arm-linux-gnueabihf-gcc -o conftest -D_LARGEFILE_SOURCE -D_LARGEFILE64_SOURCE -D_FILE_OFFSET_BITS=64  -Os  -D_LARGEFILE_SOURCE -D_LARGEFILE64_SOURCE -D_FILE_OFFSET_BITS=64 -D_GNU_SOURCE -D_DEFAULT_SOURCE  conftest.c  >&5
configure:6823: $? = 0
configure:6826: test -s conftest
configure:6829: $? = 0
configure:6839: result: yes
configure:6783: checking for getuid
configure:6820: /media/panpan/tools/buildroot-2018.02.8/output/host/bin/arm-linux-gnueabihf-gcc -o conftest -D_LARGEFILE_SOURCE -D_LARGEFILE64_SOURCE -D_FILE_OFFSET_BITS=64  -Os  -D_LARGEFILE_SOURCE -D_LARGEFILE64_SOURCE -D_FILE_OFFSET_BITS=64 -D_GNU_SOURCE -D_DEFAULT_SOURCE  conftest.c  >&5
configure:6823: $? = 0
configure:6826: test -s conftest
configure:6829: $? = 0
configure:6839: result: yes
configure:6783: checking for mempcpy
configure:6820: /media/panpan/tools/buildroot-2018.02.8/output/host/bin/arm-linux-gnueabihf-gcc -o conftest -D_LARGEFILE_SOURCE -D_LARGEFILE64_SOURCE -D_FILE_OFFSET_BITS=64  -Os  -D_LARGEFILE_SOURCE -D_LARGEFILE64_SOURCE -D_FILE_OFFSET_BITS=64 -D_GNU_SOURCE -D_DEFAULT_SOURCE  conftest.c  >&5
configure:6799:6: warning: conflicting types for built-in function 'mempcpy' [-Wbuiltin-declaration-mismatch]
    builtin and then its argument prototype would still apply.  */
      ^~~~~~~
configure:6823: $? = 0
configure:6826: test -s conftest
configure:6829: $? = 0
configure:6839: result: yes
configure:6783: checking for munmap
configure:6820: /media/panpan/tools/buildroot-2018.02.8/output/host/bin/arm-linux-gnueabihf-gcc -o conftest -D_LARGEFILE_SOURCE -D_LARGEFILE64_SOURCE -D_FILE_OFFSET_BITS=64  -Os  -D_LARGEFILE_SOURCE -D_LARGEFILE64_SOURCE -D_FILE_OFFSET_BITS=64 -D_GNU_SOURCE -D_DEFAULT_SOURCE  conftest.c  >&5
configure:6823: $? = 0
configure:6826: test -s conftest
configure:6829: $? = 0
configure:6839: result: yes
configure:6783: checking for putenv
configure:6820: /media/panpan/tools/buildroot-2018.02.8/output/host/bin/arm-linux-gnueabihf-gcc -o conftest -D_LARGEFILE_SOURCE -D_LARGEFILE64_SOURCE -D_FILE_OFFSET_BITS=64  -Os  -D_LARGEFILE_SOURCE -D_LARGEFILE64_SOURCE -D_FILE_OFFSET_BITS=64 -D_GNU_SOURCE -D_DEFAULT_SOURCE  conftest.c  >&5
configure:6823: $? = 0
configure:6826: test -s conftest
configure:6829: $? = 0
configure:6839: result: yes
configure:6783: checking for setenv
configure:6820: /media/panpan/tools/buildroot-2018.02.8/output/host/bin/arm-linux-gnueabihf-gcc -o conftest -D_LARGEFILE_SOURCE -D_LARGEFILE64_SOURCE -D_FILE_OFFSET_BITS=64  -Os  -D_LARGEFILE_SOURCE -D_LARGEFILE64_SOURCE -D_FILE_OFFSET_BITS=64 -D_GNU_SOURCE -D_DEFAULT_SOURCE  conftest.c  >&5
configure:6823: $? = 0
configure:6826: test -s conftest
configure:6829: $? = 0
configure:6839: result: yes
configure:6783: checking for setlocale
configure:6820: /media/panpan/tools/buildroot-2018.02.8/output/host/bin/arm-linux-gnueabihf-gcc -o conftest -D_LARGEFILE_SOURCE -D_LARGEFILE64_SOURCE -D_FILE_OFFSET_BITS=64  -Os  -D_LARGEFILE_SOURCE -D_LARGEFILE64_SOURCE -D_FILE_OFFSET_BITS=64 -D_GNU_SOURCE -D_DEFAULT_SOURCE  conftest.c  >&5
configure:6823: $? = 0
configure:6826: test -s conftest
configure:6829: $? = 0
configure:6839: result: yes
configure:6783: checking for stpcpy
configure:6820: /media/panpan/tools/buildroot-2018.02.8/output/host/bin/arm-linux-gnueabihf-gcc -o conftest -D_LARGEFILE_SOURCE -D_LARGEFILE64_SOURCE -D_FILE_OFFSET_BITS=64  -Os  -D_LARGEFILE_SOURCE -D_LARGEFILE64_SOURCE -D_FILE_OFFSET_BITS=64 -D_GNU_SOURCE -D_DEFAULT_SOURCE  conftest.c  >&5
configure:6799:6: warning: conflicting types for built-in function 'stpcpy' [-Wbuiltin-declaration-mismatch]
    builtin and then its argument prototype would still apply.  */
      ^~~~~~
configure:6823: $? = 0
configure:6826: test -s conftest
configure:6829: $? = 0
configure:6839: result: yes
configure:6783: checking for strchr
configure:6820: /media/panpan/tools/buildroot-2018.02.8/output/host/bin/arm-linux-gnueabihf-gcc -o conftest -D_LARGEFILE_SOURCE -D_LARGEFILE64_SOURCE -D_FILE_OFFSET_BITS=64  -Os  -D_LARGEFILE_SOURCE -D_LARGEFILE64_SOURCE -D_FILE_OFFSET_BITS=64 -D_GNU_SOURCE -D_DEFAULT_SOURCE  conftest.c  >&5
configure:6799:6: warning: conflicting types for built-in function 'strchr' [-Wbuiltin-declaration-mismatch]
    builtin and then its argument prototype would still apply.  */
      ^~~~~~
configure:6823: $? = 0
configure:6826: test -s conftest
configure:6829: $? = 0
configure:6839: result: yes
configure:6783: checking for strcasecmp
configure:6820: /media/panpan/tools/buildroot-2018.02.8/output/host/bin/arm-linux-gnueabihf-gcc -o conftest -D_LARGEFILE_SOURCE -D_LARGEFILE64_SOURCE -D_FILE_OFFSET_BITS=64  -Os  -D_LARGEFILE_SOURCE -D_LARGEFILE64_SOURCE -D_FILE_OFFSET_BITS=64 -D_GNU_SOURCE -D_DEFAULT_SOURCE  conftest.c  >&5
configure:6799:6: warning: conflicting types for built-in function 'strcasecmp' [-Wbuiltin-declaration-mismatch]
    builtin and then its argument prototype would still apply.  */
      ^~~~~~~~~~
configure:6823: $? = 0
configure:6826: test -s conftest
configure:6829: $? = 0
configure:6839: result: yes
configure:6783: checking for strdup
configure:6820: /media/panpan/tools/buildroot-2018.02.8/output/host/bin/arm-linux-gnueabihf-gcc -o conftest -D_LARGEFILE_SOURCE -D_LARGEFILE64_SOURCE -D_FILE_OFFSET_BITS=64  -Os  -D_LARGEFILE_SOURCE -D_LARGEFILE64_SOURCE -D_FILE_OFFSET_BITS=64 -D_GNU_SOURCE -D_DEFAULT_SOURCE  conftest.c  >&5
configure:6799:6: warning: conflicting types for built-in function 'strdup' [-Wbuiltin-declaration-mismatch]
    builtin and then its argument prototype would still apply.  */
      ^~~~~~
configure:6823: $? = 0
configure:6826: test -s conftest
configure:6829: $? = 0
configure:6839: result: yes
configure:6783: checking for strtoul
configure:6820: /media/panpan/tools/buildroot-2018.02.8/output/host/bin/arm-linux-gnueabihf-gcc -o conftest -D_LARGEFILE_SOURCE -D_LARGEFILE64_SOURCE -D_FILE_OFFSET_BITS=64  -Os  -D_LARGEFILE_SOURCE -D_LARGEFILE64_SOURCE -D_FILE_OFFSET_BITS=64 -D_GNU_SOURCE -D_DEFAULT_SOURCE  conftest.c  >&5
configure:6823: $? = 0
configure:6826: test -s conftest
configure:6829: $? = 0
configure:6839: result: yes
configure:6783: checking for tsearch
configure:6820: /media/panpan/tools/buildroot-2018.02.8/output/host/bin/arm-linux-gnueabihf-gcc -o conftest -D_LARGEFILE_SOURCE -D_LARGEFILE64_SOURCE -D_FILE_OFFSET_BITS=64  -Os  -D_LARGEFILE_SOURCE -D_LARGEFILE64_SOURCE -D_FILE_OFFSET_BITS=64 -D_GNU_SOURCE -D_DEFAULT_SOURCE  conftest.c  >&5
configure:6823: $? = 0
configure:6826: test -s conftest
configure:6829: $? = 0
configure:6839: result: yes
configure:6783: checking for __argz_count
configure:6820: /media/panpan/tools/buildroot-2018.02.8/output/host/bin/arm-linux-gnueabihf-gcc -o conftest -D_LARGEFILE_SOURCE -D_LARGEFILE64_SOURCE -D_FILE_OFFSET_BITS=64  -Os  -D_LARGEFILE_SOURCE -D_LARGEFILE64_SOURCE -D_FILE_OFFSET_BITS=64 -D_GNU_SOURCE -D_DEFAULT_SOURCE  conftest.c  >&5
configure:6823: $? = 0
configure:6826: test -s conftest
configure:6829: $? = 0
configure:6839: result: yes
configure:6783: checking for __argz_stringify
configure:6820: /media/panpan/tools/buildroot-2018.02.8/output/host/bin/arm-linux-gnueabihf-gcc -o conftest -D_LARGEFILE_SOURCE -D_LARGEFILE64_SOURCE -D_FILE_OFFSET_BITS=64  -Os  -D_LARGEFILE_SOURCE -D_LARGEFILE64_SOURCE -D_FILE_OFFSET_BITS=64 -D_GNU_SOURCE -D_DEFAULT_SOURCE  conftest.c  >&5
configure:6823: $? = 0
configure:6826: test -s conftest
configure:6829: $? = 0
configure:6839: result: yes
configure:6783: checking for __argz_next
configure:6820: /media/panpan/tools/buildroot-2018.02.8/output/host/bin/arm-linux-gnueabihf-gcc -o conftest -D_LARGEFILE_SOURCE -D_LARGEFILE64_SOURCE -D_FILE_OFFSET_BITS=64  -Os  -D_LARGEFILE_SOURCE -D_LARGEFILE64_SOURCE -D_FILE_OFFSET_BITS=64 -D_GNU_SOURCE -D_DEFAULT_SOURCE  conftest.c  >&5
configure:6823: $? = 0
configure:6826: test -s conftest
configure:6829: $? = 0
configure:6839: result: yes
configure:7098: checking for iconv
configure:7109: testing Starting FIND_LINKAGE(iconv,) ...
configure:7133: /media/panpan/tools/buildroot-2018.02.8/output/host/bin/arm-linux-gnueabihf-gcc -o conftest -D_LARGEFILE_SOURCE -D_LARGEFILE64_SOURCE -D_FILE_OFFSET_BITS=64  -Os  -D_LARGEFILE_SOURCE -D_LARGEFILE64_SOURCE -D_FILE_OFFSET_BITS=64 -D_GNU_SOURCE -D_DEFAULT_SOURCE  conftest.c  >&5
configure:7136: $? = 0
configure:7139: test -s conftest
configure:7142: $? = 0
configure:7503: result: yes
configure:7512: checking if the declaration of iconv() needs const.
configure:7544: /media/panpan/tools/buildroot-2018.02.8/output/host/bin/arm-linux-gnueabihf-gcc -c -D_LARGEFILE_SOURCE -D_LARGEFILE64_SOURCE -D_FILE_OFFSET_BITS=64  -Os  -D_LARGEFILE_SOURCE -D_LARGEFILE64_SOURCE -D_FILE_OFFSET_BITS=64 -D_GNU_SOURCE -D_DEFAULT_SOURCE conftest.c >&5
configure:7547: $? = 0
configure:7550: test -s conftest.o
configure:7553: $? = 0
configure:7563: result: no
configure:7693: checking for nl_langinfo and CODESET
configure:7711: /media/panpan/tools/buildroot-2018.02.8/output/host/bin/arm-linux-gnueabihf-gcc -o conftest -D_LARGEFILE_SOURCE -D_LARGEFILE64_SOURCE -D_FILE_OFFSET_BITS=64  -Os  -D_LARGEFILE_SOURCE -D_LARGEFILE64_SOURCE -D_FILE_OFFSET_BITS=64 -D_GNU_SOURCE -D_DEFAULT_SOURCE  conftest.c  >&5
configure:7714: $? = 0
configure:7717: test -s conftest
configure:7720: $? = 0
configure:7731: result: yes
configure:7742: checking for LC_MESSAGES
configure:7760: /media/panpan/tools/buildroot-2018.02.8/output/host/bin/arm-linux-gnueabihf-gcc -o conftest -D_LARGEFILE_SOURCE -D_LARGEFILE64_SOURCE -D_FILE_OFFSET_BITS=64  -Os  -D_LARGEFILE_SOURCE -D_LARGEFILE64_SOURCE -D_FILE_OFFSET_BITS=64 -D_GNU_SOURCE -D_DEFAULT_SOURCE  conftest.c  >&5
configure:7763: $? = 0
configure:7766: test -s conftest
configure:7769: $? = 0
configure:7779: result: yes
configure:7789: checking whether NLS is requested
configure:7799: result: no
configure:9001: checking if -lm needed for math functions
configure:9024: /media/panpan/tools/buildroot-2018.02.8/output/host/bin/arm-linux-gnueabihf-gcc -o conftest -D_LARGEFILE_SOURCE -D_LARGEFILE64_SOURCE -D_FILE_OFFSET_BITS=64  -Os  -D_LARGEFILE_SOURCE -D_LARGEFILE64_SOURCE -D_FILE_OFFSET_BITS=64 -D_GNU_SOURCE -D_DEFAULT_SOURCE  conftest.c  >&5
/tmp/ccTK7nTS.o: In function `main':
conftest.c:(.text.startup+0x10): undefined reference to `sqrt'
collect2: error: ld returned 1 exit status
configure:9027: $? = 1
configure: failed program was:
#line 9008 "configure"
#include "confdefs.h"

	#include <stdio.h>
	#include <stdlib.h>
	#include <math.h>

int
main (void)
{
double x = rand(); printf("result = %g\n", sqrt(x))
  ;
  return 0;
}
configure:9043: result: yes
configure:9066: checking if you want to use dmalloc for testing
configure:9083: result: no
configure:9298: checking if you want to use dbmalloc for testing
configure:9315: result: no
configure:9530: checking if you want to use purify for testing
configure:9547: result: no
configure:9660: checking if you want to use valgrind for testing
configure:9677: result: no
configure:9790: checking if you want to perform memory-leak testing
configure:9814: result: 
configure:9817: checking if you want --trace option
configure:9827: result: yes
configure:9841: checking for an rpath option
configure:9872: result: -Wl,-rpath,
configure:10034: checking if libtool -version-number should be used
configure:10051: result: yes
configure:10100: checking if you want to build libraries with libtool
configure:10110: result: no
configure:10458: checking if you want to build shared libraries
configure:10468: result: no
configure:11222: checking for specific curses-directory
configure:11232: result: /media/panpan/tools/buildroot-2018.02.8/output/host/arm-buildroot-linux-gnueabihf/sysroot/usr
configure:11334: testing adding /media/panpan/tools/buildroot-2018.02.8/output/host/arm-buildroot-linux-gnueabihf/sysroot/usr/include to include-path ...
configure:11370: testing adding /media/panpan/tools/buildroot-2018.02.8/output/host/arm-buildroot-linux-gnueabihf/sysroot/usr/lib to library-path ...
configure:11381: checking if rpath option should be used
configure:11391: result: no
configure:11394: checking for specific curses-directory
configure:11404: result: /media/panpan/tools/buildroot-2018.02.8/output/host/arm-buildroot-linux-gnueabihf/sysroot/usr
configure:11555: checking for specified curses library type
configure:11599: result: ncurses
configure:14749: checking pkg-config for ncurses
configure:14752: result: yes
configure:14755: checking if the ncurses package files work
configure:14793: /media/panpan/tools/buildroot-2018.02.8/output/host/bin/arm-linux-gnueabihf-gcc -o conftest -D_LARGEFILE_SOURCE -D_LARGEFILE64_SOURCE -D_FILE_OFFSET_BITS=64  -Os  -D_LARGEFILE_SOURCE -D_LARGEFILE64_SOURCE -D_FILE_OFFSET_BITS=64 -D_GNU_SOURCE -D_DEFAULT_SOURCE -I/media/panpan/tools/buildroot-2018.02.8/output/host/arm-buildroot-linux-gnueabihf/sysroot/usr/include -D_GNU_SOURCE   -L/media/panpan/tools/buildroot-2018.02.8/output/host/arm-buildroot-linux-gnueabihf/sysroot/usr/lib  conftest.c -lncurses   -lm >&5
configure: In function 'main':
configure:14786:28: warning: implicit declaration of function 'tgoto' [-Wimplicit-function-declaration]
 {
                            ^    
configure:14796: $? = 0
configure:14799: test -s conftest
configure:14802: $? = 0
configure:14840: result: maybe
configure:20380: checking for _nc_init_pthreads in -lncurses
configure:20407: /media/panpan/tools/buildroot-2018.02.8/output/host/bin/arm-linux-gnueabihf-gcc -o conftest -D_LARGEFILE_SOURCE -D_LARGEFILE64_SOURCE -D_FILE_OFFSET_BITS=64  -Os  -D_LARGEFILE_SOURCE -D_LARGEFILE64_SOURCE -D_FILE_OFFSET_BITS=64 -D_GNU_SOURCE -D_DEFAULT_SOURCE -I/media/panpan/tools/buildroot-2018.02.8/output/host/arm-buildroot-linux-gnueabihf/sysroot/usr/include -D_GNU_SOURCE   -L/media/panpan/tools/buildroot-2018.02.8/output/host/arm-buildroot-linux-gnueabihf/sysroot/usr/lib  conftest.c -lncurses  -lncurses   -lm >&5
/tmp/ccIWRwso.o: In function `main':
conftest.c:(.text.startup+0x4): undefined reference to `_nc_init_pthreads'
collect2: error: ld returned 1 exit status
configure:20410: $? = 1
configure: failed program was:
#line 20388 "configure"
#include "confdefs.h"

/* Override any gcc2 internal prototype to avoid an error.  */
#ifdef __cplusplus
extern "C"
#endif
/* We use char because int might match the return type of a gcc2
   builtin and then its argument prototype would still apply.  */
char _nc_init_pthreads ();
int
main (void)
{
_nc_init_pthreads ();
  ;
  return 0;
}
configure:20427: result: no
configure:20456: checking if curses supports wide characters
configure:20482: /media/panpan/tools/buildroot-2018.02.8/output/host/bin/arm-linux-gnueabihf-gcc -o conftest -D_LARGEFILE_SOURCE -D_LARGEFILE64_SOURCE -D_FILE_OFFSET_BITS=64  -Os  -D_LARGEFILE_SOURCE -D_LARGEFILE64_SOURCE -D_FILE_OFFSET_BITS=64 -D_GNU_SOURCE -D_DEFAULT_SOURCE -I/media/panpan/tools/buildroot-2018.02.8/output/host/arm-buildroot-linux-gnueabihf/sysroot/usr/include -D_GNU_SOURCE   -L/media/panpan/tools/buildroot-2018.02.8/output/host/arm-buildroot-linux-gnueabihf/sysroot/usr/lib  conftest.c -lncurses   -lm >&5
configure: In function 'main':
configure:20474:5: warning: implicit declaration of function 'waddnwstr'; did you mean 'waddnstr'? [-Wimplicit-function-declaration]
     temp[0] = wch;
     ^~~~~~~~~
     waddnstr
/tmp/cc1Mvx3t.o: In function `main':
conftest.c:(.text.startup+0x1c): undefined reference to `waddnwstr'
collect2: error: ld returned 1 exit status
configure:20485: $? = 1
configure: failed program was:
#line 20463 "configure"
#include "confdefs.h"

#include <stdlib.h>
#include <curses.h>
int
main (void)
{

    wchar_t temp[2];
    wchar_t wch = 'A';
    temp[0] = wch;
    waddnwstr(stdscr, temp, 1);

  ;
  return 0;
}
configure:20502: result: no
configure:20608: checking if you want extra dialogs
configure:20618: result: yes
configure:20626: checking if you want config-file support
configure:20636: result: yes
configure:20649: checking if you want Xdialog-style dialogs
configure:20659: result: yes
configure:20672: checking if you want extra Xdialog-style dialogs (1.2)
configure:20682: result: yes
configure:20695: checking if you want compatibility with whiptail options
configure:20705: result: yes
configure:20717: checking if you want the form dialog
configure:20727: result: yes
configure:20740: checking if you want the gauge dialog
configure:20750: result: yes
configure:20763: checking if you want the tailbox dialog
configure:20773: result: yes
configure:20786: checking if you want the mixedform dialog
configure:20796: result: yes
configure:20809: checking if you want the mixedgauge dialog
configure:20819: result: yes
configure:20832: checking if you want the wide-curses features
configure:20842: result: no
configure:20854: checking for ANSI C header files
configure:20982: result: yes
configure:20992: checking whether time.h and sys/time.h may both be included
configure:21014: /media/panpan/tools/buildroot-2018.02.8/output/host/bin/arm-linux-gnueabihf-gcc -c -D_LARGEFILE_SOURCE -D_LARGEFILE64_SOURCE -D_FILE_OFFSET_BITS=64  -Os  -D_LARGEFILE_SOURCE -D_LARGEFILE64_SOURCE -D_FILE_OFFSET_BITS=64 -D_GNU_SOURCE -D_DEFAULT_SOURCE -I/media/panpan/tools/buildroot-2018.02.8/output/host/arm-buildroot-linux-gnueabihf/sysroot/usr/include -D_GNU_SOURCE   conftest.c >&5
configure:21017: $? = 0
configure:21020: test -s conftest.o
configure:21023: $? = 0
configure:21033: result: yes
configure:21046: checking for dirent.h that defines DIR
configure:21067: /media/panpan/tools/buildroot-2018.02.8/output/host/bin/arm-linux-gnueabihf-gcc -c -D_LARGEFILE_SOURCE -D_LARGEFILE64_SOURCE -D_FILE_OFFSET_BITS=64  -Os  -D_LARGEFILE_SOURCE -D_LARGEFILE64_SOURCE -D_FILE_OFFSET_BITS=64 -D_GNU_SOURCE -D_DEFAULT_SOURCE -I/media/panpan/tools/buildroot-2018.02.8/output/host/arm-buildroot-linux-gnueabihf/sysroot/usr/include -D_GNU_SOURCE   conftest.c >&5
configure:21070: $? = 0
configure:21073: test -s conftest.o
configure:21076: $? = 0
configure:21086: result: yes
configure:21099: checking for opendir in -ldir
configure:21126: /media/panpan/tools/buildroot-2018.02.8/output/host/bin/arm-linux-gnueabihf-gcc -o conftest -D_LARGEFILE_SOURCE -D_LARGEFILE64_SOURCE -D_FILE_OFFSET_BITS=64  -Os  -D_LARGEFILE_SOURCE -D_LARGEFILE64_SOURCE -D_FILE_OFFSET_BITS=64 -D_GNU_SOURCE -D_DEFAULT_SOURCE -I/media/panpan/tools/buildroot-2018.02.8/output/host/arm-buildroot-linux-gnueabihf/sysroot/usr/include -D_GNU_SOURCE   -L/media/panpan/tools/buildroot-2018.02.8/output/host/arm-buildroot-linux-gnueabihf/sysroot/usr/lib  conftest.c -ldir  -lncurses   -lm >&5
/media/panpan/xilinx/SDK/2018.1/gnu/aarch32/lin/gcc-arm-linux-gnueabi/bin/../lib/gcc/arm-linux-gnueabihf/7.2.1/../../../../arm-linux-gnueabihf/bin/ld: cannot find -ldir
collect2: error: ld returned 1 exit status
configure:21129: $? = 1
configure: failed program was:
#line 21107 "configure"
#include "confdefs.h"

/* Override any gcc2 internal prototype to avoid an error.  */
#ifdef __cplusplus
extern "C"
#endif
/* We use char because int might match the return type of a gcc2
   builtin and then its argument prototype would still apply.  */
char opendir ();
int
main (void)
{
opendir ();
  ;
  return 0;
}
configure:21146: result: no
configure:21211: checking for search.h
configure:21221: /media/panpan/tools/buildroot-2018.02.8/output/host/bin/arm-linux-gnueabihf-cpp -D_LARGEFILE_SOURCE -D_LARGEFILE64_SOURCE -D_FILE_OFFSET_BITS=64 -D_GNU_SOURCE -D_DEFAULT_SOURCE -I/media/panpan/tools/buildroot-2018.02.8/output/host/arm-buildroot-linux-gnueabihf/sysroot/usr/include -D_GNU_SOURCE   conftest.c
configure:21227: $? = 0
configure:21246: result: yes
configure:21211: checking for stdint.h
configure:21246: result: yes
configure:21211: checking for unistd.h
configure:21246: result: yes
configure:21256: checking for term.h
configure:21291: /media/panpan/tools/buildroot-2018.02.8/output/host/bin/arm-linux-gnueabihf-gcc -c -D_LARGEFILE_SOURCE -D_LARGEFILE64_SOURCE -D_FILE_OFFSET_BITS=64  -Os  -D_LARGEFILE_SOURCE -D_LARGEFILE64_SOURCE -D_FILE_OFFSET_BITS=64 -D_GNU_SOURCE -D_DEFAULT_SOURCE -I/media/panpan/tools/buildroot-2018.02.8/output/host/arm-buildroot-linux-gnueabihf/sysroot/usr/include -D_GNU_SOURCE   conftest.c >&5
configure:21294: $? = 0
configure:21297: test -s conftest.o
configure:21300: $? = 0
configure:21361: result: term.h
configure:21388: checking return type of signal handlers
configure:21416: /media/panpan/tools/buildroot-2018.02.8/output/host/bin/arm-linux-gnueabihf-gcc -c -D_LARGEFILE_SOURCE -D_LARGEFILE64_SOURCE -D_FILE_OFFSET_BITS=64  -Os  -D_LARGEFILE_SOURCE -D_LARGEFILE64_SOURCE -D_FILE_OFFSET_BITS=64 -D_GNU_SOURCE -D_DEFAULT_SOURCE -I/media/panpan/tools/buildroot-2018.02.8/output/host/arm-buildroot-linux-gnueabihf/sysroot/usr/include -D_GNU_SOURCE   conftest.c >&5
configure:21419: $? = 0
configure:21422: test -s conftest.o
configure:21425: $? = 0
configure:21435: result: void
configure:21461: checking for _nc_free_and_exit
configure:21498: /media/panpan/tools/buildroot-2018.02.8/output/host/bin/arm-linux-gnueabihf-gcc -o conftest -D_LARGEFILE_SOURCE -D_LARGEFILE64_SOURCE -D_FILE_OFFSET_BITS=64  -Os  -D_LARGEFILE_SOURCE -D_LARGEFILE64_SOURCE -D_FILE_OFFSET_BITS=64 -D_GNU_SOURCE -D_DEFAULT_SOURCE -I/media/panpan/tools/buildroot-2018.02.8/output/host/arm-buildroot-linux-gnueabihf/sysroot/usr/include -D_GNU_SOURCE   -L/media/panpan/tools/buildroot-2018.02.8/output/host/arm-buildroot-linux-gnueabihf/sysroot/usr/lib  conftest.c -lncurses   -lm >&5
configure:21501: $? = 0
configure:21504: test -s conftest
configure:21507: $? = 0
configure:21517: result: yes
configure:21461: checking for btowc
configure:21498: /media/panpan/tools/buildroot-2018.02.8/output/host/bin/arm-linux-gnueabihf-gcc -o conftest -D_LARGEFILE_SOURCE -D_LARGEFILE64_SOURCE -D_FILE_OFFSET_BITS=64  -Os  -D_LARGEFILE_SOURCE -D_LARGEFILE64_SOURCE -D_FILE_OFFSET_BITS=64 -D_GNU_SOURCE -D_DEFAULT_SOURCE -I/media/panpan/tools/buildroot-2018.02.8/output/host/arm-buildroot-linux-gnueabihf/sysroot/usr/include -D_GNU_SOURCE   -L/media/panpan/tools/buildroot-2018.02.8/output/host/arm-buildroot-linux-gnueabihf/sysroot/usr/lib  conftest.c -lncurses   -lm >&5
configure:21501: $? = 0
configure:21504: test -s conftest
configure:21507: $? = 0
configure:21517: result: yes
configure:21461: checking for mblen
configure:21498: /media/panpan/tools/buildroot-2018.02.8/output/host/bin/arm-linux-gnueabihf-gcc -o conftest -D_LARGEFILE_SOURCE -D_LARGEFILE64_SOURCE -D_FILE_OFFSET_BITS=64  -Os  -D_LARGEFILE_SOURCE -D_LARGEFILE64_SOURCE -D_FILE_OFFSET_BITS=64 -D_GNU_SOURCE -D_DEFAULT_SOURCE -I/media/panpan/tools/buildroot-2018.02.8/output/host/arm-buildroot-linux-gnueabihf/sysroot/usr/include -D_GNU_SOURCE   -L/media/panpan/tools/buildroot-2018.02.8/output/host/arm-buildroot-linux-gnueabihf/sysroot/usr/lib  conftest.c -lncurses   -lm >&5
configure:21501: $? = 0
configure:21504: test -s conftest
configure:21507: $? = 0
configure:21517: result: yes
configure:21461: checking for mbrlen
configure:21498: /media/panpan/tools/buildroot-2018.02.8/output/host/bin/arm-linux-gnueabihf-gcc -o conftest -D_LARGEFILE_SOURCE -D_LARGEFILE64_SOURCE -D_FILE_OFFSET_BITS=64  -Os  -D_LARGEFILE_SOURCE -D_LARGEFILE64_SOURCE -D_FILE_OFFSET_BITS=64 -D_GNU_SOURCE -D_DEFAULT_SOURCE -I/media/panpan/tools/buildroot-2018.02.8/output/host/arm-buildroot-linux-gnueabihf/sysroot/usr/include -D_GNU_SOURCE   -L/media/panpan/tools/buildroot-2018.02.8/output/host/arm-buildroot-linux-gnueabihf/sysroot/usr/lib  conftest.c -lncurses   -lm >&5
configure:21501: $? = 0
configure:21504: test -s conftest
configure:21507: $? = 0
configure:21517: result: yes
configure:21461: checking for mbrtowc
configure:21498: /media/panpan/tools/buildroot-2018.02.8/output/host/bin/arm-linux-gnueabihf-gcc -o conftest -D_LARGEFILE_SOURCE -D_LARGEFILE64_SOURCE -D_FILE_OFFSET_BITS=64  -Os  -D_LARGEFILE_SOURCE -D_LARGEFILE64_SOURCE -D_FILE_OFFSET_BITS=64 -D_GNU_SOURCE -D_DEFAULT_SOURCE -I/media/panpan/tools/buildroot-2018.02.8/output/host/arm-buildroot-linux-gnueabihf/sysroot/usr/include -D_GNU_SOURCE   -L/media/panpan/tools/buildroot-2018.02.8/output/host/arm-buildroot-linux-gnueabihf/sysroot/usr/lib  conftest.c -lncurses   -lm >&5
configure:21501: $? = 0
configure:21504: test -s conftest
configure:21507: $? = 0
configure:21517: result: yes
configure:21461: checking for mbtowc
configure:21498: /media/panpan/tools/buildroot-2018.02.8/output/host/bin/arm-linux-gnueabihf-gcc -o conftest -D_LARGEFILE_SOURCE -D_LARGEFILE64_SOURCE -D_FILE_OFFSET_BITS=64  -Os  -D_LARGEFILE_SOURCE -D_LARGEFILE64_SOURCE -D_FILE_OFFSET_BITS=64 -D_GNU_SOURCE -D_DEFAULT_SOURCE -I/media/panpan/tools/buildroot-2018.02.8/output/host/arm-buildroot-linux-gnueabihf/sysroot/usr/include -D_GNU_SOURCE   -L/media/panpan/tools/buildroot-2018.02.8/output/host/arm-buildroot-linux-gnueabihf/sysroot/usr/lib  conftest.c -lncurses   -lm >&5
configure:21501: $? = 0
configure:21504: test -s conftest
configure:21507: $? = 0
configure:21517: result: yes
configure:21461: checking for strcasecmp
configure:21517: result: yes
configure:21461: checking for strftime
configure:21498: /media/panpan/tools/buildroot-2018.02.8/output/host/bin/arm-linux-gnueabihf-gcc -o conftest -D_LARGEFILE_SOURCE -D_LARGEFILE64_SOURCE -D_FILE_OFFSET_BITS=64  -Os  -D_LARGEFILE_SOURCE -D_LARGEFILE64_SOURCE -D_FILE_OFFSET_BITS=64 -D_GNU_SOURCE -D_DEFAULT_SOURCE -I/media/panpan/tools/buildroot-2018.02.8/output/host/arm-buildroot-linux-gnueabihf/sysroot/usr/include -D_GNU_SOURCE   -L/media/panpan/tools/buildroot-2018.02.8/output/host/arm-buildroot-linux-gnueabihf/sysroot/usr/lib  conftest.c -lncurses   -lm >&5
configure:21477:6: warning: conflicting types for built-in function 'strftime' [-Wbuiltin-declaration-mismatch]
    builtin and then its argument prototype would still apply.  */
      ^~~~~~~~
configure:21501: $? = 0
configure:21504: test -s conftest
configure:21507: $? = 0
configure:21517: result: yes
configure:21461: checking for tsearch
configure:21517: result: yes
configure:21461: checking for waitpid
configure:21498: /media/panpan/tools/buildroot-2018.02.8/output/host/bin/arm-linux-gnueabihf-gcc -o conftest -D_LARGEFILE_SOURCE -D_LARGEFILE64_SOURCE -D_FILE_OFFSET_BITS=64  -Os  -D_LARGEFILE_SOURCE -D_LARGEFILE64_SOURCE -D_FILE_OFFSET_BITS=64 -D_GNU_SOURCE -D_DEFAULT_SOURCE -I/media/panpan/tools/buildroot-2018.02.8/output/host/arm-buildroot-linux-gnueabihf/sysroot/usr/include -D_GNU_SOURCE   -L/media/panpan/tools/buildroot-2018.02.8/output/host/arm-buildroot-linux-gnueabihf/sysroot/usr/lib  conftest.c -lncurses   -lm >&5
configure:21501: $? = 0
configure:21504: test -s conftest
configure:21507: $? = 0
configure:21517: result: yes
configure:21461: checking for wcsrtombs
configure:21498: /media/panpan/tools/buildroot-2018.02.8/output/host/bin/arm-linux-gnueabihf-gcc -o conftest -D_LARGEFILE_SOURCE -D_LARGEFILE64_SOURCE -D_FILE_OFFSET_BITS=64  -Os  -D_LARGEFILE_SOURCE -D_LARGEFILE64_SOURCE -D_FILE_OFFSET_BITS=64 -D_GNU_SOURCE -D_DEFAULT_SOURCE -I/media/panpan/tools/buildroot-2018.02.8/output/host/arm-buildroot-linux-gnueabihf/sysroot/usr/include -D_GNU_SOURCE   -L/media/panpan/tools/buildroot-2018.02.8/output/host/arm-buildroot-linux-gnueabihf/sysroot/usr/lib  conftest.c -lncurses   -lm >&5
configure:21501: $? = 0
configure:21504: test -s conftest
configure:21507: $? = 0
configure:21517: result: yes
configure:21461: checking for wcstombs
configure:21498: /media/panpan/tools/buildroot-2018.02.8/output/host/bin/arm-linux-gnueabihf-gcc -o conftest -D_LARGEFILE_SOURCE -D_LARGEFILE64_SOURCE -D_FILE_OFFSET_BITS=64  -Os  -D_LARGEFILE_SOURCE -D_LARGEFILE64_SOURCE -D_FILE_OFFSET_BITS=64 -D_GNU_SOURCE -D_DEFAULT_SOURCE -I/media/panpan/tools/buildroot-2018.02.8/output/host/arm-buildroot-linux-gnueabihf/sysroot/usr/include -D_GNU_SOURCE   -L/media/panpan/tools/buildroot-2018.02.8/output/host/arm-buildroot-linux-gnueabihf/sysroot/usr/lib  conftest.c -lncurses   -lm >&5
configure:21501: $? = 0
configure:21504: test -s conftest
configure:21507: $? = 0
configure:21517: result: yes
configure:21461: checking for wctob
configure:21498: /media/panpan/tools/buildroot-2018.02.8/output/host/bin/arm-linux-gnueabihf-gcc -o conftest -D_LARGEFILE_SOURCE -D_LARGEFILE64_SOURCE -D_FILE_OFFSET_BITS=64  -Os  -D_LARGEFILE_SOURCE -D_LARGEFILE64_SOURCE -D_FILE_OFFSET_BITS=64 -D_GNU_SOURCE -D_DEFAULT_SOURCE -I/media/panpan/tools/buildroot-2018.02.8/output/host/arm-buildroot-linux-gnueabihf/sysroot/usr/include -D_GNU_SOURCE   -L/media/panpan/tools/buildroot-2018.02.8/output/host/arm-buildroot-linux-gnueabihf/sysroot/usr/lib  conftest.c -lncurses   -lm >&5
configure:21501: $? = 0
configure:21504: test -s conftest
configure:21507: $? = 0
configure:21517: result: yes
configure:21461: checking for wctomb
configure:21498: /media/panpan/tools/buildroot-2018.02.8/output/host/bin/arm-linux-gnueabihf-gcc -o conftest -D_LARGEFILE_SOURCE -D_LARGEFILE64_SOURCE -D_FILE_OFFSET_BITS=64  -Os  -D_LARGEFILE_SOURCE -D_LARGEFILE64_SOURCE -D_FILE_OFFSET_BITS=64 -D_GNU_SOURCE -D_DEFAULT_SOURCE -I/media/panpan/tools/buildroot-2018.02.8/output/host/arm-buildroot-linux-gnueabihf/sysroot/usr/include -D_GNU_SOURCE   -L/media/panpan/tools/buildroot-2018.02.8/output/host/arm-buildroot-linux-gnueabihf/sysroot/usr/lib  conftest.c -lncurses   -lm >&5
configure:21501: $? = 0
configure:21504: test -s conftest
configure:21507: $? = 0
configure:21517: result: yes
configure:21461: checking for mktime
configure:21498: /media/panpan/tools/buildroot-2018.02.8/output/host/bin/arm-linux-gnueabihf-gcc -o conftest -D_LARGEFILE_SOURCE -D_LARGEFILE64_SOURCE -D_FILE_OFFSET_BITS=64  -Os  -D_LARGEFILE_SOURCE -D_LARGEFILE64_SOURCE -D_FILE_OFFSET_BITS=64 -D_GNU_SOURCE -D_DEFAULT_SOURCE -I/media/panpan/tools/buildroot-2018.02.8/output/host/arm-buildroot-linux-gnueabihf/sysroot/usr/include -D_GNU_SOURCE   -L/media/panpan/tools/buildroot-2018.02.8/output/host/arm-buildroot-linux-gnueabihf/sysroot/usr/lib  conftest.c -lncurses   -lm >&5
configure:21501: $? = 0
configure:21504: test -s conftest
configure:21507: $? = 0
configure:21517: result: yes
configure:21527: checking definition to turn on extended curses functions
configure:21561: /media/panpan/tools/buildroot-2018.02.8/output/host/bin/arm-linux-gnueabihf-gcc -o conftest -D_LARGEFILE_SOURCE -D_LARGEFILE64_SOURCE -D_FILE_OFFSET_BITS=64  -Os  -D_LARGEFILE_SOURCE -D_LARGEFILE64_SOURCE -D_FILE_OFFSET_BITS=64 -D_GNU_SOURCE -D_DEFAULT_SOURCE -I/media/panpan/tools/buildroot-2018.02.8/output/host/arm-buildroot-linux-gnueabihf/sysroot/usr/include -D_GNU_SOURCE   -L/media/panpan/tools/buildroot-2018.02.8/output/host/arm-buildroot-linux-gnueabihf/sysroot/usr/lib  conftest.c -lncurses   -lm >&5
configure:21564: $? = 0
configure:21567: test -s conftest
configure:21570: $? = 0
configure:21625: result: none
configure:21634: checking for unctrl.h
configure:21669: /media/panpan/tools/buildroot-2018.02.8/output/host/bin/arm-linux-gnueabihf-gcc -c -D_LARGEFILE_SOURCE -D_LARGEFILE64_SOURCE -D_FILE_OFFSET_BITS=64  -Os  -D_LARGEFILE_SOURCE -D_LARGEFILE64_SOURCE -D_FILE_OFFSET_BITS=64 -D_GNU_SOURCE -D_DEFAULT_SOURCE -I/media/panpan/tools/buildroot-2018.02.8/output/host/arm-buildroot-linux-gnueabihf/sysroot/usr/include -D_GNU_SOURCE   conftest.c >&5
configure:21672: $? = 0
configure:21675: test -s conftest.o
configure:21678: $? = 0
configure:21691: result: unctrl.h
configure:21749: checking for flushinp
configure:21752: testing flushinp ...
configure:21794: /media/panpan/tools/buildroot-2018.02.8/output/host/bin/arm-linux-gnueabihf-gcc -o conftest -D_LARGEFILE_SOURCE -D_LARGEFILE64_SOURCE -D_FILE_OFFSET_BITS=64  -Os  -D_LARGEFILE_SOURCE -D_LARGEFILE64_SOURCE -D_FILE_OFFSET_BITS=64 -D_GNU_SOURCE -D_DEFAULT_SOURCE -I/media/panpan/tools/buildroot-2018.02.8/output/host/arm-buildroot-linux-gnueabihf/sysroot/usr/include -D_GNU_SOURCE   -L/media/panpan/tools/buildroot-2018.02.8/output/host/arm-buildroot-linux-gnueabihf/sysroot/usr/lib  conftest.c -lncurses   -lm >&5
configure:21797: $? = 0
configure:21800: test -s conftest
configure:21803: $? = 0
configure:21819: result: yes
configure:21749: checking for getattrs
configure:21752: testing getattrs ...
configure:21794: /media/panpan/tools/buildroot-2018.02.8/output/host/bin/arm-linux-gnueabihf-gcc -o conftest -D_LARGEFILE_SOURCE -D_LARGEFILE64_SOURCE -D_FILE_OFFSET_BITS=64  -Os  -D_LARGEFILE_SOURCE -D_LARGEFILE64_SOURCE -D_FILE_OFFSET_BITS=64 -D_GNU_SOURCE -D_DEFAULT_SOURCE -I/media/panpan/tools/buildroot-2018.02.8/output/host/arm-buildroot-linux-gnueabihf/sysroot/usr/include -D_GNU_SOURCE   -L/media/panpan/tools/buildroot-2018.02.8/output/host/arm-buildroot-linux-gnueabihf/sysroot/usr/lib  conftest.c -lncurses   -lm >&5
configure:21797: $? = 0
configure:21800: test -s conftest
configure:21803: $? = 0
configure:21819: result: yes
configure:21749: checking for getbegx
configure:21752: testing getbegx ...
configure:21794: /media/panpan/tools/buildroot-2018.02.8/output/host/bin/arm-linux-gnueabihf-gcc -o conftest -D_LARGEFILE_SOURCE -D_LARGEFILE64_SOURCE -D_FILE_OFFSET_BITS=64  -Os  -D_LARGEFILE_SOURCE -D_LARGEFILE64_SOURCE -D_FILE_OFFSET_BITS=64 -D_GNU_SOURCE -D_DEFAULT_SOURCE -I/media/panpan/tools/buildroot-2018.02.8/output/host/arm-buildroot-linux-gnueabihf/sysroot/usr/include -D_GNU_SOURCE   -L/media/panpan/tools/buildroot-2018.02.8/output/host/arm-buildroot-linux-gnueabihf/sysroot/usr/lib  conftest.c -lncurses   -lm >&5
configure:21797: $? = 0
configure:21800: test -s conftest
configure:21803: $? = 0
configure:21819: result: yes
configure:21749: checking for getbegy
configure:21752: testing getbegy ...
configure:21794: /media/panpan/tools/buildroot-2018.02.8/output/host/bin/arm-linux-gnueabihf-gcc -o conftest -D_LARGEFILE_SOURCE -D_LARGEFILE64_SOURCE -D_FILE_OFFSET_BITS=64  -Os  -D_LARGEFILE_SOURCE -D_LARGEFILE64_SOURCE -D_FILE_OFFSET_BITS=64 -D_GNU_SOURCE -D_DEFAULT_SOURCE -I/media/panpan/tools/buildroot-2018.02.8/output/host/arm-buildroot-linux-gnueabihf/sysroot/usr/include -D_GNU_SOURCE   -L/media/panpan/tools/buildroot-2018.02.8/output/host/arm-buildroot-linux-gnueabihf/sysroot/usr/lib  conftest.c -lncurses   -lm >&5
configure:21797: $? = 0
configure:21800: test -s conftest
configure:21803: $? = 0
configure:21819: result: yes
configure:21749: checking for getbegyx
configure:21752: testing getbegyx ...
configure:21794: /media/panpan/tools/buildroot-2018.02.8/output/host/bin/arm-linux-gnueabihf-gcc -o conftest -D_LARGEFILE_SOURCE -D_LARGEFILE64_SOURCE -D_FILE_OFFSET_BITS=64  -Os  -D_LARGEFILE_SOURCE -D_LARGEFILE64_SOURCE -D_FILE_OFFSET_BITS=64 -D_GNU_SOURCE -D_DEFAULT_SOURCE -I/media/panpan/tools/buildroot-2018.02.8/output/host/arm-buildroot-linux-gnueabihf/sysroot/usr/include -D_GNU_SOURCE   -L/media/panpan/tools/buildroot-2018.02.8/output/host/arm-buildroot-linux-gnueabihf/sysroot/usr/lib  conftest.c -lncurses   -lm >&5
configure:21797: $? = 0
configure:21800: test -s conftest
configure:21803: $? = 0
configure:21819: result: yes
configure:21749: checking for getcurx
configure:21752: testing getcurx ...
configure:21794: /media/panpan/tools/buildroot-2018.02.8/output/host/bin/arm-linux-gnueabihf-gcc -o conftest -D_LARGEFILE_SOURCE -D_LARGEFILE64_SOURCE -D_FILE_OFFSET_BITS=64  -Os  -D_LARGEFILE_SOURCE -D_LARGEFILE64_SOURCE -D_FILE_OFFSET_BITS=64 -D_GNU_SOURCE -D_DEFAULT_SOURCE -I/media/panpan/tools/buildroot-2018.02.8/output/host/arm-buildroot-linux-gnueabihf/sysroot/usr/include -D_GNU_SOURCE   -L/media/panpan/tools/buildroot-2018.02.8/output/host/arm-buildroot-linux-gnueabihf/sysroot/usr/lib  conftest.c -lncurses   -lm >&5
configure:21797: $? = 0
configure:21800: test -s conftest
configure:21803: $? = 0
configure:21819: result: yes
configure:21749: checking for getcury
configure:21752: testing getcury ...
configure:21794: /media/panpan/tools/buildroot-2018.02.8/output/host/bin/arm-linux-gnueabihf-gcc -o conftest -D_LARGEFILE_SOURCE -D_LARGEFILE64_SOURCE -D_FILE_OFFSET_BITS=64  -Os  -D_LARGEFILE_SOURCE -D_LARGEFILE64_SOURCE -D_FILE_OFFSET_BITS=64 -D_GNU_SOURCE -D_DEFAULT_SOURCE -I/media/panpan/tools/buildroot-2018.02.8/output/host/arm-buildroot-linux-gnueabihf/sysroot/usr/include -D_GNU_SOURCE   -L/media/panpan/tools/buildroot-2018.02.8/output/host/arm-buildroot-linux-gnueabihf/sysroot/usr/lib  conftest.c -lncurses   -lm >&5
configure:21797: $? = 0
configure:21800: test -s conftest
configure:21803: $? = 0
configure:21819: result: yes
configure:21749: checking for getmaxx
configure:21752: testing getmaxx ...
configure:21794: /media/panpan/tools/buildroot-2018.02.8/output/host/bin/arm-linux-gnueabihf-gcc -o conftest -D_LARGEFILE_SOURCE -D_LARGEFILE64_SOURCE -D_FILE_OFFSET_BITS=64  -Os  -D_LARGEFILE_SOURCE -D_LARGEFILE64_SOURCE -D_FILE_OFFSET_BITS=64 -D_GNU_SOURCE -D_DEFAULT_SOURCE -I/media/panpan/tools/buildroot-2018.02.8/output/host/arm-buildroot-linux-gnueabihf/sysroot/usr/include -D_GNU_SOURCE   -L/media/panpan/tools/buildroot-2018.02.8/output/host/arm-buildroot-linux-gnueabihf/sysroot/usr/lib  conftest.c -lncurses   -lm >&5
configure:21797: $? = 0
configure:21800: test -s conftest
configure:21803: $? = 0
configure:21819: result: yes
configure:21749: checking for getmaxy
configure:21752: testing getmaxy ...
configure:21794: /media/panpan/tools/buildroot-2018.02.8/output/host/bin/arm-linux-gnueabihf-gcc -o conftest -D_LARGEFILE_SOURCE -D_LARGEFILE64_SOURCE -D_FILE_OFFSET_BITS=64  -Os  -D_LARGEFILE_SOURCE -D_LARGEFILE64_SOURCE -D_FILE_OFFSET_BITS=64 -D_GNU_SOURCE -D_DEFAULT_SOURCE -I/media/panpan/tools/buildroot-2018.02.8/output/host/arm-buildroot-linux-gnueabihf/sysroot/usr/include -D_GNU_SOURCE   -L/media/panpan/tools/buildroot-2018.02.8/output/host/arm-buildroot-linux-gnueabihf/sysroot/usr/lib  conftest.c -lncurses   -lm >&5
configure:21797: $? = 0
configure:21800: test -s conftest
configure:21803: $? = 0
configure:21819: result: yes
configure:21749: checking for getmaxyx
configure:21752: testing getmaxyx ...
configure:21794: /media/panpan/tools/buildroot-2018.02.8/output/host/bin/arm-linux-gnueabihf-gcc -o conftest -D_LARGEFILE_SOURCE -D_LARGEFILE64_SOURCE -D_FILE_OFFSET_BITS=64  -Os  -D_LARGEFILE_SOURCE -D_LARGEFILE64_SOURCE -D_FILE_OFFSET_BITS=64 -D_GNU_SOURCE -D_DEFAULT_SOURCE -I/media/panpan/tools/buildroot-2018.02.8/output/host/arm-buildroot-linux-gnueabihf/sysroot/usr/include -D_GNU_SOURCE   -L/media/panpan/tools/buildroot-2018.02.8/output/host/arm-buildroot-linux-gnueabihf/sysroot/usr/lib  conftest.c -lncurses   -lm >&5
configure:21797: $? = 0
configure:21800: test -s conftest
configure:21803: $? = 0
configure:21819: result: yes
configure:21749: checking for getparx
configure:21752: testing getparx ...
configure:21794: /media/panpan/tools/buildroot-2018.02.8/output/host/bin/arm-linux-gnueabihf-gcc -o conftest -D_LARGEFILE_SOURCE -D_LARGEFILE64_SOURCE -D_FILE_OFFSET_BITS=64  -Os  -D_LARGEFILE_SOURCE -D_LARGEFILE64_SOURCE -D_FILE_OFFSET_BITS=64 -D_GNU_SOURCE -D_DEFAULT_SOURCE -I/media/panpan/tools/buildroot-2018.02.8/output/host/arm-buildroot-linux-gnueabihf/sysroot/usr/include -D_GNU_SOURCE   -L/media/panpan/tools/buildroot-2018.02.8/output/host/arm-buildroot-linux-gnueabihf/sysroot/usr/lib  conftest.c -lncurses   -lm >&5
configure:21797: $? = 0
configure:21800: test -s conftest
configure:21803: $? = 0
configure:21819: result: yes
configure:21749: checking for getpary
configure:21752: testing getpary ...
configure:21794: /media/panpan/tools/buildroot-2018.02.8/output/host/bin/arm-linux-gnueabihf-gcc -o conftest -D_LARGEFILE_SOURCE -D_LARGEFILE64_SOURCE -D_FILE_OFFSET_BITS=64  -Os  -D_LARGEFILE_SOURCE -D_LARGEFILE64_SOURCE -D_FILE_OFFSET_BITS=64 -D_GNU_SOURCE -D_DEFAULT_SOURCE -I/media/panpan/tools/buildroot-2018.02.8/output/host/arm-buildroot-linux-gnueabihf/sysroot/usr/include -D_GNU_SOURCE   -L/media/panpan/tools/buildroot-2018.02.8/output/host/arm-buildroot-linux-gnueabihf/sysroot/usr/lib  conftest.c -lncurses   -lm >&5
configure:21797: $? = 0
configure:21800: test -s conftest
configure:21803: $? = 0
configure:21819: result: yes
configure:21749: checking for getparyx
configure:21752: testing getparyx ...
configure:21794: /media/panpan/tools/buildroot-2018.02.8/output/host/bin/arm-linux-gnueabihf-gcc -o conftest -D_LARGEFILE_SOURCE -D_LARGEFILE64_SOURCE -D_FILE_OFFSET_BITS=64  -Os  -D_LARGEFILE_SOURCE -D_LARGEFILE64_SOURCE -D_FILE_OFFSET_BITS=64 -D_GNU_SOURCE -D_DEFAULT_SOURCE -I/media/panpan/tools/buildroot-2018.02.8/output/host/arm-buildroot-linux-gnueabihf/sysroot/usr/include -D_GNU_SOURCE   -L/media/panpan/tools/buildroot-2018.02.8/output/host/arm-buildroot-linux-gnueabihf/sysroot/usr/lib  conftest.c -lncurses   -lm >&5
configure:21797: $? = 0
configure:21800: test -s conftest
configure:21803: $? = 0
configure:21819: result: yes
configure:21749: checking for use_default_colors
configure:21752: testing use_default_colors ...
configure:21794: /media/panpan/tools/buildroot-2018.02.8/output/host/bin/arm-linux-gnueabihf-gcc -o conftest -D_LARGEFILE_SOURCE -D_LARGEFILE64_SOURCE -D_FILE_OFFSET_BITS=64  -Os  -D_LARGEFILE_SOURCE -D_LARGEFILE64_SOURCE -D_FILE_OFFSET_BITS=64 -D_GNU_SOURCE -D_DEFAULT_SOURCE -I/media/panpan/tools/buildroot-2018.02.8/output/host/arm-buildroot-linux-gnueabihf/sysroot/usr/include -D_GNU_SOURCE   -L/media/panpan/tools/buildroot-2018.02.8/output/host/arm-buildroot-linux-gnueabihf/sysroot/usr/lib  conftest.c -lncurses   -lm >&5
configure:21797: $? = 0
configure:21800: test -s conftest
configure:21803: $? = 0
configure:21819: result: yes
configure:21749: checking for wchgat
configure:21752: testing wchgat ...
configure:21794: /media/panpan/tools/buildroot-2018.02.8/output/host/bin/arm-linux-gnueabihf-gcc -o conftest -D_LARGEFILE_SOURCE -D_LARGEFILE64_SOURCE -D_FILE_OFFSET_BITS=64  -Os  -D_LARGEFILE_SOURCE -D_LARGEFILE64_SOURCE -D_FILE_OFFSET_BITS=64 -D_GNU_SOURCE -D_DEFAULT_SOURCE -I/media/panpan/tools/buildroot-2018.02.8/output/host/arm-buildroot-linux-gnueabihf/sysroot/usr/include -D_GNU_SOURCE   -L/media/panpan/tools/buildroot-2018.02.8/output/host/arm-buildroot-linux-gnueabihf/sysroot/usr/lib  conftest.c -lncurses   -lm >&5
configure:21797: $? = 0
configure:21800: test -s conftest
configure:21803: $? = 0
configure:21819: result: yes
configure:21749: checking for wcursyncup
configure:21752: testing wcursyncup ...
configure:21794: /media/panpan/tools/buildroot-2018.02.8/output/host/bin/arm-linux-gnueabihf-gcc -o conftest -D_LARGEFILE_SOURCE -D_LARGEFILE64_SOURCE -D_FILE_OFFSET_BITS=64  -Os  -D_LARGEFILE_SOURCE -D_LARGEFILE64_SOURCE -D_FILE_OFFSET_BITS=64 -D_GNU_SOURCE -D_DEFAULT_SOURCE -I/media/panpan/tools/buildroot-2018.02.8/output/host/arm-buildroot-linux-gnueabihf/sysroot/usr/include -D_GNU_SOURCE   -L/media/panpan/tools/buildroot-2018.02.8/output/host/arm-buildroot-linux-gnueabihf/sysroot/usr/lib  conftest.c -lncurses   -lm >&5
configure:21797: $? = 0
configure:21800: test -s conftest
configure:21803: $? = 0
configure:21819: result: yes
configure:21749: checking for wget_wch
configure:21752: testing wget_wch ...
configure:21794: /media/panpan/tools/buildroot-2018.02.8/output/host/bin/arm-linux-gnueabihf-gcc -o conftest -D_LARGEFILE_SOURCE -D_LARGEFILE64_SOURCE -D_FILE_OFFSET_BITS=64  -Os  -D_LARGEFILE_SOURCE -D_LARGEFILE64_SOURCE -D_FILE_OFFSET_BITS=64 -D_GNU_SOURCE -D_DEFAULT_SOURCE -I/media/panpan/tools/buildroot-2018.02.8/output/host/arm-buildroot-linux-gnueabihf/sysroot/usr/include -D_GNU_SOURCE   -L/media/panpan/tools/buildroot-2018.02.8/output/host/arm-buildroot-linux-gnueabihf/sysroot/usr/lib  conftest.c -lncurses   -lm >&5
configure: In function 'main':
configure:21782:20: error: 'wget_wch' undeclared (first use in this function); did you mean 'wgetch'?
 #ifndef ${cf_func}
                    ^       
                    wgetch
configure:21782:20: note: each undeclared identifier is reported only once for each function it appears in
configure:21797: $? = 1
configure: failed program was:
#line 21761 "configure"
#include "confdefs.h"

#ifdef HAVE_XCURSES
#include <xcurses.h>
char * XCursesProgramName = "test";
#else
#include <curses.h>
#if defined(NCURSES_VERSION) && defined(HAVE_NCURSESW_TERM_H)
#include <ncursesw/term.h>
#elif defined(NCURSES_VERSION) && defined(HAVE_NCURSES_TERM_H)
#include <ncurses/term.h>
#elif defined(HAVE_TERM_H)
#include <term.h>
#endif
#endif

int
main (void)
{

#ifndef wget_wch
long foo = (long)(&wget_wch);
fprintf(stderr, "testing linkage of wget_wch:%p\n", foo);
if (foo + 1234 > 5678)
	return(foo);
#endif

  ;
  return 0;
}
configure:21819: result: no
configure:21749: checking for wsyncup
configure:21752: testing wsyncup ...
configure:21794: /media/panpan/tools/buildroot-2018.02.8/output/host/bin/arm-linux-gnueabihf-gcc -o conftest -D_LARGEFILE_SOURCE -D_LARGEFILE64_SOURCE -D_FILE_OFFSET_BITS=64  -Os  -D_LARGEFILE_SOURCE -D_LARGEFILE64_SOURCE -D_FILE_OFFSET_BITS=64 -D_GNU_SOURCE -D_DEFAULT_SOURCE -I/media/panpan/tools/buildroot-2018.02.8/output/host/arm-buildroot-linux-gnueabihf/sysroot/usr/include -D_GNU_SOURCE   -L/media/panpan/tools/buildroot-2018.02.8/output/host/arm-buildroot-linux-gnueabihf/sysroot/usr/lib  conftest.c -lncurses   -lm >&5
configure:21797: $? = 0
configure:21800: test -s conftest
configure:21803: $? = 0
configure:21819: result: yes
configure:21829: checking for start_color
configure:21866: /media/panpan/tools/buildroot-2018.02.8/output/host/bin/arm-linux-gnueabihf-gcc -o conftest -D_LARGEFILE_SOURCE -D_LARGEFILE64_SOURCE -D_FILE_OFFSET_BITS=64  -Os  -D_LARGEFILE_SOURCE -D_LARGEFILE64_SOURCE -D_FILE_OFFSET_BITS=64 -D_GNU_SOURCE -D_DEFAULT_SOURCE -I/media/panpan/tools/buildroot-2018.02.8/output/host/arm-buildroot-linux-gnueabihf/sysroot/usr/include -D_GNU_SOURCE   -L/media/panpan/tools/buildroot-2018.02.8/output/host/arm-buildroot-linux-gnueabihf/sysroot/usr/lib  conftest.c -lncurses   -lm >&5
configure:21869: $? = 0
configure:21872: test -s conftest
configure:21875: $? = 0
configure:21885: result: yes
configure:21895: checking for chtype typedef
configure:21914: /media/panpan/tools/buildroot-2018.02.8/output/host/bin/arm-linux-gnueabihf-gcc -c -D_LARGEFILE_SOURCE -D_LARGEFILE64_SOURCE -D_FILE_OFFSET_BITS=64  -Os  -D_LARGEFILE_SOURCE -D_LARGEFILE64_SOURCE -D_FILE_OFFSET_BITS=64 -D_GNU_SOURCE -D_DEFAULT_SOURCE -I/media/panpan/tools/buildroot-2018.02.8/output/host/arm-buildroot-linux-gnueabihf/sysroot/usr/include -D_GNU_SOURCE   conftest.c >&5
configure:21917: $? = 0
configure:21920: test -s conftest.o
configure:21923: $? = 0
configure:21933: result: yes
configure:21941: checking if chtype is scalar or struct
configure:21960: /media/panpan/tools/buildroot-2018.02.8/output/host/bin/arm-linux-gnueabihf-gcc -c -D_LARGEFILE_SOURCE -D_LARGEFILE64_SOURCE -D_FILE_OFFSET_BITS=64  -Os  -D_LARGEFILE_SOURCE -D_LARGEFILE64_SOURCE -D_FILE_OFFSET_BITS=64 -D_GNU_SOURCE -D_DEFAULT_SOURCE -I/media/panpan/tools/buildroot-2018.02.8/output/host/arm-buildroot-linux-gnueabihf/sysroot/usr/include -D_GNU_SOURCE   conftest.c >&5
configure:21963: $? = 0
configure:21966: test -s conftest.o
configure:21969: $? = 0
configure:21979: result: scalar
configure:21990: checking for wide alternate character set array
configure:22016: /media/panpan/tools/buildroot-2018.02.8/output/host/bin/arm-linux-gnueabihf-gcc -o conftest -D_LARGEFILE_SOURCE -D_LARGEFILE64_SOURCE -D_FILE_OFFSET_BITS=64  -Os  -D_LARGEFILE_SOURCE -D_LARGEFILE64_SOURCE -D_FILE_OFFSET_BITS=64 -D_GNU_SOURCE -D_DEFAULT_SOURCE -I/media/panpan/tools/buildroot-2018.02.8/output/host/arm-buildroot-linux-gnueabihf/sysroot/usr/include -D_GNU_SOURCE   -L/media/panpan/tools/buildroot-2018.02.8/output/host/arm-buildroot-linux-gnueabihf/sysroot/usr/lib  conftest.c -lncurses   -lm >&5
configure: In function 'main':
configure:22009:15: error: 'wacs_map' undeclared (first use in this function); did you mean 'acs_map'?
 {
               ^       
               acs_map
configure:22009:15: note: each undeclared identifier is reported only once for each function it appears in
configure:22019: $? = 1
configure: failed program was:
#line 22000 "configure"
#include "confdefs.h"

#ifndef _XOPEN_SOURCE_EXTENDED
#define _XOPEN_SOURCE_EXTENDED
#endif
#include <curses.h>
int
main (void)
{
void *foo = &(wacs_map['k'])
  ;
  return 0;
}
configure:22016: /media/panpan/tools/buildroot-2018.02.8/output/host/bin/arm-linux-gnueabihf-gcc -o conftest -D_LARGEFILE_SOURCE -D_LARGEFILE64_SOURCE -D_FILE_OFFSET_BITS=64  -Os  -D_LARGEFILE_SOURCE -D_LARGEFILE64_SOURCE -D_FILE_OFFSET_BITS=64 -D_GNU_SOURCE -D_DEFAULT_SOURCE -I/media/panpan/tools/buildroot-2018.02.8/output/host/arm-buildroot-linux-gnueabihf/sysroot/usr/include -D_GNU_SOURCE   -L/media/panpan/tools/buildroot-2018.02.8/output/host/arm-buildroot-linux-gnueabihf/sysroot/usr/lib  conftest.c -lncurses   -lm >&5
configure: In function 'main':
configure:22009:15: error: '_wacs_map' undeclared (first use in this function); did you mean 'acs_map'?
 {
               ^        
               acs_map
configure:22009:15: note: each undeclared identifier is reported only once for each function it appears in
configure:22019: $? = 1
configure: failed program was:
#line 22000 "configure"
#include "confdefs.h"

#ifndef _XOPEN_SOURCE_EXTENDED
#define _XOPEN_SOURCE_EXTENDED
#endif
#include <curses.h>
int
main (void)
{
void *foo = &(_wacs_map['k'])
  ;
  return 0;
}
configure:22016: /media/panpan/tools/buildroot-2018.02.8/output/host/bin/arm-linux-gnueabihf-gcc -o conftest -D_LARGEFILE_SOURCE -D_LARGEFILE64_SOURCE -D_FILE_OFFSET_BITS=64  -Os  -D_LARGEFILE_SOURCE -D_LARGEFILE64_SOURCE -D_FILE_OFFSET_BITS=64 -D_GNU_SOURCE -D_DEFAULT_SOURCE -I/media/panpan/tools/buildroot-2018.02.8/output/host/arm-buildroot-linux-gnueabihf/sysroot/usr/include -D_GNU_SOURCE   -L/media/panpan/tools/buildroot-2018.02.8/output/host/arm-buildroot-linux-gnueabihf/sysroot/usr/lib  conftest.c -lncurses   -lm >&5
configure: In function 'main':
configure:22009:15: error: '__wacs_map' undeclared (first use in this function); did you mean 'acs_map'?
 {
               ^         
               acs_map
configure:22009:15: note: each undeclared identifier is reported only once for each function it appears in
configure:22019: $? = 1
configure: failed program was:
#line 22000 "configure"
#include "confdefs.h"

#ifndef _XOPEN_SOURCE_EXTENDED
#define _XOPEN_SOURCE_EXTENDED
#endif
#include <curses.h>
int
main (void)
{
void *foo = &(__wacs_map['k'])
  ;
  return 0;
}
configure:22016: /media/panpan/tools/buildroot-2018.02.8/output/host/bin/arm-linux-gnueabihf-gcc -o conftest -D_LARGEFILE_SOURCE -D_LARGEFILE64_SOURCE -D_FILE_OFFSET_BITS=64  -Os  -D_LARGEFILE_SOURCE -D_LARGEFILE64_SOURCE -D_FILE_OFFSET_BITS=64 -D_GNU_SOURCE -D_DEFAULT_SOURCE -I/media/panpan/tools/buildroot-2018.02.8/output/host/arm-buildroot-linux-gnueabihf/sysroot/usr/include -D_GNU_SOURCE   -L/media/panpan/tools/buildroot-2018.02.8/output/host/arm-buildroot-linux-gnueabihf/sysroot/usr/lib  conftest.c -lncurses   -lm >&5
configure: In function 'main':
configure:22009:15: error: '_nc_wacs' undeclared (first use in this function)
 {
               ^       
configure:22009:15: note: each undeclared identifier is reported only once for each function it appears in
configure:22019: $? = 1
configure: failed program was:
#line 22000 "configure"
#include "confdefs.h"

#ifndef _XOPEN_SOURCE_EXTENDED
#define _XOPEN_SOURCE_EXTENDED
#endif
#include <curses.h>
int
main (void)
{
void *foo = &(_nc_wacs['k'])
  ;
  return 0;
}
configure:22016: /media/panpan/tools/buildroot-2018.02.8/output/host/bin/arm-linux-gnueabihf-gcc -o conftest -D_LARGEFILE_SOURCE -D_LARGEFILE64_SOURCE -D_FILE_OFFSET_BITS=64  -Os  -D_LARGEFILE_SOURCE -D_LARGEFILE64_SOURCE -D_FILE_OFFSET_BITS=64 -D_GNU_SOURCE -D_DEFAULT_SOURCE -I/media/panpan/tools/buildroot-2018.02.8/output/host/arm-buildroot-linux-gnueabihf/sysroot/usr/include -D_GNU_SOURCE   -L/media/panpan/tools/buildroot-2018.02.8/output/host/arm-buildroot-linux-gnueabihf/sysroot/usr/lib  conftest.c -lncurses   -lm >&5
configure: In function 'main':
configure:22009:15: error: '_wacs_char' undeclared (first use in this function); did you mean '_tracechar'?
 {
               ^         
               _tracechar
configure:22009:15: note: each undeclared identifier is reported only once for each function it appears in
configure:22019: $? = 1
configure: failed program was:
#line 22000 "configure"
#include "confdefs.h"

#ifndef _XOPEN_SOURCE_EXTENDED
#define _XOPEN_SOURCE_EXTENDED
#endif
#include <curses.h>
int
main (void)
{
void *foo = &(_wacs_char['k'])
  ;
  return 0;
}
configure:22036: result: unknown
configure:22044: checking for wide alternate character constants
configure:22106: /media/panpan/tools/buildroot-2018.02.8/output/host/bin/arm-linux-gnueabihf-gcc -o conftest -D_LARGEFILE_SOURCE -D_LARGEFILE64_SOURCE -D_FILE_OFFSET_BITS=64  -Os  -D_LARGEFILE_SOURCE -D_LARGEFILE64_SOURCE -D_FILE_OFFSET_BITS=64 -D_GNU_SOURCE -D_DEFAULT_SOURCE -I/media/panpan/tools/buildroot-2018.02.8/output/host/arm-buildroot-linux-gnueabihf/sysroot/usr/include -D_GNU_SOURCE   -L/media/panpan/tools/buildroot-2018.02.8/output/host/arm-buildroot-linux-gnueabihf/sysroot/usr/lib  conftest.c -lncurses   -lm >&5
configure: In function 'main':
configure:22099:16: error: 'WACS_PLUS' undeclared (first use in this function); did you mean 'ACS_PLUS'?
 {
                ^        
                ACS_PLUS
configure:22099:16: note: each undeclared identifier is reported only once for each function it appears in
configure:22109: $? = 1
configure: failed program was:
#line 22090 "configure"
#include "confdefs.h"

#ifndef _XOPEN_SOURCE_EXTENDED
#define _XOPEN_SOURCE_EXTENDED
#endif
#include <curses.h>
int
main (void)
{
cchar_t *foo = WACS_PLUS
  ;
  return 0;
}
configure:22126: result: no
configure:22139: checking for wgetparent
configure:22142: testing wgetparent ...
configure:22184: /media/panpan/tools/buildroot-2018.02.8/output/host/bin/arm-linux-gnueabihf-gcc -o conftest -D_LARGEFILE_SOURCE -D_LARGEFILE64_SOURCE -D_FILE_OFFSET_BITS=64  -Os  -D_LARGEFILE_SOURCE -D_LARGEFILE64_SOURCE -D_FILE_OFFSET_BITS=64 -D_GNU_SOURCE -D_DEFAULT_SOURCE -I/media/panpan/tools/buildroot-2018.02.8/output/host/arm-buildroot-linux-gnueabihf/sysroot/usr/include -D_GNU_SOURCE   -L/media/panpan/tools/buildroot-2018.02.8/output/host/arm-buildroot-linux-gnueabihf/sysroot/usr/lib  conftest.c -lncurses   -lm >&5
configure:22187: $? = 0
configure:22190: test -s conftest
configure:22193: $? = 0
configure:22209: result: yes
configure:22269: checking for sys/wait.h
configure:22279: /media/panpan/tools/buildroot-2018.02.8/output/host/bin/arm-linux-gnueabihf-cpp -D_LARGEFILE_SOURCE -D_LARGEFILE64_SOURCE -D_FILE_OFFSET_BITS=64 -D_GNU_SOURCE -D_DEFAULT_SOURCE -I/media/panpan/tools/buildroot-2018.02.8/output/host/arm-buildroot-linux-gnueabihf/sysroot/usr/include -D_GNU_SOURCE   conftest.c
configure:22285: $? = 0
configure:22304: result: yes
configure:22430: checking for union wait
configure:22453: /media/panpan/tools/buildroot-2018.02.8/output/host/bin/arm-linux-gnueabihf-gcc -o conftest -D_LARGEFILE_SOURCE -D_LARGEFILE64_SOURCE -D_FILE_OFFSET_BITS=64  -Os  -D_LARGEFILE_SOURCE -D_LARGEFILE64_SOURCE -D_FILE_OFFSET_BITS=64 -D_GNU_SOURCE -D_DEFAULT_SOURCE -I/media/panpan/tools/buildroot-2018.02.8/output/host/arm-buildroot-linux-gnueabihf/sysroot/usr/include -D_GNU_SOURCE   -L/media/panpan/tools/buildroot-2018.02.8/output/host/arm-buildroot-linux-gnueabihf/sysroot/usr/lib  conftest.c -lncurses   -lm >&5
configure:22456: $? = 0
configure:22459: test -s conftest
configure:22462: $? = 0
compiles ok w/o union wait
configure:22516: result: no
configure:22621: checking if we must include wchar.h to declare mbstate_t
configure:22645: /media/panpan/tools/buildroot-2018.02.8/output/host/bin/arm-linux-gnueabihf-gcc -c -D_LARGEFILE_SOURCE -D_LARGEFILE64_SOURCE -D_FILE_OFFSET_BITS=64  -Os  -D_LARGEFILE_SOURCE -D_LARGEFILE64_SOURCE -D_FILE_OFFSET_BITS=64 -D_GNU_SOURCE -D_DEFAULT_SOURCE -I/media/panpan/tools/buildroot-2018.02.8/output/host/arm-buildroot-linux-gnueabihf/sysroot/usr/include -D_GNU_SOURCE   conftest.c >&5
configure: In function 'main':
configure:22638:1: error: unknown type name 'mbstate_t'; did you mean '__mbstate_t'?
 {
 ^        
 __mbstate_t
configure:22648: $? = 1
configure: failed program was:
#line 22628 "configure"
#include "confdefs.h"

#include <stdlib.h>
#include <stdio.h>
#ifdef HAVE_LIBUTF8_H
#include <libutf8.h>
#endif
int
main (void)
{
mbstate_t state
  ;
  return 0;
}
configure:22679: /media/panpan/tools/buildroot-2018.02.8/output/host/bin/arm-linux-gnueabihf-gcc -c -D_LARGEFILE_SOURCE -D_LARGEFILE64_SOURCE -D_FILE_OFFSET_BITS=64  -Os  -D_LARGEFILE_SOURCE -D_LARGEFILE64_SOURCE -D_FILE_OFFSET_BITS=64 -D_GNU_SOURCE -D_DEFAULT_SOURCE -I/media/panpan/tools/buildroot-2018.02.8/output/host/arm-buildroot-linux-gnueabihf/sysroot/usr/include -D_GNU_SOURCE   conftest.c >&5
configure:22682: $? = 0
configure:22685: test -s conftest.o
configure:22688: $? = 0
configure:22700: result: yes
configure:22737: /media/panpan/tools/buildroot-2018.02.8/output/host/bin/arm-linux-gnueabihf-gcc -o conftest -D_LARGEFILE_SOURCE -D_LARGEFILE64_SOURCE -D_FILE_OFFSET_BITS=64  -Os  -D_LARGEFILE_SOURCE -D_LARGEFILE64_SOURCE -D_FILE_OFFSET_BITS=64 -D_GNU_SOURCE -D_DEFAULT_SOURCE -I/media/panpan/tools/buildroot-2018.02.8/output/host/arm-buildroot-linux-gnueabihf/sysroot/usr/include -D_GNU_SOURCE   -L/media/panpan/tools/buildroot-2018.02.8/output/host/arm-buildroot-linux-gnueabihf/sysroot/usr/lib  conftest.c -lncurses   -lm >&5
configure:22740: $? = 0
configure:22743: test -s conftest
configure:22746: $? = 0
configure:22759: checking if runtime has nl_langinfo support for first weekday
configure:22784: /media/panpan/tools/buildroot-2018.02.8/output/host/bin/arm-linux-gnueabihf-gcc -c -D_LARGEFILE_SOURCE -D_LARGEFILE64_SOURCE -D_FILE_OFFSET_BITS=64  -Os  -D_LARGEFILE_SOURCE -D_LARGEFILE64_SOURCE -D_FILE_OFFSET_BITS=64 -D_GNU_SOURCE -D_DEFAULT_SOURCE -I/media/panpan/tools/buildroot-2018.02.8/output/host/arm-buildroot-linux-gnueabihf/sysroot/usr/include -D_GNU_SOURCE   conftest.c >&5
configure:22787: $? = 0
configure:22790: test -s conftest.o
configure:22793: $? = 0
configure:22806: result: yes
configure:22812: checking if rpath-hack should be disabled
configure:22829: result: yes
configure:23173: creating ./config.status

## ----------------------- ##
## Running config.status.  ##
## ----------------------- ##

This file was extended by config.status 2.52.20170501, executed with
  CONFIG_FILES    = 
  CONFIG_HEADERS  = 
  CONFIG_LINKS    = 
  CONFIG_COMMANDS = 
  > ./config.status 
on zed-00

config.status:23790: creating dialog-config
config.status:23790: creating makefile
config.status:23790: creating headers-sh
config.status:23943: creating dlg_config.h

## ----------------- ##
## Cache variables.  ##
## ----------------- ##

ac_cv_build=x86_64-pc-linux-gnu
ac_cv_build_alias=x86_64-pc-linux-gnu
ac_cv_c_bigendian=no
ac_cv_c_compiler_gnu=yes
ac_cv_c_inline=inline
ac_cv_env_CC_set=set
ac_cv_env_CC_value=/media/panpan/tools/buildroot-2018.02.8/output/host/bin/arm-linux-gnueabihf-gcc
ac_cv_env_CFLAGS_set=set
ac_cv_env_CFLAGS_value='-D_LARGEFILE_SOURCE -D_LARGEFILE64_SOURCE -D_FILE_OFFSET_BITS=64  -Os '
ac_cv_env_CPPFLAGS_set=set
ac_cv_env_CPPFLAGS_value='-D_LARGEFILE_SOURCE -D_LARGEFILE64_SOURCE -D_FILE_OFFSET_BITS=64'
ac_cv_env_CPP_set=set
ac_cv_env_CPP_value=/media/panpan/tools/buildroot-2018.02.8/output/host/bin/arm-linux-gnueabihf-cpp
ac_cv_env_LDFLAGS_set=set
ac_cv_env_LDFLAGS_value=
ac_cv_env_build_alias_set=set
ac_cv_env_build_alias_value=x86_64-pc-linux-gnu
ac_cv_env_host_alias_set=set
ac_cv_env_host_alias_value=arm-buildroot-linux-gnueabihf
ac_cv_env_target_alias_set=set
ac_cv_env_target_alias_value=arm-buildroot-linux-gnueabihf
ac_cv_func___argz_count=yes
ac_cv_func___argz_next=yes
ac_cv_func___argz_stringify=yes
ac_cv_func__nc_free_and_exit=yes
ac_cv_func_alloca_works=yes
ac_cv_func_btowc=yes
ac_cv_func_calloc_0_nonnull=yes
ac_cv_func_feof_unlocked=yes
ac_cv_func_fgets_unlocked=yes
ac_cv_func_fseeko=yes
ac_cv_func_getcwd=yes
ac_cv_func_getegid=yes
ac_cv_func_geteuid=yes
ac_cv_func_getgid=yes
ac_cv_func_getpagesize=yes
ac_cv_func_getuid=yes
ac_cv_func_malloc_0_nonnull=yes
ac_cv_func_mblen=yes
ac_cv_func_mbrlen=yes
ac_cv_func_mbrtowc=yes
ac_cv_func_mbtowc=yes
ac_cv_func_memcmp_working=yes
ac_cv_func_mempcpy=yes
ac_cv_func_mktime=yes
ac_cv_func_mmap_fixed_mapped=yes
ac_cv_func_munmap=yes
ac_cv_func_putenv=yes
ac_cv_func_realloc_0_nonnull=yes
ac_cv_func_setenv=yes
ac_cv_func_setlocale=yes
ac_cv_func_start_color=yes
ac_cv_func_stpcpy=yes
ac_cv_func_strcasecmp=yes
ac_cv_func_strchr=yes
ac_cv_func_strdup=yes
ac_cv_func_strftime=yes
ac_cv_func_strtoul=yes
ac_cv_func_tsearch=yes
ac_cv_func_waitpid=yes
ac_cv_func_wcsrtombs=yes
ac_cv_func_wcstombs=yes
ac_cv_func_wctob=yes
ac_cv_func_wctomb=yes
ac_cv_gnu_library_2_1=yes
ac_cv_have_decl_malloc=yes
ac_cv_header_argz_h=yes
ac_cv_header_dirent_dirent_h=yes
ac_cv_header_inttypes_h=yes
ac_cv_header_limits_h=yes
ac_cv_header_locale_h=yes
ac_cv_header_malloc_h=yes
ac_cv_header_memory_h=yes
ac_cv_header_nl_types_h=yes
ac_cv_header_search_h=yes
ac_cv_header_stdc=yes
ac_cv_header_stddef_h=yes
ac_cv_header_stdint_h=yes
ac_cv_header_stdlib_h=yes
ac_cv_header_string_h=yes
ac_cv_header_strings_h=yes
ac_cv_header_sys_param_h=yes
ac_cv_header_sys_stat_h=yes
ac_cv_header_sys_types_h=yes
ac_cv_header_sys_wait_h=yes
ac_cv_header_time=yes
ac_cv_header_unistd_h=yes
ac_cv_host=arm-buildroot-linux-gnueabihf
ac_cv_host_alias=arm-buildroot-linux-gnueabihf
ac_cv_lbl_unaligned_fail=yes
ac_cv_lib_dir_opendir=no
ac_cv_lib_ncurses____nc_init_pthreads=no
ac_cv_objext=o
ac_cv_path_GROFF_PATH=/usr/bin/groff
ac_cv_path_NROFF_PATH=/usr/bin/nroff
ac_cv_path_PKG_CONFIG=/media/panpan/tools/buildroot-2018.02.8/output/host/bin/pkg-config
ac_cv_path_install='/usr/bin/install -c'
ac_cv_prog_AR=/media/panpan/tools/buildroot-2018.02.8/output/host/bin/arm-linux-gnueabihf-ar
ac_cv_prog_CC=/media/panpan/tools/buildroot-2018.02.8/output/host/bin/arm-linux-gnueabihf-gcc
ac_cv_prog_CPP=/media/panpan/tools/buildroot-2018.02.8/output/host/bin/arm-linux-gnueabihf-cpp
ac_cv_prog_MAKE_LOWER_TAGS=no
ac_cv_prog_MAKE_UPPER_TAGS=no
ac_cv_prog_RANLIB=/media/panpan/tools/buildroot-2018.02.8/output/host/bin/arm-linux-gnueabihf-ranlib
ac_cv_prog_cc_g=yes
ac_cv_prog_cc_stdc=
ac_cv_prog_make_make_set=yes
ac_cv_sys_file_offset_bits=no
ac_cv_sys_large_files=no
ac_cv_sys_largefile_CC=no
ac_cv_sys_largefile_source=no
ac_cv_type_off_t=yes
ac_cv_type_signal=void
ac_cv_type_size_t=yes
ac_cv_working_alloca_h=yes
am_cv_func_iconv=yes
am_cv_langinfo_codeset=yes
am_cv_proto_iconv_arg1=
am_cv_proto_iconv_const=no
am_cv_val_LC_MESSAGES=yes
cf_cv_abi_version=0
cf_cv_ar_flags=-curvU
cf_cv_chtype_decl=yes
cf_cv_chtype_type=scalar
cf_cv_curses_dir=/media/panpan/tools/buildroot-2018.02.8/output/host/arm-buildroot-linux-gnueabihf/sysroot/usr
cf_cv_curses_wacs_map=unknown
cf_cv_curses_wacs_symbols=no
cf_cv_default_source=yes
cf_cv_enable_rpath=no
cf_cv_find_linkage_iconv=yes
cf_cv_func_flushinp=yes
cf_cv_func_getattrs=yes
cf_cv_func_getbegx=yes
cf_cv_func_getbegy=yes
cf_cv_func_getbegyx=yes
cf_cv_func_getcurx=yes
cf_cv_func_getcury=yes
cf_cv_func_getmaxx=yes
cf_cv_func_getmaxy=yes
cf_cv_func_getmaxyx=yes
cf_cv_func_getparx=yes
cf_cv_func_getpary=yes
cf_cv_func_getparyx=yes
cf_cv_func_use_default_colors=yes
cf_cv_func_wchgat=yes
cf_cv_func_wcursyncup=yes
cf_cv_func_wget_wch=no
cf_cv_func_wgetparent=yes
cf_cv_func_wsyncup=yes
cf_cv_gnu_source=yes
cf_cv_header_path_iconv=/usr/include
cf_cv_library_path_iconv=/usr/lib
cf_cv_makeflags='-${MAKEFLAGS}'
cf_cv_mbstate_t=yes
cf_cv_mixedcase=yes
cf_cv_ncurses_pthreads=no
cf_cv_need_libm=yes
cf_cv_need_xopen_extension=none
cf_cv_rel_version=1.3
cf_cv_screen=ncurses
cf_cv_struct_dirent64=no
cf_cv_system_name=linux-gnueabihf
cf_cv_term_header=term.h
cf_cv_type_unionwait=no
cf_cv_unctrl_header=unctrl.h
cf_cv_widec_curses=no
gl_cv_func_malloc_0_nonnull=yes
lt_cv_sys_lib_search_path_spec=
nls_cv_header_intl=
nls_cv_header_libgt=

## ------------ ##
## confdefs.h.  ##
## ------------ ##

#define MIXEDCASE_FILENAMES 1
#define SYSTEM_NAME "linux-gnueabihf"
#define HAVE_FSEEKO 1
#define PACKAGE "dialog"
#define DIALOG_VERSION "1.3"
#define DIALOG_PATCHDATE 20170509
#define STDC_HEADERS 1
#define HAVE_SYS_TYPES_H 1
#define HAVE_SYS_STAT_H 1
#define HAVE_STDLIB_H 1
#define HAVE_STRING_H 1
#define HAVE_MEMORY_H 1
#define HAVE_STRINGS_H 1
#define HAVE_INTTYPES_H 1
#define HAVE_STDINT_H 1
#define HAVE_UNISTD_H 1
#define HAVE_ALLOCA_H 1
#define HAVE_ALLOCA 1
#define HAVE_STDLIB_H 1
#define HAVE_UNISTD_H 1
#define HAVE_GETPAGESIZE 1
#define HAVE_MMAP 1
#define HAVE_ARGZ_H 1
#define HAVE_LIMITS_H 1
#define HAVE_LOCALE_H 1
#define HAVE_NL_TYPES_H 1
#define HAVE_MALLOC_H 1
#define HAVE_STDDEF_H 1
#define HAVE_STDLIB_H 1
#define HAVE_STRING_H 1
#define HAVE_UNISTD_H 1
#define HAVE_SYS_PARAM_H 1
#define HAVE_FEOF_UNLOCKED 1
#define HAVE_FGETS_UNLOCKED 1
#define HAVE_GETCWD 1
#define HAVE_GETEGID 1
#define HAVE_GETEUID 1
#define HAVE_GETGID 1
#define HAVE_GETUID 1
#define HAVE_MEMPCPY 1
#define HAVE_MUNMAP 1
#define HAVE_PUTENV 1
#define HAVE_SETENV 1
#define HAVE_SETLOCALE 1
#define HAVE_STPCPY 1
#define HAVE_STRCHR 1
#define HAVE_STRCASECMP 1
#define HAVE_STRDUP 1
#define HAVE_STRTOUL 1
#define HAVE_TSEARCH 1
#define HAVE___ARGZ_COUNT 1
#define HAVE___ARGZ_STRINGIFY 1
#define HAVE___ARGZ_NEXT 1
#define HAVE_ICONV 1
#define ICONV_CONST 
#define HAVE_LANGINFO_CODESET 1
#define HAVE_LC_MESSAGES 1
#define HAVE_DLG_TRACE 1
#define NCURSES 1
#define HAVE_RC_FILE 1
#define HAVE_XDIALOG 1
#define HAVE_XDIALOG2 1
#define HAVE_WHIPTAIL 1
#define HAVE_DLG_FORMBOX 1
#define HAVE_DLG_GAUGE 1
#define HAVE_DLG_TAILBOX 1
#define HAVE_DLG_MIXEDFORM 1
#define HAVE_MIXEDGAUGE 1
#define STDC_HEADERS 1
#define TIME_WITH_SYS_TIME 1
#define HAVE_DIRENT_H 1
#define HAVE_SEARCH_H 1
#define HAVE_STDINT_H 1
#define HAVE_UNISTD_H 1
#define HAVE_TERM_H 1
#define RETSIGTYPE void
#define HAVE__NC_FREE_AND_EXIT 1
#define HAVE_BTOWC 1
#define HAVE_MBLEN 1
#define HAVE_MBRLEN 1
#define HAVE_MBRTOWC 1
#define HAVE_MBTOWC 1
#define HAVE_STRCASECMP 1
#define HAVE_STRFTIME 1
#define HAVE_TSEARCH 1
#define HAVE_WAITPID 1
#define HAVE_WCSRTOMBS 1
#define HAVE_WCSTOMBS 1
#define HAVE_WCTOB 1
#define HAVE_WCTOMB 1
#define HAVE_MKTIME 1
#define HAVE_UNCTRL_H 1
#define HAVE_FLUSHINP 1
#define HAVE_GETATTRS 1
#define HAVE_GETBEGX 1
#define HAVE_GETBEGY 1
#define HAVE_GETBEGYX 1
#define HAVE_GETCURX 1
#define HAVE_GETCURY 1
#define HAVE_GETMAXX 1
#define HAVE_GETMAXY 1
#define HAVE_GETMAXYX 1
#define HAVE_GETPARX 1
#define HAVE_GETPARY 1
#define HAVE_GETPARYX 1
#define HAVE_USE_DEFAULT_COLORS 1
#define HAVE_WCHGAT 1
#define HAVE_WCURSYNCUP 1
#define HAVE_WSYNCUP 1
#define HAVE_COLOR 1
#define HAVE_TYPE_CHTYPE 1
#define TYPE_CHTYPE_IS_SCALAR 1
#define HAVE_WGETPARENT 1
#define HAVE_SYS_WAIT_H 1
#define NEED_WCHAR_H 1
#define HAVE_MBSTATE_T 1
#define HAVE_SETLOCALE 1
#define HAVE_NL_LANGINFO_1STDAY 1


configure: exit 0
