This file contains any messages produced by compilers while
running configure, to aid debugging if configure makes a mistake.

It was created by libXv configure 1.0.11, which was
generated by GNU Autoconf 2.69.  Invocation command line was

  $ ./configure --target=arm-buildroot-linux-gnueabihf --host=arm-buildroot-linux-gnueabihf --build=x86_64-pc-linux-gnu --prefix=/usr --exec-prefix=/usr --sysconfdir=/etc --localstatedir=/var --program-prefix= --disable-gtk-doc --disable-gtk-doc-html --disable-doc --disable-docs --disable-documentation --with-xmlto=no --with-fop=no --disable-dependency-tracking --enable-ipv6 --disable-nls --enable-static --enable-shared --disable-malloc0returnsnull

## --------- ##
## Platform. ##
## --------- ##

hostname = zed-00
uname -m = x86_64
uname -r = 4.4.0-116-generic
uname -s = Linux
uname -v = #140-Ubuntu SMP Mon Feb 12 21:23:04 UTC 2018

/usr/bin/uname -p = unknown
/bin/uname -X     = unknown

/bin/arch              = unknown
/usr/bin/arch -k       = unknown
/usr/convex/getsysinfo = unknown
/usr/bin/hostinfo      = unknown
/bin/machine           = unknown
/usr/bin/oslevel       = unknown
/bin/universe          = unknown

PATH: /media/panpan/tools/buildroot-2018.02.8/output/host/bin
PATH: /media/panpan/tools/buildroot-2018.02.8/output/host/sbin
PATH: /usr/local/sbin
PATH: /usr/local/bin
PATH: /usr/sbin
PATH: /usr/bin
PATH: /sbin
PATH: /bin
PATH: /usr/games
PATH: /usr/local/games
PATH: /snap/bin
PATH: /home/panpan/player/webrtc/go_appengine


## ----------- ##
## Core tests. ##
## ----------- ##

configure:2277: checking for a BSD-compatible install
configure:2345: result: /usr/bin/install -c
configure:2356: checking whether build environment is sane
configure:2411: result: yes
configure:2470: checking for arm-buildroot-linux-gnueabihf-strip
configure:2497: result: /media/panpan/tools/buildroot-2018.02.8/output/host/bin/arm-linux-gnueabihf-strip
configure:2562: checking for a thread-safe mkdir -p
configure:2601: result: /bin/mkdir -p
configure:2608: checking for gawk
configure:2624: found /usr/bin/gawk
configure:2635: result: gawk
configure:2646: checking whether make sets $(MAKE)
configure:2668: result: yes
configure:2697: checking whether make supports nested variables
configure:2714: result: yes
configure:2870: checking build system type
configure:2884: result: x86_64-pc-linux-gnu
configure:2904: checking host system type
configure:2917: result: arm-buildroot-linux-gnueabihf
configure:2958: checking how to print strings
configure:2985: result: printf
configure:3018: checking for style of include used by make
configure:3046: result: GNU
configure:3077: checking for arm-buildroot-linux-gnueabihf-gcc
configure:3104: result: /media/panpan/tools/buildroot-2018.02.8/output/host/bin/arm-linux-gnueabihf-gcc
configure:3373: checking for C compiler version
configure:3382: /media/panpan/tools/buildroot-2018.02.8/output/host/bin/arm-linux-gnueabihf-gcc --version >&5
arm-linux-gnueabihf-gcc (Linaro GCC 7.2-2017.11-rc1) 7.2.1 20171011
Copyright (C) 2017 Free Software Foundation, Inc.
This is free software; see the source for copying conditions.  There is NO
warranty; not even for MERCHANTABILITY or FITNESS FOR A PARTICULAR PURPOSE.

configure:3393: $? = 0
configure:3382: /media/panpan/tools/buildroot-2018.02.8/output/host/bin/arm-linux-gnueabihf-gcc -v >&5
Using built-in specs.
COLLECT_GCC=/media/panpan/xilinx/SDK/2018.1/gnu/aarch32/lin/gcc-arm-linux-gnueabi//bin/arm-linux-gnueabihf-gcc
COLLECT_LTO_WRAPPER=/media/panpan/xilinx/SDK/2018.1/gnu/aarch32/lin/gcc-arm-linux-gnueabi/bin/../libexec/gcc/arm-linux-gnueabihf/7.2.1/lto-wrapper
Target: arm-linux-gnueabihf
Configured with: /proj/esdt_sdk/gnu_abe/ABE/builds/lin/arm/arm-linux/snapshots//gcc-linaro-7.2-2017.11-rc1/configure SHELL=/bin/sh --with-bugurl=https://bugs.linaro.org --with-mpc=/proj/esdt_sdk/gnu_abe/ABE/builds/lin/arm/arm-linux/builds/destdir/x86_64-unknown-linux-gnu --with-mpfr=/proj/esdt_sdk/gnu_abe/ABE/builds/lin/arm/arm-linux/builds/destdir/x86_64-unknown-linux-gnu --with-gmp=/proj/esdt_sdk/gnu_abe/ABE/builds/lin/arm/arm-linux/builds/destdir/x86_64-unknown-linux-gnu --with-gnu-as --with-gnu-ld --disable-libstdcxx-pch --disable-libmudflap --with-cloog=no --with-ppl=no --with-isl=no --disable-nls --enable-c99 --enable-gnu-indirect-function --disable-multilib --with-tune=cortex-a9 --with-arch=armv7-a --with-fpu=vfpv3-d16 --with-float=hard --with-mode=arm --disable-multilib --enable-multiarch CFLAGS=-O2 CXXFLAGS=-O2 --disable-silent-rules --enable-libquadmath --enable-libg2c --enable-symvers=gnu --enable-libstdcxx-pch --enable-libssp --disable-libmudflap --enable-checking=release --enable-cheaders=c_global --enable-poison-system-directories --enable-clocale=generic --enable-shared --enable-threads=posix --disable-multilib --enable-c99 --without-local-prefix --enable-lto --disable-bootstrap --with-linker-hash-style=gnu --with-ppl=no --with-cloog=no --without-isl --enable-nls --enable-__cxa_atexit --with-build-sysroot=/proj/esdt_sdk/gnu_abe/ABE/builds/lin/arm/arm-linux/builds/destdir/x86_64-unknown-linux-gnu/arm-linux-gnueabihf/libc --enable-plugins --enable-linker-build-id --enable-long-long --enable-shared --with-sysroot=/proj/esdt_sdk/gnu_abe/ABE/builds/lin/arm/arm-linux/builds/destdir/x86_64-unknown-linux-gnu/arm-linux-gnueabihf/libc --enable-languages=c,c++,lto --enable-checking=yes --disable-bootstrap --with-bugurl=https://bugs.linaro.org --build=x86_64-unknown-linux-gnu --host=x86_64-unknown-linux-gnu --target=arm-linux-gnueabihf --prefix=/proj/esdt_sdk/gnu_abe/ABE/builds/lin/arm/arm-linux/builds/destdir/x86_64-unknown-linux-gnu
Thread model: posix
gcc version 7.2.1 20171011 (Linaro GCC 7.2-2017.11-rc1) 
configure:3393: $? = 0
configure:3382: /media/panpan/tools/buildroot-2018.02.8/output/host/bin/arm-linux-gnueabihf-gcc -V >&5
arm-linux-gnueabihf-gcc: error: unrecognized command line option '-V'
arm-linux-gnueabihf-gcc: fatal error: no input files
compilation terminated.
configure:3393: $? = 1
configure:3382: /media/panpan/tools/buildroot-2018.02.8/output/host/bin/arm-linux-gnueabihf-gcc -qversion >&5
arm-linux-gnueabihf-gcc: error: unrecognized command line option '-qversion'; did you mean '--version'?
arm-linux-gnueabihf-gcc: fatal error: no input files
compilation terminated.
configure:3393: $? = 1
configure:3413: checking whether the C compiler works
configure:3435: /media/panpan/tools/buildroot-2018.02.8/output/host/bin/arm-linux-gnueabihf-gcc -D_LARGEFILE_SOURCE -D_LARGEFILE64_SOURCE -D_FILE_OFFSET_BITS=64  -Os  -D_LARGEFILE_SOURCE -D_LARGEFILE64_SOURCE -D_FILE_OFFSET_BITS=64  conftest.c  >&5
configure:3439: $? = 0
configure:3487: result: yes
configure:3490: checking for C compiler default output file name
configure:3492: result: a.out
configure:3498: checking for suffix of executables
configure:3505: /media/panpan/tools/buildroot-2018.02.8/output/host/bin/arm-linux-gnueabihf-gcc -o conftest -D_LARGEFILE_SOURCE -D_LARGEFILE64_SOURCE -D_FILE_OFFSET_BITS=64  -Os  -D_LARGEFILE_SOURCE -D_LARGEFILE64_SOURCE -D_FILE_OFFSET_BITS=64  conftest.c  >&5
configure:3509: $? = 0
configure:3531: result: 
configure:3553: checking whether we are cross compiling
configure:3591: result: yes
configure:3596: checking for suffix of object files
configure:3618: /media/panpan/tools/buildroot-2018.02.8/output/host/bin/arm-linux-gnueabihf-gcc -c -D_LARGEFILE_SOURCE -D_LARGEFILE64_SOURCE -D_FILE_OFFSET_BITS=64  -Os  -D_LARGEFILE_SOURCE -D_LARGEFILE64_SOURCE -D_FILE_OFFSET_BITS=64 conftest.c >&5
configure:3622: $? = 0
configure:3643: result: o
configure:3647: checking whether we are using the GNU C compiler
configure:3666: /media/panpan/tools/buildroot-2018.02.8/output/host/bin/arm-linux-gnueabihf-gcc -c -D_LARGEFILE_SOURCE -D_LARGEFILE64_SOURCE -D_FILE_OFFSET_BITS=64  -Os  -D_LARGEFILE_SOURCE -D_LARGEFILE64_SOURCE -D_FILE_OFFSET_BITS=64 conftest.c >&5
configure:3666: $? = 0
configure:3675: result: yes
configure:3684: checking whether /media/panpan/tools/buildroot-2018.02.8/output/host/bin/arm-linux-gnueabihf-gcc accepts -g
configure:3704: /media/panpan/tools/buildroot-2018.02.8/output/host/bin/arm-linux-gnueabihf-gcc -c -g -D_LARGEFILE_SOURCE -D_LARGEFILE64_SOURCE -D_FILE_OFFSET_BITS=64 conftest.c >&5
configure:3704: $? = 0
configure:3745: result: yes
configure:3762: checking for /media/panpan/tools/buildroot-2018.02.8/output/host/bin/arm-linux-gnueabihf-gcc option to accept ISO C89
configure:3825: /media/panpan/tools/buildroot-2018.02.8/output/host/bin/arm-linux-gnueabihf-gcc  -c -D_LARGEFILE_SOURCE -D_LARGEFILE64_SOURCE -D_FILE_OFFSET_BITS=64  -Os  -D_LARGEFILE_SOURCE -D_LARGEFILE64_SOURCE -D_FILE_OFFSET_BITS=64 conftest.c >&5
configure:3825: $? = 0
configure:3838: result: none needed
configure:3863: checking whether /media/panpan/tools/buildroot-2018.02.8/output/host/bin/arm-linux-gnueabihf-gcc understands -c and -o together
configure:3885: /media/panpan/tools/buildroot-2018.02.8/output/host/bin/arm-linux-gnueabihf-gcc -c conftest.c -o conftest2.o
configure:3888: $? = 0
configure:3885: /media/panpan/tools/buildroot-2018.02.8/output/host/bin/arm-linux-gnueabihf-gcc -c conftest.c -o conftest2.o
configure:3888: $? = 0
configure:3900: result: yes
configure:3919: checking dependency style of /media/panpan/tools/buildroot-2018.02.8/output/host/bin/arm-linux-gnueabihf-gcc
configure:4030: result: none
configure:4045: checking for a sed that does not truncate output
configure:4109: result: /bin/sed
configure:4127: checking for grep that handles long lines and -e
configure:4185: result: /bin/grep
configure:4190: checking for egrep
configure:4252: result: /bin/grep -E
configure:4257: checking for fgrep
configure:4319: result: /bin/grep -F
configure:4354: checking for ld used by /media/panpan/tools/buildroot-2018.02.8/output/host/bin/arm-linux-gnueabihf-gcc
configure:4421: result: /media/panpan/tools/buildroot-2018.02.8/output/host/bin/arm-linux-gnueabihf-ld
configure:4428: checking if the linker (/media/panpan/tools/buildroot-2018.02.8/output/host/bin/arm-linux-gnueabihf-ld) is GNU ld
configure:4443: result: yes
configure:4455: checking for BSD- or MS-compatible name lister (nm)
configure:4504: result: /media/panpan/tools/buildroot-2018.02.8/output/host/bin/arm-linux-gnueabihf-nm
configure:4634: checking the name lister (/media/panpan/tools/buildroot-2018.02.8/output/host/bin/arm-linux-gnueabihf-nm) interface
configure:4641: /media/panpan/tools/buildroot-2018.02.8/output/host/bin/arm-linux-gnueabihf-gcc -c -D_LARGEFILE_SOURCE -D_LARGEFILE64_SOURCE -D_FILE_OFFSET_BITS=64  -Os  -D_LARGEFILE_SOURCE -D_LARGEFILE64_SOURCE -D_FILE_OFFSET_BITS=64 conftest.c >&5
configure:4644: /media/panpan/tools/buildroot-2018.02.8/output/host/bin/arm-linux-gnueabihf-nm "conftest.o"
configure:4647: output
00000000 B some_variable
configure:4654: result: BSD nm
configure:4657: checking whether ln -s works
configure:4661: result: yes
configure:4669: checking the maximum length of command line arguments
configure:4800: result: 1572864
configure:4817: checking whether the shell understands some XSI constructs
configure:4827: result: yes
configure:4831: checking whether the shell understands "+="
configure:4837: result: yes
configure:4872: checking how to convert x86_64-pc-linux-gnu file names to arm-buildroot-linux-gnueabihf format
configure:4912: result: func_convert_file_noop
configure:4919: checking how to convert x86_64-pc-linux-gnu file names to toolchain format
configure:4939: result: func_convert_file_noop
configure:4946: checking for /media/panpan/tools/buildroot-2018.02.8/output/host/bin/arm-linux-gnueabihf-ld option to reload object files
configure:4953: result: -r
configure:4987: checking for arm-buildroot-linux-gnueabihf-objdump
configure:5014: result: /media/panpan/tools/buildroot-2018.02.8/output/host/bin/arm-linux-gnueabihf-objdump
configure:5086: checking how to recognize dependent libraries
configure:5284: result: pass_all
configure:5329: checking for arm-buildroot-linux-gnueabihf-dlltool
configure:5359: result: no
configure:5369: checking for dlltool
configure:5399: result: no
configure:5429: checking how to associate runtime and link libraries
configure:5456: result: printf %s\n
configure:5473: checking for arm-buildroot-linux-gnueabihf-ar
configure:5500: result: /media/panpan/tools/buildroot-2018.02.8/output/host/bin/arm-linux-gnueabihf-ar
configure:5581: checking for archiver @FILE support
configure:5598: /media/panpan/tools/buildroot-2018.02.8/output/host/bin/arm-linux-gnueabihf-gcc -c -D_LARGEFILE_SOURCE -D_LARGEFILE64_SOURCE -D_FILE_OFFSET_BITS=64  -Os  -D_LARGEFILE_SOURCE -D_LARGEFILE64_SOURCE -D_FILE_OFFSET_BITS=64 conftest.c >&5
configure:5598: $? = 0
configure:5601: /media/panpan/tools/buildroot-2018.02.8/output/host/bin/arm-linux-gnueabihf-ar cru libconftest.a @conftest.lst >&5
configure:5604: $? = 0
configure:5609: /media/panpan/tools/buildroot-2018.02.8/output/host/bin/arm-linux-gnueabihf-ar cru libconftest.a @conftest.lst >&5
/media/panpan/tools/buildroot-2018.02.8/output/host/bin/arm-linux-gnueabihf-ar: conftest.o: No such file or directory
configure:5612: $? = 1
configure:5624: result: @
configure:5642: checking for arm-buildroot-linux-gnueabihf-strip
configure:5669: result: /media/panpan/tools/buildroot-2018.02.8/output/host/bin/arm-linux-gnueabihf-strip
configure:5741: checking for arm-buildroot-linux-gnueabihf-ranlib
configure:5768: result: /media/panpan/tools/buildroot-2018.02.8/output/host/bin/arm-linux-gnueabihf-ranlib
configure:5910: checking command to parse /media/panpan/tools/buildroot-2018.02.8/output/host/bin/arm-linux-gnueabihf-nm output from /media/panpan/tools/buildroot-2018.02.8/output/host/bin/arm-linux-gnueabihf-gcc object
configure:6030: /media/panpan/tools/buildroot-2018.02.8/output/host/bin/arm-linux-gnueabihf-gcc -c -D_LARGEFILE_SOURCE -D_LARGEFILE64_SOURCE -D_FILE_OFFSET_BITS=64  -Os  -D_LARGEFILE_SOURCE -D_LARGEFILE64_SOURCE -D_FILE_OFFSET_BITS=64 conftest.c >&5
configure:6033: $? = 0
configure:6037: /media/panpan/tools/buildroot-2018.02.8/output/host/bin/arm-linux-gnueabihf-nm conftest.o \| sed -n -e 's/^.*[ ]\([ABCDGIRSTW][ABCDGIRSTW]*\)[ ][ ]*\([_A-Za-z][_A-Za-z0-9]*\)$/\1 \2 \2/p' | sed '/ __gnu_lto/d' \> conftest.nm
configure:6040: $? = 0
configure:6106: /media/panpan/tools/buildroot-2018.02.8/output/host/bin/arm-linux-gnueabihf-gcc -o conftest -D_LARGEFILE_SOURCE -D_LARGEFILE64_SOURCE -D_FILE_OFFSET_BITS=64  -Os  -D_LARGEFILE_SOURCE -D_LARGEFILE64_SOURCE -D_FILE_OFFSET_BITS=64  conftest.c conftstm.o >&5
configure:6109: $? = 0
configure:6147: result: ok
configure:6184: checking for sysroot
configure:6214: result: no
configure:6443: checking for arm-buildroot-linux-gnueabihf-mt
configure:6473: result: no
configure:6483: checking for mt
configure:6499: found /bin/mt
configure:6510: result: mt
configure:6522: WARNING: using cross tools not prefixed with host triplet
configure:6533: checking if mt is a manifest tool
configure:6539: mt '-?'
configure:6547: result: no
configure:7189: checking how to run the C preprocessor
configure:7259: result: /media/panpan/tools/buildroot-2018.02.8/output/host/bin/arm-linux-gnueabihf-cpp
configure:7279: /media/panpan/tools/buildroot-2018.02.8/output/host/bin/arm-linux-gnueabihf-cpp -D_LARGEFILE_SOURCE -D_LARGEFILE64_SOURCE -D_FILE_OFFSET_BITS=64 conftest.c
configure:7279: $? = 0
configure:7293: /media/panpan/tools/buildroot-2018.02.8/output/host/bin/arm-linux-gnueabihf-cpp -D_LARGEFILE_SOURCE -D_LARGEFILE64_SOURCE -D_FILE_OFFSET_BITS=64 conftest.c
conftest.c:11:10: fatal error: ac_nonexistent.h: No such file or directory
 #include <ac_nonexistent.h>
          ^~~~~~~~~~~~~~~~~~
compilation terminated.
configure:7293: $? = 1
configure: failed program was:
| /* confdefs.h */
| #define PACKAGE_NAME "libXv"
| #define PACKAGE_TARNAME "libXv"
| #define PACKAGE_VERSION "1.0.11"
| #define PACKAGE_STRING "libXv 1.0.11"
| #define PACKAGE_BUGREPORT "https://bugs.freedesktop.org/enter_bug.cgi?product=xorg"
| #define PACKAGE_URL ""
| #define PACKAGE "libXv"
| #define VERSION "1.0.11"
| /* end confdefs.h.  */
| #include <ac_nonexistent.h>
configure:7322: checking for ANSI C header files
configure:7342: /media/panpan/tools/buildroot-2018.02.8/output/host/bin/arm-linux-gnueabihf-gcc -c -D_LARGEFILE_SOURCE -D_LARGEFILE64_SOURCE -D_FILE_OFFSET_BITS=64  -Os  -D_LARGEFILE_SOURCE -D_LARGEFILE64_SOURCE -D_FILE_OFFSET_BITS=64 conftest.c >&5
configure:7342: $? = 0
configure:7426: result: yes
configure:7439: checking for sys/types.h
configure:7439: /media/panpan/tools/buildroot-2018.02.8/output/host/bin/arm-linux-gnueabihf-gcc -c -D_LARGEFILE_SOURCE -D_LARGEFILE64_SOURCE -D_FILE_OFFSET_BITS=64  -Os  -D_LARGEFILE_SOURCE -D_LARGEFILE64_SOURCE -D_FILE_OFFSET_BITS=64 conftest.c >&5
configure:7439: $? = 0
configure:7439: result: yes
configure:7439: checking for sys/stat.h
configure:7439: /media/panpan/tools/buildroot-2018.02.8/output/host/bin/arm-linux-gnueabihf-gcc -c -D_LARGEFILE_SOURCE -D_LARGEFILE64_SOURCE -D_FILE_OFFSET_BITS=64  -Os  -D_LARGEFILE_SOURCE -D_LARGEFILE64_SOURCE -D_FILE_OFFSET_BITS=64 conftest.c >&5
configure:7439: $? = 0
configure:7439: result: yes
configure:7439: checking for stdlib.h
configure:7439: /media/panpan/tools/buildroot-2018.02.8/output/host/bin/arm-linux-gnueabihf-gcc -c -D_LARGEFILE_SOURCE -D_LARGEFILE64_SOURCE -D_FILE_OFFSET_BITS=64  -Os  -D_LARGEFILE_SOURCE -D_LARGEFILE64_SOURCE -D_FILE_OFFSET_BITS=64 conftest.c >&5
configure:7439: $? = 0
configure:7439: result: yes
configure:7439: checking for string.h
configure:7439: /media/panpan/tools/buildroot-2018.02.8/output/host/bin/arm-linux-gnueabihf-gcc -c -D_LARGEFILE_SOURCE -D_LARGEFILE64_SOURCE -D_FILE_OFFSET_BITS=64  -Os  -D_LARGEFILE_SOURCE -D_LARGEFILE64_SOURCE -D_FILE_OFFSET_BITS=64 conftest.c >&5
configure:7439: $? = 0
configure:7439: result: yes
configure:7439: checking for memory.h
configure:7439: /media/panpan/tools/buildroot-2018.02.8/output/host/bin/arm-linux-gnueabihf-gcc -c -D_LARGEFILE_SOURCE -D_LARGEFILE64_SOURCE -D_FILE_OFFSET_BITS=64  -Os  -D_LARGEFILE_SOURCE -D_LARGEFILE64_SOURCE -D_FILE_OFFSET_BITS=64 conftest.c >&5
configure:7439: $? = 0
configure:7439: result: yes
configure:7439: checking for strings.h
configure:7439: /media/panpan/tools/buildroot-2018.02.8/output/host/bin/arm-linux-gnueabihf-gcc -c -D_LARGEFILE_SOURCE -D_LARGEFILE64_SOURCE -D_FILE_OFFSET_BITS=64  -Os  -D_LARGEFILE_SOURCE -D_LARGEFILE64_SOURCE -D_FILE_OFFSET_BITS=64 conftest.c >&5
configure:7439: $? = 0
configure:7439: result: yes
configure:7439: checking for inttypes.h
configure:7439: /media/panpan/tools/buildroot-2018.02.8/output/host/bin/arm-linux-gnueabihf-gcc -c -D_LARGEFILE_SOURCE -D_LARGEFILE64_SOURCE -D_FILE_OFFSET_BITS=64  -Os  -D_LARGEFILE_SOURCE -D_LARGEFILE64_SOURCE -D_FILE_OFFSET_BITS=64 conftest.c >&5
configure:7439: $? = 0
configure:7439: result: yes
configure:7439: checking for stdint.h
configure:7439: /media/panpan/tools/buildroot-2018.02.8/output/host/bin/arm-linux-gnueabihf-gcc -c -D_LARGEFILE_SOURCE -D_LARGEFILE64_SOURCE -D_FILE_OFFSET_BITS=64  -Os  -D_LARGEFILE_SOURCE -D_LARGEFILE64_SOURCE -D_FILE_OFFSET_BITS=64 conftest.c >&5
configure:7439: $? = 0
configure:7439: result: yes
configure:7439: checking for unistd.h
configure:7439: /media/panpan/tools/buildroot-2018.02.8/output/host/bin/arm-linux-gnueabihf-gcc -c -D_LARGEFILE_SOURCE -D_LARGEFILE64_SOURCE -D_FILE_OFFSET_BITS=64  -Os  -D_LARGEFILE_SOURCE -D_LARGEFILE64_SOURCE -D_FILE_OFFSET_BITS=64 conftest.c >&5
configure:7439: $? = 0
configure:7439: result: yes
configure:7453: checking for dlfcn.h
configure:7453: /media/panpan/tools/buildroot-2018.02.8/output/host/bin/arm-linux-gnueabihf-gcc -c -D_LARGEFILE_SOURCE -D_LARGEFILE64_SOURCE -D_FILE_OFFSET_BITS=64  -Os  -D_LARGEFILE_SOURCE -D_LARGEFILE64_SOURCE -D_FILE_OFFSET_BITS=64 conftest.c >&5
configure:7453: $? = 0
configure:7453: result: yes
configure:7659: checking for objdir
configure:7674: result: .libs
configure:7941: checking if /media/panpan/tools/buildroot-2018.02.8/output/host/bin/arm-linux-gnueabihf-gcc supports -fno-rtti -fno-exceptions
configure:7959: /media/panpan/tools/buildroot-2018.02.8/output/host/bin/arm-linux-gnueabihf-gcc -c -D_LARGEFILE_SOURCE -D_LARGEFILE64_SOURCE -D_FILE_OFFSET_BITS=64  -Os  -D_LARGEFILE_SOURCE -D_LARGEFILE64_SOURCE -D_FILE_OFFSET_BITS=64 -fno-rtti -fno-exceptions conftest.c >&5
cc1: warning: command line option '-fno-rtti' is valid for C++/ObjC++ but not for C
configure:7963: $? = 0
configure:7976: result: no
configure:8303: checking for /media/panpan/tools/buildroot-2018.02.8/output/host/bin/arm-linux-gnueabihf-gcc option to produce PIC
configure:8310: result: -fPIC -DPIC
configure:8318: checking if /media/panpan/tools/buildroot-2018.02.8/output/host/bin/arm-linux-gnueabihf-gcc PIC flag -fPIC -DPIC works
configure:8336: /media/panpan/tools/buildroot-2018.02.8/output/host/bin/arm-linux-gnueabihf-gcc -c -D_LARGEFILE_SOURCE -D_LARGEFILE64_SOURCE -D_FILE_OFFSET_BITS=64  -Os  -D_LARGEFILE_SOURCE -D_LARGEFILE64_SOURCE -D_FILE_OFFSET_BITS=64 -fPIC -DPIC -DPIC conftest.c >&5
configure:8340: $? = 0
configure:8353: result: yes
configure:8382: checking if /media/panpan/tools/buildroot-2018.02.8/output/host/bin/arm-linux-gnueabihf-gcc static flag -static works
configure:8410: result: yes
configure:8425: checking if /media/panpan/tools/buildroot-2018.02.8/output/host/bin/arm-linux-gnueabihf-gcc supports -c -o file.o
configure:8446: /media/panpan/tools/buildroot-2018.02.8/output/host/bin/arm-linux-gnueabihf-gcc -c -D_LARGEFILE_SOURCE -D_LARGEFILE64_SOURCE -D_FILE_OFFSET_BITS=64  -Os  -D_LARGEFILE_SOURCE -D_LARGEFILE64_SOURCE -D_FILE_OFFSET_BITS=64 -o out/conftest2.o conftest.c >&5
configure:8450: $? = 0
configure:8472: result: yes
configure:8480: checking if /media/panpan/tools/buildroot-2018.02.8/output/host/bin/arm-linux-gnueabihf-gcc supports -c -o file.o
configure:8527: result: yes
configure:8560: checking whether the /media/panpan/tools/buildroot-2018.02.8/output/host/bin/arm-linux-gnueabihf-gcc linker (/media/panpan/tools/buildroot-2018.02.8/output/host/bin/arm-linux-gnueabihf-ld) supports shared libraries
configure:9717: result: yes
configure:9754: checking whether -lc should be explicitly linked in
configure:9762: /media/panpan/tools/buildroot-2018.02.8/output/host/bin/arm-linux-gnueabihf-gcc -c -D_LARGEFILE_SOURCE -D_LARGEFILE64_SOURCE -D_FILE_OFFSET_BITS=64  -Os  -D_LARGEFILE_SOURCE -D_LARGEFILE64_SOURCE -D_FILE_OFFSET_BITS=64 conftest.c >&5
configure:9765: $? = 0
configure:9780: /media/panpan/tools/buildroot-2018.02.8/output/host/bin/arm-linux-gnueabihf-gcc -shared  -fPIC -DPIC conftest.o  -v -Wl,-soname -Wl,conftest -o conftest 2\>\&1 \| /bin/grep  -lc  \>/dev/null 2\>\&1
configure:9783: $? = 0
configure:9797: result: no
configure:9957: checking dynamic linker characteristics
configure:10457: /media/panpan/tools/buildroot-2018.02.8/output/host/bin/arm-linux-gnueabihf-gcc -o conftest -D_LARGEFILE_SOURCE -D_LARGEFILE64_SOURCE -D_FILE_OFFSET_BITS=64  -Os  -D_LARGEFILE_SOURCE -D_LARGEFILE64_SOURCE -D_FILE_OFFSET_BITS=64  -Wl,-rpath -Wl,/foo conftest.c  >&5
configure:10457: $? = 0
configure:10691: result: GNU/Linux ld.so
configure:10798: checking how to hardcode library paths into programs
configure:10823: result: immediate
configure:11363: checking whether stripping libraries is possible
configure:11368: result: yes
configure:11403: checking if libtool supports shared libraries
configure:11405: result: yes
configure:11408: checking whether to build shared libraries
configure:11429: result: yes
configure:11432: checking whether to build static libraries
configure:11436: result: yes
configure:11486: checking for /media/panpan/tools/buildroot-2018.02.8/output/host/bin/arm-linux-gnueabihf-gcc option to accept ISO C99
configure:11635: /media/panpan/tools/buildroot-2018.02.8/output/host/bin/arm-linux-gnueabihf-gcc  -c -D_LARGEFILE_SOURCE -D_LARGEFILE64_SOURCE -D_FILE_OFFSET_BITS=64  -Os  -D_LARGEFILE_SOURCE -D_LARGEFILE64_SOURCE -D_FILE_OFFSET_BITS=64 conftest.c >&5
configure:11635: $? = 0
configure:11648: result: none needed
configure:11667: checking whether __clang__ is declared
configure:11667: /media/panpan/tools/buildroot-2018.02.8/output/host/bin/arm-linux-gnueabihf-gcc -c -D_LARGEFILE_SOURCE -D_LARGEFILE64_SOURCE -D_FILE_OFFSET_BITS=64  -Os  -D_LARGEFILE_SOURCE -D_LARGEFILE64_SOURCE -D_FILE_OFFSET_BITS=64 conftest.c >&5
conftest.c: In function 'main':
conftest.c:63:10: error: '__clang__' undeclared (first use in this function); did you mean '__clock_t'?
   (void) __clang__;
          ^~~~~~~~~
          __clock_t
conftest.c:63:10: note: each undeclared identifier is reported only once for each function it appears in
configure:11667: $? = 1
configure: failed program was:
| /* confdefs.h */
| #define PACKAGE_NAME "libXv"
| #define PACKAGE_TARNAME "libXv"
| #define PACKAGE_VERSION "1.0.11"
| #define PACKAGE_STRING "libXv 1.0.11"
| #define PACKAGE_BUGREPORT "https://bugs.freedesktop.org/enter_bug.cgi?product=xorg"
| #define PACKAGE_URL ""
| #define PACKAGE "libXv"
| #define VERSION "1.0.11"
| #define STDC_HEADERS 1
| #define HAVE_SYS_TYPES_H 1
| #define HAVE_SYS_STAT_H 1
| #define HAVE_STDLIB_H 1
| #define HAVE_STRING_H 1
| #define HAVE_MEMORY_H 1
| #define HAVE_STRINGS_H 1
| #define HAVE_INTTYPES_H 1
| #define HAVE_STDINT_H 1
| #define HAVE_UNISTD_H 1
| #define HAVE_DLFCN_H 1
| #define LT_OBJDIR ".libs/"
| /* end confdefs.h.  */
| #include <stdio.h>
| #ifdef HAVE_SYS_TYPES_H
| # include <sys/types.h>
| #endif
| #ifdef HAVE_SYS_STAT_H
| # include <sys/stat.h>
| #endif
| #ifdef STDC_HEADERS
| # include <stdlib.h>
| # include <stddef.h>
| #else
| # ifdef HAVE_STDLIB_H
| #  include <stdlib.h>
| # endif
| #endif
| #ifdef HAVE_STRING_H
| # if !defined STDC_HEADERS && defined HAVE_MEMORY_H
| #  include <memory.h>
| # endif
| # include <string.h>
| #endif
| #ifdef HAVE_STRINGS_H
| # include <strings.h>
| #endif
| #ifdef HAVE_INTTYPES_H
| # include <inttypes.h>
| #endif
| #ifdef HAVE_STDINT_H
| # include <stdint.h>
| #endif
| #ifdef HAVE_UNISTD_H
| # include <unistd.h>
| #endif
| int
| main ()
| {
| #ifndef __clang__
| #ifdef __cplusplus
|   (void) __clang__;
| #else
|   (void) __clang__;
| #endif
| #endif
| 
|   ;
|   return 0;
| }
configure:11667: result: no
configure:11674: checking whether __INTEL_COMPILER is declared
configure:11674: /media/panpan/tools/buildroot-2018.02.8/output/host/bin/arm-linux-gnueabihf-gcc -c -D_LARGEFILE_SOURCE -D_LARGEFILE64_SOURCE -D_FILE_OFFSET_BITS=64  -Os  -D_LARGEFILE_SOURCE -D_LARGEFILE64_SOURCE -D_FILE_OFFSET_BITS=64 conftest.c >&5
conftest.c: In function 'main':
conftest.c:63:10: error: '__INTEL_COMPILER' undeclared (first use in this function); did you mean '__BYTE_ORDER'?
   (void) __INTEL_COMPILER;
          ^~~~~~~~~~~~~~~~
          __BYTE_ORDER
conftest.c:63:10: note: each undeclared identifier is reported only once for each function it appears in
configure:11674: $? = 1
configure: failed program was:
| /* confdefs.h */
| #define PACKAGE_NAME "libXv"
| #define PACKAGE_TARNAME "libXv"
| #define PACKAGE_VERSION "1.0.11"
| #define PACKAGE_STRING "libXv 1.0.11"
| #define PACKAGE_BUGREPORT "https://bugs.freedesktop.org/enter_bug.cgi?product=xorg"
| #define PACKAGE_URL ""
| #define PACKAGE "libXv"
| #define VERSION "1.0.11"
| #define STDC_HEADERS 1
| #define HAVE_SYS_TYPES_H 1
| #define HAVE_SYS_STAT_H 1
| #define HAVE_STDLIB_H 1
| #define HAVE_STRING_H 1
| #define HAVE_MEMORY_H 1
| #define HAVE_STRINGS_H 1
| #define HAVE_INTTYPES_H 1
| #define HAVE_STDINT_H 1
| #define HAVE_UNISTD_H 1
| #define HAVE_DLFCN_H 1
| #define LT_OBJDIR ".libs/"
| /* end confdefs.h.  */
| #include <stdio.h>
| #ifdef HAVE_SYS_TYPES_H
| # include <sys/types.h>
| #endif
| #ifdef HAVE_SYS_STAT_H
| # include <sys/stat.h>
| #endif
| #ifdef STDC_HEADERS
| # include <stdlib.h>
| # include <stddef.h>
| #else
| # ifdef HAVE_STDLIB_H
| #  include <stdlib.h>
| # endif
| #endif
| #ifdef HAVE_STRING_H
| # if !defined STDC_HEADERS && defined HAVE_MEMORY_H
| #  include <memory.h>
| # endif
| # include <string.h>
| #endif
| #ifdef HAVE_STRINGS_H
| # include <strings.h>
| #endif
| #ifdef HAVE_INTTYPES_H
| # include <inttypes.h>
| #endif
| #ifdef HAVE_STDINT_H
| # include <stdint.h>
| #endif
| #ifdef HAVE_UNISTD_H
| # include <unistd.h>
| #endif
| int
| main ()
| {
| #ifndef __INTEL_COMPILER
| #ifdef __cplusplus
|   (void) __INTEL_COMPILER;
| #else
|   (void) __INTEL_COMPILER;
| #endif
| #endif
| 
|   ;
|   return 0;
| }
configure:11674: result: no
configure:11681: checking whether __SUNPRO_C is declared
configure:11681: /media/panpan/tools/buildroot-2018.02.8/output/host/bin/arm-linux-gnueabihf-gcc -c -D_LARGEFILE_SOURCE -D_LARGEFILE64_SOURCE -D_FILE_OFFSET_BITS=64  -Os  -D_LARGEFILE_SOURCE -D_LARGEFILE64_SOURCE -D_FILE_OFFSET_BITS=64 conftest.c >&5
conftest.c: In function 'main':
conftest.c:63:10: error: '__SUNPRO_C' undeclared (first use in this function); did you mean '__INT8_C'?
   (void) __SUNPRO_C;
          ^~~~~~~~~~
          __INT8_C
conftest.c:63:10: note: each undeclared identifier is reported only once for each function it appears in
configure:11681: $? = 1
configure: failed program was:
| /* confdefs.h */
| #define PACKAGE_NAME "libXv"
| #define PACKAGE_TARNAME "libXv"
| #define PACKAGE_VERSION "1.0.11"
| #define PACKAGE_STRING "libXv 1.0.11"
| #define PACKAGE_BUGREPORT "https://bugs.freedesktop.org/enter_bug.cgi?product=xorg"
| #define PACKAGE_URL ""
| #define PACKAGE "libXv"
| #define VERSION "1.0.11"
| #define STDC_HEADERS 1
| #define HAVE_SYS_TYPES_H 1
| #define HAVE_SYS_STAT_H 1
| #define HAVE_STDLIB_H 1
| #define HAVE_STRING_H 1
| #define HAVE_MEMORY_H 1
| #define HAVE_STRINGS_H 1
| #define HAVE_INTTYPES_H 1
| #define HAVE_STDINT_H 1
| #define HAVE_UNISTD_H 1
| #define HAVE_DLFCN_H 1
| #define LT_OBJDIR ".libs/"
| /* end confdefs.h.  */
| #include <stdio.h>
| #ifdef HAVE_SYS_TYPES_H
| # include <sys/types.h>
| #endif
| #ifdef HAVE_SYS_STAT_H
| # include <sys/stat.h>
| #endif
| #ifdef STDC_HEADERS
| # include <stdlib.h>
| # include <stddef.h>
| #else
| # ifdef HAVE_STDLIB_H
| #  include <stdlib.h>
| # endif
| #endif
| #ifdef HAVE_STRING_H
| # if !defined STDC_HEADERS && defined HAVE_MEMORY_H
| #  include <memory.h>
| # endif
| # include <string.h>
| #endif
| #ifdef HAVE_STRINGS_H
| # include <strings.h>
| #endif
| #ifdef HAVE_INTTYPES_H
| # include <inttypes.h>
| #endif
| #ifdef HAVE_STDINT_H
| # include <stdint.h>
| #endif
| #ifdef HAVE_UNISTD_H
| # include <unistd.h>
| #endif
| int
| main ()
| {
| #ifndef __SUNPRO_C
| #ifdef __cplusplus
|   (void) __SUNPRO_C;
| #else
|   (void) __SUNPRO_C;
| #endif
| #endif
| 
|   ;
|   return 0;
| }
configure:11681: result: no
configure:11798: checking pkg-config is at least version 0.9.0
configure:11801: result: yes
configure:11850: checking if /media/panpan/tools/buildroot-2018.02.8/output/host/bin/arm-linux-gnueabihf-gcc supports -Werror=unknown-warning-option
configure:11859: /media/panpan/tools/buildroot-2018.02.8/output/host/bin/arm-linux-gnueabihf-gcc -c -D_LARGEFILE_SOURCE -D_LARGEFILE64_SOURCE -D_FILE_OFFSET_BITS=64  -Os  -Werror=unknown-warning-option -D_LARGEFILE_SOURCE -D_LARGEFILE64_SOURCE -D_FILE_OFFSET_BITS=64 conftest.c >&5
cc1: error: -Werror=unknown-warning-option: no option -Wunknown-warning-option
configure:11859: $? = 1
configure: failed program was:
| /* confdefs.h */
| #define PACKAGE_NAME "libXv"
| #define PACKAGE_TARNAME "libXv"
| #define PACKAGE_VERSION "1.0.11"
| #define PACKAGE_STRING "libXv 1.0.11"
| #define PACKAGE_BUGREPORT "https://bugs.freedesktop.org/enter_bug.cgi?product=xorg"
| #define PACKAGE_URL ""
| #define PACKAGE "libXv"
| #define VERSION "1.0.11"
| #define STDC_HEADERS 1
| #define HAVE_SYS_TYPES_H 1
| #define HAVE_SYS_STAT_H 1
| #define HAVE_STDLIB_H 1
| #define HAVE_STRING_H 1
| #define HAVE_MEMORY_H 1
| #define HAVE_STRINGS_H 1
| #define HAVE_INTTYPES_H 1
| #define HAVE_STDINT_H 1
| #define HAVE_UNISTD_H 1
| #define HAVE_DLFCN_H 1
| #define LT_OBJDIR ".libs/"
| /* end confdefs.h.  */
| int i;
configure:11866: result: no
configure:11877: checking if /media/panpan/tools/buildroot-2018.02.8/output/host/bin/arm-linux-gnueabihf-gcc supports -Werror=unused-command-line-argument
configure:11886: /media/panpan/tools/buildroot-2018.02.8/output/host/bin/arm-linux-gnueabihf-gcc -c -D_LARGEFILE_SOURCE -D_LARGEFILE64_SOURCE -D_FILE_OFFSET_BITS=64  -Os  -Werror=unused-command-line-argument -D_LARGEFILE_SOURCE -D_LARGEFILE64_SOURCE -D_FILE_OFFSET_BITS=64 conftest.c >&5
cc1: error: -Werror=unused-command-line-argument: no option -Wunused-command-line-argument
configure:11886: $? = 1
configure: failed program was:
| /* confdefs.h */
| #define PACKAGE_NAME "libXv"
| #define PACKAGE_TARNAME "libXv"
| #define PACKAGE_VERSION "1.0.11"
| #define PACKAGE_STRING "libXv 1.0.11"
| #define PACKAGE_BUGREPORT "https://bugs.freedesktop.org/enter_bug.cgi?product=xorg"
| #define PACKAGE_URL ""
| #define PACKAGE "libXv"
| #define VERSION "1.0.11"
| #define STDC_HEADERS 1
| #define HAVE_SYS_TYPES_H 1
| #define HAVE_SYS_STAT_H 1
| #define HAVE_STDLIB_H 1
| #define HAVE_STRING_H 1
| #define HAVE_MEMORY_H 1
| #define HAVE_STRINGS_H 1
| #define HAVE_INTTYPES_H 1
| #define HAVE_STDINT_H 1
| #define HAVE_UNISTD_H 1
| #define HAVE_DLFCN_H 1
| #define LT_OBJDIR ".libs/"
| /* end confdefs.h.  */
| int i;
configure:11893: result: no
configure:11912: checking if /media/panpan/tools/buildroot-2018.02.8/output/host/bin/arm-linux-gnueabihf-gcc supports -Wall
configure:11929: /media/panpan/tools/buildroot-2018.02.8/output/host/bin/arm-linux-gnueabihf-gcc -o conftest -D_LARGEFILE_SOURCE -D_LARGEFILE64_SOURCE -D_FILE_OFFSET_BITS=64  -Os  -Wall -D_LARGEFILE_SOURCE -D_LARGEFILE64_SOURCE -D_FILE_OFFSET_BITS=64  conftest.c  >&5
configure:11929: $? = 0
configure:11942: result: yes
configure:12030: checking if /media/panpan/tools/buildroot-2018.02.8/output/host/bin/arm-linux-gnueabihf-gcc supports -Wpointer-arith
configure:12047: /media/panpan/tools/buildroot-2018.02.8/output/host/bin/arm-linux-gnueabihf-gcc -o conftest -D_LARGEFILE_SOURCE -D_LARGEFILE64_SOURCE -D_FILE_OFFSET_BITS=64  -Os  -Wpointer-arith -D_LARGEFILE_SOURCE -D_LARGEFILE64_SOURCE -D_FILE_OFFSET_BITS=64  conftest.c  >&5
configure:12047: $? = 0
configure:12060: result: yes
configure:12148: checking if /media/panpan/tools/buildroot-2018.02.8/output/host/bin/arm-linux-gnueabihf-gcc supports -Wmissing-declarations
configure:12165: /media/panpan/tools/buildroot-2018.02.8/output/host/bin/arm-linux-gnueabihf-gcc -o conftest -D_LARGEFILE_SOURCE -D_LARGEFILE64_SOURCE -D_FILE_OFFSET_BITS=64  -Os  -Wmissing-declarations -D_LARGEFILE_SOURCE -D_LARGEFILE64_SOURCE -D_FILE_OFFSET_BITS=64  conftest.c  >&5
configure:12165: $? = 0
configure:12178: result: yes
configure:12266: checking if /media/panpan/tools/buildroot-2018.02.8/output/host/bin/arm-linux-gnueabihf-gcc supports -Wformat=2
configure:12283: /media/panpan/tools/buildroot-2018.02.8/output/host/bin/arm-linux-gnueabihf-gcc -o conftest -D_LARGEFILE_SOURCE -D_LARGEFILE64_SOURCE -D_FILE_OFFSET_BITS=64  -Os  -Wformat=2 -D_LARGEFILE_SOURCE -D_LARGEFILE64_SOURCE -D_FILE_OFFSET_BITS=64  conftest.c  >&5
configure:12283: $? = 0
configure:12296: result: yes
configure:12435: checking if /media/panpan/tools/buildroot-2018.02.8/output/host/bin/arm-linux-gnueabihf-gcc supports -Wstrict-prototypes
configure:12452: /media/panpan/tools/buildroot-2018.02.8/output/host/bin/arm-linux-gnueabihf-gcc -o conftest -D_LARGEFILE_SOURCE -D_LARGEFILE64_SOURCE -D_FILE_OFFSET_BITS=64  -Os  -Wstrict-prototypes -D_LARGEFILE_SOURCE -D_LARGEFILE64_SOURCE -D_FILE_OFFSET_BITS=64  conftest.c  >&5
conftest.c:25:1: warning: function declaration isn't a prototype [-Wstrict-prototypes]
 main ()
 ^~~~
configure:12452: $? = 0
configure:12465: result: yes
configure:12553: checking if /media/panpan/tools/buildroot-2018.02.8/output/host/bin/arm-linux-gnueabihf-gcc supports -Wmissing-prototypes
configure:12570: /media/panpan/tools/buildroot-2018.02.8/output/host/bin/arm-linux-gnueabihf-gcc -o conftest -D_LARGEFILE_SOURCE -D_LARGEFILE64_SOURCE -D_FILE_OFFSET_BITS=64  -Os  -Wmissing-prototypes -D_LARGEFILE_SOURCE -D_LARGEFILE64_SOURCE -D_FILE_OFFSET_BITS=64  conftest.c  >&5
configure:12570: $? = 0
configure:12583: result: yes
configure:12671: checking if /media/panpan/tools/buildroot-2018.02.8/output/host/bin/arm-linux-gnueabihf-gcc supports -Wnested-externs
configure:12688: /media/panpan/tools/buildroot-2018.02.8/output/host/bin/arm-linux-gnueabihf-gcc -o conftest -D_LARGEFILE_SOURCE -D_LARGEFILE64_SOURCE -D_FILE_OFFSET_BITS=64  -Os  -Wnested-externs -D_LARGEFILE_SOURCE -D_LARGEFILE64_SOURCE -D_FILE_OFFSET_BITS=64  conftest.c  >&5
configure:12688: $? = 0
configure:12701: result: yes
configure:12789: checking if /media/panpan/tools/buildroot-2018.02.8/output/host/bin/arm-linux-gnueabihf-gcc supports -Wbad-function-cast
configure:12806: /media/panpan/tools/buildroot-2018.02.8/output/host/bin/arm-linux-gnueabihf-gcc -o conftest -D_LARGEFILE_SOURCE -D_LARGEFILE64_SOURCE -D_FILE_OFFSET_BITS=64  -Os  -Wbad-function-cast -D_LARGEFILE_SOURCE -D_LARGEFILE64_SOURCE -D_FILE_OFFSET_BITS=64  conftest.c  >&5
configure:12806: $? = 0
configure:12819: result: yes
configure:12907: checking if /media/panpan/tools/buildroot-2018.02.8/output/host/bin/arm-linux-gnueabihf-gcc supports -Wold-style-definition
configure:12924: /media/panpan/tools/buildroot-2018.02.8/output/host/bin/arm-linux-gnueabihf-gcc -o conftest -D_LARGEFILE_SOURCE -D_LARGEFILE64_SOURCE -D_FILE_OFFSET_BITS=64  -Os  -Wold-style-definition -D_LARGEFILE_SOURCE -D_LARGEFILE64_SOURCE -D_FILE_OFFSET_BITS=64  conftest.c  >&5
conftest.c: In function 'main':
conftest.c:25:1: warning: old-style function definition [-Wold-style-definition]
 main ()
 ^~~~
configure:12924: $? = 0
configure:12937: result: yes
configure:13074: checking if /media/panpan/tools/buildroot-2018.02.8/output/host/bin/arm-linux-gnueabihf-gcc supports -Wdeclaration-after-statement
configure:13091: /media/panpan/tools/buildroot-2018.02.8/output/host/bin/arm-linux-gnueabihf-gcc -o conftest -D_LARGEFILE_SOURCE -D_LARGEFILE64_SOURCE -D_FILE_OFFSET_BITS=64  -Os  -Wdeclaration-after-statement -D_LARGEFILE_SOURCE -D_LARGEFILE64_SOURCE -D_FILE_OFFSET_BITS=64  conftest.c  >&5
configure:13091: $? = 0
configure:13104: result: yes
configure:13196: checking if /media/panpan/tools/buildroot-2018.02.8/output/host/bin/arm-linux-gnueabihf-gcc supports -Wunused
configure:13213: /media/panpan/tools/buildroot-2018.02.8/output/host/bin/arm-linux-gnueabihf-gcc -o conftest -D_LARGEFILE_SOURCE -D_LARGEFILE64_SOURCE -D_FILE_OFFSET_BITS=64  -Os  -Wunused -D_LARGEFILE_SOURCE -D_LARGEFILE64_SOURCE -D_FILE_OFFSET_BITS=64  conftest.c  >&5
configure:13213: $? = 0
configure:13226: result: yes
configure:13314: checking if /media/panpan/tools/buildroot-2018.02.8/output/host/bin/arm-linux-gnueabihf-gcc supports -Wuninitialized
configure:13331: /media/panpan/tools/buildroot-2018.02.8/output/host/bin/arm-linux-gnueabihf-gcc -o conftest -D_LARGEFILE_SOURCE -D_LARGEFILE64_SOURCE -D_FILE_OFFSET_BITS=64  -Os  -Wuninitialized -D_LARGEFILE_SOURCE -D_LARGEFILE64_SOURCE -D_FILE_OFFSET_BITS=64  conftest.c  >&5
configure:13331: $? = 0
configure:13344: result: yes
configure:13432: checking if /media/panpan/tools/buildroot-2018.02.8/output/host/bin/arm-linux-gnueabihf-gcc supports -Wshadow
configure:13449: /media/panpan/tools/buildroot-2018.02.8/output/host/bin/arm-linux-gnueabihf-gcc -o conftest -D_LARGEFILE_SOURCE -D_LARGEFILE64_SOURCE -D_FILE_OFFSET_BITS=64  -Os  -Wshadow -D_LARGEFILE_SOURCE -D_LARGEFILE64_SOURCE -D_FILE_OFFSET_BITS=64  conftest.c  >&5
configure:13449: $? = 0
configure:13462: result: yes
configure:13550: checking if /media/panpan/tools/buildroot-2018.02.8/output/host/bin/arm-linux-gnueabihf-gcc supports -Wmissing-noreturn
configure:13567: /media/panpan/tools/buildroot-2018.02.8/output/host/bin/arm-linux-gnueabihf-gcc -o conftest -D_LARGEFILE_SOURCE -D_LARGEFILE64_SOURCE -D_FILE_OFFSET_BITS=64  -Os  -Wmissing-noreturn -D_LARGEFILE_SOURCE -D_LARGEFILE64_SOURCE -D_FILE_OFFSET_BITS=64  conftest.c  >&5
configure:13567: $? = 0
configure:13580: result: yes
configure:13668: checking if /media/panpan/tools/buildroot-2018.02.8/output/host/bin/arm-linux-gnueabihf-gcc supports -Wmissing-format-attribute
configure:13685: /media/panpan/tools/buildroot-2018.02.8/output/host/bin/arm-linux-gnueabihf-gcc -o conftest -D_LARGEFILE_SOURCE -D_LARGEFILE64_SOURCE -D_FILE_OFFSET_BITS=64  -Os  -Wmissing-format-attribute -D_LARGEFILE_SOURCE -D_LARGEFILE64_SOURCE -D_FILE_OFFSET_BITS=64  conftest.c  >&5
configure:13685: $? = 0
configure:13698: result: yes
configure:13786: checking if /media/panpan/tools/buildroot-2018.02.8/output/host/bin/arm-linux-gnueabihf-gcc supports -Wredundant-decls
configure:13803: /media/panpan/tools/buildroot-2018.02.8/output/host/bin/arm-linux-gnueabihf-gcc -o conftest -D_LARGEFILE_SOURCE -D_LARGEFILE64_SOURCE -D_FILE_OFFSET_BITS=64  -Os  -Wredundant-decls -D_LARGEFILE_SOURCE -D_LARGEFILE64_SOURCE -D_FILE_OFFSET_BITS=64  conftest.c  >&5
configure:13803: $? = 0
configure:13816: result: yes
configure:13904: checking if /media/panpan/tools/buildroot-2018.02.8/output/host/bin/arm-linux-gnueabihf-gcc supports -Wlogical-op
configure:13921: /media/panpan/tools/buildroot-2018.02.8/output/host/bin/arm-linux-gnueabihf-gcc -o conftest -D_LARGEFILE_SOURCE -D_LARGEFILE64_SOURCE -D_FILE_OFFSET_BITS=64  -Os  -Wlogical-op -D_LARGEFILE_SOURCE -D_LARGEFILE64_SOURCE -D_FILE_OFFSET_BITS=64  conftest.c  >&5
configure:13921: $? = 0
configure:13934: result: yes
configure:14034: checking if /media/panpan/tools/buildroot-2018.02.8/output/host/bin/arm-linux-gnueabihf-gcc supports -Werror=implicit
configure:14051: /media/panpan/tools/buildroot-2018.02.8/output/host/bin/arm-linux-gnueabihf-gcc -o conftest -D_LARGEFILE_SOURCE -D_LARGEFILE64_SOURCE -D_FILE_OFFSET_BITS=64  -Os  -Werror=implicit -D_LARGEFILE_SOURCE -D_LARGEFILE64_SOURCE -D_FILE_OFFSET_BITS=64  conftest.c  >&5
configure:14051: $? = 0
configure:14064: result: yes
configure:14201: checking if /media/panpan/tools/buildroot-2018.02.8/output/host/bin/arm-linux-gnueabihf-gcc supports -Werror=nonnull
configure:14218: /media/panpan/tools/buildroot-2018.02.8/output/host/bin/arm-linux-gnueabihf-gcc -o conftest -D_LARGEFILE_SOURCE -D_LARGEFILE64_SOURCE -D_FILE_OFFSET_BITS=64  -Os  -Werror=nonnull -D_LARGEFILE_SOURCE -D_LARGEFILE64_SOURCE -D_FILE_OFFSET_BITS=64  conftest.c  >&5
configure:14218: $? = 0
configure:14231: result: yes
configure:14319: checking if /media/panpan/tools/buildroot-2018.02.8/output/host/bin/arm-linux-gnueabihf-gcc supports -Werror=init-self
configure:14336: /media/panpan/tools/buildroot-2018.02.8/output/host/bin/arm-linux-gnueabihf-gcc -o conftest -D_LARGEFILE_SOURCE -D_LARGEFILE64_SOURCE -D_FILE_OFFSET_BITS=64  -Os  -Werror=init-self -D_LARGEFILE_SOURCE -D_LARGEFILE64_SOURCE -D_FILE_OFFSET_BITS=64  conftest.c  >&5
configure:14336: $? = 0
configure:14349: result: yes
configure:14437: checking if /media/panpan/tools/buildroot-2018.02.8/output/host/bin/arm-linux-gnueabihf-gcc supports -Werror=main
configure:14454: /media/panpan/tools/buildroot-2018.02.8/output/host/bin/arm-linux-gnueabihf-gcc -o conftest -D_LARGEFILE_SOURCE -D_LARGEFILE64_SOURCE -D_FILE_OFFSET_BITS=64  -Os  -Werror=main -D_LARGEFILE_SOURCE -D_LARGEFILE64_SOURCE -D_FILE_OFFSET_BITS=64  conftest.c  >&5
configure:14454: $? = 0
configure:14467: result: yes
configure:14555: checking if /media/panpan/tools/buildroot-2018.02.8/output/host/bin/arm-linux-gnueabihf-gcc supports -Werror=missing-braces
configure:14572: /media/panpan/tools/buildroot-2018.02.8/output/host/bin/arm-linux-gnueabihf-gcc -o conftest -D_LARGEFILE_SOURCE -D_LARGEFILE64_SOURCE -D_FILE_OFFSET_BITS=64  -Os  -Werror=missing-braces -D_LARGEFILE_SOURCE -D_LARGEFILE64_SOURCE -D_FILE_OFFSET_BITS=64  conftest.c  >&5
configure:14572: $? = 0
configure:14585: result: yes
configure:14673: checking if /media/panpan/tools/buildroot-2018.02.8/output/host/bin/arm-linux-gnueabihf-gcc supports -Werror=sequence-point
configure:14690: /media/panpan/tools/buildroot-2018.02.8/output/host/bin/arm-linux-gnueabihf-gcc -o conftest -D_LARGEFILE_SOURCE -D_LARGEFILE64_SOURCE -D_FILE_OFFSET_BITS=64  -Os  -Werror=sequence-point -D_LARGEFILE_SOURCE -D_LARGEFILE64_SOURCE -D_FILE_OFFSET_BITS=64  conftest.c  >&5
configure:14690: $? = 0
configure:14703: result: yes
configure:14791: checking if /media/panpan/tools/buildroot-2018.02.8/output/host/bin/arm-linux-gnueabihf-gcc supports -Werror=return-type
configure:14808: /media/panpan/tools/buildroot-2018.02.8/output/host/bin/arm-linux-gnueabihf-gcc -o conftest -D_LARGEFILE_SOURCE -D_LARGEFILE64_SOURCE -D_FILE_OFFSET_BITS=64  -Os  -Werror=return-type -D_LARGEFILE_SOURCE -D_LARGEFILE64_SOURCE -D_FILE_OFFSET_BITS=64  conftest.c  >&5
configure:14808: $? = 0
configure:14821: result: yes
configure:14958: checking if /media/panpan/tools/buildroot-2018.02.8/output/host/bin/arm-linux-gnueabihf-gcc supports -Werror=trigraphs
configure:14975: /media/panpan/tools/buildroot-2018.02.8/output/host/bin/arm-linux-gnueabihf-gcc -o conftest -D_LARGEFILE_SOURCE -D_LARGEFILE64_SOURCE -D_FILE_OFFSET_BITS=64  -Os  -Werror=trigraphs -D_LARGEFILE_SOURCE -D_LARGEFILE64_SOURCE -D_FILE_OFFSET_BITS=64  conftest.c  >&5
configure:14975: $? = 0
configure:14988: result: yes
configure:15076: checking if /media/panpan/tools/buildroot-2018.02.8/output/host/bin/arm-linux-gnueabihf-gcc supports -Werror=array-bounds
configure:15093: /media/panpan/tools/buildroot-2018.02.8/output/host/bin/arm-linux-gnueabihf-gcc -o conftest -D_LARGEFILE_SOURCE -D_LARGEFILE64_SOURCE -D_FILE_OFFSET_BITS=64  -Os  -Werror=array-bounds -D_LARGEFILE_SOURCE -D_LARGEFILE64_SOURCE -D_FILE_OFFSET_BITS=64  conftest.c  >&5
configure:15093: $? = 0
configure:15106: result: yes
configure:15194: checking if /media/panpan/tools/buildroot-2018.02.8/output/host/bin/arm-linux-gnueabihf-gcc supports -Werror=write-strings
configure:15211: /media/panpan/tools/buildroot-2018.02.8/output/host/bin/arm-linux-gnueabihf-gcc -o conftest -D_LARGEFILE_SOURCE -D_LARGEFILE64_SOURCE -D_FILE_OFFSET_BITS=64  -Os  -Werror=write-strings -D_LARGEFILE_SOURCE -D_LARGEFILE64_SOURCE -D_FILE_OFFSET_BITS=64  conftest.c  >&5
configure:15211: $? = 0
configure:15224: result: yes
configure:15312: checking if /media/panpan/tools/buildroot-2018.02.8/output/host/bin/arm-linux-gnueabihf-gcc supports -Werror=address
configure:15329: /media/panpan/tools/buildroot-2018.02.8/output/host/bin/arm-linux-gnueabihf-gcc -o conftest -D_LARGEFILE_SOURCE -D_LARGEFILE64_SOURCE -D_FILE_OFFSET_BITS=64  -Os  -Werror=address -D_LARGEFILE_SOURCE -D_LARGEFILE64_SOURCE -D_FILE_OFFSET_BITS=64  conftest.c  >&5
configure:15329: $? = 0
configure:15342: result: yes
configure:15430: checking if /media/panpan/tools/buildroot-2018.02.8/output/host/bin/arm-linux-gnueabihf-gcc supports -Werror=int-to-pointer-cast
configure:15447: /media/panpan/tools/buildroot-2018.02.8/output/host/bin/arm-linux-gnueabihf-gcc -o conftest -D_LARGEFILE_SOURCE -D_LARGEFILE64_SOURCE -D_FILE_OFFSET_BITS=64  -Os  -Werror=int-to-pointer-cast -D_LARGEFILE_SOURCE -D_LARGEFILE64_SOURCE -D_FILE_OFFSET_BITS=64  conftest.c  >&5
configure:15447: $? = 0
configure:15460: result: yes
configure:15597: checking if /media/panpan/tools/buildroot-2018.02.8/output/host/bin/arm-linux-gnueabihf-gcc supports -Werror=pointer-to-int-cast
configure:15614: /media/panpan/tools/buildroot-2018.02.8/output/host/bin/arm-linux-gnueabihf-gcc -o conftest -D_LARGEFILE_SOURCE -D_LARGEFILE64_SOURCE -D_FILE_OFFSET_BITS=64  -Os  -Werror=pointer-to-int-cast -D_LARGEFILE_SOURCE -D_LARGEFILE64_SOURCE -D_FILE_OFFSET_BITS=64  conftest.c  >&5
configure:15614: $? = 0
configure:15627: result: yes
configure:17285: checking if /media/panpan/tools/buildroot-2018.02.8/output/host/bin/arm-linux-gnueabihf-gcc supports -pedantic
configure:17302: /media/panpan/tools/buildroot-2018.02.8/output/host/bin/arm-linux-gnueabihf-gcc -o conftest -D_LARGEFILE_SOURCE -D_LARGEFILE64_SOURCE -D_FILE_OFFSET_BITS=64  -Os  -pedantic -D_LARGEFILE_SOURCE -D_LARGEFILE64_SOURCE -D_FILE_OFFSET_BITS=64  conftest.c  >&5
configure:17302: $? = 0
configure:17315: result: yes
configure:17403: checking if /media/panpan/tools/buildroot-2018.02.8/output/host/bin/arm-linux-gnueabihf-gcc supports -Werror
configure:17420: /media/panpan/tools/buildroot-2018.02.8/output/host/bin/arm-linux-gnueabihf-gcc -o conftest -D_LARGEFILE_SOURCE -D_LARGEFILE64_SOURCE -D_FILE_OFFSET_BITS=64  -Os  -Werror -D_LARGEFILE_SOURCE -D_LARGEFILE64_SOURCE -D_FILE_OFFSET_BITS=64  conftest.c  >&5
configure:17420: $? = 0
configure:17433: result: yes
configure:17573: checking if /media/panpan/tools/buildroot-2018.02.8/output/host/bin/arm-linux-gnueabihf-gcc supports -Werror=attributes
configure:17590: /media/panpan/tools/buildroot-2018.02.8/output/host/bin/arm-linux-gnueabihf-gcc -o conftest -D_LARGEFILE_SOURCE -D_LARGEFILE64_SOURCE -D_FILE_OFFSET_BITS=64  -Os  -Werror=attributes -D_LARGEFILE_SOURCE -D_LARGEFILE64_SOURCE -D_FILE_OFFSET_BITS=64  conftest.c  >&5
configure:17590: $? = 0
configure:17603: result: yes
configure:17767: checking whether make supports nested variables
configure:17784: result: yes
configure:17805: checking whether malloc(0) returns NULL
configure:17850: result: no
configure:17871: checking for XV
configure:17878: $PKG_CONFIG --exists --print-errors "x11 >= 1.6 xext xextproto videoproto"
configure:17881: $? = 0
configure:17895: $PKG_CONFIG --exists --print-errors "x11 >= 1.6 xext xextproto videoproto"
configure:17898: $? = 0
configure:17956: result: yes
configure:18205: checking that generated files are newer than configure
configure:18211: result: done
configure:18242: creating ./config.status

## ---------------------- ##
## Running config.status. ##
## ---------------------- ##

This file was extended by libXv config.status 1.0.11, which was
generated by GNU Autoconf 2.69.  Invocation command line was

  CONFIG_FILES    = 
  CONFIG_HEADERS  = 
  CONFIG_LINKS    = 
  CONFIG_COMMANDS = 
  $ ./config.status 

on zed-00

config.status:1135: creating Makefile
config.status:1135: creating include/Makefile
config.status:1135: creating include/X11/Makefile
config.status:1135: creating include/X11/extensions/Makefile
config.status:1135: creating src/Makefile
config.status:1135: creating man/Makefile
config.status:1135: creating xv.pc
config.status:1135: creating config.h
config.status:1364: executing depfiles commands
config.status:1364: executing libtool commands
configure:20468: WARNING: unrecognized options: --disable-gtk-doc, --disable-gtk-doc-html, --disable-doc, --disable-docs, --disable-documentation, --with-xmlto, --with-fop, --enable-ipv6, --disable-nls

## ---------------- ##
## Cache variables. ##
## ---------------- ##

ac_cv_build=x86_64-pc-linux-gnu
ac_cv_c_bigendian=no
ac_cv_c_compiler_gnu=yes
ac_cv_env_CC_set=set
ac_cv_env_CC_value=/media/panpan/tools/buildroot-2018.02.8/output/host/bin/arm-linux-gnueabihf-gcc
ac_cv_env_CFLAGS_set=set
ac_cv_env_CFLAGS_value='-D_LARGEFILE_SOURCE -D_LARGEFILE64_SOURCE -D_FILE_OFFSET_BITS=64  -Os '
ac_cv_env_CPPFLAGS_set=set
ac_cv_env_CPPFLAGS_value='-D_LARGEFILE_SOURCE -D_LARGEFILE64_SOURCE -D_FILE_OFFSET_BITS=64'
ac_cv_env_CPP_set=set
ac_cv_env_CPP_value=/media/panpan/tools/buildroot-2018.02.8/output/host/bin/arm-linux-gnueabihf-cpp
ac_cv_env_LDFLAGS_set=set
ac_cv_env_LDFLAGS_value=
ac_cv_env_LIBS_set=
ac_cv_env_LIBS_value=
ac_cv_env_LINT_FLAGS_set=
ac_cv_env_LINT_FLAGS_value=
ac_cv_env_LINT_set=
ac_cv_env_LINT_value=
ac_cv_env_PKG_CONFIG_LIBDIR_set=
ac_cv_env_PKG_CONFIG_LIBDIR_value=
ac_cv_env_PKG_CONFIG_PATH_set=
ac_cv_env_PKG_CONFIG_PATH_value=
ac_cv_env_PKG_CONFIG_set=set
ac_cv_env_PKG_CONFIG_value=/media/panpan/tools/buildroot-2018.02.8/output/host/bin/pkg-config
ac_cv_env_XV_CFLAGS_set=
ac_cv_env_XV_CFLAGS_value=
ac_cv_env_XV_LIBS_set=
ac_cv_env_XV_LIBS_value=
ac_cv_env_build_alias_set=set
ac_cv_env_build_alias_value=x86_64-pc-linux-gnu
ac_cv_env_host_alias_set=set
ac_cv_env_host_alias_value=arm-buildroot-linux-gnueabihf
ac_cv_env_target_alias_set=set
ac_cv_env_target_alias_value=arm-buildroot-linux-gnueabihf
ac_cv_func_calloc_0_nonnull=yes
ac_cv_func_malloc_0_nonnull=yes
ac_cv_func_memcmp_working=yes
ac_cv_func_mmap_fixed_mapped=yes
ac_cv_func_realloc_0_nonnull=yes
ac_cv_have_decl___INTEL_COMPILER=no
ac_cv_have_decl___SUNPRO_C=no
ac_cv_have_decl___clang__=no
ac_cv_have_decl_malloc=yes
ac_cv_header_dlfcn_h=yes
ac_cv_header_inttypes_h=yes
ac_cv_header_memory_h=yes
ac_cv_header_stdc=yes
ac_cv_header_stdint_h=yes
ac_cv_header_stdlib_h=yes
ac_cv_header_string_h=yes
ac_cv_header_strings_h=yes
ac_cv_header_sys_stat_h=yes
ac_cv_header_sys_types_h=yes
ac_cv_header_unistd_h=yes
ac_cv_host=arm-buildroot-linux-gnueabihf
ac_cv_lbl_unaligned_fail=yes
ac_cv_objext=o
ac_cv_path_EGREP='/bin/grep -E'
ac_cv_path_FGREP='/bin/grep -F'
ac_cv_path_GREP=/bin/grep
ac_cv_path_SED=/bin/sed
ac_cv_path_install='/usr/bin/install -c'
ac_cv_path_mkdir=/bin/mkdir
ac_cv_prog_AR=/media/panpan/tools/buildroot-2018.02.8/output/host/bin/arm-linux-gnueabihf-ar
ac_cv_prog_AWK=gawk
ac_cv_prog_CC=/media/panpan/tools/buildroot-2018.02.8/output/host/bin/arm-linux-gnueabihf-gcc
ac_cv_prog_CPP=/media/panpan/tools/buildroot-2018.02.8/output/host/bin/arm-linux-gnueabihf-cpp
ac_cv_prog_OBJDUMP=/media/panpan/tools/buildroot-2018.02.8/output/host/bin/arm-linux-gnueabihf-objdump
ac_cv_prog_RANLIB=/media/panpan/tools/buildroot-2018.02.8/output/host/bin/arm-linux-gnueabihf-ranlib
ac_cv_prog_STRIP=/media/panpan/tools/buildroot-2018.02.8/output/host/bin/arm-linux-gnueabihf-strip
ac_cv_prog_ac_ct_MANIFEST_TOOL=mt
ac_cv_prog_cc_c89=
ac_cv_prog_cc_c99=
ac_cv_prog_cc_g=yes
ac_cv_prog_make_make_set=yes
am_cv_CC_dependencies_compiler_type=none
am_cv_make_support_nested_variables=yes
am_cv_prog_cc_c_o=yes
gl_cv_func_malloc_0_nonnull=yes
lt_cv_ar_at_file=@
lt_cv_archive_cmds_need_lc=no
lt_cv_deplibs_check_method=pass_all
lt_cv_file_magic_cmd='$MAGIC_CMD'
lt_cv_file_magic_test_file=
lt_cv_ld_reload_flag=-r
lt_cv_nm_interface='BSD nm'
lt_cv_objdir=.libs
lt_cv_path_LD=/media/panpan/tools/buildroot-2018.02.8/output/host/bin/arm-linux-gnueabihf-ld
lt_cv_path_NM=/media/panpan/tools/buildroot-2018.02.8/output/host/bin/arm-linux-gnueabihf-nm
lt_cv_path_mainfest_tool=no
lt_cv_prog_compiler_c_o=yes
lt_cv_prog_compiler_pic='-fPIC -DPIC'
lt_cv_prog_compiler_pic_works=yes
lt_cv_prog_compiler_rtti_exceptions=no
lt_cv_prog_compiler_static_works=yes
lt_cv_prog_gnu_ld=yes
lt_cv_sharedlib_from_linklib_cmd='printf %s\n'
lt_cv_shlibpath_overrides_runpath=no
lt_cv_sys_global_symbol_pipe='sed -n -e '\''s/^.*[	 ]\([ABCDGIRSTW][ABCDGIRSTW]*\)[	 ][	 ]*\([_A-Za-z][_A-Za-z0-9]*\)$/\1 \2 \2/p'\'' | sed '\''/ __gnu_lto/d'\'''
lt_cv_sys_global_symbol_to_c_name_address='sed -n -e '\''s/^: \([^ ]*\)[ ]*$/  {\"\1\", (void *) 0},/p'\'' -e '\''s/^[ABCDGIRSTW]* \([^ ]*\) \([^ ]*\)$/  {"\2", (void *) \&\2},/p'\'''
lt_cv_sys_global_symbol_to_c_name_address_lib_prefix='sed -n -e '\''s/^: \([^ ]*\)[ ]*$/  {\"\1\", (void *) 0},/p'\'' -e '\''s/^[ABCDGIRSTW]* \([^ ]*\) \(lib[^ ]*\)$/  {"\2", (void *) \&\2},/p'\'' -e '\''s/^[ABCDGIRSTW]* \([^ ]*\) \([^ ]*\)$/  {"lib\2", (void *) \&\2},/p'\'''
lt_cv_sys_global_symbol_to_cdecl='sed -n -e '\''s/^T .* \(.*\)$/extern int \1();/p'\'' -e '\''s/^[ABCDGIRSTW]* .* \(.*\)$/extern char \1;/p'\'''
lt_cv_sys_lib_search_path_spec=
lt_cv_sys_max_cmd_len=1572864
lt_cv_to_host_file_cmd=func_convert_file_noop
lt_cv_to_tool_file_cmd=func_convert_file_noop
pkg_cv_XV_CFLAGS='-I/media/panpan/tools/buildroot-2018.02.8/output/host/bin/../arm-buildroot-linux-gnueabihf/sysroot/usr/include  '
pkg_cv_XV_LIBS='-L/media/panpan/tools/buildroot-2018.02.8/output/host/bin/../arm-buildroot-linux-gnueabihf/sysroot/usr/lib -lX11 -lXext  '
xorg_cv_cc_flag__Wall=yes
xorg_cv_cc_flag__Wbad_function_cast=yes
xorg_cv_cc_flag__Wdeclaration_after_statement=yes
xorg_cv_cc_flag__Werror=yes
xorg_cv_cc_flag__Werror_address=yes
xorg_cv_cc_flag__Werror_array_bounds=yes
xorg_cv_cc_flag__Werror_attributes=yes
xorg_cv_cc_flag__Werror_implicit=yes
xorg_cv_cc_flag__Werror_init_self=yes
xorg_cv_cc_flag__Werror_int_to_pointer_cast=yes
xorg_cv_cc_flag__Werror_main=yes
xorg_cv_cc_flag__Werror_missing_braces=yes
xorg_cv_cc_flag__Werror_nonnull=yes
xorg_cv_cc_flag__Werror_pointer_to_int_cast=yes
xorg_cv_cc_flag__Werror_return_type=yes
xorg_cv_cc_flag__Werror_sequence_point=yes
xorg_cv_cc_flag__Werror_trigraphs=yes
xorg_cv_cc_flag__Werror_write_strings=yes
xorg_cv_cc_flag__Wformat_2=yes
xorg_cv_cc_flag__Wlogical_op=yes
xorg_cv_cc_flag__Wmissing_declarations=yes
xorg_cv_cc_flag__Wmissing_format_attribute=yes
xorg_cv_cc_flag__Wmissing_noreturn=yes
xorg_cv_cc_flag__Wmissing_prototypes=yes
xorg_cv_cc_flag__Wnested_externs=yes
xorg_cv_cc_flag__Wold_style_definition=yes
xorg_cv_cc_flag__Wpointer_arith=yes
xorg_cv_cc_flag__Wredundant_decls=yes
xorg_cv_cc_flag__Wshadow=yes
xorg_cv_cc_flag__Wstrict_prototypes=yes
xorg_cv_cc_flag__Wuninitialized=yes
xorg_cv_cc_flag__Wunused=yes
xorg_cv_cc_flag__pedantic=yes
xorg_cv_cc_flag_unknown_warning_option=no
xorg_cv_cc_flag_unused_command_line_argument=no

## ----------------- ##
## Output variables. ##
## ----------------- ##

ACLOCAL='${SHELL} /media/panpan/tools/buildroot-2018.02.8/output/build/xlib_libXv-1.0.11/missing aclocal-1.14'
ADMIN_MAN_DIR='$(mandir)/man$(ADMIN_MAN_SUFFIX)'
ADMIN_MAN_SUFFIX='8'
AMDEPBACKSLASH=''
AMDEP_FALSE=''
AMDEP_TRUE='#'
AMTAR='$${TAR-tar}'
AM_BACKSLASH='\'
AM_DEFAULT_V='$(AM_DEFAULT_VERBOSITY)'
AM_DEFAULT_VERBOSITY='0'
AM_V='$(V)'
APP_MAN_DIR='$(mandir)/man$(APP_MAN_SUFFIX)'
APP_MAN_SUFFIX='1'
AR='/media/panpan/tools/buildroot-2018.02.8/output/host/bin/arm-linux-gnueabihf-ar'
AUTOCONF='${SHELL} /media/panpan/tools/buildroot-2018.02.8/output/build/xlib_libXv-1.0.11/missing autoconf'
AUTOHEADER='${SHELL} /media/panpan/tools/buildroot-2018.02.8/output/build/xlib_libXv-1.0.11/missing autoheader'
AUTOMAKE='${SHELL} /media/panpan/tools/buildroot-2018.02.8/output/build/xlib_libXv-1.0.11/missing automake-1.14'
AWK='gawk'
BASE_CFLAGS=' -Wall -Wpointer-arith -Wmissing-declarations -Wformat=2 -Wstrict-prototypes -Wmissing-prototypes -Wnested-externs -Wbad-function-cast -Wold-style-definition -Wdeclaration-after-statement -Wunused -Wuninitialized -Wshadow -Wmissing-noreturn -Wmissing-format-attribute -Wredundant-decls -Wlogical-op -Werror=implicit -Werror=nonnull -Werror=init-self -Werror=main -Werror=missing-braces -Werror=sequence-point -Werror=return-type -Werror=trigraphs -Werror=array-bounds -Werror=write-strings -Werror=address -Werror=int-to-pointer-cast -Werror=pointer-to-int-cast'
CC='/media/panpan/tools/buildroot-2018.02.8/output/host/bin/arm-linux-gnueabihf-gcc'
CCDEPMODE='depmode=none'
CFLAGS='-D_LARGEFILE_SOURCE -D_LARGEFILE64_SOURCE -D_FILE_OFFSET_BITS=64  -Os '
CHANGELOG_CMD='(GIT_DIR=$(top_srcdir)/.git git log > $(top_srcdir)/.changelog.tmp && mv $(top_srcdir)/.changelog.tmp $(top_srcdir)/ChangeLog) || (rm -f $(top_srcdir)/.changelog.tmp; touch $(top_srcdir)/ChangeLog; echo '\''git directory not found: installing possibly empty changelog.'\'' >&2)'
CPP='/media/panpan/tools/buildroot-2018.02.8/output/host/bin/arm-linux-gnueabihf-cpp'
CPPFLAGS='-D_LARGEFILE_SOURCE -D_LARGEFILE64_SOURCE -D_FILE_OFFSET_BITS=64'
CWARNFLAGS=' -Wall -Wpointer-arith -Wmissing-declarations -Wformat=2 -Wstrict-prototypes -Wmissing-prototypes -Wnested-externs -Wbad-function-cast -Wold-style-definition -Wdeclaration-after-statement -Wunused -Wuninitialized -Wshadow -Wmissing-noreturn -Wmissing-format-attribute -Wredundant-decls -Wlogical-op -Werror=implicit -Werror=nonnull -Werror=init-self -Werror=main -Werror=missing-braces -Werror=sequence-point -Werror=return-type -Werror=trigraphs -Werror=array-bounds -Werror=write-strings -Werror=address -Werror=int-to-pointer-cast -Werror=pointer-to-int-cast -fno-strict-aliasing'
CYGPATH_W='echo'
DEFS='-DHAVE_CONFIG_H'
DEPDIR='.deps'
DLLTOOL='false'
DRIVER_MAN_DIR='$(mandir)/man$(DRIVER_MAN_SUFFIX)'
DRIVER_MAN_SUFFIX='4'
DSYMUTIL=''
DUMPBIN=''
ECHO_C=''
ECHO_N='-n'
ECHO_T=''
EGREP='/bin/grep -E'
EXEEXT=''
FGREP='/bin/grep -F'
FILE_MAN_DIR='$(mandir)/man$(FILE_MAN_SUFFIX)'
FILE_MAN_SUFFIX='5'
GREP='/bin/grep'
INSTALL_CMD='(cp -f /media/panpan/tools/buildroot-2018.02.8/output/host/bin/../arm-buildroot-linux-gnueabihf/sysroot/usr/share/util-macros/INSTALL $(top_srcdir)/.INSTALL.tmp && mv $(top_srcdir)/.INSTALL.tmp $(top_srcdir)/INSTALL) || (rm -f $(top_srcdir)/.INSTALL.tmp; touch $(top_srcdir)/INSTALL; echo '\''util-macros "pkgdatadir" from xorg-macros.pc not found: installing possibly empty INSTALL.'\'' >&2)'
INSTALL_DATA='${INSTALL} -m 644'
INSTALL_PROGRAM='${INSTALL}'
INSTALL_SCRIPT='${INSTALL}'
INSTALL_STRIP_PROGRAM='$(install_sh) -c -s'
LD='/media/panpan/tools/buildroot-2018.02.8/output/host/bin/arm-linux-gnueabihf-ld'
LDFLAGS=''
LIBOBJS=''
LIBS=''
LIBTOOL='$(SHELL) $(top_builddir)/libtool'
LIB_MAN_DIR='$(mandir)/man$(LIB_MAN_SUFFIX)'
LIB_MAN_SUFFIX='3'
LINT=''
LINTLIB=''
LINT_FALSE=''
LINT_FLAGS='-badflag'
LINT_TRUE='#'
LIPO=''
LN_S='ln -s'
LTLIBOBJS=''
MAKEINFO='${SHELL} /media/panpan/tools/buildroot-2018.02.8/output/build/xlib_libXv-1.0.11/missing makeinfo'
MAKE_LINT_LIB_FALSE=''
MAKE_LINT_LIB_TRUE='#'
MALLOC_ZERO_CFLAGS=''
MANIFEST_TOOL=':'
MAN_SUBSTS='	-e '\''s|__vendorversion__|"$(PACKAGE_STRING)" "$(XORG_MAN_PAGE)"|'\'' 	-e '\''s|__xorgversion__|"$(PACKAGE_STRING)" "$(XORG_MAN_PAGE)"|'\'' 	-e '\''s|__xservername__|Xorg|g'\'' 	-e '\''s|__xconfigfile__|xorg.conf|g'\'' 	-e '\''s|__projectroot__|$(prefix)|g'\'' 	-e '\''s|__apploaddir__|$(appdefaultdir)|g'\'' 	-e '\''s|__appmansuffix__|$(APP_MAN_SUFFIX)|g'\'' 	-e '\''s|__drivermansuffix__|$(DRIVER_MAN_SUFFIX)|g'\'' 	-e '\''s|__adminmansuffix__|$(ADMIN_MAN_SUFFIX)|g'\'' 	-e '\''s|__libmansuffix__|$(LIB_MAN_SUFFIX)|g'\'' 	-e '\''s|__miscmansuffix__|$(MISC_MAN_SUFFIX)|g'\'' 	-e '\''s|__filemansuffix__|$(FILE_MAN_SUFFIX)|g'\'''
MISC_MAN_DIR='$(mandir)/man$(MISC_MAN_SUFFIX)'
MISC_MAN_SUFFIX='7'
MKDIR_P='/bin/mkdir -p'
NM='/media/panpan/tools/buildroot-2018.02.8/output/host/bin/arm-linux-gnueabihf-nm'
NMEDIT=''
OBJDUMP='/media/panpan/tools/buildroot-2018.02.8/output/host/bin/arm-linux-gnueabihf-objdump'
OBJEXT='o'
OTOOL64=''
OTOOL=''
PACKAGE='libXv'
PACKAGE_BUGREPORT='https://bugs.freedesktop.org/enter_bug.cgi?product=xorg'
PACKAGE_NAME='libXv'
PACKAGE_STRING='libXv 1.0.11'
PACKAGE_TARNAME='libXv'
PACKAGE_URL=''
PACKAGE_VERSION='1.0.11'
PATH_SEPARATOR=':'
PKG_CONFIG='/media/panpan/tools/buildroot-2018.02.8/output/host/bin/pkg-config'
PKG_CONFIG_LIBDIR=''
PKG_CONFIG_PATH=''
RANLIB='/media/panpan/tools/buildroot-2018.02.8/output/host/bin/arm-linux-gnueabihf-ranlib'
SED='/bin/sed'
SET_MAKE=''
SHELL='/bin/sh'
STRICT_CFLAGS=' -pedantic -Werror -Werror=attributes'
STRIP='/media/panpan/tools/buildroot-2018.02.8/output/host/bin/arm-linux-gnueabihf-strip'
VERSION='1.0.11'
XMALLOC_ZERO_CFLAGS=''
XORG_MAN_PAGE='X Version 11'
XTMALLOC_ZERO_CFLAGS=''
XV_CFLAGS='-I/media/panpan/tools/buildroot-2018.02.8/output/host/bin/../arm-buildroot-linux-gnueabihf/sysroot/usr/include  '
XV_LIBS='-L/media/panpan/tools/buildroot-2018.02.8/output/host/bin/../arm-buildroot-linux-gnueabihf/sysroot/usr/lib -lX11 -lXext  '
ac_ct_AR=''
ac_ct_CC=''
ac_ct_DUMPBIN=''
am__EXEEXT_FALSE=''
am__EXEEXT_TRUE='#'
am__fastdepCC_FALSE=''
am__fastdepCC_TRUE='#'
am__include='include'
am__isrc=''
am__leading_dot='.'
am__nodep=''
am__quote=''
am__tar='$${TAR-tar} chof - "$$tardir"'
am__untar='$${TAR-tar} xf -'
bindir='${exec_prefix}/bin'
build='x86_64-pc-linux-gnu'
build_alias='x86_64-pc-linux-gnu'
build_cpu='x86_64'
build_os='linux-gnu'
build_vendor='pc'
datadir='${datarootdir}'
datarootdir='${prefix}/share'
docdir='${datarootdir}/doc/${PACKAGE_TARNAME}'
dvidir='${docdir}'
exec_prefix='/usr'
host='arm-buildroot-linux-gnueabihf'
host_alias='arm-buildroot-linux-gnueabihf'
host_cpu='arm'
host_os='linux-gnueabihf'
host_vendor='buildroot'
htmldir='${docdir}'
includedir='${prefix}/include'
infodir='${datarootdir}/info'
install_sh='${SHELL} /media/panpan/tools/buildroot-2018.02.8/output/build/xlib_libXv-1.0.11/install-sh'
libdir='${exec_prefix}/lib'
libexecdir='${exec_prefix}/libexec'
localedir='${datarootdir}/locale'
localstatedir='/var'
mandir='${datarootdir}/man'
mkdir_p='$(MKDIR_P)'
oldincludedir='/usr/include'
pdfdir='${docdir}'
prefix='/usr'
program_transform_name='s&^&&'
psdir='${docdir}'
sbindir='${exec_prefix}/sbin'
sharedstatedir='${prefix}/com'
sysconfdir='/etc'
target_alias='arm-buildroot-linux-gnueabihf'

## ----------- ##
## confdefs.h. ##
## ----------- ##

/* confdefs.h */
#define PACKAGE_NAME "libXv"
#define PACKAGE_TARNAME "libXv"
#define PACKAGE_VERSION "1.0.11"
#define PACKAGE_STRING "libXv 1.0.11"
#define PACKAGE_BUGREPORT "https://bugs.freedesktop.org/enter_bug.cgi?product=xorg"
#define PACKAGE_URL ""
#define PACKAGE "libXv"
#define VERSION "1.0.11"
#define STDC_HEADERS 1
#define HAVE_SYS_TYPES_H 1
#define HAVE_SYS_STAT_H 1
#define HAVE_STDLIB_H 1
#define HAVE_STRING_H 1
#define HAVE_MEMORY_H 1
#define HAVE_STRINGS_H 1
#define HAVE_INTTYPES_H 1
#define HAVE_STDINT_H 1
#define HAVE_UNISTD_H 1
#define HAVE_DLFCN_H 1
#define LT_OBJDIR ".libs/"
#define PACKAGE_VERSION_MAJOR 1
#define PACKAGE_VERSION_MINOR 0
#define PACKAGE_VERSION_PATCHLEVEL 11

configure: exit 0
