This file contains any messages produced by compilers while
running configure, to aid debugging if configure makes a mistake.

It was created by gdk-pixbuf configure 2.36.10, which was
generated by GNU Autoconf 2.69.  Invocation command line was

  $ ./configure --prefix=/media/panpan/tools/buildroot-2018.02.8/output/host --sysconfdir=/media/panpan/tools/buildroot-2018.02.8/output/host/etc --localstatedir=/media/panpan/tools/buildroot-2018.02.8/output/host/var --enable-shared --disable-static --disable-gtk-doc --disable-gtk-doc-html --disable-doc --disable-docs --disable-documentation --disable-debug --with-xmlto=no --with-fop=no --disable-dependency-tracking --without-libtiff

## --------- ##
## Platform. ##
## --------- ##

hostname = zed-00
uname -m = x86_64
uname -r = 4.4.0-116-generic
uname -s = Linux
uname -v = #140-Ubuntu SMP Mon Feb 12 21:23:04 UTC 2018

/usr/bin/uname -p = unknown
/bin/uname -X     = unknown

/bin/arch              = unknown
/usr/bin/arch -k       = unknown
/usr/convex/getsysinfo = unknown
/usr/bin/hostinfo      = unknown
/bin/machine           = unknown
/usr/bin/oslevel       = unknown
/bin/universe          = unknown

PATH: /media/panpan/tools/buildroot-2018.02.8/output/host/bin
PATH: /media/panpan/tools/buildroot-2018.02.8/output/host/sbin
PATH: /usr/local/sbin
PATH: /usr/local/bin
PATH: /usr/sbin
PATH: /usr/bin
PATH: /sbin
PATH: /bin
PATH: /usr/games
PATH: /usr/local/games
PATH: /snap/bin
PATH: /home/panpan/player/webrtc/go_appengine


## ----------- ##
## Core tests. ##
## ----------- ##

configure:2570: checking for a BSD-compatible install
configure:2638: result: /usr/bin/install -c
configure:2649: checking whether build environment is sane
configure:2704: result: yes
configure:2855: checking for a thread-safe mkdir -p
configure:2894: result: /bin/mkdir -p
configure:2901: checking for gawk
configure:2917: found /usr/bin/gawk
configure:2928: result: gawk
configure:2939: checking whether make sets $(MAKE)
configure:2961: result: yes
configure:2990: checking whether make supports nested variables
configure:3007: result: yes
configure:3087: checking whether UID '999' is supported by ustar format
configure:3090: result: yes
configure:3097: checking whether GID '999' is supported by ustar format
configure:3100: result: yes
configure:3108: checking how to create a ustar tar archive
configure:3119: tar --version
tar (GNU tar) 1.28
Copyright (C) 2014 Free Software Foundation, Inc.
License GPLv3+: GNU GPL version 3 or later <http://gnu.org/licenses/gpl.html>.
This is free software: you are free to change and redistribute it.
There is NO WARRANTY, to the extent permitted by law.

Written by John Gilmore and Jay Fenlason.
configure:3122: $? = 0
configure:3162: tardir=conftest.dir && eval tar --format=ustar -chf - "$tardir" >conftest.tar
configure:3165: $? = 0
configure:3169: tar -xf - <conftest.tar
configure:3172: $? = 0
configure:3174: cat conftest.dir/file
GrepMe
configure:3177: $? = 0
configure:3190: result: gnutar
configure:3241: checking whether to enable maintainer-specific portions of Makefiles
configure:3250: result: yes
configure:3278: checking whether make supports nested variables
configure:3295: result: yes
configure:3394: checking for gcc
configure:3421: result: /usr/bin/gcc
configure:3650: checking for C compiler version
configure:3659: /usr/bin/gcc --version >&5
gcc (Ubuntu 5.4.0-6ubuntu1~16.04.10) 5.4.0 20160609
Copyright (C) 2015 Free Software Foundation, Inc.
This is free software; see the source for copying conditions.  There is NO
warranty; not even for MERCHANTABILITY or FITNESS FOR A PARTICULAR PURPOSE.

configure:3670: $? = 0
configure:3659: /usr/bin/gcc -v >&5
Using built-in specs.
COLLECT_GCC=/usr/bin/gcc
COLLECT_LTO_WRAPPER=/usr/lib/gcc/x86_64-linux-gnu/5/lto-wrapper
Target: x86_64-linux-gnu
Configured with: ../src/configure -v --with-pkgversion='Ubuntu 5.4.0-6ubuntu1~16.04.10' --with-bugurl=file:///usr/share/doc/gcc-5/README.Bugs --enable-languages=c,ada,c++,java,go,d,fortran,objc,obj-c++ --prefix=/usr --program-suffix=-5 --enable-shared --enable-linker-build-id --libexecdir=/usr/lib --without-included-gettext --enable-threads=posix --libdir=/usr/lib --enable-nls --with-sysroot=/ --enable-clocale=gnu --enable-libstdcxx-debug --enable-libstdcxx-time=yes --with-default-libstdcxx-abi=new --enable-gnu-unique-object --disable-vtable-verify --enable-libmpx --enable-plugin --with-system-zlib --disable-browser-plugin --enable-java-awt=gtk --enable-gtk-cairo --with-java-home=/usr/lib/jvm/java-1.5.0-gcj-5-amd64/jre --enable-java-home --with-jvm-root-dir=/usr/lib/jvm/java-1.5.0-gcj-5-amd64 --with-jvm-jar-dir=/usr/lib/jvm-exports/java-1.5.0-gcj-5-amd64 --with-arch-directory=amd64 --with-ecj-jar=/usr/share/java/eclipse-ecj.jar --enable-objc-gc --enable-multiarch --disable-werror --with-arch-32=i686 --with-abi=m64 --with-multilib-list=m32,m64,mx32 --enable-multilib --with-tune=generic --enable-checking=release --build=x86_64-linux-gnu --host=x86_64-linux-gnu --target=x86_64-linux-gnu
Thread model: posix
gcc version 5.4.0 20160609 (Ubuntu 5.4.0-6ubuntu1~16.04.10) 
configure:3670: $? = 0
configure:3659: /usr/bin/gcc -V >&5
gcc: error: unrecognized command line option '-V'
gcc: fatal error: no input files
compilation terminated.
configure:3670: $? = 1
configure:3659: /usr/bin/gcc -qversion >&5
gcc: error: unrecognized command line option '-qversion'
gcc: fatal error: no input files
compilation terminated.
configure:3670: $? = 1
configure:3690: checking whether the C compiler works
configure:3712: /usr/bin/gcc -O2 -I/media/panpan/tools/buildroot-2018.02.8/output/host/include -I/media/panpan/tools/buildroot-2018.02.8/output/host/include -L/media/panpan/tools/buildroot-2018.02.8/output/host/lib -Wl,-rpath,/media/panpan/tools/buildroot-2018.02.8/output/host/lib conftest.c  >&5
configure:3716: $? = 0
configure:3764: result: yes
configure:3767: checking for C compiler default output file name
configure:3769: result: a.out
configure:3775: checking for suffix of executables
configure:3782: /usr/bin/gcc -o conftest -O2 -I/media/panpan/tools/buildroot-2018.02.8/output/host/include -I/media/panpan/tools/buildroot-2018.02.8/output/host/include -L/media/panpan/tools/buildroot-2018.02.8/output/host/lib -Wl,-rpath,/media/panpan/tools/buildroot-2018.02.8/output/host/lib conftest.c  >&5
configure:3786: $? = 0
configure:3808: result: 
configure:3830: checking whether we are cross compiling
configure:3838: /usr/bin/gcc -o conftest -O2 -I/media/panpan/tools/buildroot-2018.02.8/output/host/include -I/media/panpan/tools/buildroot-2018.02.8/output/host/include -L/media/panpan/tools/buildroot-2018.02.8/output/host/lib -Wl,-rpath,/media/panpan/tools/buildroot-2018.02.8/output/host/lib conftest.c  >&5
configure:3842: $? = 0
configure:3849: ./conftest
configure:3853: $? = 0
configure:3868: result: no
configure:3873: checking for suffix of object files
configure:3895: /usr/bin/gcc -c -O2 -I/media/panpan/tools/buildroot-2018.02.8/output/host/include -I/media/panpan/tools/buildroot-2018.02.8/output/host/include conftest.c >&5
configure:3899: $? = 0
configure:3920: result: o
configure:3924: checking whether we are using the GNU C compiler
configure:3943: /usr/bin/gcc -c -O2 -I/media/panpan/tools/buildroot-2018.02.8/output/host/include -I/media/panpan/tools/buildroot-2018.02.8/output/host/include conftest.c >&5
configure:3943: $? = 0
configure:3952: result: yes
configure:3961: checking whether /usr/bin/gcc accepts -g
configure:3981: /usr/bin/gcc -c -g -I/media/panpan/tools/buildroot-2018.02.8/output/host/include conftest.c >&5
configure:3981: $? = 0
configure:4022: result: yes
configure:4039: checking for /usr/bin/gcc option to accept ISO C89
configure:4102: /usr/bin/gcc  -c -O2 -I/media/panpan/tools/buildroot-2018.02.8/output/host/include -I/media/panpan/tools/buildroot-2018.02.8/output/host/include conftest.c >&5
configure:4102: $? = 0
configure:4115: result: none needed
configure:4140: checking whether /usr/bin/gcc understands -c and -o together
configure:4162: /usr/bin/gcc -c conftest.c -o conftest2.o
configure:4165: $? = 0
configure:4162: /usr/bin/gcc -c conftest.c -o conftest2.o
configure:4165: $? = 0
configure:4177: result: yes
configure:4205: checking for style of include used by make
configure:4233: result: GNU
configure:4259: checking dependency style of /usr/bin/gcc
configure:4370: result: none
configure:4386: checking whether /usr/bin/gcc and cc understand -c and -o together
configure:4417: /usr/bin/gcc -c conftest.c -o conftest2.o >&5
configure:4421: $? = 0
configure:4427: /usr/bin/gcc -c conftest.c -o conftest2.o >&5
configure:4431: $? = 0
configure:4442: cc -c conftest.c >&5
configure:4446: $? = 0
configure:4454: cc -c conftest.c -o conftest2.o >&5
configure:4458: $? = 0
configure:4464: cc -c conftest.c -o conftest2.o >&5
configure:4468: $? = 0
configure:4486: result: yes
configure:4500: checking for /usr/bin/gcc option to accept ISO C99
configure:4649: /usr/bin/gcc  -c -O2 -I/media/panpan/tools/buildroot-2018.02.8/output/host/include -I/media/panpan/tools/buildroot-2018.02.8/output/host/include conftest.c >&5
configure:4649: $? = 0
configure:4662: result: none needed
configure:4770: checking for /usr/bin/gcc option to accept ISO Standard C
configure:4781: result: none needed
configure:4789: checking whether make sets $(MAKE)
configure:4811: result: yes
configure:4824: checking for gawk
configure:4851: result: gawk
configure:4971: checking pkg-config is at least version 0.9.0
configure:4974: result: yes
configure:4987: checking build system type
configure:5001: result: x86_64-pc-linux-gnu
configure:5021: checking host system type
configure:5034: result: x86_64-pc-linux-gnu
configure:5145: checking for cos in -lm
configure:5170: /usr/bin/gcc -o conftest -O2 -I/media/panpan/tools/buildroot-2018.02.8/output/host/include -I/media/panpan/tools/buildroot-2018.02.8/output/host/include -L/media/panpan/tools/buildroot-2018.02.8/output/host/lib -Wl,-rpath,/media/panpan/tools/buildroot-2018.02.8/output/host/lib conftest.c -lm   >&5
conftest.c:16:6: warning: conflicting types for built-in function 'cos'
 char cos ();
      ^
configure:5170: $? = 0
configure:5179: result: yes
configure:5190: checking for round in -lm
configure:5215: /usr/bin/gcc -o conftest -O2 -I/media/panpan/tools/buildroot-2018.02.8/output/host/include -I/media/panpan/tools/buildroot-2018.02.8/output/host/include -L/media/panpan/tools/buildroot-2018.02.8/output/host/lib -Wl,-rpath,/media/panpan/tools/buildroot-2018.02.8/output/host/lib conftest.c -lm   >&5
conftest.c:16:6: warning: conflicting types for built-in function 'round'
 char round ();
      ^
configure:5215: $? = 0
configure:5224: result: yes
configure:5232: checking for lrint in -lm
configure:5257: /usr/bin/gcc -o conftest -O2 -I/media/panpan/tools/buildroot-2018.02.8/output/host/include -I/media/panpan/tools/buildroot-2018.02.8/output/host/include -L/media/panpan/tools/buildroot-2018.02.8/output/host/lib -Wl,-rpath,/media/panpan/tools/buildroot-2018.02.8/output/host/lib conftest.c -lm   >&5
conftest.c:17:6: warning: conflicting types for built-in function 'lrint'
 char lrint ();
      ^
configure:5257: $? = 0
configure:5266: result: yes
configure:5275: checking for native Win32
configure:5297: result: no
configure:5364: checking how to print strings
configure:5391: result: printf
configure:5412: checking for a sed that does not truncate output
configure:5476: result: /bin/sed
configure:5494: checking for grep that handles long lines and -e
configure:5552: result: /bin/grep
configure:5557: checking for egrep
configure:5619: result: /bin/grep -E
configure:5624: checking for fgrep
configure:5686: result: /bin/grep -F
configure:5721: checking for ld used by /usr/bin/gcc
configure:5788: result: /usr/bin/ld
configure:5795: checking if the linker (/usr/bin/ld) is GNU ld
configure:5810: result: yes
configure:5822: checking for BSD- or MS-compatible name lister (nm)
configure:5876: result: /usr/bin/nm
configure:6006: checking the name lister (/usr/bin/nm) interface
configure:6013: /usr/bin/gcc -c -O2 -I/media/panpan/tools/buildroot-2018.02.8/output/host/include -I/media/panpan/tools/buildroot-2018.02.8/output/host/include conftest.c >&5
configure:6016: /usr/bin/nm "conftest.o"
configure:6019: output
0000000000000000 B some_variable
configure:6026: result: BSD nm
configure:6029: checking whether ln -s works
configure:6033: result: yes
configure:6041: checking the maximum length of command line arguments
configure:6172: result: 1572864
configure:6220: checking how to convert x86_64-pc-linux-gnu file names to x86_64-pc-linux-gnu format
configure:6260: result: func_convert_file_noop
configure:6267: checking how to convert x86_64-pc-linux-gnu file names to toolchain format
configure:6287: result: func_convert_file_noop
configure:6294: checking for /usr/bin/ld option to reload object files
configure:6301: result: -r
configure:6375: checking for objdump
configure:6391: found /usr/bin/objdump
configure:6402: result: objdump
configure:6431: checking how to recognize dependent libraries
configure:6631: result: pass_all
configure:6716: checking for dlltool
configure:6746: result: no
configure:6773: checking how to associate runtime and link libraries
configure:6800: result: printf %s\n
configure:6924: checking for archiver @FILE support
configure:6941: /usr/bin/gcc -c -O2 -I/media/panpan/tools/buildroot-2018.02.8/output/host/include -I/media/panpan/tools/buildroot-2018.02.8/output/host/include conftest.c >&5
configure:6941: $? = 0
configure:6944: /usr/bin/ar cru libconftest.a @conftest.lst >&5
/usr/bin/ar: `u' modifier ignored since `D' is the default (see `U')
configure:6947: $? = 0
configure:6952: /usr/bin/ar cru libconftest.a @conftest.lst >&5
/usr/bin/ar: `u' modifier ignored since `D' is the default (see `U')
/usr/bin/ar: conftest.o: No such file or directory
configure:6955: $? = 1
configure:6967: result: @
configure:7025: checking for strip
configure:7041: found /usr/bin/strip
configure:7052: result: strip
configure:7124: checking for ranlib
configure:7151: result: /usr/bin/ranlib
configure:7253: checking command to parse /usr/bin/nm output from /usr/bin/gcc object
configure:7406: /usr/bin/gcc -c -O2 -I/media/panpan/tools/buildroot-2018.02.8/output/host/include -I/media/panpan/tools/buildroot-2018.02.8/output/host/include conftest.c >&5
configure:7409: $? = 0
configure:7413: /usr/bin/nm conftest.o \| sed -n -e 's/^.*[ ]\([ABCDGIRSTW][ABCDGIRSTW]*\)[ ][ ]*\([_A-Za-z][_A-Za-z0-9]*\)$/\1 \2 \2/p' | sed '/ __gnu_lto/d' \> conftest.nm
configure:7416: $? = 0
configure:7482: /usr/bin/gcc -o conftest -O2 -I/media/panpan/tools/buildroot-2018.02.8/output/host/include -I/media/panpan/tools/buildroot-2018.02.8/output/host/include -L/media/panpan/tools/buildroot-2018.02.8/output/host/lib -Wl,-rpath,/media/panpan/tools/buildroot-2018.02.8/output/host/lib conftest.c conftstm.o >&5
configure:7485: $? = 0
configure:7523: result: ok
configure:7570: checking for sysroot
configure:7600: result: no
configure:7607: checking for a working dd
configure:7645: result: /bin/dd
configure:7649: checking how to truncate binary pipes
configure:7664: result: /bin/dd bs=4096 count=1
configure:7800: /usr/bin/gcc -c -O2 -I/media/panpan/tools/buildroot-2018.02.8/output/host/include -I/media/panpan/tools/buildroot-2018.02.8/output/host/include conftest.c >&5
configure:7803: $? = 0
configure:7993: checking for mt
configure:8009: found /bin/mt
configure:8020: result: mt
configure:8043: checking if mt is a manifest tool
configure:8049: mt '-?'
configure:8057: result: no
configure:8734: checking how to run the C preprocessor
configure:8804: result: /usr/bin/cpp
configure:8824: /usr/bin/cpp -I/media/panpan/tools/buildroot-2018.02.8/output/host/include conftest.c
configure:8824: $? = 0
configure:8838: /usr/bin/cpp -I/media/panpan/tools/buildroot-2018.02.8/output/host/include conftest.c
conftest.c:12:28: fatal error: ac_nonexistent.h: No such file or directory
compilation terminated.
configure:8838: $? = 1
configure: failed program was:
| /* confdefs.h */
| #define PACKAGE_NAME "gdk-pixbuf"
| #define PACKAGE_TARNAME "gdk-pixbuf"
| #define PACKAGE_VERSION "2.36.10"
| #define PACKAGE_STRING "gdk-pixbuf 2.36.10"
| #define PACKAGE_BUGREPORT "http://bugzilla.gnome.org/enter_bug.cgi?product=gdk-pixbuf"
| #define PACKAGE_URL ""
| #define HAVE_ROUND 1
| #define HAVE_LRINT 1
| #define OS_LINUX 1
| /* end confdefs.h.  */
| #include <ac_nonexistent.h>
configure:8867: checking for ANSI C header files
configure:8887: /usr/bin/gcc -c -O2 -I/media/panpan/tools/buildroot-2018.02.8/output/host/include -I/media/panpan/tools/buildroot-2018.02.8/output/host/include conftest.c >&5
configure:8887: $? = 0
configure:8960: /usr/bin/gcc -o conftest -O2 -I/media/panpan/tools/buildroot-2018.02.8/output/host/include -I/media/panpan/tools/buildroot-2018.02.8/output/host/include -L/media/panpan/tools/buildroot-2018.02.8/output/host/lib -Wl,-rpath,/media/panpan/tools/buildroot-2018.02.8/output/host/lib conftest.c  >&5
configure:8960: $? = 0
configure:8960: ./conftest
configure:8960: $? = 0
configure:8971: result: yes
configure:8984: checking for sys/types.h
configure:8984: /usr/bin/gcc -c -O2 -I/media/panpan/tools/buildroot-2018.02.8/output/host/include -I/media/panpan/tools/buildroot-2018.02.8/output/host/include conftest.c >&5
configure:8984: $? = 0
configure:8984: result: yes
configure:8984: checking for sys/stat.h
configure:8984: /usr/bin/gcc -c -O2 -I/media/panpan/tools/buildroot-2018.02.8/output/host/include -I/media/panpan/tools/buildroot-2018.02.8/output/host/include conftest.c >&5
configure:8984: $? = 0
configure:8984: result: yes
configure:8984: checking for stdlib.h
configure:8984: /usr/bin/gcc -c -O2 -I/media/panpan/tools/buildroot-2018.02.8/output/host/include -I/media/panpan/tools/buildroot-2018.02.8/output/host/include conftest.c >&5
configure:8984: $? = 0
configure:8984: result: yes
configure:8984: checking for string.h
configure:8984: /usr/bin/gcc -c -O2 -I/media/panpan/tools/buildroot-2018.02.8/output/host/include -I/media/panpan/tools/buildroot-2018.02.8/output/host/include conftest.c >&5
configure:8984: $? = 0
configure:8984: result: yes
configure:8984: checking for memory.h
configure:8984: /usr/bin/gcc -c -O2 -I/media/panpan/tools/buildroot-2018.02.8/output/host/include -I/media/panpan/tools/buildroot-2018.02.8/output/host/include conftest.c >&5
configure:8984: $? = 0
configure:8984: result: yes
configure:8984: checking for strings.h
configure:8984: /usr/bin/gcc -c -O2 -I/media/panpan/tools/buildroot-2018.02.8/output/host/include -I/media/panpan/tools/buildroot-2018.02.8/output/host/include conftest.c >&5
configure:8984: $? = 0
configure:8984: result: yes
configure:8984: checking for inttypes.h
configure:8984: /usr/bin/gcc -c -O2 -I/media/panpan/tools/buildroot-2018.02.8/output/host/include -I/media/panpan/tools/buildroot-2018.02.8/output/host/include conftest.c >&5
configure:8984: $? = 0
configure:8984: result: yes
configure:8984: checking for stdint.h
configure:8984: /usr/bin/gcc -c -O2 -I/media/panpan/tools/buildroot-2018.02.8/output/host/include -I/media/panpan/tools/buildroot-2018.02.8/output/host/include conftest.c >&5
configure:8984: $? = 0
configure:8984: result: yes
configure:8984: checking for unistd.h
configure:8984: /usr/bin/gcc -c -O2 -I/media/panpan/tools/buildroot-2018.02.8/output/host/include -I/media/panpan/tools/buildroot-2018.02.8/output/host/include conftest.c >&5
configure:8984: $? = 0
configure:8984: result: yes
configure:8998: checking for dlfcn.h
configure:8998: /usr/bin/gcc -c -O2 -I/media/panpan/tools/buildroot-2018.02.8/output/host/include -I/media/panpan/tools/buildroot-2018.02.8/output/host/include conftest.c >&5
configure:8998: $? = 0
configure:8998: result: yes
configure:9551: checking for objdir
configure:9566: result: .libs
configure:9830: checking if /usr/bin/gcc supports -fno-rtti -fno-exceptions
configure:9848: /usr/bin/gcc -c -O2 -I/media/panpan/tools/buildroot-2018.02.8/output/host/include -I/media/panpan/tools/buildroot-2018.02.8/output/host/include -fno-rtti -fno-exceptions conftest.c >&5
cc1: warning: command line option '-fno-rtti' is valid for C++/ObjC++ but not for C
configure:9852: $? = 0
configure:9865: result: no
configure:10223: checking for /usr/bin/gcc option to produce PIC
configure:10230: result: -fPIC -DPIC
configure:10238: checking if /usr/bin/gcc PIC flag -fPIC -DPIC works
configure:10256: /usr/bin/gcc -c -O2 -I/media/panpan/tools/buildroot-2018.02.8/output/host/include -I/media/panpan/tools/buildroot-2018.02.8/output/host/include -fPIC -DPIC -DPIC conftest.c >&5
configure:10260: $? = 0
configure:10273: result: yes
configure:10302: checking if /usr/bin/gcc static flag -static works
configure:10330: result: yes
configure:10345: checking if /usr/bin/gcc supports -c -o file.o
configure:10366: /usr/bin/gcc -c -O2 -I/media/panpan/tools/buildroot-2018.02.8/output/host/include -I/media/panpan/tools/buildroot-2018.02.8/output/host/include -o out/conftest2.o conftest.c >&5
configure:10370: $? = 0
configure:10392: result: yes
configure:10400: checking if /usr/bin/gcc supports -c -o file.o
configure:10447: result: yes
configure:10480: checking whether the /usr/bin/gcc linker (/usr/bin/ld -m elf_x86_64) supports shared libraries
configure:11739: result: yes
configure:11776: checking whether -lc should be explicitly linked in
configure:11784: /usr/bin/gcc -c -O2 -I/media/panpan/tools/buildroot-2018.02.8/output/host/include -I/media/panpan/tools/buildroot-2018.02.8/output/host/include conftest.c >&5
configure:11787: $? = 0
configure:11802: /usr/bin/gcc -shared  -fPIC -DPIC conftest.o  -v -Wl,-soname -Wl,conftest -o conftest 2\>\&1 \| /bin/grep  -lc  \>/dev/null 2\>\&1
configure:11805: $? = 0
configure:11819: result: no
configure:11979: checking dynamic linker characteristics
configure:12560: /usr/bin/gcc -o conftest -O2 -I/media/panpan/tools/buildroot-2018.02.8/output/host/include -I/media/panpan/tools/buildroot-2018.02.8/output/host/include -L/media/panpan/tools/buildroot-2018.02.8/output/host/lib -Wl,-rpath,/media/panpan/tools/buildroot-2018.02.8/output/host/lib -Wl,-rpath -Wl,/foo conftest.c  >&5
configure:12560: $? = 0
configure:12800: result: GNU/Linux ld.so
configure:12922: checking how to hardcode library paths into programs
configure:12947: result: immediate
configure:13495: checking whether stripping libraries is possible
configure:13500: result: yes
configure:13535: checking if libtool supports shared libraries
configure:13537: result: yes
configure:13540: checking whether to build shared libraries
configure:13565: result: yes
configure:13568: checking whether to build static libraries
configure:13572: result: no
configure:13611: creating ./config.lt

## ------------------ ##
## Running config.lt. ##
## ------------------ ##
config.lt:628: creating libtool
configure:14911: checking for special C compiler options needed for large files
configure:14956: result: no
configure:14962: checking for _FILE_OFFSET_BITS value needed for large files
configure:14987: /usr/bin/gcc -c -O2 -I/media/panpan/tools/buildroot-2018.02.8/output/host/include -I/media/panpan/tools/buildroot-2018.02.8/output/host/include conftest.c >&5
configure:14987: $? = 0
configure:15019: result: no
configure:15114: checking dependency style of /usr/bin/gcc
configure:15223: result: none
configure:15339: checking for some Win32 platform
configure:15348: result: no
configure:15561: checking whether build environment is sane
configure:15616: result: yes
configure:15697: checking for BASE_DEPENDENCIES
configure:15704: $PKG_CONFIG --exists --print-errors "glib-2.0 >= 2.48.0"
configure:15707: $? = 0
configure:15721: $PKG_CONFIG --exists --print-errors "glib-2.0 >= 2.48.0"
configure:15724: $? = 0
configure:15782: result: yes
configure:15806: checking Whether to write dependencies into .pc files
configure:15823: result: no
configure:15842: checking for perl5
configure:15872: result: /usr/bin/perl
configure:15893: checking for sigsetjmp
configure:15909: /usr/bin/gcc -o conftest -O2 -I/media/panpan/tools/buildroot-2018.02.8/output/host/include -Wall -I/media/panpan/tools/buildroot-2018.02.8/output/host/include -DG_DISABLE_SINGLE_INCLUDES -L/media/panpan/tools/buildroot-2018.02.8/output/host/lib -Wl,-rpath,/media/panpan/tools/buildroot-2018.02.8/output/host/lib conftest.c  >&5
configure:15909: $? = 0
configure:15916: result: yes
configure:15927: checking whether NLS is requested
configure:15936: result: yes
configure:15976: checking for msgfmt
configure: trying /media/panpan/tools/buildroot-2018.02.8/output/host/bin/msgfmt...
0 translated messages.
configure:16008: result: /media/panpan/tools/buildroot-2018.02.8/output/host/bin/msgfmt
configure:16017: checking for gmsgfmt
configure:16048: result: /media/panpan/tools/buildroot-2018.02.8/output/host/bin/msgfmt
configure:16098: checking for xgettext
configure: trying /media/panpan/tools/buildroot-2018.02.8/output/host/bin/xgettext...
/media/panpan/tools/buildroot-2018.02.8/output/host/bin/xgettext: warning: file '/dev/null' extension '' is unknown; will try C
configure:16130: result: /media/panpan/tools/buildroot-2018.02.8/output/host/bin/xgettext
configure:16175: checking for msgmerge
configure: trying /media/panpan/tools/buildroot-2018.02.8/output/host/bin/msgmerge...
configure:16206: result: /media/panpan/tools/buildroot-2018.02.8/output/host/bin/msgmerge
configure:16264: checking for ld used by /usr/bin/gcc
configure:16331: result: /usr/bin/ld -m elf_x86_64
configure:16338: checking if the linker (/usr/bin/ld -m elf_x86_64) is GNU ld
configure:16353: result: yes
configure:16360: checking for shared library run path origin
configure:16373: result: done
configure:16945: checking for CFPreferencesCopyAppValue
configure:16963: /usr/bin/gcc -o conftest -O2 -I/media/panpan/tools/buildroot-2018.02.8/output/host/include -Wall -I/media/panpan/tools/buildroot-2018.02.8/output/host/include -DG_DISABLE_SINGLE_INCLUDES -L/media/panpan/tools/buildroot-2018.02.8/output/host/lib -Wl,-rpath,/media/panpan/tools/buildroot-2018.02.8/output/host/lib conftest.c  -Wl,-framework -Wl,CoreFoundation >&5
conftest.c:25:42: fatal error: CoreFoundation/CFPreferences.h: No such file or directory
compilation terminated.
configure:16963: $? = 1
configure: failed program was:
| /* confdefs.h */
| #define PACKAGE_NAME "gdk-pixbuf"
| #define PACKAGE_TARNAME "gdk-pixbuf"
| #define PACKAGE_VERSION "2.36.10"
| #define PACKAGE_STRING "gdk-pixbuf 2.36.10"
| #define PACKAGE_BUGREPORT "http://bugzilla.gnome.org/enter_bug.cgi?product=gdk-pixbuf"
| #define PACKAGE_URL ""
| #define HAVE_ROUND 1
| #define HAVE_LRINT 1
| #define OS_LINUX 1
| #define STDC_HEADERS 1
| #define HAVE_SYS_TYPES_H 1
| #define HAVE_SYS_STAT_H 1
| #define HAVE_STDLIB_H 1
| #define HAVE_STRING_H 1
| #define HAVE_MEMORY_H 1
| #define HAVE_STRINGS_H 1
| #define HAVE_INTTYPES_H 1
| #define HAVE_STDINT_H 1
| #define HAVE_UNISTD_H 1
| #define HAVE_DLFCN_H 1
| #define LT_OBJDIR ".libs/"
| #define HAVE_SIGSETJMP 1
| /* end confdefs.h.  */
| #include <CoreFoundation/CFPreferences.h>
| int
| main ()
| {
| CFPreferencesCopyAppValue(NULL, NULL)
|   ;
|   return 0;
| }
configure:16972: result: no
configure:16979: checking for CFLocaleCopyCurrent
configure:16997: /usr/bin/gcc -o conftest -O2 -I/media/panpan/tools/buildroot-2018.02.8/output/host/include -Wall -I/media/panpan/tools/buildroot-2018.02.8/output/host/include -DG_DISABLE_SINGLE_INCLUDES -L/media/panpan/tools/buildroot-2018.02.8/output/host/lib -Wl,-rpath,/media/panpan/tools/buildroot-2018.02.8/output/host/lib conftest.c  -Wl,-framework -Wl,CoreFoundation >&5
conftest.c:25:37: fatal error: CoreFoundation/CFLocale.h: No such file or directory
compilation terminated.
configure:16997: $? = 1
configure: failed program was:
| /* confdefs.h */
| #define PACKAGE_NAME "gdk-pixbuf"
| #define PACKAGE_TARNAME "gdk-pixbuf"
| #define PACKAGE_VERSION "2.36.10"
| #define PACKAGE_STRING "gdk-pixbuf 2.36.10"
| #define PACKAGE_BUGREPORT "http://bugzilla.gnome.org/enter_bug.cgi?product=gdk-pixbuf"
| #define PACKAGE_URL ""
| #define HAVE_ROUND 1
| #define HAVE_LRINT 1
| #define OS_LINUX 1
| #define STDC_HEADERS 1
| #define HAVE_SYS_TYPES_H 1
| #define HAVE_SYS_STAT_H 1
| #define HAVE_STDLIB_H 1
| #define HAVE_STRING_H 1
| #define HAVE_MEMORY_H 1
| #define HAVE_STRINGS_H 1
| #define HAVE_INTTYPES_H 1
| #define HAVE_STDINT_H 1
| #define HAVE_UNISTD_H 1
| #define HAVE_DLFCN_H 1
| #define LT_OBJDIR ".libs/"
| #define HAVE_SIGSETJMP 1
| /* end confdefs.h.  */
| #include <CoreFoundation/CFLocale.h>
| int
| main ()
| {
| CFLocaleCopyCurrent();
|   ;
|   return 0;
| }
configure:17006: result: no
configure:17055: checking for GNU gettext in libc
configure:17079: /usr/bin/gcc -o conftest -O2 -I/media/panpan/tools/buildroot-2018.02.8/output/host/include -Wall -I/media/panpan/tools/buildroot-2018.02.8/output/host/include -DG_DISABLE_SINGLE_INCLUDES -L/media/panpan/tools/buildroot-2018.02.8/output/host/lib -Wl,-rpath,/media/panpan/tools/buildroot-2018.02.8/output/host/lib conftest.c  >&5
configure:17079: $? = 0
configure:17088: result: yes
configure:17916: checking whether to use NLS
configure:17918: result: yes
configure:17921: checking where the gettext function comes from
configure:17932: result: libc
configure:18143: checking pkg-config is at least version 0.16
configure:18146: result: yes
configure:18163: checking for GLIB - version >= 2.48.0
configure:18275: /usr/bin/gcc -o conftest -O2 -I/media/panpan/tools/buildroot-2018.02.8/output/host/include -Wall -I/media/panpan/tools/buildroot-2018.02.8/output/host/include/glib-2.0 -I/media/panpan/tools/buildroot-2018.02.8/output/host/lib/glib-2.0/include -I/media/panpan/tools/buildroot-2018.02.8/output/host/include -pthread   -I/media/panpan/tools/buildroot-2018.02.8/output/host/include -DG_DISABLE_SINGLE_INCLUDES -L/media/panpan/tools/buildroot-2018.02.8/output/host/lib -Wl,-rpath,/media/panpan/tools/buildroot-2018.02.8/output/host/lib conftest.c -L/media/panpan/tools/buildroot-2018.02.8/output/host/lib -lgobject-2.0 -lgmodule-2.0 -lgthread-2.0 -pthread -lglib-2.0    >&5
configure:18275: $? = 0
configure:18275: ./conftest
configure:18275: $? = 0
configure:18289: result: yes (version 2.54.2)
configure:18364: checking for bind_textdomain_codeset
configure:18364: /usr/bin/gcc -o conftest -O2 -I/media/panpan/tools/buildroot-2018.02.8/output/host/include -Wall -I/media/panpan/tools/buildroot-2018.02.8/output/host/include -DG_DISABLE_SINGLE_INCLUDES -L/media/panpan/tools/buildroot-2018.02.8/output/host/lib -Wl,-rpath,/media/panpan/tools/buildroot-2018.02.8/output/host/lib conftest.c  -L/media/panpan/tools/buildroot-2018.02.8/output/host/lib -lgobject-2.0 -lgmodule-2.0 -lgthread-2.0 -pthread -lglib-2.0   >&5
configure:18364: $? = 0
configure:18364: result: yes
configure:18378: checking for unistd.h
configure:18378: result: yes
configure:18378: checking sys/resource.h usability
configure:18378: /usr/bin/gcc -c -O2 -I/media/panpan/tools/buildroot-2018.02.8/output/host/include -Wall -I/media/panpan/tools/buildroot-2018.02.8/output/host/include -DG_DISABLE_SINGLE_INCLUDES conftest.c >&5
configure:18378: $? = 0
configure:18378: result: yes
configure:18378: checking sys/resource.h presence
configure:18378: /usr/bin/cpp -I/media/panpan/tools/buildroot-2018.02.8/output/host/include -DG_DISABLE_SINGLE_INCLUDES conftest.c
configure:18378: $? = 0
configure:18378: result: yes
configure:18378: checking for sys/resource.h
configure:18378: result: yes
configure:18378: checking sys/time.h usability
configure:18378: /usr/bin/gcc -c -O2 -I/media/panpan/tools/buildroot-2018.02.8/output/host/include -Wall -I/media/panpan/tools/buildroot-2018.02.8/output/host/include -DG_DISABLE_SINGLE_INCLUDES conftest.c >&5
configure:18378: $? = 0
configure:18378: result: yes
configure:18378: checking sys/time.h presence
configure:18378: /usr/bin/cpp -I/media/panpan/tools/buildroot-2018.02.8/output/host/include -DG_DISABLE_SINGLE_INCLUDES conftest.c
configure:18378: $? = 0
configure:18378: result: yes
configure:18378: checking for sys/time.h
configure:18378: result: yes
configure:18390: checking for setrlimit
configure:18390: /usr/bin/gcc -o conftest -O2 -I/media/panpan/tools/buildroot-2018.02.8/output/host/include -Wall -I/media/panpan/tools/buildroot-2018.02.8/output/host/include -DG_DISABLE_SINGLE_INCLUDES -L/media/panpan/tools/buildroot-2018.02.8/output/host/lib -Wl,-rpath,/media/panpan/tools/buildroot-2018.02.8/output/host/lib conftest.c  >&5
configure:18390: $? = 0
configure:18390: result: yes
configure:18404: checking for ANSI C header files
configure:18508: result: yes
configure:18518: checking for an ANSI C-conforming const
configure:18584: /usr/bin/gcc -c -O2 -I/media/panpan/tools/buildroot-2018.02.8/output/host/include -Wall -I/media/panpan/tools/buildroot-2018.02.8/output/host/include -DG_DISABLE_SINGLE_INCLUDES conftest.c >&5
configure:18584: $? = 0
configure:18591: result: yes
configure:18617: checking whether to build gmodulized gdk-pixbuf
configure:18632: result: yes
configure:18634: checking whether dynamic modules work
configure:18658: result: yes
configure:18814: checking for jpeg_destroy_decompress in -ljpeg
configure:18839: /usr/bin/gcc -o conftest -O2 -I/media/panpan/tools/buildroot-2018.02.8/output/host/include -Wall -I/media/panpan/tools/buildroot-2018.02.8/output/host/include -DG_DISABLE_SINGLE_INCLUDES -L/media/panpan/tools/buildroot-2018.02.8/output/host/lib -Wl,-rpath,/media/panpan/tools/buildroot-2018.02.8/output/host/lib conftest.c -ljpeg   >&5
configure:18839: $? = 0
configure:18848: result: yes
configure:18859: checking for jpeglib.h
configure:18869: /usr/bin/cpp -I/media/panpan/tools/buildroot-2018.02.8/output/host/include -DG_DISABLE_SINGLE_INCLUDES conftest.c
configure:18869: $? = 0
configure:18875: result: yes
configure:18879: checking for jpeg_simple_progression in -ljpeg
configure:18904: /usr/bin/gcc -o conftest -O2 -I/media/panpan/tools/buildroot-2018.02.8/output/host/include -Wall -I/media/panpan/tools/buildroot-2018.02.8/output/host/include -DG_DISABLE_SINGLE_INCLUDES -L/media/panpan/tools/buildroot-2018.02.8/output/host/lib -Wl,-rpath,/media/panpan/tools/buildroot-2018.02.8/output/host/lib conftest.c -ljpeg   >&5
configure:18904: $? = 0
configure:18913: result: yes
configure:18941: checking for libpng16
configure:18944: result: yes
configure:19117: checking pixbuf loaders to build
configure:19161: result: 
configure:19473: checking sys/systeminfo.h usability
configure:19473: /usr/bin/gcc -c -O2 -I/media/panpan/tools/buildroot-2018.02.8/output/host/include -Wall -I/media/panpan/tools/buildroot-2018.02.8/output/host/include -DG_DISABLE_SINGLE_INCLUDES conftest.c >&5
conftest.c:70:28: fatal error: sys/systeminfo.h: No such file or directory
compilation terminated.
configure:19473: $? = 1
configure: failed program was:
| /* confdefs.h */
| #define PACKAGE_NAME "gdk-pixbuf"
| #define PACKAGE_TARNAME "gdk-pixbuf"
| #define PACKAGE_VERSION "2.36.10"
| #define PACKAGE_STRING "gdk-pixbuf 2.36.10"
| #define PACKAGE_BUGREPORT "http://bugzilla.gnome.org/enter_bug.cgi?product=gdk-pixbuf"
| #define PACKAGE_URL ""
| #define HAVE_ROUND 1
| #define HAVE_LRINT 1
| #define OS_LINUX 1
| #define STDC_HEADERS 1
| #define HAVE_SYS_TYPES_H 1
| #define HAVE_SYS_STAT_H 1
| #define HAVE_STDLIB_H 1
| #define HAVE_STRING_H 1
| #define HAVE_MEMORY_H 1
| #define HAVE_STRINGS_H 1
| #define HAVE_INTTYPES_H 1
| #define HAVE_STDINT_H 1
| #define HAVE_UNISTD_H 1
| #define HAVE_DLFCN_H 1
| #define LT_OBJDIR ".libs/"
| #define HAVE_SIGSETJMP 1
| #define ENABLE_NLS 1
| #define HAVE_GETTEXT 1
| #define HAVE_DCGETTEXT 1
| #define GETTEXT_PACKAGE "gdk-pixbuf"
| #define HAVE_BIND_TEXTDOMAIN_CODESET 1
| #define HAVE_UNISTD_H 1
| #define HAVE_SYS_RESOURCE_H 1
| #define HAVE_SYS_TIME_H 1
| #define HAVE_SETRLIMIT 1
| #define STDC_HEADERS 1
| #define USE_GMODULE 1
| #define HAVE_PROGRESSIVE_JPEG 1
| /* end confdefs.h.  */
| #include <stdio.h>
| #ifdef HAVE_SYS_TYPES_H
| # include <sys/types.h>
| #endif
| #ifdef HAVE_SYS_STAT_H
| # include <sys/stat.h>
| #endif
| #ifdef STDC_HEADERS
| # include <stdlib.h>
| # include <stddef.h>
| #else
| # ifdef HAVE_STDLIB_H
| #  include <stdlib.h>
| # endif
| #endif
| #ifdef HAVE_STRING_H
| # if !defined STDC_HEADERS && defined HAVE_MEMORY_H
| #  include <memory.h>
| # endif
| # include <string.h>
| #endif
| #ifdef HAVE_STRINGS_H
| # include <strings.h>
| #endif
| #ifdef HAVE_INTTYPES_H
| # include <inttypes.h>
| #endif
| #ifdef HAVE_STDINT_H
| # include <stdint.h>
| #endif
| #ifdef HAVE_UNISTD_H
| # include <unistd.h>
| #endif
| #include <sys/systeminfo.h>
configure:19473: result: no
configure:19473: checking sys/systeminfo.h presence
configure:19473: /usr/bin/cpp -I/media/panpan/tools/buildroot-2018.02.8/output/host/include -DG_DISABLE_SINGLE_INCLUDES conftest.c
conftest.c:37:28: fatal error: sys/systeminfo.h: No such file or directory
compilation terminated.
configure:19473: $? = 1
configure: failed program was:
| /* confdefs.h */
| #define PACKAGE_NAME "gdk-pixbuf"
| #define PACKAGE_TARNAME "gdk-pixbuf"
| #define PACKAGE_VERSION "2.36.10"
| #define PACKAGE_STRING "gdk-pixbuf 2.36.10"
| #define PACKAGE_BUGREPORT "http://bugzilla.gnome.org/enter_bug.cgi?product=gdk-pixbuf"
| #define PACKAGE_URL ""
| #define HAVE_ROUND 1
| #define HAVE_LRINT 1
| #define OS_LINUX 1
| #define STDC_HEADERS 1
| #define HAVE_SYS_TYPES_H 1
| #define HAVE_SYS_STAT_H 1
| #define HAVE_STDLIB_H 1
| #define HAVE_STRING_H 1
| #define HAVE_MEMORY_H 1
| #define HAVE_STRINGS_H 1
| #define HAVE_INTTYPES_H 1
| #define HAVE_STDINT_H 1
| #define HAVE_UNISTD_H 1
| #define HAVE_DLFCN_H 1
| #define LT_OBJDIR ".libs/"
| #define HAVE_SIGSETJMP 1
| #define ENABLE_NLS 1
| #define HAVE_GETTEXT 1
| #define HAVE_DCGETTEXT 1
| #define GETTEXT_PACKAGE "gdk-pixbuf"
| #define HAVE_BIND_TEXTDOMAIN_CODESET 1
| #define HAVE_UNISTD_H 1
| #define HAVE_SYS_RESOURCE_H 1
| #define HAVE_SYS_TIME_H 1
| #define HAVE_SETRLIMIT 1
| #define STDC_HEADERS 1
| #define USE_GMODULE 1
| #define HAVE_PROGRESSIVE_JPEG 1
| /* end confdefs.h.  */
| #include <sys/systeminfo.h>
configure:19473: result: no
configure:19473: checking for sys/systeminfo.h
configure:19473: result: no
configure:19481: checking sys/sysinfo.h usability
configure:19481: /usr/bin/gcc -c -O2 -I/media/panpan/tools/buildroot-2018.02.8/output/host/include -Wall -I/media/panpan/tools/buildroot-2018.02.8/output/host/include -DG_DISABLE_SINGLE_INCLUDES conftest.c >&5
configure:19481: $? = 0
configure:19481: result: yes
configure:19481: checking sys/sysinfo.h presence
configure:19481: /usr/bin/cpp -I/media/panpan/tools/buildroot-2018.02.8/output/host/include -DG_DISABLE_SINGLE_INCLUDES conftest.c
configure:19481: $? = 0
configure:19481: result: yes
configure:19481: checking for sys/sysinfo.h
configure:19481: result: yes
configure:19490: checking for mediaLib 2.3
configure:19495: checking for mlib_ImageSetStruct in -lmlib
configure:19520: /usr/bin/gcc -o conftest -O2 -I/media/panpan/tools/buildroot-2018.02.8/output/host/include -Wall -I/media/panpan/tools/buildroot-2018.02.8/output/host/include -DG_DISABLE_SINGLE_INCLUDES -L/media/panpan/tools/buildroot-2018.02.8/output/host/lib -Wl,-rpath,/media/panpan/tools/buildroot-2018.02.8/output/host/lib conftest.c -lmlib   >&5
/usr/bin/ld: cannot find -lmlib
collect2: error: ld returned 1 exit status
configure:19520: $? = 1
configure: failed program was:
| /* confdefs.h */
| #define PACKAGE_NAME "gdk-pixbuf"
| #define PACKAGE_TARNAME "gdk-pixbuf"
| #define PACKAGE_VERSION "2.36.10"
| #define PACKAGE_STRING "gdk-pixbuf 2.36.10"
| #define PACKAGE_BUGREPORT "http://bugzilla.gnome.org/enter_bug.cgi?product=gdk-pixbuf"
| #define PACKAGE_URL ""
| #define HAVE_ROUND 1
| #define HAVE_LRINT 1
| #define OS_LINUX 1
| #define STDC_HEADERS 1
| #define HAVE_SYS_TYPES_H 1
| #define HAVE_SYS_STAT_H 1
| #define HAVE_STDLIB_H 1
| #define HAVE_STRING_H 1
| #define HAVE_MEMORY_H 1
| #define HAVE_STRINGS_H 1
| #define HAVE_INTTYPES_H 1
| #define HAVE_STDINT_H 1
| #define HAVE_UNISTD_H 1
| #define HAVE_DLFCN_H 1
| #define LT_OBJDIR ".libs/"
| #define HAVE_SIGSETJMP 1
| #define ENABLE_NLS 1
| #define HAVE_GETTEXT 1
| #define HAVE_DCGETTEXT 1
| #define GETTEXT_PACKAGE "gdk-pixbuf"
| #define HAVE_BIND_TEXTDOMAIN_CODESET 1
| #define HAVE_UNISTD_H 1
| #define HAVE_SYS_RESOURCE_H 1
| #define HAVE_SYS_TIME_H 1
| #define HAVE_SETRLIMIT 1
| #define STDC_HEADERS 1
| #define USE_GMODULE 1
| #define HAVE_PROGRESSIVE_JPEG 1
| #define HAVE_SYS_SYSINFO_H 1
| /* end confdefs.h.  */
| 
| /* Override any GCC internal prototype to avoid an error.
|    Use char because int might match the return type of a GCC
|    builtin and then its argument prototype would still apply.  */
| #ifdef __cplusplus
| extern "C"
| #endif
| char mlib_ImageSetStruct ();
| int
| main ()
| {
| return mlib_ImageSetStruct ();
|   ;
|   return 0;
| }
configure:19529: result: no
configure:19618: checking for x86 platform
configure:19627: result: no
configure:19852: checking for gobject-introspection
configure:19883: $PKG_CONFIG --exists --print-errors "gobject-introspection-1.0 >= 0.9.3"
Package gobject-introspection-1.0 was not found in the pkg-config search path.
Perhaps you should add the directory containing `gobject-introspection-1.0.pc'
to the PKG_CONFIG_PATH environment variable
Package 'gobject-introspection-1.0', required by 'world', not found
configure:19886: $? = 1
configure:19897: result: no
configure:19943: checking for gtk-doc
configure:19946: $PKG_CONFIG --exists --print-errors "$gtk_doc_requires"
Package gtk-doc was not found in the pkg-config search path.
Perhaps you should add the directory containing `gtk-doc.pc'
to the PKG_CONFIG_PATH environment variable
Package 'gtk-doc', required by 'world', not found
configure:19949: $? = 1
configure:19955: result: no
configure:19961: WARNING:
  You will not be able to create source packages with 'make dist'
  because gtk-doc >= 1.20 is not found.
configure:19969: checking for gtkdoc-check
configure:19999: result: no
configure:20006: checking for gtkdoc-check
configure:20039: result: no
configure:20048: checking for gtkdoc-rebase
configure:20081: result: no
configure:20092: checking for gtkdoc-mkpdf
configure:20125: result: no
configure:20150: checking whether to build gtk-doc documentation
configure:20152: result: no
configure:20165: checking for GTKDOC_DEPS
configure:20172: $PKG_CONFIG --exists --print-errors "glib-2.0 >= 2.10.0 gobject-2.0  >= 2.10.0"
configure:20175: $? = 0
configure:20189: $PKG_CONFIG --exists --print-errors "glib-2.0 >= 2.10.0 gobject-2.0  >= 2.10.0"
configure:20192: $? = 0
configure:20230: result: yes
configure:20312: checking for db2html
configure:20328: found /usr/bin/db2html
configure:20340: result: true
configure:20435: checking for -fvisibility=hidden compiler flag
configure:20448: /usr/bin/gcc -c -fvisibility=hidden -I/media/panpan/tools/buildroot-2018.02.8/output/host/include -DG_DISABLE_SINGLE_INCLUDES conftest.c >&5
configure:20448: $? = 0
configure:20449: result: yes
configure:20483: checking for -Bsymbolic-functions linker flag
configure:20497: /usr/bin/gcc -o conftest -O2 -I/media/panpan/tools/buildroot-2018.02.8/output/host/include -Wall -I/media/panpan/tools/buildroot-2018.02.8/output/host/include -DG_DISABLE_SINGLE_INCLUDES -Wl,-Bsymbolic-functions conftest.c  >&5
conftest.c: In function 'main':
conftest.c:43:5: warning: 'main' is normally a non-static function [-Wmain]
 int main (void) { return 0; }
     ^
configure:20497: $? = 0
configure:20498: result: yes
configure:20561: checking whether to build with gcov testing
configure:20571: result: no
configure:20737: checking whether to build with application bundle relocation support
configure:20747: result: no
configure:20892: checking that generated files are newer than configure
configure:20898: result: done
configure:20944: checking that generated files are newer than configure
configure:20950: result: done
configure:21125: creating ./config.status

## ---------------------- ##
## Running config.status. ##
## ---------------------- ##

This file was extended by gdk-pixbuf config.status 2.36.10, which was
generated by GNU Autoconf 2.69.  Invocation command line was

  CONFIG_FILES    = 
  CONFIG_HEADERS  = 
  CONFIG_LINKS    = 
  CONFIG_COMMANDS = 
  $ ./config.status 

on zed-00

config.status:1327: creating Makefile
config.status:1327: creating gdk-pixbuf-2.0.pc
config.status:1327: creating gdk-pixbuf/Makefile
config.status:1327: creating gdk-pixbuf/gdk_pixbuf.rc
config.status:1327: creating gdk-pixbuf/gdk-pixbuf-features.h
config.status:1327: creating gdk-pixbuf/pixops/Makefile
config.status:1327: creating win32/Makefile
config.status:1327: creating win32/vs9/Makefile
config.status:1327: creating win32/vs9/gdk-pixbuf-version-paths.vsprops
config.status:1327: creating win32/vs10/Makefile
config.status:1327: creating win32/vs10/gdk-pixbuf-version-paths.props
config.status:1327: creating win32/vs11/Makefile
config.status:1327: creating win32/vs12/Makefile
config.status:1327: creating win32/vs14/Makefile
config.status:1327: creating win32/vs15/Makefile
config.status:1327: creating docs/Makefile
config.status:1327: creating docs/reference/Makefile
config.status:1327: creating docs/reference/gdk-pixbuf/Makefile
config.status:1327: creating docs/reference/gdk-pixbuf/version.xml
config.status:1327: creating po/Makefile.in
config.status:1327: creating tests/Makefile
config.status:1327: creating thumbnailer/Makefile
config.status:1327: creating contrib/Makefile
config.status:1327: creating contrib/gdk-pixbuf-xlib/Makefile
config.status:1327: creating contrib/gdk-pixbuf-xlib/gdk-pixbuf-xlib-2.0.pc
config.status:1327: creating config.h.win32
config.status:1327: creating config.h
config.status:1556: executing depfiles commands
config.status:1556: executing libtool commands
config.status:1556: executing po-directories commands
configure:23417: WARNING: unrecognized options: --disable-doc, --disable-docs, --disable-documentation, --with-xmlto, --with-fop

## ---------------- ##
## Cache variables. ##
## ---------------- ##

ac_cv_build=x86_64-pc-linux-gnu
ac_cv_c_compiler_gnu=yes
ac_cv_c_const=yes
ac_cv_env_BASE_DEPENDENCIES_CFLAGS_set=
ac_cv_env_BASE_DEPENDENCIES_CFLAGS_value=
ac_cv_env_BASE_DEPENDENCIES_LIBS_set=
ac_cv_env_BASE_DEPENDENCIES_LIBS_value=
ac_cv_env_CCASFLAGS_set=
ac_cv_env_CCASFLAGS_value=
ac_cv_env_CCAS_set=
ac_cv_env_CCAS_value=
ac_cv_env_CC_set=set
ac_cv_env_CC_value=/usr/bin/gcc
ac_cv_env_CFLAGS_set=set
ac_cv_env_CFLAGS_value='-O2 -I/media/panpan/tools/buildroot-2018.02.8/output/host/include'
ac_cv_env_CPPFLAGS_set=set
ac_cv_env_CPPFLAGS_value=-I/media/panpan/tools/buildroot-2018.02.8/output/host/include
ac_cv_env_CPP_set=set
ac_cv_env_CPP_value=/usr/bin/cpp
ac_cv_env_GDK_PIXBUF_XLIB_DEP_CFLAGS_set=
ac_cv_env_GDK_PIXBUF_XLIB_DEP_CFLAGS_value=
ac_cv_env_GDK_PIXBUF_XLIB_DEP_LIBS_set=
ac_cv_env_GDK_PIXBUF_XLIB_DEP_LIBS_value=
ac_cv_env_GTKDOC_DEPS_CFLAGS_set=
ac_cv_env_GTKDOC_DEPS_CFLAGS_value=
ac_cv_env_GTKDOC_DEPS_LIBS_set=
ac_cv_env_GTKDOC_DEPS_LIBS_value=
ac_cv_env_LDFLAGS_set=set
ac_cv_env_LDFLAGS_value='-L/media/panpan/tools/buildroot-2018.02.8/output/host/lib -Wl,-rpath,/media/panpan/tools/buildroot-2018.02.8/output/host/lib'
ac_cv_env_LIBS_set=
ac_cv_env_LIBS_value=
ac_cv_env_LT_SYS_LIBRARY_PATH_set=
ac_cv_env_LT_SYS_LIBRARY_PATH_value=
ac_cv_env_PKG_CONFIG_LIBDIR_set=set
ac_cv_env_PKG_CONFIG_LIBDIR_value=/media/panpan/tools/buildroot-2018.02.8/output/host/lib/pkgconfig:/media/panpan/tools/buildroot-2018.02.8/output/host/share/pkgconfig
ac_cv_env_PKG_CONFIG_PATH_set=
ac_cv_env_PKG_CONFIG_PATH_value=
ac_cv_env_PKG_CONFIG_set=set
ac_cv_env_PKG_CONFIG_value=/media/panpan/tools/buildroot-2018.02.8/output/host/bin/pkg-config
ac_cv_env_SHARED_MIME_INFO_CFLAGS_set=
ac_cv_env_SHARED_MIME_INFO_CFLAGS_value=
ac_cv_env_SHARED_MIME_INFO_LIBS_set=
ac_cv_env_SHARED_MIME_INFO_LIBS_value=
ac_cv_env_TIFF_CFLAGS_set=
ac_cv_env_TIFF_CFLAGS_value=
ac_cv_env_TIFF_LIBS_set=
ac_cv_env_TIFF_LIBS_value=
ac_cv_env_build_alias_set=
ac_cv_env_build_alias_value=
ac_cv_env_host_alias_set=
ac_cv_env_host_alias_value=
ac_cv_env_target_alias_set=
ac_cv_env_target_alias_value=
ac_cv_func_bind_textdomain_codeset=yes
ac_cv_func_setrlimit=yes
ac_cv_header_dlfcn_h=yes
ac_cv_header_inttypes_h=yes
ac_cv_header_memory_h=yes
ac_cv_header_stdc=yes
ac_cv_header_stdint_h=yes
ac_cv_header_stdlib_h=yes
ac_cv_header_string_h=yes
ac_cv_header_strings_h=yes
ac_cv_header_sys_resource_h=yes
ac_cv_header_sys_stat_h=yes
ac_cv_header_sys_sysinfo_h=yes
ac_cv_header_sys_systeminfo_h=no
ac_cv_header_sys_time_h=yes
ac_cv_header_sys_types_h=yes
ac_cv_header_unistd_h=yes
ac_cv_host=x86_64-pc-linux-gnu
ac_cv_lib_jpeg_jpeg_destroy_decompress=yes
ac_cv_lib_jpeg_jpeg_simple_progression=yes
ac_cv_lib_m_cos=yes
ac_cv_lib_m_lrint=yes
ac_cv_lib_m_round=yes
ac_cv_lib_mlib_mlib_ImageSetStruct=no
ac_cv_objext=o
ac_cv_path_EGREP='/bin/grep -E'
ac_cv_path_FGREP='/bin/grep -F'
ac_cv_path_GMSGFMT=/media/panpan/tools/buildroot-2018.02.8/output/host/bin/msgfmt
ac_cv_path_GREP=/bin/grep
ac_cv_path_MSGFMT=/media/panpan/tools/buildroot-2018.02.8/output/host/bin/msgfmt
ac_cv_path_MSGMERGE=/media/panpan/tools/buildroot-2018.02.8/output/host/bin/msgmerge
ac_cv_path_PERL=/usr/bin/perl
ac_cv_path_SED=/bin/sed
ac_cv_path_XGETTEXT=/media/panpan/tools/buildroot-2018.02.8/output/host/bin/xgettext
ac_cv_path_install='/usr/bin/install -c'
ac_cv_path_lt_DD=/bin/dd
ac_cv_path_mkdir=/bin/mkdir
ac_cv_prog_AWK=gawk
ac_cv_prog_CPP=/usr/bin/cpp
ac_cv_prog_DB2HTML=true
ac_cv_prog_ac_ct_CC=/usr/bin/gcc
ac_cv_prog_ac_ct_MANIFEST_TOOL=mt
ac_cv_prog_ac_ct_OBJDUMP=objdump
ac_cv_prog_ac_ct_RANLIB=/usr/bin/ranlib
ac_cv_prog_ac_ct_STRIP=strip
ac_cv_prog_cc__usr_bin_gcc_c_o=yes
ac_cv_prog_cc_c89=
ac_cv_prog_cc_c99=
ac_cv_prog_cc_g=yes
ac_cv_prog_cc_stdc=
ac_cv_prog_make_make_set=yes
ac_cv_sys_file_offset_bits=no
ac_cv_sys_largefile_CC=no
acl_cv_hardcode_direct=no
acl_cv_hardcode_libdir_flag_spec='${wl}-rpath ${wl}$libdir'
acl_cv_hardcode_libdir_separator=
acl_cv_hardcode_minus_L=no
acl_cv_libext=a
acl_cv_libname_spec='lib$name'
acl_cv_library_names_spec='$libname$shrext'
acl_cv_path_LD='/usr/bin/ld -m elf_x86_64'
acl_cv_prog_gnu_ld=yes
acl_cv_rpath=done
acl_cv_shlibext=so
acl_cv_wl=-Wl,
am_cv_CCAS_dependencies_compiler_type=none
am_cv_CC_dependencies_compiler_type=none
am_cv_make_support_nested_variables=yes
am_cv_prog_cc_c_o=yes
am_cv_prog_tar_ustar=gnutar
gt_cv_func_CFLocaleCopyCurrent=no
gt_cv_func_CFPreferencesCopyAppValue=no
gt_cv_func_gnugettext1_libc=yes
lt_cv_ar_at_file=@
lt_cv_archive_cmds_need_lc=no
lt_cv_deplibs_check_method=pass_all
lt_cv_file_magic_cmd='$MAGIC_CMD'
lt_cv_file_magic_test_file=
lt_cv_ld_reload_flag=-r
lt_cv_nm_interface='BSD nm'
lt_cv_objdir=.libs
lt_cv_path_LD=/usr/bin/ld
lt_cv_path_NM=/usr/bin/nm
lt_cv_path_mainfest_tool=no
lt_cv_prog_compiler_c_o=yes
lt_cv_prog_compiler_pic='-fPIC -DPIC'
lt_cv_prog_compiler_pic_works=yes
lt_cv_prog_compiler_rtti_exceptions=no
lt_cv_prog_compiler_static_works=yes
lt_cv_prog_gnu_ld=yes
lt_cv_sharedlib_from_linklib_cmd='printf %s\n'
lt_cv_shlibpath_overrides_runpath=no
lt_cv_sys_global_symbol_pipe='sed -n -e '\''s/^.*[	 ]\([ABCDGIRSTW][ABCDGIRSTW]*\)[	 ][	 ]*\([_A-Za-z][_A-Za-z0-9]*\)$/\1 \2 \2/p'\'' | sed '\''/ __gnu_lto/d'\'''
lt_cv_sys_global_symbol_to_c_name_address='sed -n -e '\''s/^: \(.*\) .*$/  {"\1", (void *) 0},/p'\'' -e '\''s/^[ABCDGIRSTW][ABCDGIRSTW]* .* \(.*\)$/  {"\1", (void *) \&\1},/p'\'''
lt_cv_sys_global_symbol_to_c_name_address_lib_prefix='sed -n -e '\''s/^: \(.*\) .*$/  {"\1", (void *) 0},/p'\'' -e '\''s/^[ABCDGIRSTW][ABCDGIRSTW]* .* \(lib.*\)$/  {"\1", (void *) \&\1},/p'\'' -e '\''s/^[ABCDGIRSTW][ABCDGIRSTW]* .* \(.*\)$/  {"lib\1", (void *) \&\1},/p'\'''
lt_cv_sys_global_symbol_to_cdecl='sed -n -e '\''s/^T .* \(.*\)$/extern int \1();/p'\'' -e '\''s/^[ABCDGIRSTW][ABCDGIRSTW]* .* \(.*\)$/extern char \1;/p'\'''
lt_cv_sys_global_symbol_to_import=
lt_cv_sys_max_cmd_len=1572864
lt_cv_to_host_file_cmd=func_convert_file_noop
lt_cv_to_tool_file_cmd=func_convert_file_noop
lt_cv_truncate_bin='/bin/dd bs=4096 count=1'
pkg_cv_BASE_DEPENDENCIES_CFLAGS='-I/media/panpan/tools/buildroot-2018.02.8/output/host/include/glib-2.0 -I/media/panpan/tools/buildroot-2018.02.8/output/host/lib/glib-2.0/include -I/media/panpan/tools/buildroot-2018.02.8/output/host/include  '
pkg_cv_BASE_DEPENDENCIES_LIBS='-L/media/panpan/tools/buildroot-2018.02.8/output/host/lib -lglib-2.0  '
pkg_cv_GTKDOC_DEPS_CFLAGS='-I/media/panpan/tools/buildroot-2018.02.8/output/host/include/glib-2.0 -I/media/panpan/tools/buildroot-2018.02.8/output/host/lib/glib-2.0/include -I/media/panpan/tools/buildroot-2018.02.8/output/host/include  '
pkg_cv_GTKDOC_DEPS_LIBS='-L/media/panpan/tools/buildroot-2018.02.8/output/host/lib -lgobject-2.0 -lglib-2.0  '

## ----------------- ##
## Output variables. ##
## ----------------- ##

ACLOCAL='${SHELL} /media/panpan/tools/buildroot-2018.02.8/output/build/host-gdk-pixbuf-2.36.10/missing aclocal-1.15'
AMDEPBACKSLASH=''
AMDEP_FALSE=''
AMDEP_TRUE='#'
AMTAR='$${TAR-tar}'
AM_BACKSLASH='\'
AM_DEFAULT_V='$(AM_DEFAULT_VERBOSITY)'
AM_DEFAULT_VERBOSITY='0'
AM_V='$(V)'
AR='/usr/bin/ar'
AS='/usr/bin/as'
AUTOCONF='${SHELL} /media/panpan/tools/buildroot-2018.02.8/output/build/host-gdk-pixbuf-2.36.10/missing autoconf'
AUTOHEADER='${SHELL} /media/panpan/tools/buildroot-2018.02.8/output/build/host-gdk-pixbuf-2.36.10/missing autoheader'
AUTOMAKE='${SHELL} /media/panpan/tools/buildroot-2018.02.8/output/build/host-gdk-pixbuf-2.36.10/missing automake-1.15'
AWK='gawk'
BASE_DEPENDENCIES_CFLAGS='-I/media/panpan/tools/buildroot-2018.02.8/output/host/include/glib-2.0 -I/media/panpan/tools/buildroot-2018.02.8/output/host/lib/glib-2.0/include -I/media/panpan/tools/buildroot-2018.02.8/output/host/include  '
BASE_DEPENDENCIES_LIBS='-L/media/panpan/tools/buildroot-2018.02.8/output/host/lib -lglib-2.0  '
BUILD_DYNAMIC_MODULES_FALSE='#'
BUILD_DYNAMIC_MODULES_TRUE=''
BUILD_GDIPLUS_LOADERS_FALSE=''
BUILD_GDIPLUS_LOADERS_TRUE='#'
CC='/usr/bin/gcc'
CCAS='/usr/bin/gcc'
CCASDEPMODE='depmode=none'
CCASFLAGS='-O2 -I/media/panpan/tools/buildroot-2018.02.8/output/host/include'
CCDEPMODE='depmode=none'
CFLAGS='-O2 -I/media/panpan/tools/buildroot-2018.02.8/output/host/include -Wall'
CPP='/usr/bin/cpp'
CPPFLAGS='-I/media/panpan/tools/buildroot-2018.02.8/output/host/include -DG_DISABLE_SINGLE_INCLUDES'
CROSS_COMPILING_FALSE=''
CROSS_COMPILING_TRUE='#'
CYGPATH_W='echo'
DB2HTML='true'
DEFS='-DHAVE_CONFIG_H'
DEPDIR='.deps'
DISABLE_EXPLICIT_DEPS_FALSE='#'
DISABLE_EXPLICIT_DEPS_TRUE=''
DLLTOOL='false'
DSYMUTIL=''
DUMPBIN=''
ECHO_C=''
ECHO_N='-n'
ECHO_T=''
EGREP='/bin/grep -E'
ENABLE_ALWAYS_BUILD_TESTS_FALSE=''
ENABLE_ALWAYS_BUILD_TESTS_TRUE='#'
ENABLE_GTK_DOC_FALSE=''
ENABLE_GTK_DOC_TRUE='#'
ENABLE_INSTALLED_TESTS_FALSE=''
ENABLE_INSTALLED_TESTS_TRUE='#'
ENABLE_MAN_FALSE=''
ENABLE_MAN_TRUE='#'
EXEEXT=''
EXE_MANIFEST_ARCHITECTURE='X86'
FGREP='/bin/grep -F'
GCOV=''
GDK_PIXBUF_API_VERSION='2.0'
GDK_PIXBUF_BINARY_VERSION='2.10.0'
GDK_PIXBUF_DEP_CFLAGS='-I/media/panpan/tools/buildroot-2018.02.8/output/host/include/glib-2.0 -I/media/panpan/tools/buildroot-2018.02.8/output/host/lib/glib-2.0/include -I/media/panpan/tools/buildroot-2018.02.8/output/host/include -pthread -I/media/panpan/tools/buildroot-2018.02.8/output/host/include/libpng16   '
GDK_PIXBUF_DEP_LIBS='-L/media/panpan/tools/buildroot-2018.02.8/output/host/lib -lgmodule-2.0 -pthread -lgio-2.0 -lgobject-2.0 -lglib-2.0 -lpng16 -lz -lm'
GDK_PIXBUF_EXTRA_CFLAGS=''
GDK_PIXBUF_EXTRA_LIBS=' -lm '
GDK_PIXBUF_HIDDEN_VISIBILITY_CFLAGS='-fvisibility=hidden'
GDK_PIXBUF_LINK_FLAGS='-Wl,-Bsymbolic-functions'
GDK_PIXBUF_MAJOR='2'
GDK_PIXBUF_MICRO='10'
GDK_PIXBUF_MINOR='36'
GDK_PIXBUF_PACKAGES='gmodule-no-export-2.0 gobject-2.0 gio-2.0'
GDK_PIXBUF_VERSION='2.36.10'
GDK_PIXBUF_XLIB_DEP_CFLAGS=''
GDK_PIXBUF_XLIB_DEP_LIBS=''
GENHTML=''
GETTEXT_MACRO_VERSION='0.19'
GETTEXT_PACKAGE='gdk-pixbuf'
GLIB_CFLAGS='-I/media/panpan/tools/buildroot-2018.02.8/output/host/include/glib-2.0 -I/media/panpan/tools/buildroot-2018.02.8/output/host/lib/glib-2.0/include -I/media/panpan/tools/buildroot-2018.02.8/output/host/include -pthread  '
GLIB_COMPILE_RESOURCES='glib-compile-resources'
GLIB_GENMARSHAL='glib-genmarshal'
GLIB_LIBS='-L/media/panpan/tools/buildroot-2018.02.8/output/host/lib -lgobject-2.0 -lgmodule-2.0 -lgthread-2.0 -pthread -lglib-2.0  '
GLIB_MKENUMS='glib-mkenums'
GMSGFMT='/media/panpan/tools/buildroot-2018.02.8/output/host/bin/msgfmt'
GMSGFMT_015='/media/panpan/tools/buildroot-2018.02.8/output/host/bin/msgfmt'
GOBJECT_QUERY='gobject-query'
GREP='/bin/grep'
GTKDOC_CHECK=''
GTKDOC_CHECK_PATH=''
GTKDOC_DEPS_CFLAGS='-I/media/panpan/tools/buildroot-2018.02.8/output/host/include/glib-2.0 -I/media/panpan/tools/buildroot-2018.02.8/output/host/lib/glib-2.0/include -I/media/panpan/tools/buildroot-2018.02.8/output/host/include  '
GTKDOC_DEPS_LIBS='-L/media/panpan/tools/buildroot-2018.02.8/output/host/lib -lgobject-2.0 -lglib-2.0  '
GTKDOC_MKPDF=''
GTKDOC_REBASE='true'
GTK_DOC_BUILD_HTML_FALSE=''
GTK_DOC_BUILD_HTML_TRUE='#'
GTK_DOC_BUILD_PDF_FALSE=''
GTK_DOC_BUILD_PDF_TRUE='#'
GTK_DOC_USE_LIBTOOL_FALSE='#'
GTK_DOC_USE_LIBTOOL_TRUE=''
GTK_DOC_USE_REBASE_FALSE='#'
GTK_DOC_USE_REBASE_TRUE=''
HAVE_DOCBOOK_FALSE='#'
HAVE_DOCBOOK_TRUE=''
HAVE_GTK_DOC_FALSE=''
HAVE_GTK_DOC_TRUE='#'
HAVE_INTROSPECTION_FALSE=''
HAVE_INTROSPECTION_TRUE='#'
HAVE_JASPER_FALSE=''
HAVE_JASPER_TRUE='#'
HAVE_JPEG_FALSE='#'
HAVE_JPEG_TRUE=''
HAVE_PNG_FALSE='#'
HAVE_PNG_TRUE=''
HAVE_TIFF_FALSE=''
HAVE_TIFF_TRUE='#'
HTML_DIR='${datadir}/gtk-doc/html'
INCLUDED_LOADER_DEFINE=''
INCLUDED_LOADER_OBJ=''
INCLUDE_ANI_FALSE=''
INCLUDE_ANI_TRUE='#'
INCLUDE_BMP_FALSE=''
INCLUDE_BMP_TRUE='#'
INCLUDE_GDIPLUS_FALSE=''
INCLUDE_GDIPLUS_TRUE='#'
INCLUDE_GIF_FALSE=''
INCLUDE_GIF_TRUE='#'
INCLUDE_ICNS_FALSE=''
INCLUDE_ICNS_TRUE='#'
INCLUDE_ICO_FALSE=''
INCLUDE_ICO_TRUE='#'
INCLUDE_JASPER_FALSE=''
INCLUDE_JASPER_TRUE='#'
INCLUDE_JPEG_FALSE=''
INCLUDE_JPEG_TRUE='#'
INCLUDE_PNG_FALSE=''
INCLUDE_PNG_TRUE='#'
INCLUDE_PNM_FALSE=''
INCLUDE_PNM_TRUE='#'
INCLUDE_QTIF_FALSE=''
INCLUDE_QTIF_TRUE='#'
INCLUDE_TGA_FALSE=''
INCLUDE_TGA_TRUE='#'
INCLUDE_TIFF_FALSE=''
INCLUDE_TIFF_TRUE='#'
INCLUDE_XBM_FALSE=''
INCLUDE_XBM_TRUE='#'
INCLUDE_XPM_FALSE=''
INCLUDE_XPM_TRUE='#'
INSTALL_DATA='${INSTALL} -m 644'
INSTALL_PROGRAM='${INSTALL}'
INSTALL_SCRIPT='${INSTALL}'
INSTALL_STRIP_PROGRAM='$(install_sh) -c -s'
INTLLIBS=''
INTL_MACOSX_LIBS=''
INTROSPECTION_CFLAGS=''
INTROSPECTION_COMPILER=''
INTROSPECTION_GENERATE=''
INTROSPECTION_GIRDIR=''
INTROSPECTION_LIBS=''
INTROSPECTION_MAKEFILE=''
INTROSPECTION_SCANNER=''
INTROSPECTION_TYPELIBDIR=''
LCOV=''
LD='/usr/bin/ld -m elf_x86_64'
LDFLAGS='-L/media/panpan/tools/buildroot-2018.02.8/output/host/lib -Wl,-rpath,/media/panpan/tools/buildroot-2018.02.8/output/host/lib'
LIBICONV='-liconv'
LIBINTL=''
LIBJASPER=''
LIBJPEG='-ljpeg'
LIBM='-lm'
LIBOBJS=''
LIBPNG='-L/media/panpan/tools/buildroot-2018.02.8/output/host/lib -lpng16 -lz  '
LIBS=''
LIBTIFF=''
LIBTOOL='$(SHELL) $(top_builddir)/libtool'
LIBTOOL_EXPORT_OPTIONS='-export-symbols-regex "^[^_].*"'
LIB_EXE_MACHINE_FLAG='X86'
LIPO=''
LN_S='ln -s'
LTLIBICONV='-liconv'
LTLIBINTL=''
LTLIBOBJS=''
LT_CURRENT_MINUS_AGE='0'
LT_SYS_LIBRARY_PATH=''
LT_VERSION_INFO='3610:0:3610'
MAINT=''
MAINTAINER_MODE_FALSE='#'
MAINTAINER_MODE_TRUE=''
MAKEINFO='${SHELL} /media/panpan/tools/buildroot-2018.02.8/output/build/host-gdk-pixbuf-2.36.10/missing makeinfo'
MANIFEST_TOOL=':'
MKDIR_P='/bin/mkdir -p'
MSGFMT='/media/panpan/tools/buildroot-2018.02.8/output/host/bin/msgfmt'
MSGFMT_015='/media/panpan/tools/buildroot-2018.02.8/output/host/bin/msgfmt'
MSGMERGE='/media/panpan/tools/buildroot-2018.02.8/output/host/bin/msgmerge'
MSVC_BASE_NO_TOOLSET_SET_FALSE='#'
MSVC_BASE_NO_TOOLSET_SET_TRUE=''
MSVC_NO_TOOLSET_SET_FALSE='#'
MSVC_NO_TOOLSET_SET_TRUE=''
MS_LIB_AVAILABLE_FALSE=''
MS_LIB_AVAILABLE_TRUE='#'
NM='/usr/bin/nm'
NMEDIT=''
OBJDUMP='objdump'
OBJEXT='o'
OS_LINUX_FALSE='#'
OS_LINUX_TRUE=''
OS_UNIX_FALSE='#'
OS_UNIX_TRUE=''
OS_WIN32_FALSE=''
OS_WIN32_TRUE='#'
OTOOL64=''
OTOOL=''
PACKAGE='gdk-pixbuf'
PACKAGE_BUGREPORT='http://bugzilla.gnome.org/enter_bug.cgi?product=gdk-pixbuf'
PACKAGE_NAME='gdk-pixbuf'
PACKAGE_STRING='gdk-pixbuf 2.36.10'
PACKAGE_TARNAME='gdk-pixbuf'
PACKAGE_URL=''
PACKAGE_VERSION='2.36.10'
PATH_SEPARATOR=':'
PERL='/usr/bin/perl'
PKG_CONFIG='/media/panpan/tools/buildroot-2018.02.8/output/host/bin/pkg-config'
PKG_CONFIG_LIBDIR='/media/panpan/tools/buildroot-2018.02.8/output/host/lib/pkgconfig:/media/panpan/tools/buildroot-2018.02.8/output/host/share/pkgconfig'
PKG_CONFIG_PATH=''
PLATFORM_WIN32_FALSE=''
PLATFORM_WIN32_TRUE='#'
PNG_DEP_CFLAGS_PACKAGES='libpng16'
POSUB='po'
RANLIB='/usr/bin/ranlib'
REBUILD=''
SED='/bin/sed'
SET_MAKE=''
SHARED_MIME_INFO_CFLAGS=''
SHARED_MIME_INFO_LIBS=''
SHELL='/bin/sh'
STRIP='strip'
TIFF_CFLAGS=''
TIFF_LIBS=''
USE_MEDIALIB25_FALSE=''
USE_MEDIALIB25_TRUE='#'
USE_MEDIALIB_FALSE=''
USE_MEDIALIB_TRUE='#'
USE_MMX_FALSE=''
USE_MMX_TRUE='#'
USE_NLS='yes'
USE_X11_FALSE=''
USE_X11_TRUE='#'
VERSION='2.36.10'
WINDRES=''
WITH_COVERAGE_FALSE=''
WITH_COVERAGE_TRUE='#'
XGETTEXT='/media/panpan/tools/buildroot-2018.02.8/output/host/bin/xgettext'
XGETTEXT_015='/media/panpan/tools/buildroot-2018.02.8/output/host/bin/xgettext'
XGETTEXT_EXTRA_OPTIONS=''
XSLTPROC=''
ac_ct_AR=''
ac_ct_CC='/usr/bin/gcc'
ac_ct_DUMPBIN=''
ac_ct_NM=''
am__EXEEXT_FALSE=''
am__EXEEXT_TRUE='#'
am__fastdepCCAS_FALSE=''
am__fastdepCCAS_TRUE='#'
am__fastdepCC_FALSE=''
am__fastdepCC_TRUE='#'
am__include='include'
am__isrc=''
am__leading_dot='.'
am__nodep=''
am__quote=''
am__tar='tar --format=ustar -chf - "$$tardir"'
am__untar='tar -xf -'
bindir='${exec_prefix}/bin'
build='x86_64-pc-linux-gnu'
build_alias=''
build_cpu='x86_64'
build_os='linux-gnu'
build_vendor='pc'
datadir='${datarootdir}'
datarootdir='${prefix}/share'
docdir='${datarootdir}/doc/${PACKAGE_TARNAME}'
dvidir='${docdir}'
exec_prefix='${prefix}'
host='x86_64-pc-linux-gnu'
host_alias=''
host_cpu='x86_64'
host_os='linux-gnu'
host_vendor='pc'
htmldir='${docdir}'
includedir='${prefix}/include'
infodir='${datarootdir}/info'
install_sh='${SHELL} /media/panpan/tools/buildroot-2018.02.8/output/build/host-gdk-pixbuf-2.36.10/install-sh'
installed_test_metadir=''
installed_testdir=''
libdir='${exec_prefix}/lib'
libexecdir='${exec_prefix}/libexec'
localedir='${datarootdir}/locale'
localstatedir='/media/panpan/tools/buildroot-2018.02.8/output/host/var'
mandir='${datarootdir}/man'
mkdir_p='$(MKDIR_P)'
ms_librarian=''
oldincludedir='/usr/include'
pdfdir='${docdir}'
prefix='/media/panpan/tools/buildroot-2018.02.8/output/host'
program_transform_name='s,x,x,'
psdir='${docdir}'
sbindir='${exec_prefix}/sbin'
sharedstatedir='${prefix}/com'
sysconfdir='/media/panpan/tools/buildroot-2018.02.8/output/host/etc'
target_alias=''

## ----------- ##
## confdefs.h. ##
## ----------- ##

/* confdefs.h */
#define PACKAGE_NAME "gdk-pixbuf"
#define PACKAGE_TARNAME "gdk-pixbuf"
#define PACKAGE_VERSION "2.36.10"
#define PACKAGE_STRING "gdk-pixbuf 2.36.10"
#define PACKAGE_BUGREPORT "http://bugzilla.gnome.org/enter_bug.cgi?product=gdk-pixbuf"
#define PACKAGE_URL ""
#define HAVE_ROUND 1
#define HAVE_LRINT 1
#define OS_LINUX 1
#define STDC_HEADERS 1
#define HAVE_SYS_TYPES_H 1
#define HAVE_SYS_STAT_H 1
#define HAVE_STDLIB_H 1
#define HAVE_STRING_H 1
#define HAVE_MEMORY_H 1
#define HAVE_STRINGS_H 1
#define HAVE_INTTYPES_H 1
#define HAVE_STDINT_H 1
#define HAVE_UNISTD_H 1
#define HAVE_DLFCN_H 1
#define LT_OBJDIR ".libs/"
#define HAVE_SIGSETJMP 1
#define ENABLE_NLS 1
#define HAVE_GETTEXT 1
#define HAVE_DCGETTEXT 1
#define GETTEXT_PACKAGE "gdk-pixbuf"
#define HAVE_BIND_TEXTDOMAIN_CODESET 1
#define HAVE_UNISTD_H 1
#define HAVE_SYS_RESOURCE_H 1
#define HAVE_SYS_TIME_H 1
#define HAVE_SETRLIMIT 1
#define STDC_HEADERS 1
#define USE_GMODULE 1
#define HAVE_PROGRESSIVE_JPEG 1
#define HAVE_SYS_SYSINFO_H 1
#define _GDK_PIXBUF_EXTERN __attribute__((visibility("default"))) extern

configure: exit 0
